[0.598s] Invoking command in '/home/nipun/ros2RB_ws/build/rmp_ros2bot_description': CMAKE_PREFIX_PATH=${CMAKE_PREFIX_PATH}:/home/nipun/ros2RB_ws/install/turtlesim_assignment:/home/nipun/ros2RB_ws/install/simple_pkg:/home/nipun/ros2RB_ws/install/assignment1:/home/nipun/ros2_ws/install/my_py_pkg:/opt/ros/humble /usr/bin/cmake --build /home/nipun/ros2RB_ws/build/rmp_ros2bot_description -- -j3 -l3
[0.677s] Invoked command in '/home/nipun/ros2RB_ws/build/rmp_ros2bot_description' returned '0': CMAKE_PREFIX_PATH=${CMAKE_PREFIX_PATH}:/home/nipun/ros2RB_ws/install/turtlesim_assignment:/home/nipun/ros2RB_ws/install/simple_pkg:/home/nipun/ros2RB_ws/install/assignment1:/home/nipun/ros2_ws/install/my_py_pkg:/opt/ros/humble /usr/bin/cmake --build /home/nipun/ros2RB_ws/build/rmp_ros2bot_description -- -j3 -l3
[0.754s] Invoking command in '/home/nipun/ros2RB_ws/build/rmp_ros2bot_description': CMAKE_PREFIX_PATH=${CMAKE_PREFIX_PATH}:/home/nipun/ros2RB_ws/install/turtlesim_assignment:/home/nipun/ros2RB_ws/install/simple_pkg:/home/nipun/ros2RB_ws/install/assignment1:/home/nipun/ros2_ws/install/my_py_pkg:/opt/ros/humble /usr/bin/cmake --install /home/nipun/ros2RB_ws/build/rmp_ros2bot_description
[0.778s] -- Install configuration: ""
[0.778s] -- Up-to-date: /home/nipun/ros2RB_ws/install/rmp_ros2bot_description/share/rmp_ros2bot_description/models
[0.778s] -- Up-to-date: /home/nipun/ros2RB_ws/install/rmp_ros2bot_description/share/rmp_ros2bot_description/models/build
[0.779s] -- Up-to-date: /home/nipun/ros2RB_ws/install/rmp_ros2bot_description/share/rmp_ros2bot_description/models/build/.built_by
[0.779s] -- Up-to-date: /home/nipun/ros2RB_ws/install/rmp_ros2bot_description/share/rmp_ros2bot_description/models/build/COLCON_IGNORE
[0.780s] -- Up-to-date: /home/nipun/ros2RB_ws/install/rmp_ros2bot_description/share/rmp_ros2bot_description/models/build/rmp_ros2bot_description
[0.780s] -- Up-to-date: /home/nipun/ros2RB_ws/install/rmp_ros2bot_description/share/rmp_ros2bot_description/models/build/rmp_ros2bot_description/CMakeCache.txt
[0.780s] -- Up-to-date: /home/nipun/ros2RB_ws/install/rmp_ros2bot_description/share/rmp_ros2bot_description/models/build/rmp_ros2bot_description/colcon_build.rc
[0.781s] -- Up-to-date: /home/nipun/ros2RB_ws/install/rmp_ros2bot_description/share/rmp_ros2bot_description/models/build/rmp_ros2bot_description/cmake_args.last
[0.781s] -- Up-to-date: /home/nipun/ros2RB_ws/install/rmp_ros2bot_description/share/rmp_ros2bot_description/models/build/rmp_ros2bot_description/colcon_command_prefix_build.sh
[0.781s] -- Up-to-date: /home/nipun/ros2RB_ws/install/rmp_ros2bot_description/share/rmp_ros2bot_description/models/build/rmp_ros2bot_description/CMakeFiles
[0.781s] -- Up-to-date: /home/nipun/ros2RB_ws/install/rmp_ros2bot_description/share/rmp_ros2bot_description/models/build/rmp_ros2bot_description/CMakeFiles/3.22.1
[0.781s] -- Up-to-date: /home/nipun/ros2RB_ws/install/rmp_ros2bot_description/share/rmp_ros2bot_description/models/build/rmp_ros2bot_description/CMakeFiles/3.22.1/CMakeDetermineCompilerABI_C.bin
[0.781s] -- Up-to-date: /home/nipun/ros2RB_ws/install/rmp_ros2bot_description/share/rmp_ros2bot_description/models/build/rmp_ros2bot_description/CMakeFiles/3.22.1/CompilerIdC
[0.781s] -- Up-to-date: /home/nipun/ros2RB_ws/install/rmp_ros2bot_description/share/rmp_ros2bot_description/models/build/rmp_ros2bot_description/CMakeFiles/3.22.1/CompilerIdC/tmp
[0.781s] -- Up-to-date: /home/nipun/ros2RB_ws/install/rmp_ros2bot_description/share/rmp_ros2bot_description/models/build/rmp_ros2bot_description/CMakeFiles/3.22.1/CompilerIdC/CMakeCCompilerId.c
[0.781s] -- Up-to-date: /home/nipun/ros2RB_ws/install/rmp_ros2bot_description/share/rmp_ros2bot_description/models/build/rmp_ros2bot_description/CMakeFiles/3.22.1/CompilerIdC/a.out
[0.782s] -- Up-to-date: /home/nipun/ros2RB_ws/install/rmp_ros2bot_description/share/rmp_ros2bot_description/models/build/rmp_ros2bot_description/CMakeFiles/3.22.1/CMakeCCompiler.cmake
[0.784s] -- Up-to-date: /home/nipun/ros2RB_ws/install/rmp_ros2bot_description/share/rmp_ros2bot_description/models/build/rmp_ros2bot_description/CMakeFiles/3.22.1/CMakeDetermineCompilerABI_CXX.bin
[0.784s] -- Up-to-date: /home/nipun/ros2RB_ws/install/rmp_ros2bot_description/share/rmp_ros2bot_description/models/build/rmp_ros2bot_description/CMakeFiles/3.22.1/CompilerIdCXX
[0.784s] -- Up-to-date: /home/nipun/ros2RB_ws/install/rmp_ros2bot_description/share/rmp_ros2bot_description/models/build/rmp_ros2bot_description/CMakeFiles/3.22.1/CompilerIdCXX/tmp
[0.785s] -- Up-to-date: /home/nipun/ros2RB_ws/install/rmp_ros2bot_description/share/rmp_ros2bot_description/models/build/rmp_ros2bot_description/CMakeFiles/3.22.1/CompilerIdCXX/CMakeCXXCompilerId.cpp
[0.785s] -- Up-to-date: /home/nipun/ros2RB_ws/install/rmp_ros2bot_description/share/rmp_ros2bot_description/models/build/rmp_ros2bot_description/CMakeFiles/3.22.1/CompilerIdCXX/a.out
[0.785s] -- Up-to-date: /home/nipun/ros2RB_ws/install/rmp_ros2bot_description/share/rmp_ros2bot_description/models/build/rmp_ros2bot_description/CMakeFiles/3.22.1/CMakeCXXCompiler.cmake
[0.785s] -- Up-to-date: /home/nipun/ros2RB_ws/install/rmp_ros2bot_description/share/rmp_ros2bot_description/models/build/rmp_ros2bot_description/CMakeFiles/3.22.1/CMakeSystem.cmake
[0.786s] -- Up-to-date: /home/nipun/ros2RB_ws/install/rmp_ros2bot_description/share/rmp_ros2bot_description/models/build/rmp_ros2bot_description/CMakeFiles/CMakeOutput.log
[0.791s] -- Up-to-date: /home/nipun/ros2RB_ws/install/rmp_ros2bot_description/share/rmp_ros2bot_description/models/build/rmp_ros2bot_description/CMakeFiles/CMakeTmp
[0.791s] -- Up-to-date: /home/nipun/ros2RB_ws/install/rmp_ros2bot_description/share/rmp_ros2bot_description/models/build/rmp_ros2bot_description/CMakeFiles/cmake.check_cache
[0.791s] -- Up-to-date: /home/nipun/ros2RB_ws/install/rmp_ros2bot_description/share/rmp_ros2bot_description/models/build/rmp_ros2bot_description/colcon_command_prefix_build.sh.env
[0.791s] -- Up-to-date: /home/nipun/ros2RB_ws/install/rmp_ros2bot_description/share/rmp_ros2bot_description/models/LICENSE
[0.791s] -- Up-to-date: /home/nipun/ros2RB_ws/install/rmp_ros2bot_description/share/rmp_ros2bot_description/models/meshes
[0.791s] -- Up-to-date: /home/nipun/ros2RB_ws/install/rmp_ros2bot_description/share/rmp_ros2bot_description/models/meshes/right_wheel_1.stl
[0.791s] -- Up-to-date: /home/nipun/ros2RB_ws/install/rmp_ros2bot_description/share/rmp_ros2bot_description/models/meshes/caster_1.stl
[0.791s] -- Up-to-date: /home/nipun/ros2RB_ws/install/rmp_ros2bot_description/share/rmp_ros2bot_description/models/meshes/left_wheel_1.stl
[0.792s] -- Up-to-date: /home/nipun/ros2RB_ws/install/rmp_ros2bot_description/share/rmp_ros2bot_description/models/meshes/lidar_1.stl
[0.792s] -- Up-to-date: /home/nipun/ros2RB_ws/install/rmp_ros2bot_description/share/rmp_ros2bot_description/models/meshes/base_link.stl
[0.792s] -- Up-to-date: /home/nipun/ros2RB_ws/install/rmp_ros2bot_description/share/rmp_ros2bot_description/models/CMakeLists.txt
[0.792s] -- Up-to-date: /home/nipun/ros2RB_ws/install/rmp_ros2bot_description/share/rmp_ros2bot_description/models/urdf
[0.793s] -- Up-to-date: /home/nipun/ros2RB_ws/install/rmp_ros2bot_description/share/rmp_ros2bot_description/models/urdf/rmp_ros2bot.trans
[0.799s] -- Up-to-date: /home/nipun/ros2RB_ws/install/rmp_ros2bot_description/share/rmp_ros2bot_description/models/urdf/materials.xacro
[0.799s] -- Installing: /home/nipun/ros2RB_ws/install/rmp_ros2bot_description/share/rmp_ros2bot_description/models/urdf/rmp_ros2bot.gazebo
[0.799s] -- Up-to-date: /home/nipun/ros2RB_ws/install/rmp_ros2bot_description/share/rmp_ros2bot_description/models/urdf/rmp_ros2bot.xacro
[0.799s] -- Up-to-date: /home/nipun/ros2RB_ws/install/rmp_ros2bot_description/share/rmp_ros2bot_description/models/log
[0.799s] -- Up-to-date: /home/nipun/ros2RB_ws/install/rmp_ros2bot_description/share/rmp_ros2bot_description/models/log/COLCON_IGNORE
[0.799s] -- Up-to-date: /home/nipun/ros2RB_ws/install/rmp_ros2bot_description/share/rmp_ros2bot_description/models/log/latest
[0.801s] -- Up-to-date: /home/nipun/ros2RB_ws/install/rmp_ros2bot_description/share/rmp_ros2bot_description/models/log/build_2024-09-22_19-29-04
[0.801s] -- Up-to-date: /home/nipun/ros2RB_ws/install/rmp_ros2bot_description/share/rmp_ros2bot_description/models/log/build_2024-09-22_19-29-04/events.log
[0.802s] -- Up-to-date: /home/nipun/ros2RB_ws/install/rmp_ros2bot_description/share/rmp_ros2bot_description/models/log/build_2024-09-22_19-29-04/logger_all.log
[0.802s] -- Up-to-date: /home/nipun/ros2RB_ws/install/rmp_ros2bot_description/share/rmp_ros2bot_description/models/log/build_2024-09-22_19-29-04/rmp_ros2bot_description
[0.802s] -- Up-to-date: /home/nipun/ros2RB_ws/install/rmp_ros2bot_description/share/rmp_ros2bot_description/models/log/build_2024-09-22_19-29-04/rmp_ros2bot_description/streams.log
[0.803s] -- Up-to-date: /home/nipun/ros2RB_ws/install/rmp_ros2bot_description/share/rmp_ros2bot_description/models/log/build_2024-09-22_19-29-04/rmp_ros2bot_description/stdout_stderr.log
[0.803s] -- Up-to-date: /home/nipun/ros2RB_ws/install/rmp_ros2bot_description/share/rmp_ros2bot_description/models/log/build_2024-09-22_19-29-04/rmp_ros2bot_description/stdout.log
[0.803s] -- Up-to-date: /home/nipun/ros2RB_ws/install/rmp_ros2bot_description/share/rmp_ros2bot_description/models/log/build_2024-09-22_19-29-04/rmp_ros2bot_description/stderr.log
[0.803s] -- Up-to-date: /home/nipun/ros2RB_ws/install/rmp_ros2bot_description/share/rmp_ros2bot_description/models/log/build_2024-09-22_19-29-04/rmp_ros2bot_description/command.log
[0.806s] -- Up-to-date: /home/nipun/ros2RB_ws/install/rmp_ros2bot_description/share/rmp_ros2bot_description/models/log/latest_build
[0.806s] -- Up-to-date: /home/nipun/ros2RB_ws/install/rmp_ros2bot_description/share/rmp_ros2bot_description/models/package.xml
[0.806s] -- Up-to-date: /home/nipun/ros2RB_ws/install/rmp_ros2bot_description/share/rmp_ros2bot_description/models/launch
[0.806s] -- Up-to-date: /home/nipun/ros2RB_ws/install/rmp_ros2bot_description/share/rmp_ros2bot_description/models/launch/urdf.rviz
[0.806s] -- Up-to-date: /home/nipun/ros2RB_ws/install/rmp_ros2bot_description/share/rmp_ros2bot_description/models/launch/controller.yaml
[0.806s] -- Up-to-date: /home/nipun/ros2RB_ws/install/rmp_ros2bot_description/share/rmp_ros2bot_description/models/launch/controller.launch
[0.806s] -- Up-to-date: /home/nipun/ros2RB_ws/install/rmp_ros2bot_description/share/rmp_ros2bot_description/models/launch/display.launch
[0.807s] -- Up-to-date: /home/nipun/ros2RB_ws/install/rmp_ros2bot_description/share/rmp_ros2bot_description/models/launch/gazebo.launch
[0.807s] -- Up-to-date: /home/nipun/ros2RB_ws/install/rmp_ros2bot_description/share/rmp_ros2bot_description/models/install
[0.807s] -- Up-to-date: /home/nipun/ros2RB_ws/install/rmp_ros2bot_description/share/rmp_ros2bot_description/models/install/setup.sh
[0.808s] -- Up-to-date: /home/nipun/ros2RB_ws/install/rmp_ros2bot_description/share/rmp_ros2bot_description/models/install/setup.ps1
[0.808s] -- Up-to-date: /home/nipun/ros2RB_ws/install/rmp_ros2bot_description/share/rmp_ros2bot_description/models/install/local_setup.sh
[0.808s] -- Up-to-date: /home/nipun/ros2RB_ws/install/rmp_ros2bot_description/share/rmp_ros2bot_description/models/install/COLCON_IGNORE
[0.808s] -- Up-to-date: /home/nipun/ros2RB_ws/install/rmp_ros2bot_description/share/rmp_ros2bot_description/models/install/local_setup.bash
[0.808s] -- Up-to-date: /home/nipun/ros2RB_ws/install/rmp_ros2bot_description/share/rmp_ros2bot_description/models/install/setup.bash
[0.808s] -- Up-to-date: /home/nipun/ros2RB_ws/install/rmp_ros2bot_description/share/rmp_ros2bot_description/models/install/local_setup.zsh
[0.809s] -- Up-to-date: /home/nipun/ros2RB_ws/install/rmp_ros2bot_description/share/rmp_ros2bot_description/models/install/_local_setup_util_ps1.py
[0.809s] -- Up-to-date: /home/nipun/ros2RB_ws/install/rmp_ros2bot_description/share/rmp_ros2bot_description/models/install/rmp_ros2bot_description
[0.809s] -- Up-to-date: /home/nipun/ros2RB_ws/install/rmp_ros2bot_description/share/rmp_ros2bot_description/models/install/rmp_ros2bot_description/.catkin
[0.809s] -- Up-to-date: /home/nipun/ros2RB_ws/install/rmp_ros2bot_description/share/rmp_ros2bot_description/models/install/rmp_ros2bot_description/share
[0.809s] -- Up-to-date: /home/nipun/ros2RB_ws/install/rmp_ros2bot_description/share/rmp_ros2bot_description/models/install/rmp_ros2bot_description/share/rmp_ros2bot_description
[0.809s] -- Up-to-date: /home/nipun/ros2RB_ws/install/rmp_ros2bot_description/share/rmp_ros2bot_description/models/install/rmp_ros2bot_description/share/rmp_ros2bot_description/package.sh
[0.809s] -- Up-to-date: /home/nipun/ros2RB_ws/install/rmp_ros2bot_description/share/rmp_ros2bot_description/models/install/rmp_ros2bot_description/share/rmp_ros2bot_description/package.ps1
[0.809s] -- Up-to-date: /home/nipun/ros2RB_ws/install/rmp_ros2bot_description/share/rmp_ros2bot_description/models/install/rmp_ros2bot_description/share/rmp_ros2bot_description/package.dsv
[0.809s] -- Up-to-date: /home/nipun/ros2RB_ws/install/rmp_ros2bot_description/share/rmp_ros2bot_description/models/install/rmp_ros2bot_description/share/rmp_ros2bot_description/package.bash
[0.809s] -- Up-to-date: /home/nipun/ros2RB_ws/install/rmp_ros2bot_description/share/rmp_ros2bot_description/models/install/rmp_ros2bot_description/share/rmp_ros2bot_description/package.zsh
[0.810s] -- Up-to-date: /home/nipun/ros2RB_ws/install/rmp_ros2bot_description/share/rmp_ros2bot_description/models/install/rmp_ros2bot_description/share/colcon-core
[0.810s] -- Up-to-date: /home/nipun/ros2RB_ws/install/rmp_ros2bot_description/share/rmp_ros2bot_description/models/install/rmp_ros2bot_description/share/colcon-core/packages
[0.810s] -- Up-to-date: /home/nipun/ros2RB_ws/install/rmp_ros2bot_description/share/rmp_ros2bot_description/models/install/rmp_ros2bot_description/share/colcon-core/packages/rmp_ros2bot_description
[0.810s] -- Up-to-date: /home/nipun/ros2RB_ws/install/rmp_ros2bot_description/share/rmp_ros2bot_description/models/install/_local_setup_util_sh.py
[0.810s] -- Up-to-date: /home/nipun/ros2RB_ws/install/rmp_ros2bot_description/share/rmp_ros2bot_description/models/install/.colcon_install_layout
[0.810s] -- Up-to-date: /home/nipun/ros2RB_ws/install/rmp_ros2bot_description/share/rmp_ros2bot_description/models/install/local_setup.ps1
[0.814s] -- Up-to-date: /home/nipun/ros2RB_ws/install/rmp_ros2bot_description/share/rmp_ros2bot_description/models/install/setup.zsh
[0.814s] -- Up-to-date: /home/nipun/ros2RB_ws/install/rmp_ros2bot_description/share/rmp_ros2bot_description/launch
[0.815s] -- Up-to-date: /home/nipun/ros2RB_ws/install/rmp_ros2bot_description/share/rmp_ros2bot_description/launch/gazebo.launch.py
[0.815s] -- Up-to-date: /home/nipun/ros2RB_ws/install/rmp_ros2bot_description/share/rmp_ros2bot_description/launch/state_publisher.launch.py
[0.815s] -- Up-to-date: /home/nipun/ros2RB_ws/install/rmp_ros2bot_description/share/rmp_ros2bot_description/worlds
[0.815s] -- Up-to-date: /home/nipun/ros2RB_ws/install/rmp_ros2bot_description/share/rmp_ros2bot_description/worlds/new_world.sdf
[0.815s] -- Up-to-date: /home/nipun/ros2RB_ws/install/rmp_ros2bot_description/share/ament_index/resource_index/package_run_dependencies/rmp_ros2bot_description
[0.815s] -- Up-to-date: /home/nipun/ros2RB_ws/install/rmp_ros2bot_description/share/ament_index/resource_index/parent_prefix_path/rmp_ros2bot_description
[0.816s] -- Up-to-date: /home/nipun/ros2RB_ws/install/rmp_ros2bot_description/share/rmp_ros2bot_description/environment/ament_prefix_path.sh
[0.816s] -- Up-to-date: /home/nipun/ros2RB_ws/install/rmp_ros2bot_description/share/rmp_ros2bot_description/environment/ament_prefix_path.dsv
[0.816s] -- Up-to-date: /home/nipun/ros2RB_ws/install/rmp_ros2bot_description/share/rmp_ros2bot_description/environment/path.sh
[0.819s] -- Up-to-date: /home/nipun/ros2RB_ws/install/rmp_ros2bot_description/share/rmp_ros2bot_description/environment/path.dsv
[0.819s] -- Up-to-date: /home/nipun/ros2RB_ws/install/rmp_ros2bot_description/share/rmp_ros2bot_description/local_setup.bash
[0.819s] -- Up-to-date: /home/nipun/ros2RB_ws/install/rmp_ros2bot_description/share/rmp_ros2bot_description/local_setup.sh
[0.820s] -- Up-to-date: /home/nipun/ros2RB_ws/install/rmp_ros2bot_description/share/rmp_ros2bot_description/local_setup.zsh
[0.827s] -- Up-to-date: /home/nipun/ros2RB_ws/install/rmp_ros2bot_description/share/rmp_ros2bot_description/local_setup.dsv
[0.828s] -- Installing: /home/nipun/ros2RB_ws/install/rmp_ros2bot_description/share/rmp_ros2bot_description/package.dsv
[0.828s] -- Up-to-date: /home/nipun/ros2RB_ws/install/rmp_ros2bot_description/share/ament_index/resource_index/packages/rmp_ros2bot_description
[0.828s] -- Up-to-date: /home/nipun/ros2RB_ws/install/rmp_ros2bot_description/share/rmp_ros2bot_description/cmake/rmp_ros2bot_descriptionConfig.cmake
[0.832s] -- Up-to-date: /home/nipun/ros2RB_ws/install/rmp_ros2bot_description/share/rmp_ros2bot_description/cmake/rmp_ros2bot_descriptionConfig-version.cmake
[0.832s] -- Up-to-date: /home/nipun/ros2RB_ws/install/rmp_ros2bot_description/share/rmp_ros2bot_description/package.xml
[0.832s] Invoked command in '/home/nipun/ros2RB_ws/build/rmp_ros2bot_description' returned '0': CMAKE_PREFIX_PATH=${CMAKE_PREFIX_PATH}:/home/nipun/ros2RB_ws/install/turtlesim_assignment:/home/nipun/ros2RB_ws/install/simple_pkg:/home/nipun/ros2RB_ws/install/assignment1:/home/nipun/ros2_ws/install/my_py_pkg:/opt/ros/humble /usr/bin/cmake --install /home/nipun/ros2RB_ws/build/rmp_ros2bot_description
