[0.151s] DEBUG:colcon:Command line arguments: ['/usr/bin/colcon', 'build']
[0.152s] DEBUG:colcon:Parsed command line arguments: Namespace(log_base=None, log_level=None, verb_name='build', build_base='build', install_base='install', merge_install=False, symlink_install=False, test_result_base=None, continue_on_error=False, executor='parallel', parallel_workers=3, event_handlers=None, ignore_user_meta=False, metas=['./colcon.meta'], base_paths=['.'], packages_ignore=None, packages_ignore_regex=None, paths=None, packages_up_to=None, packages_up_to_regex=None, packages_above=None, packages_above_and_dependencies=None, packages_above_depth=None, packages_select_by_dep=None, packages_skip_by_dep=None, packages_skip_up_to=None, packages_select_build_failed=False, packages_skip_build_finished=False, packages_select_test_failures=False, packages_skip_test_passed=False, packages_select=None, packages_skip=None, packages_select_regex=None, packages_skip_regex=None, packages_start=None, packages_end=None, allow_overriding=[], cmake_args=None, cmake_target=None, cmake_target_skip_unavailable=False, cmake_clean_cache=False, cmake_clean_first=False, cmake_force_configure=False, ament_cmake_args=None, catkin_cmake_args=None, catkin_skip_building_tests=False, verb_parser=<colcon_defaults.argument_parser.defaults.DefaultArgumentsDecorator object at 0x762b49740cd0>, verb_extension=<colcon_core.verb.build.BuildVerb object at 0x762b49740880>, main=<bound method BuildVerb.main of <colcon_core.verb.build.BuildVerb object at 0x762b49740880>>)
[0.383s] Level 1:colcon.colcon_core.package_discovery:discover_packages(colcon_meta) check parameters
[0.383s] Level 1:colcon.colcon_core.package_discovery:discover_packages(recursive) check parameters
[0.383s] Level 1:colcon.colcon_core.package_discovery:discover_packages(ignore) check parameters
[0.383s] Level 1:colcon.colcon_core.package_discovery:discover_packages(path) check parameters
[0.383s] Level 1:colcon.colcon_core.package_discovery:discover_packages(colcon_meta) discover
[0.383s] Level 1:colcon.colcon_core.package_discovery:discover_packages(recursive) discover
[0.383s] INFO:colcon.colcon_core.package_discovery:Crawling recursively for packages in '/home/nipun/ros2RB_ws'
[0.383s] Level 1:colcon.colcon_core.package_identification:_identify(.) by extensions ['ignore', 'ignore_ament_install']
[0.383s] Level 1:colcon.colcon_core.package_identification:_identify(.) by extension 'ignore'
[0.383s] Level 1:colcon.colcon_core.package_identification:_identify(.) by extension 'ignore_ament_install'
[0.383s] Level 1:colcon.colcon_core.package_identification:_identify(.) by extensions ['colcon_pkg']
[0.383s] Level 1:colcon.colcon_core.package_identification:_identify(.) by extension 'colcon_pkg'
[0.383s] Level 1:colcon.colcon_core.package_identification:_identify(.) by extensions ['colcon_meta']
[0.383s] Level 1:colcon.colcon_core.package_identification:_identify(.) by extension 'colcon_meta'
[0.384s] Level 1:colcon.colcon_core.package_identification:_identify(.) by extensions ['ros']
[0.384s] Level 1:colcon.colcon_core.package_identification:_identify(.) by extension 'ros'
[0.399s] Level 1:colcon.colcon_core.package_identification:_identify(.) by extensions ['cmake', 'python']
[0.399s] Level 1:colcon.colcon_core.package_identification:_identify(.) by extension 'cmake'
[0.399s] Level 1:colcon.colcon_core.package_identification:_identify(.) by extension 'python'
[0.399s] Level 1:colcon.colcon_core.package_identification:_identify(.) by extensions ['python_setup_py']
[0.399s] Level 1:colcon.colcon_core.package_identification:_identify(.) by extension 'python_setup_py'
[0.399s] Level 1:colcon.colcon_core.package_identification:_identify(assignment1) by extensions ['ignore', 'ignore_ament_install']
[0.399s] Level 1:colcon.colcon_core.package_identification:_identify(assignment1) by extension 'ignore'
[0.399s] Level 1:colcon.colcon_core.package_identification:_identify(assignment1) by extension 'ignore_ament_install'
[0.399s] Level 1:colcon.colcon_core.package_identification:_identify(assignment1) by extensions ['colcon_pkg']
[0.399s] Level 1:colcon.colcon_core.package_identification:_identify(assignment1) by extension 'colcon_pkg'
[0.399s] Level 1:colcon.colcon_core.package_identification:_identify(assignment1) by extensions ['colcon_meta']
[0.399s] Level 1:colcon.colcon_core.package_identification:_identify(assignment1) by extension 'colcon_meta'
[0.400s] Level 1:colcon.colcon_core.package_identification:_identify(assignment1) by extensions ['ros']
[0.400s] Level 1:colcon.colcon_core.package_identification:_identify(assignment1) by extension 'ros'
[0.403s] DEBUG:colcon.colcon_core.package_identification:Package 'assignment1' with type 'ros.ament_python' and name 'assignment1'
[0.403s] Level 1:colcon.colcon_core.package_identification:_identify(assignment1_cpp) by extensions ['ignore', 'ignore_ament_install']
[0.403s] Level 1:colcon.colcon_core.package_identification:_identify(assignment1_cpp) by extension 'ignore'
[0.403s] Level 1:colcon.colcon_core.package_identification:_identify(assignment1_cpp) by extension 'ignore_ament_install'
[0.403s] Level 1:colcon.colcon_core.package_identification:_identify(assignment1_cpp) by extensions ['colcon_pkg']
[0.403s] Level 1:colcon.colcon_core.package_identification:_identify(assignment1_cpp) by extension 'colcon_pkg'
[0.403s] Level 1:colcon.colcon_core.package_identification:_identify(assignment1_cpp) by extensions ['colcon_meta']
[0.403s] Level 1:colcon.colcon_core.package_identification:_identify(assignment1_cpp) by extension 'colcon_meta'
[0.403s] Level 1:colcon.colcon_core.package_identification:_identify(assignment1_cpp) by extensions ['ros']
[0.403s] Level 1:colcon.colcon_core.package_identification:_identify(assignment1_cpp) by extension 'ros'
[0.404s] DEBUG:colcon.colcon_core.package_identification:Package 'assignment1_cpp' with type 'ros.ament_cmake' and name 'assignment1_cpp'
[0.405s] Level 1:colcon.colcon_core.package_identification:_identify(build) by extensions ['ignore', 'ignore_ament_install']
[0.405s] Level 1:colcon.colcon_core.package_identification:_identify(build) by extension 'ignore'
[0.405s] Level 1:colcon.colcon_core.package_identification:_identify(build) ignored
[0.405s] Level 1:colcon.colcon_core.package_identification:_identify(install) by extensions ['ignore', 'ignore_ament_install']
[0.405s] Level 1:colcon.colcon_core.package_identification:_identify(install) by extension 'ignore'
[0.405s] Level 1:colcon.colcon_core.package_identification:_identify(install) ignored
[0.405s] Level 1:colcon.colcon_core.package_identification:_identify(log) by extensions ['ignore', 'ignore_ament_install']
[0.406s] Level 1:colcon.colcon_core.package_identification:_identify(log) by extension 'ignore'
[0.406s] Level 1:colcon.colcon_core.package_identification:_identify(log) ignored
[0.406s] Level 1:colcon.colcon_core.package_identification:_identify(rmp_ros2bot_description) by extensions ['ignore', 'ignore_ament_install']
[0.406s] Level 1:colcon.colcon_core.package_identification:_identify(rmp_ros2bot_description) by extension 'ignore'
[0.406s] Level 1:colcon.colcon_core.package_identification:_identify(rmp_ros2bot_description) by extension 'ignore_ament_install'
[0.406s] Level 1:colcon.colcon_core.package_identification:_identify(rmp_ros2bot_description) by extensions ['colcon_pkg']
[0.406s] Level 1:colcon.colcon_core.package_identification:_identify(rmp_ros2bot_description) by extension 'colcon_pkg'
[0.406s] Level 1:colcon.colcon_core.package_identification:_identify(rmp_ros2bot_description) by extensions ['colcon_meta']
[0.406s] Level 1:colcon.colcon_core.package_identification:_identify(rmp_ros2bot_description) by extension 'colcon_meta'
[0.406s] Level 1:colcon.colcon_core.package_identification:_identify(rmp_ros2bot_description) by extensions ['ros']
[0.406s] Level 1:colcon.colcon_core.package_identification:_identify(rmp_ros2bot_description) by extension 'ros'
[0.407s] DEBUG:colcon.colcon_core.package_identification:Package 'rmp_ros2bot_description' with type 'ros.ament_python' and name 'rmp_ros2bot_description'
[0.407s] Level 1:colcon.colcon_core.package_identification:_identify(simple_pkg) by extensions ['ignore', 'ignore_ament_install']
[0.407s] Level 1:colcon.colcon_core.package_identification:_identify(simple_pkg) by extension 'ignore'
[0.407s] Level 1:colcon.colcon_core.package_identification:_identify(simple_pkg) by extension 'ignore_ament_install'
[0.407s] Level 1:colcon.colcon_core.package_identification:_identify(simple_pkg) by extensions ['colcon_pkg']
[0.408s] Level 1:colcon.colcon_core.package_identification:_identify(simple_pkg) by extension 'colcon_pkg'
[0.408s] Level 1:colcon.colcon_core.package_identification:_identify(simple_pkg) by extensions ['colcon_meta']
[0.408s] Level 1:colcon.colcon_core.package_identification:_identify(simple_pkg) by extension 'colcon_meta'
[0.408s] Level 1:colcon.colcon_core.package_identification:_identify(simple_pkg) by extensions ['ros']
[0.408s] Level 1:colcon.colcon_core.package_identification:_identify(simple_pkg) by extension 'ros'
[0.408s] DEBUG:colcon.colcon_core.package_identification:Package 'simple_pkg' with type 'ros.ament_python' and name 'simple_pkg'
[0.409s] Level 1:colcon.colcon_core.package_identification:_identify(simple_pkg_cpp) by extensions ['ignore', 'ignore_ament_install']
[0.409s] Level 1:colcon.colcon_core.package_identification:_identify(simple_pkg_cpp) by extension 'ignore'
[0.409s] Level 1:colcon.colcon_core.package_identification:_identify(simple_pkg_cpp) by extension 'ignore_ament_install'
[0.409s] Level 1:colcon.colcon_core.package_identification:_identify(simple_pkg_cpp) by extensions ['colcon_pkg']
[0.409s] Level 1:colcon.colcon_core.package_identification:_identify(simple_pkg_cpp) by extension 'colcon_pkg'
[0.409s] Level 1:colcon.colcon_core.package_identification:_identify(simple_pkg_cpp) by extensions ['colcon_meta']
[0.409s] Level 1:colcon.colcon_core.package_identification:_identify(simple_pkg_cpp) by extension 'colcon_meta'
[0.409s] Level 1:colcon.colcon_core.package_identification:_identify(simple_pkg_cpp) by extensions ['ros']
[0.409s] Level 1:colcon.colcon_core.package_identification:_identify(simple_pkg_cpp) by extension 'ros'
[0.410s] DEBUG:colcon.colcon_core.package_identification:Package 'simple_pkg_cpp' with type 'ros.ament_cmake' and name 'simple_pkg_cpp'
[0.410s] Level 1:colcon.colcon_core.package_identification:_identify(turtlesim_assignment) by extensions ['ignore', 'ignore_ament_install']
[0.410s] Level 1:colcon.colcon_core.package_identification:_identify(turtlesim_assignment) by extension 'ignore'
[0.410s] Level 1:colcon.colcon_core.package_identification:_identify(turtlesim_assignment) by extension 'ignore_ament_install'
[0.410s] Level 1:colcon.colcon_core.package_identification:_identify(turtlesim_assignment) by extensions ['colcon_pkg']
[0.411s] Level 1:colcon.colcon_core.package_identification:_identify(turtlesim_assignment) by extension 'colcon_pkg'
[0.411s] Level 1:colcon.colcon_core.package_identification:_identify(turtlesim_assignment) by extensions ['colcon_meta']
[0.411s] Level 1:colcon.colcon_core.package_identification:_identify(turtlesim_assignment) by extension 'colcon_meta'
[0.411s] Level 1:colcon.colcon_core.package_identification:_identify(turtlesim_assignment) by extensions ['ros']
[0.411s] Level 1:colcon.colcon_core.package_identification:_identify(turtlesim_assignment) by extension 'ros'
[0.412s] DEBUG:colcon.colcon_core.package_identification:Package 'turtlesim_assignment' with type 'ros.ament_python' and name 'turtlesim_assignment'
[0.412s] Level 1:colcon.colcon_core.package_discovery:discover_packages(recursive) using defaults
[0.412s] Level 1:colcon.colcon_core.package_discovery:discover_packages(ignore) discover
[0.412s] Level 1:colcon.colcon_core.package_discovery:discover_packages(ignore) using defaults
[0.412s] Level 1:colcon.colcon_core.package_discovery:discover_packages(path) discover
[0.412s] Level 1:colcon.colcon_core.package_discovery:discover_packages(path) using defaults
[0.441s] Level 1:colcon.colcon_core.package_discovery:discover_packages(prefix_path) check parameters
[0.441s] Level 1:colcon.colcon_core.package_discovery:discover_packages(prefix_path) discover
[0.444s] DEBUG:colcon.colcon_installed_package_information.package_discovery:Found 7 installed packages in /home/nipun/ros2RB_ws/install
[0.445s] DEBUG:colcon.colcon_installed_package_information.package_discovery:Found 4 installed packages in /home/nipun/ros2_ws/install
[0.447s] DEBUG:colcon.colcon_installed_package_information.package_discovery:Found 294 installed packages in /opt/ros/humble
[0.450s] Level 1:colcon.colcon_core.package_discovery:discover_packages(prefix_path) using defaults
[0.518s] Level 5:colcon.colcon_core.verb:set package 'assignment1' build argument 'cmake_args' from command line to 'None'
[0.518s] Level 5:colcon.colcon_core.verb:set package 'assignment1' build argument 'cmake_target' from command line to 'None'
[0.518s] Level 5:colcon.colcon_core.verb:set package 'assignment1' build argument 'cmake_target_skip_unavailable' from command line to 'False'
[0.518s] Level 5:colcon.colcon_core.verb:set package 'assignment1' build argument 'cmake_clean_cache' from command line to 'False'
[0.518s] Level 5:colcon.colcon_core.verb:set package 'assignment1' build argument 'cmake_clean_first' from command line to 'False'
[0.518s] Level 5:colcon.colcon_core.verb:set package 'assignment1' build argument 'cmake_force_configure' from command line to 'False'
[0.518s] Level 5:colcon.colcon_core.verb:set package 'assignment1' build argument 'ament_cmake_args' from command line to 'None'
[0.518s] Level 5:colcon.colcon_core.verb:set package 'assignment1' build argument 'catkin_cmake_args' from command line to 'None'
[0.518s] Level 5:colcon.colcon_core.verb:set package 'assignment1' build argument 'catkin_skip_building_tests' from command line to 'False'
[0.518s] DEBUG:colcon.colcon_core.verb:Building package 'assignment1' with the following arguments: {'ament_cmake_args': None, 'build_base': '/home/nipun/ros2RB_ws/build/assignment1', 'catkin_cmake_args': None, 'catkin_skip_building_tests': False, 'cmake_args': None, 'cmake_clean_cache': False, 'cmake_clean_first': False, 'cmake_force_configure': False, 'cmake_target': None, 'cmake_target_skip_unavailable': False, 'install_base': '/home/nipun/ros2RB_ws/install/assignment1', 'merge_install': False, 'path': '/home/nipun/ros2RB_ws/assignment1', 'symlink_install': False, 'test_result_base': None}
[0.519s] Level 5:colcon.colcon_core.verb:set package 'assignment1_cpp' build argument 'cmake_args' from command line to 'None'
[0.519s] Level 5:colcon.colcon_core.verb:set package 'assignment1_cpp' build argument 'cmake_target' from command line to 'None'
[0.519s] Level 5:colcon.colcon_core.verb:set package 'assignment1_cpp' build argument 'cmake_target_skip_unavailable' from command line to 'False'
[0.519s] Level 5:colcon.colcon_core.verb:set package 'assignment1_cpp' build argument 'cmake_clean_cache' from command line to 'False'
[0.519s] Level 5:colcon.colcon_core.verb:set package 'assignment1_cpp' build argument 'cmake_clean_first' from command line to 'False'
[0.519s] Level 5:colcon.colcon_core.verb:set package 'assignment1_cpp' build argument 'cmake_force_configure' from command line to 'False'
[0.519s] Level 5:colcon.colcon_core.verb:set package 'assignment1_cpp' build argument 'ament_cmake_args' from command line to 'None'
[0.519s] Level 5:colcon.colcon_core.verb:set package 'assignment1_cpp' build argument 'catkin_cmake_args' from command line to 'None'
[0.519s] Level 5:colcon.colcon_core.verb:set package 'assignment1_cpp' build argument 'catkin_skip_building_tests' from command line to 'False'
[0.519s] DEBUG:colcon.colcon_core.verb:Building package 'assignment1_cpp' with the following arguments: {'ament_cmake_args': None, 'build_base': '/home/nipun/ros2RB_ws/build/assignment1_cpp', 'catkin_cmake_args': None, 'catkin_skip_building_tests': False, 'cmake_args': None, 'cmake_clean_cache': False, 'cmake_clean_first': False, 'cmake_force_configure': False, 'cmake_target': None, 'cmake_target_skip_unavailable': False, 'install_base': '/home/nipun/ros2RB_ws/install/assignment1_cpp', 'merge_install': False, 'path': '/home/nipun/ros2RB_ws/assignment1_cpp', 'symlink_install': False, 'test_result_base': None}
[0.520s] Level 5:colcon.colcon_core.verb:set package 'rmp_ros2bot_description' build argument 'cmake_args' from command line to 'None'
[0.520s] Level 5:colcon.colcon_core.verb:set package 'rmp_ros2bot_description' build argument 'cmake_target' from command line to 'None'
[0.520s] Level 5:colcon.colcon_core.verb:set package 'rmp_ros2bot_description' build argument 'cmake_target_skip_unavailable' from command line to 'False'
[0.520s] Level 5:colcon.colcon_core.verb:set package 'rmp_ros2bot_description' build argument 'cmake_clean_cache' from command line to 'False'
[0.520s] Level 5:colcon.colcon_core.verb:set package 'rmp_ros2bot_description' build argument 'cmake_clean_first' from command line to 'False'
[0.520s] Level 5:colcon.colcon_core.verb:set package 'rmp_ros2bot_description' build argument 'cmake_force_configure' from command line to 'False'
[0.520s] Level 5:colcon.colcon_core.verb:set package 'rmp_ros2bot_description' build argument 'ament_cmake_args' from command line to 'None'
[0.520s] Level 5:colcon.colcon_core.verb:set package 'rmp_ros2bot_description' build argument 'catkin_cmake_args' from command line to 'None'
[0.520s] Level 5:colcon.colcon_core.verb:set package 'rmp_ros2bot_description' build argument 'catkin_skip_building_tests' from command line to 'False'
[0.520s] DEBUG:colcon.colcon_core.verb:Building package 'rmp_ros2bot_description' with the following arguments: {'ament_cmake_args': None, 'build_base': '/home/nipun/ros2RB_ws/build/rmp_ros2bot_description', 'catkin_cmake_args': None, 'catkin_skip_building_tests': False, 'cmake_args': None, 'cmake_clean_cache': False, 'cmake_clean_first': False, 'cmake_force_configure': False, 'cmake_target': None, 'cmake_target_skip_unavailable': False, 'install_base': '/home/nipun/ros2RB_ws/install/rmp_ros2bot_description', 'merge_install': False, 'path': '/home/nipun/ros2RB_ws/rmp_ros2bot_description', 'symlink_install': False, 'test_result_base': None}
[0.521s] Level 5:colcon.colcon_core.verb:set package 'simple_pkg' build argument 'cmake_args' from command line to 'None'
[0.521s] Level 5:colcon.colcon_core.verb:set package 'simple_pkg' build argument 'cmake_target' from command line to 'None'
[0.521s] Level 5:colcon.colcon_core.verb:set package 'simple_pkg' build argument 'cmake_target_skip_unavailable' from command line to 'False'
[0.521s] Level 5:colcon.colcon_core.verb:set package 'simple_pkg' build argument 'cmake_clean_cache' from command line to 'False'
[0.521s] Level 5:colcon.colcon_core.verb:set package 'simple_pkg' build argument 'cmake_clean_first' from command line to 'False'
[0.521s] Level 5:colcon.colcon_core.verb:set package 'simple_pkg' build argument 'cmake_force_configure' from command line to 'False'
[0.521s] Level 5:colcon.colcon_core.verb:set package 'simple_pkg' build argument 'ament_cmake_args' from command line to 'None'
[0.521s] Level 5:colcon.colcon_core.verb:set package 'simple_pkg' build argument 'catkin_cmake_args' from command line to 'None'
[0.521s] Level 5:colcon.colcon_core.verb:set package 'simple_pkg' build argument 'catkin_skip_building_tests' from command line to 'False'
[0.521s] DEBUG:colcon.colcon_core.verb:Building package 'simple_pkg' with the following arguments: {'ament_cmake_args': None, 'build_base': '/home/nipun/ros2RB_ws/build/simple_pkg', 'catkin_cmake_args': None, 'catkin_skip_building_tests': False, 'cmake_args': None, 'cmake_clean_cache': False, 'cmake_clean_first': False, 'cmake_force_configure': False, 'cmake_target': None, 'cmake_target_skip_unavailable': False, 'install_base': '/home/nipun/ros2RB_ws/install/simple_pkg', 'merge_install': False, 'path': '/home/nipun/ros2RB_ws/simple_pkg', 'symlink_install': False, 'test_result_base': None}
[0.522s] Level 5:colcon.colcon_core.verb:set package 'simple_pkg_cpp' build argument 'cmake_args' from command line to 'None'
[0.522s] Level 5:colcon.colcon_core.verb:set package 'simple_pkg_cpp' build argument 'cmake_target' from command line to 'None'
[0.522s] Level 5:colcon.colcon_core.verb:set package 'simple_pkg_cpp' build argument 'cmake_target_skip_unavailable' from command line to 'False'
[0.522s] Level 5:colcon.colcon_core.verb:set package 'simple_pkg_cpp' build argument 'cmake_clean_cache' from command line to 'False'
[0.522s] Level 5:colcon.colcon_core.verb:set package 'simple_pkg_cpp' build argument 'cmake_clean_first' from command line to 'False'
[0.522s] Level 5:colcon.colcon_core.verb:set package 'simple_pkg_cpp' build argument 'cmake_force_configure' from command line to 'False'
[0.522s] Level 5:colcon.colcon_core.verb:set package 'simple_pkg_cpp' build argument 'ament_cmake_args' from command line to 'None'
[0.522s] Level 5:colcon.colcon_core.verb:set package 'simple_pkg_cpp' build argument 'catkin_cmake_args' from command line to 'None'
[0.522s] Level 5:colcon.colcon_core.verb:set package 'simple_pkg_cpp' build argument 'catkin_skip_building_tests' from command line to 'False'
[0.522s] DEBUG:colcon.colcon_core.verb:Building package 'simple_pkg_cpp' with the following arguments: {'ament_cmake_args': None, 'build_base': '/home/nipun/ros2RB_ws/build/simple_pkg_cpp', 'catkin_cmake_args': None, 'catkin_skip_building_tests': False, 'cmake_args': None, 'cmake_clean_cache': False, 'cmake_clean_first': False, 'cmake_force_configure': False, 'cmake_target': None, 'cmake_target_skip_unavailable': False, 'install_base': '/home/nipun/ros2RB_ws/install/simple_pkg_cpp', 'merge_install': False, 'path': '/home/nipun/ros2RB_ws/simple_pkg_cpp', 'symlink_install': False, 'test_result_base': None}
[0.523s] Level 5:colcon.colcon_core.verb:set package 'turtlesim_assignment' build argument 'cmake_args' from command line to 'None'
[0.523s] Level 5:colcon.colcon_core.verb:set package 'turtlesim_assignment' build argument 'cmake_target' from command line to 'None'
[0.523s] Level 5:colcon.colcon_core.verb:set package 'turtlesim_assignment' build argument 'cmake_target_skip_unavailable' from command line to 'False'
[0.523s] Level 5:colcon.colcon_core.verb:set package 'turtlesim_assignment' build argument 'cmake_clean_cache' from command line to 'False'
[0.523s] Level 5:colcon.colcon_core.verb:set package 'turtlesim_assignment' build argument 'cmake_clean_first' from command line to 'False'
[0.523s] Level 5:colcon.colcon_core.verb:set package 'turtlesim_assignment' build argument 'cmake_force_configure' from command line to 'False'
[0.523s] Level 5:colcon.colcon_core.verb:set package 'turtlesim_assignment' build argument 'ament_cmake_args' from command line to 'None'
[0.523s] Level 5:colcon.colcon_core.verb:set package 'turtlesim_assignment' build argument 'catkin_cmake_args' from command line to 'None'
[0.523s] Level 5:colcon.colcon_core.verb:set package 'turtlesim_assignment' build argument 'catkin_skip_building_tests' from command line to 'False'
[0.523s] DEBUG:colcon.colcon_core.verb:Building package 'turtlesim_assignment' with the following arguments: {'ament_cmake_args': None, 'build_base': '/home/nipun/ros2RB_ws/build/turtlesim_assignment', 'catkin_cmake_args': None, 'catkin_skip_building_tests': False, 'cmake_args': None, 'cmake_clean_cache': False, 'cmake_clean_first': False, 'cmake_force_configure': False, 'cmake_target': None, 'cmake_target_skip_unavailable': False, 'install_base': '/home/nipun/ros2RB_ws/install/turtlesim_assignment', 'merge_install': False, 'path': '/home/nipun/ros2RB_ws/turtlesim_assignment', 'symlink_install': False, 'test_result_base': None}
[0.523s] INFO:colcon.colcon_core.executor:Executing jobs using 'parallel' executor
[0.525s] DEBUG:colcon.colcon_parallel_executor.executor.parallel:run_until_complete
[0.525s] INFO:colcon.colcon_ros.task.ament_python.build:Building ROS package in '/home/nipun/ros2RB_ws/assignment1' with build type 'ament_python'
[0.525s] Level 1:colcon.colcon_core.shell:create_environment_hook('assignment1', 'ament_prefix_path')
[0.529s] INFO:colcon.colcon_core.plugin_system:Skipping extension 'colcon_core.shell.bat': Not used on non-Windows systems
[0.529s] INFO:colcon.colcon_core.shell:Creating environment hook '/home/nipun/ros2RB_ws/install/assignment1/share/assignment1/hook/ament_prefix_path.ps1'
[0.540s] INFO:colcon.colcon_core.shell:Creating environment descriptor '/home/nipun/ros2RB_ws/install/assignment1/share/assignment1/hook/ament_prefix_path.dsv'
[0.541s] INFO:colcon.colcon_core.shell:Creating environment hook '/home/nipun/ros2RB_ws/install/assignment1/share/assignment1/hook/ament_prefix_path.sh'
[0.542s] INFO:colcon.colcon_core.shell:Skip shell extension 'powershell' for command environment: Not usable outside of PowerShell
[0.542s] DEBUG:colcon.colcon_core.shell:Skip shell extension 'dsv' for command environment
[0.548s] INFO:colcon.colcon_ros.task.ament_cmake.build:Building ROS package in '/home/nipun/ros2RB_ws/assignment1_cpp' with build type 'ament_cmake'
[0.548s] INFO:colcon.colcon_cmake.task.cmake.build:Building CMake package in '/home/nipun/ros2RB_ws/assignment1_cpp'
[0.548s] INFO:colcon.colcon_core.shell:Skip shell extension 'powershell' for command environment: Not usable outside of PowerShell
[0.548s] DEBUG:colcon.colcon_core.shell:Skip shell extension 'dsv' for command environment
[0.554s] INFO:colcon.colcon_ros.task.ament_python.build:Building ROS package in '/home/nipun/ros2RB_ws/rmp_ros2bot_description' with build type 'ament_python'
[0.554s] Level 1:colcon.colcon_core.shell:create_environment_hook('rmp_ros2bot_description', 'ament_prefix_path')
[0.554s] INFO:colcon.colcon_core.shell:Creating environment hook '/home/nipun/ros2RB_ws/install/rmp_ros2bot_description/share/rmp_ros2bot_description/hook/ament_prefix_path.ps1'
[0.555s] INFO:colcon.colcon_core.shell:Creating environment descriptor '/home/nipun/ros2RB_ws/install/rmp_ros2bot_description/share/rmp_ros2bot_description/hook/ament_prefix_path.dsv'
[0.555s] INFO:colcon.colcon_core.shell:Creating environment hook '/home/nipun/ros2RB_ws/install/rmp_ros2bot_description/share/rmp_ros2bot_description/hook/ament_prefix_path.sh'
[0.556s] INFO:colcon.colcon_core.shell:Skip shell extension 'powershell' for command environment: Not usable outside of PowerShell
[0.556s] DEBUG:colcon.colcon_core.shell:Skip shell extension 'dsv' for command environment
[0.947s] INFO:colcon.colcon_core.task.python.build:Building Python package in '/home/nipun/ros2RB_ws/assignment1'
[0.948s] INFO:colcon.colcon_core.shell:Skip shell extension 'powershell' for command environment: Not usable outside of PowerShell
[0.950s] DEBUG:colcon.colcon_core.shell:Skip shell extension 'dsv' for command environment
[0.980s] DEBUG:colcon.colcon_core.event_handler.log_command:Invoking command in '/home/nipun/ros2RB_ws/build/assignment1_cpp': CMAKE_PREFIX_PATH=${CMAKE_PREFIX_PATH}:/home/nipun/ros2RB_ws/install/turtlesim_assignment:/home/nipun/ros2RB_ws/install/simple_pkg:/home/nipun/ros2RB_ws/install/rmp_ros2bot_description:/home/nipun/ros2RB_ws/install/assignment1:/home/nipun/ros2_ws/install/my_py_pkg:/opt/ros/humble /usr/bin/cmake --build /home/nipun/ros2RB_ws/build/assignment1_cpp -- -j3 -l3
[1.369s] INFO:colcon.colcon_core.task.python.build:Building Python package in '/home/nipun/ros2RB_ws/rmp_ros2bot_description'
[1.369s] INFO:colcon.colcon_core.shell:Skip shell extension 'powershell' for command environment: Not usable outside of PowerShell
[1.369s] DEBUG:colcon.colcon_core.shell:Skip shell extension 'dsv' for command environment
[1.381s] DEBUG:colcon.colcon_core.event_handler.log_command:Invoked command in '/home/nipun/ros2RB_ws/build/assignment1_cpp' returned '0': CMAKE_PREFIX_PATH=${CMAKE_PREFIX_PATH}:/home/nipun/ros2RB_ws/install/turtlesim_assignment:/home/nipun/ros2RB_ws/install/simple_pkg:/home/nipun/ros2RB_ws/install/rmp_ros2bot_description:/home/nipun/ros2RB_ws/install/assignment1:/home/nipun/ros2_ws/install/my_py_pkg:/opt/ros/humble /usr/bin/cmake --build /home/nipun/ros2RB_ws/build/assignment1_cpp -- -j3 -l3
[1.430s] DEBUG:colcon.colcon_core.event_handler.log_command:Invoking command in '/home/nipun/ros2RB_ws/build/assignment1_cpp': CMAKE_PREFIX_PATH=${CMAKE_PREFIX_PATH}:/home/nipun/ros2RB_ws/install/turtlesim_assignment:/home/nipun/ros2RB_ws/install/simple_pkg:/home/nipun/ros2RB_ws/install/rmp_ros2bot_description:/home/nipun/ros2RB_ws/install/assignment1:/home/nipun/ros2_ws/install/my_py_pkg:/opt/ros/humble /usr/bin/cmake --install /home/nipun/ros2RB_ws/build/assignment1_cpp
[1.443s] Level 1:colcon.colcon_core.environment:create_environment_scripts_only(assignment1_cpp)
[1.445s] DEBUG:colcon.colcon_core.event_handler.log_command:Invoked command in '/home/nipun/ros2RB_ws/build/assignment1_cpp' returned '0': CMAKE_PREFIX_PATH=${CMAKE_PREFIX_PATH}:/home/nipun/ros2RB_ws/install/turtlesim_assignment:/home/nipun/ros2RB_ws/install/simple_pkg:/home/nipun/ros2RB_ws/install/rmp_ros2bot_description:/home/nipun/ros2RB_ws/install/assignment1:/home/nipun/ros2_ws/install/my_py_pkg:/opt/ros/humble /usr/bin/cmake --install /home/nipun/ros2RB_ws/build/assignment1_cpp
[1.446s] Level 1:colcon.colcon_core.environment:checking '/home/nipun/ros2RB_ws/install/assignment1_cpp' for CMake module files
[1.447s] Level 1:colcon.colcon_core.environment:checking '/home/nipun/ros2RB_ws/install/assignment1_cpp' for CMake config files
[1.447s] Level 1:colcon.colcon_core.shell:create_environment_hook('assignment1_cpp', 'cmake_prefix_path')
[1.448s] INFO:colcon.colcon_core.shell:Creating environment hook '/home/nipun/ros2RB_ws/install/assignment1_cpp/share/assignment1_cpp/hook/cmake_prefix_path.ps1'
[1.448s] INFO:colcon.colcon_core.shell:Creating environment descriptor '/home/nipun/ros2RB_ws/install/assignment1_cpp/share/assignment1_cpp/hook/cmake_prefix_path.dsv'
[1.448s] INFO:colcon.colcon_core.shell:Creating environment hook '/home/nipun/ros2RB_ws/install/assignment1_cpp/share/assignment1_cpp/hook/cmake_prefix_path.sh'
[1.449s] Level 1:colcon.colcon_core.environment:checking '/home/nipun/ros2RB_ws/install/assignment1_cpp/lib'
[1.449s] Level 1:colcon.colcon_core.environment:checking '/home/nipun/ros2RB_ws/install/assignment1_cpp/bin'
[1.450s] Level 1:colcon.colcon_core.environment:checking '/home/nipun/ros2RB_ws/install/assignment1_cpp/lib/pkgconfig/assignment1_cpp.pc'
[1.450s] Level 1:colcon.colcon_core.environment:checking '/home/nipun/ros2RB_ws/install/assignment1_cpp/lib/python3.10/site-packages'
[1.450s] Level 1:colcon.colcon_core.environment:checking '/home/nipun/ros2RB_ws/install/assignment1_cpp/bin'
[1.451s] INFO:colcon.colcon_core.shell:Creating package script '/home/nipun/ros2RB_ws/install/assignment1_cpp/share/assignment1_cpp/package.ps1'
[1.453s] INFO:colcon.colcon_core.shell:Creating package descriptor '/home/nipun/ros2RB_ws/install/assignment1_cpp/share/assignment1_cpp/package.dsv'
[1.453s] INFO:colcon.colcon_core.shell:Creating package script '/home/nipun/ros2RB_ws/install/assignment1_cpp/share/assignment1_cpp/package.sh'
[1.454s] INFO:colcon.colcon_core.shell:Creating package script '/home/nipun/ros2RB_ws/install/assignment1_cpp/share/assignment1_cpp/package.bash'
[1.455s] INFO:colcon.colcon_core.shell:Creating package script '/home/nipun/ros2RB_ws/install/assignment1_cpp/share/assignment1_cpp/package.zsh'
[1.456s] Level 1:colcon.colcon_core.environment:create_file_with_runtime_dependencies(/home/nipun/ros2RB_ws/install/assignment1_cpp/share/colcon-core/packages/assignment1_cpp)
[1.499s] Level 1:colcon.colcon_core.environment:create_environment_scripts_only(assignment1_cpp)
[1.500s] Level 1:colcon.colcon_core.environment:checking '/home/nipun/ros2RB_ws/install/assignment1_cpp' for CMake module files
[1.501s] Level 1:colcon.colcon_core.environment:checking '/home/nipun/ros2RB_ws/install/assignment1_cpp' for CMake config files
[1.502s] Level 1:colcon.colcon_core.shell:create_environment_hook('assignment1_cpp', 'cmake_prefix_path')
[1.502s] INFO:colcon.colcon_core.shell:Creating environment hook '/home/nipun/ros2RB_ws/install/assignment1_cpp/share/assignment1_cpp/hook/cmake_prefix_path.ps1'
[1.503s] INFO:colcon.colcon_core.shell:Creating environment descriptor '/home/nipun/ros2RB_ws/install/assignment1_cpp/share/assignment1_cpp/hook/cmake_prefix_path.dsv'
[1.503s] INFO:colcon.colcon_core.shell:Creating environment hook '/home/nipun/ros2RB_ws/install/assignment1_cpp/share/assignment1_cpp/hook/cmake_prefix_path.sh'
[1.504s] Level 1:colcon.colcon_core.environment:checking '/home/nipun/ros2RB_ws/install/assignment1_cpp/lib'
[1.504s] Level 1:colcon.colcon_core.environment:checking '/home/nipun/ros2RB_ws/install/assignment1_cpp/bin'
[1.504s] Level 1:colcon.colcon_core.environment:checking '/home/nipun/ros2RB_ws/install/assignment1_cpp/lib/pkgconfig/assignment1_cpp.pc'
[1.504s] Level 1:colcon.colcon_core.environment:checking '/home/nipun/ros2RB_ws/install/assignment1_cpp/lib/python3.10/site-packages'
[1.505s] Level 1:colcon.colcon_core.environment:checking '/home/nipun/ros2RB_ws/install/assignment1_cpp/bin'
[1.505s] INFO:colcon.colcon_core.shell:Creating package script '/home/nipun/ros2RB_ws/install/assignment1_cpp/share/assignment1_cpp/package.ps1'
[1.506s] INFO:colcon.colcon_core.shell:Creating package descriptor '/home/nipun/ros2RB_ws/install/assignment1_cpp/share/assignment1_cpp/package.dsv'
[1.506s] INFO:colcon.colcon_core.shell:Creating package script '/home/nipun/ros2RB_ws/install/assignment1_cpp/share/assignment1_cpp/package.sh'
[1.507s] INFO:colcon.colcon_core.shell:Creating package script '/home/nipun/ros2RB_ws/install/assignment1_cpp/share/assignment1_cpp/package.bash'
[1.507s] INFO:colcon.colcon_core.shell:Creating package script '/home/nipun/ros2RB_ws/install/assignment1_cpp/share/assignment1_cpp/package.zsh'
[1.508s] Level 1:colcon.colcon_core.environment:create_file_with_runtime_dependencies(/home/nipun/ros2RB_ws/install/assignment1_cpp/share/colcon-core/packages/assignment1_cpp)
[1.509s] INFO:colcon.colcon_ros.task.ament_python.build:Building ROS package in '/home/nipun/ros2RB_ws/simple_pkg' with build type 'ament_python'
[1.509s] Level 1:colcon.colcon_core.shell:create_environment_hook('simple_pkg', 'ament_prefix_path')
[1.509s] INFO:colcon.colcon_core.shell:Creating environment hook '/home/nipun/ros2RB_ws/install/simple_pkg/share/simple_pkg/hook/ament_prefix_path.ps1'
[1.510s] INFO:colcon.colcon_core.shell:Creating environment descriptor '/home/nipun/ros2RB_ws/install/simple_pkg/share/simple_pkg/hook/ament_prefix_path.dsv'
[1.510s] INFO:colcon.colcon_core.shell:Creating environment hook '/home/nipun/ros2RB_ws/install/simple_pkg/share/simple_pkg/hook/ament_prefix_path.sh'
[1.511s] INFO:colcon.colcon_core.shell:Skip shell extension 'powershell' for command environment: Not usable outside of PowerShell
[1.511s] DEBUG:colcon.colcon_core.shell:Skip shell extension 'dsv' for command environment
[1.933s] INFO:colcon.colcon_core.task.python.build:Building Python package in '/home/nipun/ros2RB_ws/simple_pkg'
[1.934s] INFO:colcon.colcon_core.shell:Skip shell extension 'powershell' for command environment: Not usable outside of PowerShell
[1.934s] DEBUG:colcon.colcon_core.shell:Skip shell extension 'dsv' for command environment
[1.941s] DEBUG:colcon.colcon_core.event_handler.log_command:Invoking command in '/home/nipun/ros2RB_ws/assignment1': PYTHONPATH=/home/nipun/ros2RB_ws/build/assignment1/prefix_override:/usr/lib/python3/dist-packages/colcon_core/task/python/colcon_distutils_commands:/home/nipun/ros2RB_ws/install/assignment1/lib/python3.10/site-packages:${PYTHONPATH} /usr/bin/python3 -W ignore:setup.py install is deprecated setup.py egg_info --egg-base ../build/assignment1 build --build-base /home/nipun/ros2RB_ws/build/assignment1/build install --record /home/nipun/ros2RB_ws/build/assignment1/install.log --single-version-externally-managed install_data
[2.007s] DEBUG:colcon.colcon_core.event_handler.log_command:Invoking command in '/home/nipun/ros2RB_ws/rmp_ros2bot_description': PYTHONPATH=/home/nipun/ros2RB_ws/build/rmp_ros2bot_description/prefix_override:/usr/lib/python3/dist-packages/colcon_core/task/python/colcon_distutils_commands:/home/nipun/ros2RB_ws/install/rmp_ros2bot_description/lib/python3.10/site-packages:${PYTHONPATH} /usr/bin/python3 -W ignore:setup.py install is deprecated setup.py egg_info --egg-base ../build/rmp_ros2bot_description build --build-base /home/nipun/ros2RB_ws/build/rmp_ros2bot_description/build install --record /home/nipun/ros2RB_ws/build/rmp_ros2bot_description/install.log --single-version-externally-managed install_data
[2.575s] Level 1:colcon.colcon_core.environment:checking '/home/nipun/ros2RB_ws/install/assignment1' for CMake module files
[2.576s] Level 1:colcon.colcon_core.environment:checking '/home/nipun/ros2RB_ws/install/assignment1' for CMake config files
[2.581s] Level 1:colcon.colcon_core.environment:checking '/home/nipun/ros2RB_ws/install/assignment1/lib'
[2.581s] Level 1:colcon.colcon_core.environment:checking '/home/nipun/ros2RB_ws/install/assignment1/bin'
[2.581s] Level 1:colcon.colcon_core.environment:checking '/home/nipun/ros2RB_ws/install/assignment1/lib/pkgconfig/assignment1.pc'
[2.581s] Level 1:colcon.colcon_core.environment:checking '/home/nipun/ros2RB_ws/install/assignment1/lib/python3.10/site-packages'
[2.582s] Level 1:colcon.colcon_core.shell:create_environment_hook('assignment1', 'pythonpath')
[2.582s] INFO:colcon.colcon_core.shell:Creating environment hook '/home/nipun/ros2RB_ws/install/assignment1/share/assignment1/hook/pythonpath.ps1'
[2.582s] INFO:colcon.colcon_core.shell:Creating environment descriptor '/home/nipun/ros2RB_ws/install/assignment1/share/assignment1/hook/pythonpath.dsv'
[2.583s] INFO:colcon.colcon_core.shell:Creating environment hook '/home/nipun/ros2RB_ws/install/assignment1/share/assignment1/hook/pythonpath.sh'
[2.587s] DEBUG:colcon.colcon_core.event_handler.log_command:Invoked command in '/home/nipun/ros2RB_ws/assignment1' returned '0': PYTHONPATH=/home/nipun/ros2RB_ws/build/assignment1/prefix_override:/usr/lib/python3/dist-packages/colcon_core/task/python/colcon_distutils_commands:/home/nipun/ros2RB_ws/install/assignment1/lib/python3.10/site-packages:${PYTHONPATH} /usr/bin/python3 -W ignore:setup.py install is deprecated setup.py egg_info --egg-base ../build/assignment1 build --build-base /home/nipun/ros2RB_ws/build/assignment1/build install --record /home/nipun/ros2RB_ws/build/assignment1/install.log --single-version-externally-managed install_data
[2.588s] Level 1:colcon.colcon_core.environment:checking '/home/nipun/ros2RB_ws/install/assignment1/bin'
[2.588s] Level 1:colcon.colcon_core.environment:create_environment_scripts_only(assignment1)
[2.593s] INFO:colcon.colcon_core.shell:Creating package script '/home/nipun/ros2RB_ws/install/assignment1/share/assignment1/package.ps1'
[2.595s] INFO:colcon.colcon_core.shell:Creating package descriptor '/home/nipun/ros2RB_ws/install/assignment1/share/assignment1/package.dsv'
[2.595s] INFO:colcon.colcon_core.shell:Creating package script '/home/nipun/ros2RB_ws/install/assignment1/share/assignment1/package.sh'
[2.600s] INFO:colcon.colcon_core.shell:Creating package script '/home/nipun/ros2RB_ws/install/assignment1/share/assignment1/package.bash'
[2.600s] INFO:colcon.colcon_core.shell:Creating package script '/home/nipun/ros2RB_ws/install/assignment1/share/assignment1/package.zsh'
[2.601s] Level 1:colcon.colcon_core.environment:create_file_with_runtime_dependencies(/home/nipun/ros2RB_ws/install/assignment1/share/colcon-core/packages/assignment1)
[2.602s] INFO:colcon.colcon_ros.task.ament_cmake.build:Building ROS package in '/home/nipun/ros2RB_ws/simple_pkg_cpp' with build type 'ament_cmake'
[2.602s] INFO:colcon.colcon_cmake.task.cmake.build:Building CMake package in '/home/nipun/ros2RB_ws/simple_pkg_cpp'
[2.602s] INFO:colcon.colcon_core.shell:Skip shell extension 'powershell' for command environment: Not usable outside of PowerShell
[2.602s] DEBUG:colcon.colcon_core.shell:Skip shell extension 'dsv' for command environment
[2.628s] DEBUG:colcon.colcon_core.event_handler.log_command:Invoking command in '/home/nipun/ros2RB_ws/simple_pkg': PYTHONPATH=/home/nipun/ros2RB_ws/build/simple_pkg/prefix_override:/usr/lib/python3/dist-packages/colcon_core/task/python/colcon_distutils_commands:/home/nipun/ros2RB_ws/install/simple_pkg/lib/python3.10/site-packages:${PYTHONPATH} /usr/bin/python3 -W ignore:setup.py install is deprecated setup.py egg_info --egg-base ../build/simple_pkg build --build-base /home/nipun/ros2RB_ws/build/simple_pkg/build install --record /home/nipun/ros2RB_ws/build/simple_pkg/install.log --single-version-externally-managed install_data
[2.633s] DEBUG:colcon.colcon_core.event_handler.log_command:Invoking command in '/home/nipun/ros2RB_ws/build/simple_pkg_cpp': CMAKE_PREFIX_PATH=${CMAKE_PREFIX_PATH}:/home/nipun/ros2RB_ws/install/turtlesim_assignment:/home/nipun/ros2RB_ws/install/simple_pkg:/home/nipun/ros2RB_ws/install/rmp_ros2bot_description:/home/nipun/ros2RB_ws/install/assignment1:/home/nipun/ros2_ws/install/my_py_pkg:/opt/ros/humble /usr/bin/cmake --build /home/nipun/ros2RB_ws/build/simple_pkg_cpp -- -j3 -l3
[2.712s] Level 1:colcon.colcon_core.environment:checking '/home/nipun/ros2RB_ws/install/rmp_ros2bot_description' for CMake module files
[2.713s] DEBUG:colcon.colcon_core.event_handler.log_command:Invoked command in '/home/nipun/ros2RB_ws/rmp_ros2bot_description' returned '0': PYTHONPATH=/home/nipun/ros2RB_ws/build/rmp_ros2bot_description/prefix_override:/usr/lib/python3/dist-packages/colcon_core/task/python/colcon_distutils_commands:/home/nipun/ros2RB_ws/install/rmp_ros2bot_description/lib/python3.10/site-packages:${PYTHONPATH} /usr/bin/python3 -W ignore:setup.py install is deprecated setup.py egg_info --egg-base ../build/rmp_ros2bot_description build --build-base /home/nipun/ros2RB_ws/build/rmp_ros2bot_description/build install --record /home/nipun/ros2RB_ws/build/rmp_ros2bot_description/install.log --single-version-externally-managed install_data
[2.714s] Level 1:colcon.colcon_core.environment:checking '/home/nipun/ros2RB_ws/install/rmp_ros2bot_description' for CMake config files
[2.715s] Level 1:colcon.colcon_core.environment:checking '/home/nipun/ros2RB_ws/install/rmp_ros2bot_description/lib'
[2.715s] Level 1:colcon.colcon_core.environment:checking '/home/nipun/ros2RB_ws/install/rmp_ros2bot_description/bin'
[2.715s] Level 1:colcon.colcon_core.environment:checking '/home/nipun/ros2RB_ws/install/rmp_ros2bot_description/lib/pkgconfig/rmp_ros2bot_description.pc'
[2.715s] Level 1:colcon.colcon_core.environment:checking '/home/nipun/ros2RB_ws/install/rmp_ros2bot_description/lib/python3.10/site-packages'
[2.715s] Level 1:colcon.colcon_core.shell:create_environment_hook('rmp_ros2bot_description', 'pythonpath')
[2.716s] INFO:colcon.colcon_core.shell:Creating environment hook '/home/nipun/ros2RB_ws/install/rmp_ros2bot_description/share/rmp_ros2bot_description/hook/pythonpath.ps1'
[2.718s] INFO:colcon.colcon_core.shell:Creating environment descriptor '/home/nipun/ros2RB_ws/install/rmp_ros2bot_description/share/rmp_ros2bot_description/hook/pythonpath.dsv'
[2.719s] INFO:colcon.colcon_core.shell:Creating environment hook '/home/nipun/ros2RB_ws/install/rmp_ros2bot_description/share/rmp_ros2bot_description/hook/pythonpath.sh'
[2.722s] Level 1:colcon.colcon_core.environment:checking '/home/nipun/ros2RB_ws/install/rmp_ros2bot_description/bin'
[2.722s] Level 1:colcon.colcon_core.environment:create_environment_scripts_only(rmp_ros2bot_description)
[2.722s] INFO:colcon.colcon_core.shell:Creating package script '/home/nipun/ros2RB_ws/install/rmp_ros2bot_description/share/rmp_ros2bot_description/package.ps1'
[2.723s] INFO:colcon.colcon_core.shell:Creating package descriptor '/home/nipun/ros2RB_ws/install/rmp_ros2bot_description/share/rmp_ros2bot_description/package.dsv'
[2.725s] INFO:colcon.colcon_core.shell:Creating package script '/home/nipun/ros2RB_ws/install/rmp_ros2bot_description/share/rmp_ros2bot_description/package.sh'
[2.727s] INFO:colcon.colcon_core.shell:Creating package script '/home/nipun/ros2RB_ws/install/rmp_ros2bot_description/share/rmp_ros2bot_description/package.bash'
[2.727s] INFO:colcon.colcon_core.shell:Creating package script '/home/nipun/ros2RB_ws/install/rmp_ros2bot_description/share/rmp_ros2bot_description/package.zsh'
[2.727s] Level 1:colcon.colcon_core.environment:create_file_with_runtime_dependencies(/home/nipun/ros2RB_ws/install/rmp_ros2bot_description/share/colcon-core/packages/rmp_ros2bot_description)
[2.730s] INFO:colcon.colcon_ros.task.ament_python.build:Building ROS package in '/home/nipun/ros2RB_ws/turtlesim_assignment' with build type 'ament_python'
[2.730s] Level 1:colcon.colcon_core.shell:create_environment_hook('turtlesim_assignment', 'ament_prefix_path')
[2.731s] INFO:colcon.colcon_core.shell:Creating environment hook '/home/nipun/ros2RB_ws/install/turtlesim_assignment/share/turtlesim_assignment/hook/ament_prefix_path.ps1'
[2.731s] INFO:colcon.colcon_core.shell:Creating environment descriptor '/home/nipun/ros2RB_ws/install/turtlesim_assignment/share/turtlesim_assignment/hook/ament_prefix_path.dsv'
[2.732s] INFO:colcon.colcon_core.shell:Creating environment hook '/home/nipun/ros2RB_ws/install/turtlesim_assignment/share/turtlesim_assignment/hook/ament_prefix_path.sh'
[2.733s] INFO:colcon.colcon_core.shell:Skip shell extension 'powershell' for command environment: Not usable outside of PowerShell
[2.733s] DEBUG:colcon.colcon_core.shell:Skip shell extension 'dsv' for command environment
[3.384s] INFO:colcon.colcon_core.task.python.build:Building Python package in '/home/nipun/ros2RB_ws/turtlesim_assignment'
[3.384s] INFO:colcon.colcon_core.shell:Skip shell extension 'powershell' for command environment: Not usable outside of PowerShell
[3.384s] DEBUG:colcon.colcon_core.shell:Skip shell extension 'dsv' for command environment
[3.401s] DEBUG:colcon.colcon_core.event_handler.log_command:Invoked command in '/home/nipun/ros2RB_ws/build/simple_pkg_cpp' returned '0': CMAKE_PREFIX_PATH=${CMAKE_PREFIX_PATH}:/home/nipun/ros2RB_ws/install/turtlesim_assignment:/home/nipun/ros2RB_ws/install/simple_pkg:/home/nipun/ros2RB_ws/install/rmp_ros2bot_description:/home/nipun/ros2RB_ws/install/assignment1:/home/nipun/ros2_ws/install/my_py_pkg:/opt/ros/humble /usr/bin/cmake --build /home/nipun/ros2RB_ws/build/simple_pkg_cpp -- -j3 -l3
[3.401s] Level 1:colcon.colcon_core.environment:checking '/home/nipun/ros2RB_ws/install/simple_pkg' for CMake module files
[3.405s] Level 1:colcon.colcon_core.environment:checking '/home/nipun/ros2RB_ws/install/simple_pkg' for CMake config files
[3.405s] DEBUG:colcon.colcon_core.event_handler.log_command:Invoked command in '/home/nipun/ros2RB_ws/simple_pkg' returned '0': PYTHONPATH=/home/nipun/ros2RB_ws/build/simple_pkg/prefix_override:/usr/lib/python3/dist-packages/colcon_core/task/python/colcon_distutils_commands:/home/nipun/ros2RB_ws/install/simple_pkg/lib/python3.10/site-packages:${PYTHONPATH} /usr/bin/python3 -W ignore:setup.py install is deprecated setup.py egg_info --egg-base ../build/simple_pkg build --build-base /home/nipun/ros2RB_ws/build/simple_pkg/build install --record /home/nipun/ros2RB_ws/build/simple_pkg/install.log --single-version-externally-managed install_data
[3.407s] Level 1:colcon.colcon_core.environment:checking '/home/nipun/ros2RB_ws/install/simple_pkg/lib'
[3.407s] Level 1:colcon.colcon_core.environment:checking '/home/nipun/ros2RB_ws/install/simple_pkg/bin'
[3.407s] Level 1:colcon.colcon_core.environment:checking '/home/nipun/ros2RB_ws/install/simple_pkg/lib/pkgconfig/simple_pkg.pc'
[3.407s] Level 1:colcon.colcon_core.environment:checking '/home/nipun/ros2RB_ws/install/simple_pkg/lib/python3.10/site-packages'
[3.407s] Level 1:colcon.colcon_core.shell:create_environment_hook('simple_pkg', 'pythonpath')
[3.407s] INFO:colcon.colcon_core.shell:Creating environment hook '/home/nipun/ros2RB_ws/install/simple_pkg/share/simple_pkg/hook/pythonpath.ps1'
[3.412s] INFO:colcon.colcon_core.shell:Creating environment descriptor '/home/nipun/ros2RB_ws/install/simple_pkg/share/simple_pkg/hook/pythonpath.dsv'
[3.412s] INFO:colcon.colcon_core.shell:Creating environment hook '/home/nipun/ros2RB_ws/install/simple_pkg/share/simple_pkg/hook/pythonpath.sh'
[3.413s] Level 1:colcon.colcon_core.environment:checking '/home/nipun/ros2RB_ws/install/simple_pkg/bin'
[3.413s] Level 1:colcon.colcon_core.environment:create_environment_scripts_only(simple_pkg)
[3.415s] INFO:colcon.colcon_core.shell:Creating package script '/home/nipun/ros2RB_ws/install/simple_pkg/share/simple_pkg/package.ps1'
[3.416s] INFO:colcon.colcon_core.shell:Creating package descriptor '/home/nipun/ros2RB_ws/install/simple_pkg/share/simple_pkg/package.dsv'
[3.417s] INFO:colcon.colcon_core.shell:Creating package script '/home/nipun/ros2RB_ws/install/simple_pkg/share/simple_pkg/package.sh'
[3.418s] INFO:colcon.colcon_core.shell:Creating package script '/home/nipun/ros2RB_ws/install/simple_pkg/share/simple_pkg/package.bash'
[3.419s] INFO:colcon.colcon_core.shell:Creating package script '/home/nipun/ros2RB_ws/install/simple_pkg/share/simple_pkg/package.zsh'
[3.419s] Level 1:colcon.colcon_core.environment:create_file_with_runtime_dependencies(/home/nipun/ros2RB_ws/install/simple_pkg/share/colcon-core/packages/simple_pkg)
[3.466s] DEBUG:colcon.colcon_core.event_handler.log_command:Invoking command in '/home/nipun/ros2RB_ws/build/simple_pkg_cpp': CMAKE_PREFIX_PATH=${CMAKE_PREFIX_PATH}:/home/nipun/ros2RB_ws/install/turtlesim_assignment:/home/nipun/ros2RB_ws/install/simple_pkg:/home/nipun/ros2RB_ws/install/rmp_ros2bot_description:/home/nipun/ros2RB_ws/install/assignment1:/home/nipun/ros2_ws/install/my_py_pkg:/opt/ros/humble /usr/bin/cmake --install /home/nipun/ros2RB_ws/build/simple_pkg_cpp
[3.487s] Level 1:colcon.colcon_core.environment:create_environment_scripts_only(simple_pkg_cpp)
[3.487s] Level 1:colcon.colcon_core.environment:checking '/home/nipun/ros2RB_ws/install/simple_pkg_cpp' for CMake module files
[3.489s] DEBUG:colcon.colcon_core.event_handler.log_command:Invoked command in '/home/nipun/ros2RB_ws/build/simple_pkg_cpp' returned '0': CMAKE_PREFIX_PATH=${CMAKE_PREFIX_PATH}:/home/nipun/ros2RB_ws/install/turtlesim_assignment:/home/nipun/ros2RB_ws/install/simple_pkg:/home/nipun/ros2RB_ws/install/rmp_ros2bot_description:/home/nipun/ros2RB_ws/install/assignment1:/home/nipun/ros2_ws/install/my_py_pkg:/opt/ros/humble /usr/bin/cmake --install /home/nipun/ros2RB_ws/build/simple_pkg_cpp
[3.491s] Level 1:colcon.colcon_core.environment:checking '/home/nipun/ros2RB_ws/install/simple_pkg_cpp' for CMake config files
[3.491s] Level 1:colcon.colcon_core.shell:create_environment_hook('simple_pkg_cpp', 'cmake_prefix_path')
[3.492s] INFO:colcon.colcon_core.shell:Creating environment hook '/home/nipun/ros2RB_ws/install/simple_pkg_cpp/share/simple_pkg_cpp/hook/cmake_prefix_path.ps1'
[3.492s] INFO:colcon.colcon_core.shell:Creating environment descriptor '/home/nipun/ros2RB_ws/install/simple_pkg_cpp/share/simple_pkg_cpp/hook/cmake_prefix_path.dsv'
[3.494s] INFO:colcon.colcon_core.shell:Creating environment hook '/home/nipun/ros2RB_ws/install/simple_pkg_cpp/share/simple_pkg_cpp/hook/cmake_prefix_path.sh'
[3.495s] Level 1:colcon.colcon_core.environment:checking '/home/nipun/ros2RB_ws/install/simple_pkg_cpp/lib'
[3.495s] Level 1:colcon.colcon_core.environment:checking '/home/nipun/ros2RB_ws/install/simple_pkg_cpp/bin'
[3.495s] Level 1:colcon.colcon_core.environment:checking '/home/nipun/ros2RB_ws/install/simple_pkg_cpp/lib/pkgconfig/simple_pkg_cpp.pc'
[3.495s] Level 1:colcon.colcon_core.environment:checking '/home/nipun/ros2RB_ws/install/simple_pkg_cpp/lib/python3.10/site-packages'
[3.496s] Level 1:colcon.colcon_core.environment:checking '/home/nipun/ros2RB_ws/install/simple_pkg_cpp/bin'
[3.500s] INFO:colcon.colcon_core.shell:Creating package script '/home/nipun/ros2RB_ws/install/simple_pkg_cpp/share/simple_pkg_cpp/package.ps1'
[3.501s] INFO:colcon.colcon_core.shell:Creating package descriptor '/home/nipun/ros2RB_ws/install/simple_pkg_cpp/share/simple_pkg_cpp/package.dsv'
[3.505s] INFO:colcon.colcon_core.shell:Creating package script '/home/nipun/ros2RB_ws/install/simple_pkg_cpp/share/simple_pkg_cpp/package.sh'
[3.506s] INFO:colcon.colcon_core.shell:Creating package script '/home/nipun/ros2RB_ws/install/simple_pkg_cpp/share/simple_pkg_cpp/package.bash'
[3.506s] INFO:colcon.colcon_core.shell:Creating package script '/home/nipun/ros2RB_ws/install/simple_pkg_cpp/share/simple_pkg_cpp/package.zsh'
[3.507s] Level 1:colcon.colcon_core.environment:create_file_with_runtime_dependencies(/home/nipun/ros2RB_ws/install/simple_pkg_cpp/share/colcon-core/packages/simple_pkg_cpp)
[3.567s] Level 1:colcon.colcon_core.environment:create_environment_scripts_only(simple_pkg_cpp)
[3.567s] Level 1:colcon.colcon_core.environment:checking '/home/nipun/ros2RB_ws/install/simple_pkg_cpp' for CMake module files
[3.568s] Level 1:colcon.colcon_core.environment:checking '/home/nipun/ros2RB_ws/install/simple_pkg_cpp' for CMake config files
[3.568s] Level 1:colcon.colcon_core.shell:create_environment_hook('simple_pkg_cpp', 'cmake_prefix_path')
[3.569s] INFO:colcon.colcon_core.shell:Creating environment hook '/home/nipun/ros2RB_ws/install/simple_pkg_cpp/share/simple_pkg_cpp/hook/cmake_prefix_path.ps1'
[3.572s] INFO:colcon.colcon_core.shell:Creating environment descriptor '/home/nipun/ros2RB_ws/install/simple_pkg_cpp/share/simple_pkg_cpp/hook/cmake_prefix_path.dsv'
[3.573s] INFO:colcon.colcon_core.shell:Creating environment hook '/home/nipun/ros2RB_ws/install/simple_pkg_cpp/share/simple_pkg_cpp/hook/cmake_prefix_path.sh'
[3.575s] Level 1:colcon.colcon_core.environment:checking '/home/nipun/ros2RB_ws/install/simple_pkg_cpp/lib'
[3.575s] Level 1:colcon.colcon_core.environment:checking '/home/nipun/ros2RB_ws/install/simple_pkg_cpp/bin'
[3.575s] Level 1:colcon.colcon_core.environment:checking '/home/nipun/ros2RB_ws/install/simple_pkg_cpp/lib/pkgconfig/simple_pkg_cpp.pc'
[3.575s] Level 1:colcon.colcon_core.environment:checking '/home/nipun/ros2RB_ws/install/simple_pkg_cpp/lib/python3.10/site-packages'
[3.576s] Level 1:colcon.colcon_core.environment:checking '/home/nipun/ros2RB_ws/install/simple_pkg_cpp/bin'
[3.576s] INFO:colcon.colcon_core.shell:Creating package script '/home/nipun/ros2RB_ws/install/simple_pkg_cpp/share/simple_pkg_cpp/package.ps1'
[3.577s] INFO:colcon.colcon_core.shell:Creating package descriptor '/home/nipun/ros2RB_ws/install/simple_pkg_cpp/share/simple_pkg_cpp/package.dsv'
[3.579s] INFO:colcon.colcon_core.shell:Creating package script '/home/nipun/ros2RB_ws/install/simple_pkg_cpp/share/simple_pkg_cpp/package.sh'
[3.580s] INFO:colcon.colcon_core.shell:Creating package script '/home/nipun/ros2RB_ws/install/simple_pkg_cpp/share/simple_pkg_cpp/package.bash'
[3.581s] INFO:colcon.colcon_core.shell:Creating package script '/home/nipun/ros2RB_ws/install/simple_pkg_cpp/share/simple_pkg_cpp/package.zsh'
[3.582s] Level 1:colcon.colcon_core.environment:create_file_with_runtime_dependencies(/home/nipun/ros2RB_ws/install/simple_pkg_cpp/share/colcon-core/packages/simple_pkg_cpp)
[4.034s] DEBUG:colcon.colcon_core.event_handler.log_command:Invoking command in '/home/nipun/ros2RB_ws/turtlesim_assignment': PYTHONPATH=/home/nipun/ros2RB_ws/build/turtlesim_assignment/prefix_override:/usr/lib/python3/dist-packages/colcon_core/task/python/colcon_distutils_commands:/home/nipun/ros2RB_ws/install/turtlesim_assignment/lib/python3.10/site-packages:${PYTHONPATH} /usr/bin/python3 -W ignore:setup.py install is deprecated setup.py egg_info --egg-base ../build/turtlesim_assignment build --build-base /home/nipun/ros2RB_ws/build/turtlesim_assignment/build install --record /home/nipun/ros2RB_ws/build/turtlesim_assignment/install.log --single-version-externally-managed install_data
[4.476s] Level 1:colcon.colcon_core.environment:checking '/home/nipun/ros2RB_ws/install/turtlesim_assignment' for CMake module files
[4.477s] DEBUG:colcon.colcon_core.event_handler.log_command:Invoked command in '/home/nipun/ros2RB_ws/turtlesim_assignment' returned '0': PYTHONPATH=/home/nipun/ros2RB_ws/build/turtlesim_assignment/prefix_override:/usr/lib/python3/dist-packages/colcon_core/task/python/colcon_distutils_commands:/home/nipun/ros2RB_ws/install/turtlesim_assignment/lib/python3.10/site-packages:${PYTHONPATH} /usr/bin/python3 -W ignore:setup.py install is deprecated setup.py egg_info --egg-base ../build/turtlesim_assignment build --build-base /home/nipun/ros2RB_ws/build/turtlesim_assignment/build install --record /home/nipun/ros2RB_ws/build/turtlesim_assignment/install.log --single-version-externally-managed install_data
[4.477s] Level 1:colcon.colcon_core.environment:checking '/home/nipun/ros2RB_ws/install/turtlesim_assignment' for CMake config files
[4.478s] Level 1:colcon.colcon_core.environment:checking '/home/nipun/ros2RB_ws/install/turtlesim_assignment/lib'
[4.478s] Level 1:colcon.colcon_core.environment:checking '/home/nipun/ros2RB_ws/install/turtlesim_assignment/bin'
[4.478s] Level 1:colcon.colcon_core.environment:checking '/home/nipun/ros2RB_ws/install/turtlesim_assignment/lib/pkgconfig/turtlesim_assignment.pc'
[4.478s] Level 1:colcon.colcon_core.environment:checking '/home/nipun/ros2RB_ws/install/turtlesim_assignment/lib/python3.10/site-packages'
[4.478s] Level 1:colcon.colcon_core.shell:create_environment_hook('turtlesim_assignment', 'pythonpath')
[4.479s] INFO:colcon.colcon_core.shell:Creating environment hook '/home/nipun/ros2RB_ws/install/turtlesim_assignment/share/turtlesim_assignment/hook/pythonpath.ps1'
[4.479s] INFO:colcon.colcon_core.shell:Creating environment descriptor '/home/nipun/ros2RB_ws/install/turtlesim_assignment/share/turtlesim_assignment/hook/pythonpath.dsv'
[4.481s] INFO:colcon.colcon_core.shell:Creating environment hook '/home/nipun/ros2RB_ws/install/turtlesim_assignment/share/turtlesim_assignment/hook/pythonpath.sh'
[4.482s] Level 1:colcon.colcon_core.environment:checking '/home/nipun/ros2RB_ws/install/turtlesim_assignment/bin'
[4.482s] Level 1:colcon.colcon_core.environment:create_environment_scripts_only(turtlesim_assignment)
[4.482s] INFO:colcon.colcon_core.shell:Creating package script '/home/nipun/ros2RB_ws/install/turtlesim_assignment/share/turtlesim_assignment/package.ps1'
[4.483s] INFO:colcon.colcon_core.shell:Creating package descriptor '/home/nipun/ros2RB_ws/install/turtlesim_assignment/share/turtlesim_assignment/package.dsv'
[4.483s] INFO:colcon.colcon_core.shell:Creating package script '/home/nipun/ros2RB_ws/install/turtlesim_assignment/share/turtlesim_assignment/package.sh'
[4.484s] INFO:colcon.colcon_core.shell:Creating package script '/home/nipun/ros2RB_ws/install/turtlesim_assignment/share/turtlesim_assignment/package.bash'
[4.484s] INFO:colcon.colcon_core.shell:Creating package script '/home/nipun/ros2RB_ws/install/turtlesim_assignment/share/turtlesim_assignment/package.zsh'
[4.485s] Level 1:colcon.colcon_core.environment:create_file_with_runtime_dependencies(/home/nipun/ros2RB_ws/install/turtlesim_assignment/share/colcon-core/packages/turtlesim_assignment)
[4.485s] DEBUG:colcon.colcon_parallel_executor.executor.parallel:closing loop
[4.485s] DEBUG:colcon.colcon_parallel_executor.executor.parallel:loop closed
[4.485s] DEBUG:colcon.colcon_parallel_executor.executor.parallel:run_until_complete finished with '0'
[4.485s] DEBUG:colcon.colcon_core.event_reactor:joining thread
[4.491s] INFO:colcon.colcon_core.plugin_system:Skipping extension 'colcon_notification.desktop_notification.terminal_notifier': Not used on non-Darwin systems
[4.492s] INFO:colcon.colcon_core.plugin_system:Skipping extension 'colcon_notification.desktop_notification.win32': Not used on non-Windows systems
[4.492s] INFO:colcon.colcon_notification.desktop_notification:Sending desktop notification using 'notify2'
[4.505s] DEBUG:colcon.colcon_core.event_reactor:joined thread
[4.505s] INFO:colcon.colcon_core.shell:Creating prefix script '/home/nipun/ros2RB_ws/install/local_setup.ps1'
[4.507s] INFO:colcon.colcon_core.shell:Creating prefix util module '/home/nipun/ros2RB_ws/install/_local_setup_util_ps1.py'
[4.510s] INFO:colcon.colcon_core.shell:Creating prefix chain script '/home/nipun/ros2RB_ws/install/setup.ps1'
[4.512s] INFO:colcon.colcon_core.shell:Creating prefix script '/home/nipun/ros2RB_ws/install/local_setup.sh'
[4.513s] INFO:colcon.colcon_core.shell:Creating prefix util module '/home/nipun/ros2RB_ws/install/_local_setup_util_sh.py'
[4.514s] INFO:colcon.colcon_core.shell:Creating prefix chain script '/home/nipun/ros2RB_ws/install/setup.sh'
[4.518s] INFO:colcon.colcon_core.shell:Creating prefix script '/home/nipun/ros2RB_ws/install/local_setup.bash'
[4.519s] INFO:colcon.colcon_core.shell:Creating prefix chain script '/home/nipun/ros2RB_ws/install/setup.bash'
[4.523s] INFO:colcon.colcon_core.shell:Creating prefix script '/home/nipun/ros2RB_ws/install/local_setup.zsh'
[4.524s] INFO:colcon.colcon_core.shell:Creating prefix chain script '/home/nipun/ros2RB_ws/install/setup.zsh'
