/home/nipun/ros2RB_ws/install/rmp_ros2bot_description/lib/python3.10/site-packages/rmp_ros2bot_description/__init__.py
/home/nipun/ros2RB_ws/install/rmp_ros2bot_description/lib/python3.10/site-packages/rmp_ros2bot_description/__pycache__/__init__.cpython-310.pyc
/home/nipun/ros2RB_ws/install/rmp_ros2bot_description/share/ament_index/resource_index/packages/rmp_ros2bot_description
/home/nipun/ros2RB_ws/install/rmp_ros2bot_description/share/rmp_ros2bot_description/package.xml
/home/nipun/ros2RB_ws/install/rmp_ros2bot_description/share/rmp_ros2bot_description/launch/gazebo.launch.py
/home/nipun/ros2RB_ws/install/rmp_ros2bot_description/share/rmp_ros2bot_description/models/meshes/right_wheel_1.stl
/home/nipun/ros2RB_ws/install/rmp_ros2bot_description/share/rmp_ros2bot_description/models/meshes/caster_1.stl
/home/nipun/ros2RB_ws/install/rmp_ros2bot_description/share/rmp_ros2bot_description/models/meshes/left_wheel_1.stl
/home/nipun/ros2RB_ws/install/rmp_ros2bot_description/share/rmp_ros2bot_description/models/meshes/lidar_1.stl
/home/nipun/ros2RB_ws/install/rmp_ros2bot_description/share/rmp_ros2bot_description/models/meshes/base_link.stl
/home/nipun/ros2RB_ws/install/rmp_ros2bot_description/share/rmp_ros2bot_description/models/urdf/rmp_ros2bot.trans
/home/nipun/ros2RB_ws/install/rmp_ros2bot_description/share/rmp_ros2bot_description/models/urdf/materials.xacro
/home/nipun/ros2RB_ws/install/rmp_ros2bot_description/share/rmp_ros2bot_description/models/urdf/rmp_ros2bot.gazebo
/home/nipun/ros2RB_ws/install/rmp_ros2bot_description/share/rmp_ros2bot_description/models/urdf/rmp_ros2bot.xacro
/home/nipun/ros2RB_ws/install/rmp_ros2bot_description/lib/python3.10/site-packages/rmp_ros2bot_description-0.0.0-py3.10.egg-info/PKG-INFO
/home/nipun/ros2RB_ws/install/rmp_ros2bot_description/lib/python3.10/site-packages/rmp_ros2bot_description-0.0.0-py3.10.egg-info/top_level.txt
/home/nipun/ros2RB_ws/install/rmp_ros2bot_description/lib/python3.10/site-packages/rmp_ros2bot_description-0.0.0-py3.10.egg-info/SOURCES.txt
/home/nipun/ros2RB_ws/install/rmp_ros2bot_description/lib/python3.10/site-packages/rmp_ros2bot_description-0.0.0-py3.10.egg-info/zip-safe
/home/nipun/ros2RB_ws/install/rmp_ros2bot_description/lib/python3.10/site-packages/rmp_ros2bot_description-0.0.0-py3.10.egg-info/dependency_links.txt
/home/nipun/ros2RB_ws/install/rmp_ros2bot_description/lib/python3.10/site-packages/rmp_ros2bot_description-0.0.0-py3.10.egg-info/entry_points.txt
/home/nipun/ros2RB_ws/install/rmp_ros2bot_description/lib/python3.10/site-packages/rmp_ros2bot_description-0.0.0-py3.10.egg-info/requires.txt
