[1.155s] Invoking command in '/home/nipun/ros2RB_ws/turtlesim_assignment': PYTHONPATH=/home/nipun/ros2RB_ws/build/turtlesim_assignment/prefix_override:/usr/lib/python3/dist-packages/colcon_core/task/python/colcon_distutils_commands:/home/nipun/ros2RB_ws/install/turtlesim_assignment/lib/python3.10/site-packages:${PYTHONPATH} /usr/bin/python3 -W ignore:setup.py install is deprecated setup.py egg_info --egg-base ../build/turtlesim_assignment build --build-base /home/nipun/ros2RB_ws/build/turtlesim_assignment/build install --record /home/nipun/ros2RB_ws/build/turtlesim_assignment/install.log --single-version-externally-managed install_data
[1.576s] running egg_info
[1.577s] writing ../build/turtlesim_assignment/turtlesim_assignment.egg-info/PKG-INFO
[1.577s] writing dependency_links to ../build/turtlesim_assignment/turtlesim_assignment.egg-info/dependency_links.txt
[1.577s] writing entry points to ../build/turtlesim_assignment/turtlesim_assignment.egg-info/entry_points.txt
[1.578s] writing requirements to ../build/turtlesim_assignment/turtlesim_assignment.egg-info/requires.txt
[1.578s] writing top-level names to ../build/turtlesim_assignment/turtlesim_assignment.egg-info/top_level.txt
[1.582s] reading manifest file '../build/turtlesim_assignment/turtlesim_assignment.egg-info/SOURCES.txt'
[1.583s] writing manifest file '../build/turtlesim_assignment/turtlesim_assignment.egg-info/SOURCES.txt'
[1.583s] running build
[1.583s] running build_py
[1.585s] running install
[1.586s] running install_lib
[1.588s] running install_data
[1.588s] running install_egg_info
[1.592s] removing '/home/nipun/ros2RB_ws/install/turtlesim_assignment/lib/python3.10/site-packages/turtlesim_assignment-0.0.0-py3.10.egg-info' (and everything under it)
[1.594s] Copying ../build/turtlesim_assignment/turtlesim_assignment.egg-info to /home/nipun/ros2RB_ws/install/turtlesim_assignment/lib/python3.10/site-packages/turtlesim_assignment-0.0.0-py3.10.egg-info
[1.595s] running install_scripts
[1.627s] Installing displace_turtle script to /home/nipun/ros2RB_ws/install/turtlesim_assignment/lib/turtlesim_assignment
[1.628s] Installing square_closed_loop script to /home/nipun/ros2RB_ws/install/turtlesim_assignment/lib/turtlesim_assignment
[1.628s] Installing square_open_loop script to /home/nipun/ros2RB_ws/install/turtlesim_assignment/lib/turtlesim_assignment
[1.628s] Installing star_closed_loop script to /home/nipun/ros2RB_ws/install/turtlesim_assignment/lib/turtlesim_assignment
[1.629s] Installing star_open_loop script to /home/nipun/ros2RB_ws/install/turtlesim_assignment/lib/turtlesim_assignment
[1.629s] Installing triangle_closed_loop script to /home/nipun/ros2RB_ws/install/turtlesim_assignment/lib/turtlesim_assignment
[1.629s] Installing triangle_open_loop script to /home/nipun/ros2RB_ws/install/turtlesim_assignment/lib/turtlesim_assignment
[1.630s] writing list of installed files to '/home/nipun/ros2RB_ws/build/turtlesim_assignment/install.log'
[1.659s] Invoked command in '/home/nipun/ros2RB_ws/turtlesim_assignment' returned '0': PYTHONPATH=/home/nipun/ros2RB_ws/build/turtlesim_assignment/prefix_override:/usr/lib/python3/dist-packages/colcon_core/task/python/colcon_distutils_commands:/home/nipun/ros2RB_ws/install/turtlesim_assignment/lib/python3.10/site-packages:${PYTHONPATH} /usr/bin/python3 -W ignore:setup.py install is deprecated setup.py egg_info --egg-base ../build/turtlesim_assignment build --build-base /home/nipun/ros2RB_ws/build/turtlesim_assignment/build install --record /home/nipun/ros2RB_ws/build/turtlesim_assignment/install.log --single-version-externally-managed install_data
