[1.414s] Invoking command in '/home/nipun/ros2RB_ws/assignment1': PYTHONPATH=/home/nipun/ros2RB_ws/build/assignment1/prefix_override:/usr/lib/python3/dist-packages/colcon_core/task/python/colcon_distutils_commands:/home/nipun/ros2RB_ws/install/assignment1/lib/python3.10/site-packages:${PYTHONPATH} /usr/bin/python3 -W ignore:setup.py install is deprecated setup.py egg_info --egg-base ../build/assignment1 build --build-base /home/nipun/ros2RB_ws/build/assignment1/build install --record /home/nipun/ros2RB_ws/build/assignment1/install.log --single-version-externally-managed install_data
[1.869s] running egg_info
[1.871s] writing ../build/assignment1/assignment1.egg-info/PKG-INFO
[1.871s] writing dependency_links to ../build/assignment1/assignment1.egg-info/dependency_links.txt
[1.874s] writing entry points to ../build/assignment1/assignment1.egg-info/entry_points.txt
[1.874s] writing requirements to ../build/assignment1/assignment1.egg-info/requires.txt
[1.875s] writing top-level names to ../build/assignment1/assignment1.egg-info/top_level.txt
[1.881s] reading manifest file '../build/assignment1/assignment1.egg-info/SOURCES.txt'
[1.883s] writing manifest file '../build/assignment1/assignment1.egg-info/SOURCES.txt'
[1.884s] running build
[1.884s] running build_py
[1.887s] running install
[1.888s] running install_lib
[1.891s] running install_data
[1.891s] running install_egg_info
[1.896s] removing '/home/nipun/ros2RB_ws/install/assignment1/lib/python3.10/site-packages/assignment1-0.0.0-py3.10.egg-info' (and everything under it)
[1.902s] Copying ../build/assignment1/assignment1.egg-info to /home/nipun/ros2RB_ws/install/assignment1/lib/python3.10/site-packages/assignment1-0.0.0-py3.10.egg-info
[1.903s] running install_scripts
[1.967s] Installing NODE1 script to /home/nipun/ros2RB_ws/install/assignment1/lib/assignment1
[1.971s] Installing NODE2 script to /home/nipun/ros2RB_ws/install/assignment1/lib/assignment1
[1.971s] Installing NODE3 script to /home/nipun/ros2RB_ws/install/assignment1/lib/assignment1
[1.971s] writing list of installed files to '/home/nipun/ros2RB_ws/build/assignment1/install.log'
[2.061s] Invoked command in '/home/nipun/ros2RB_ws/assignment1' returned '0': PYTHONPATH=/home/nipun/ros2RB_ws/build/assignment1/prefix_override:/usr/lib/python3/dist-packages/colcon_core/task/python/colcon_distutils_commands:/home/nipun/ros2RB_ws/install/assignment1/lib/python3.10/site-packages:${PYTHONPATH} /usr/bin/python3 -W ignore:setup.py install is deprecated setup.py egg_info --egg-base ../build/assignment1 build --build-base /home/nipun/ros2RB_ws/build/assignment1/build install --record /home/nipun/ros2RB_ws/build/assignment1/install.log --single-version-externally-managed install_data
