[1.896s] Invoking command in '/home/nipun/ros2RB_ws/assignment1': PYTHONPATH=/home/nipun/ros2RB_ws/build/assignment1/prefix_override:/usr/lib/python3/dist-packages/colcon_core/task/python/colcon_distutils_commands:/home/nipun/ros2RB_ws/install/assignment1/lib/python3.10/site-packages:${PYTHONPATH} /usr/bin/python3 -W ignore:setup.py install is deprecated setup.py egg_info --egg-base ../build/assignment1 build --build-base /home/nipun/ros2RB_ws/build/assignment1/build install --record /home/nipun/ros2RB_ws/build/assignment1/install.log --single-version-externally-managed install_data
[2.878s] running egg_info
[2.878s] writing ../build/assignment1/assignment1.egg-info/PKG-INFO
[2.879s] writing dependency_links to ../build/assignment1/assignment1.egg-info/dependency_links.txt
[2.882s] writing entry points to ../build/assignment1/assignment1.egg-info/entry_points.txt
[2.883s] writing requirements to ../build/assignment1/assignment1.egg-info/requires.txt
[2.883s] writing top-level names to ../build/assignment1/assignment1.egg-info/top_level.txt
[2.892s] reading manifest file '../build/assignment1/assignment1.egg-info/SOURCES.txt'
[2.892s] writing manifest file '../build/assignment1/assignment1.egg-info/SOURCES.txt'
[2.904s] running build
[2.907s] running build_py
[2.907s] running install
[2.908s] running install_lib
[2.908s] running install_data
[2.908s] running install_egg_info
[2.912s] removing '/home/nipun/ros2RB_ws/install/assignment1/lib/python3.10/site-packages/assignment1-0.0.0-py3.10.egg-info' (and everything under it)
[2.933s] Copying ../build/assignment1/assignment1.egg-info to /home/nipun/ros2RB_ws/install/assignment1/lib/python3.10/site-packages/assignment1-0.0.0-py3.10.egg-info
[2.933s] running install_scripts
[3.039s] Installing NODE1 script to /home/nipun/ros2RB_ws/install/assignment1/lib/assignment1
[3.055s] Installing NODE2 script to /home/nipun/ros2RB_ws/install/assignment1/lib/assignment1
[3.056s] Installing NODE3 script to /home/nipun/ros2RB_ws/install/assignment1/lib/assignment1
[3.059s] writing list of installed files to '/home/nipun/ros2RB_ws/build/assignment1/install.log'
[3.830s] Invoked command in '/home/nipun/ros2RB_ws/assignment1' returned '0': PYTHONPATH=/home/nipun/ros2RB_ws/build/assignment1/prefix_override:/usr/lib/python3/dist-packages/colcon_core/task/python/colcon_distutils_commands:/home/nipun/ros2RB_ws/install/assignment1/lib/python3.10/site-packages:${PYTHONPATH} /usr/bin/python3 -W ignore:setup.py install is deprecated setup.py egg_info --egg-base ../build/assignment1 build --build-base /home/nipun/ros2RB_ws/build/assignment1/build install --record /home/nipun/ros2RB_ws/build/assignment1/install.log --single-version-externally-managed install_data
