[0.031s] Invoking command in '/home/nipun/ros2RB_ws/build/learningPubSubPkg': CMAKE_PREFIX_PATH=${CMAKE_PREFIX_PATH}:/home/nipun/ros2_ws/install/my_py_pkg:/opt/ros/humble /usr/bin/cmake /home/nipun/ros2RB_ws/learningPubSubPkg -DCMAKE_INSTALL_PREFIX=/home/nipun/ros2RB_ws/install/learningPubSubPkg
[0.150s] -- The C compiler identification is GNU 11.4.0
[0.269s] -- The CXX compiler identification is GNU 11.4.0
[0.284s] -- Detecting C compiler ABI info
[0.454s] -- Detecting C compiler ABI info - done
[0.483s] -- Check for working C compiler: /usr/bin/cc - skipped
[0.483s] -- Detecting C compile features
[0.484s] -- Detecting C compile features - done
[0.493s] -- Detecting CXX compiler ABI info
[0.678s] -- Detecting CXX compiler ABI info - done
[0.699s] -- Check for working CXX compiler: /usr/bin/c++ - skipped
[0.699s] -- Detecting CXX compile features
[0.701s] -- Detecting CXX compile features - done
[0.705s] -- Found ament_cmake: 1.3.9 (/opt/ros/humble/share/ament_cmake/cmake)
[1.048s] -- Found Python3: /usr/bin/python3 (found version "3.10.12") found components: Interpreter 
[1.236s] -- Found ament_lint_auto: 0.12.11 (/opt/ros/humble/share/ament_lint_auto/cmake)
[1.372s] WARNING: Package name "learningPubSubPkg" does not follow the naming conventions. It should start with a lower case letter and only contain lower case letters, digits, underscores, and dashes.
[1.442s] -- Added test 'cppcheck' to perform static code analysis on C / C++ code
[1.442s] -- Configured cppcheck include dirs: 
[1.442s] -- Configured cppcheck exclude dirs and/or files: 
[1.449s] -- Added test 'flake8' to check Python code syntax and style conventions
[1.456s] -- Added test 'lint_cmake' to check CMake code style
[1.461s] -- Added test 'pep257' to check Python code against some of the docstring style conventions in PEP 257
[1.487s] -- Added test 'uncrustify' to check C / C++ code style
[1.487s] -- Configured uncrustify additional arguments: 
[1.493s] -- Added test 'xmllint' to check XML markup files
[1.501s] -- Configuring done
[1.505s] -- Generating done
[1.508s] -- Build files have been written to: /home/nipun/ros2RB_ws/build/learningPubSubPkg
[1.516s] Invoked command in '/home/nipun/ros2RB_ws/build/learningPubSubPkg' returned '0': CMAKE_PREFIX_PATH=${CMAKE_PREFIX_PATH}:/home/nipun/ros2_ws/install/my_py_pkg:/opt/ros/humble /usr/bin/cmake /home/nipun/ros2RB_ws/learningPubSubPkg -DCMAKE_INSTALL_PREFIX=/home/nipun/ros2RB_ws/install/learningPubSubPkg
[1.518s] Invoking command in '/home/nipun/ros2RB_ws/build/learningPubSubPkg': CMAKE_PREFIX_PATH=${CMAKE_PREFIX_PATH}:/home/nipun/ros2_ws/install/my_py_pkg:/opt/ros/humble /usr/bin/cmake --build /home/nipun/ros2RB_ws/build/learningPubSubPkg -- -j3 -l3
[1.596s] Invoked command in '/home/nipun/ros2RB_ws/build/learningPubSubPkg' returned '0': CMAKE_PREFIX_PATH=${CMAKE_PREFIX_PATH}:/home/nipun/ros2_ws/install/my_py_pkg:/opt/ros/humble /usr/bin/cmake --build /home/nipun/ros2RB_ws/build/learningPubSubPkg -- -j3 -l3
[1.656s] Invoking command in '/home/nipun/ros2RB_ws/build/learningPubSubPkg': CMAKE_PREFIX_PATH=${CMAKE_PREFIX_PATH}:/home/nipun/ros2_ws/install/my_py_pkg:/opt/ros/humble /usr/bin/cmake --install /home/nipun/ros2RB_ws/build/learningPubSubPkg
[1.672s] -- Install configuration: ""
[1.674s] -- Installing: /home/nipun/ros2RB_ws/install/learningPubSubPkg/share/ament_index/resource_index/package_run_dependencies/learningPubSubPkg
[1.676s] -- Installing: /home/nipun/ros2RB_ws/install/learningPubSubPkg/share/ament_index/resource_index/parent_prefix_path/learningPubSubPkg
[1.678s] -- Installing: /home/nipun/ros2RB_ws/install/learningPubSubPkg/share/learningPubSubPkg/environment/ament_prefix_path.sh
[1.679s] -- Installing: /home/nipun/ros2RB_ws/install/learningPubSubPkg/share/learningPubSubPkg/environment/ament_prefix_path.dsv
[1.679s] -- Installing: /home/nipun/ros2RB_ws/install/learningPubSubPkg/share/learningPubSubPkg/environment/path.sh
[1.679s] -- Installing: /home/nipun/ros2RB_ws/install/learningPubSubPkg/share/learningPubSubPkg/environment/path.dsv
[1.679s] -- Installing: /home/nipun/ros2RB_ws/install/learningPubSubPkg/share/learningPubSubPkg/local_setup.bash
[1.679s] -- Installing: /home/nipun/ros2RB_ws/install/learningPubSubPkg/share/learningPubSubPkg/local_setup.sh
[1.679s] -- Installing: /home/nipun/ros2RB_ws/install/learningPubSubPkg/share/learningPubSubPkg/local_setup.zsh
[1.679s] -- Installing: /home/nipun/ros2RB_ws/install/learningPubSubPkg/share/learningPubSubPkg/local_setup.dsv
[1.680s] -- Installing: /home/nipun/ros2RB_ws/install/learningPubSubPkg/share/learningPubSubPkg/package.dsv
[1.680s] -- Installing: /home/nipun/ros2RB_ws/install/learningPubSubPkg/share/ament_index/resource_index/packages/learningPubSubPkg
[1.680s] -- Installing: /home/nipun/ros2RB_ws/install/learningPubSubPkg/share/learningPubSubPkg/cmake/learningPubSubPkgConfig.cmake
[1.680s] -- Installing: /home/nipun/ros2RB_ws/install/learningPubSubPkg/share/learningPubSubPkg/cmake/learningPubSubPkgConfig-version.cmake
[1.680s] -- Installing: /home/nipun/ros2RB_ws/install/learningPubSubPkg/share/learningPubSubPkg/package.xml
[1.683s] Invoked command in '/home/nipun/ros2RB_ws/build/learningPubSubPkg' returned '0': CMAKE_PREFIX_PATH=${CMAKE_PREFIX_PATH}:/home/nipun/ros2_ws/install/my_py_pkg:/opt/ros/humble /usr/bin/cmake --install /home/nipun/ros2RB_ws/build/learningPubSubPkg
