[0.526s] Invoking command in '/home/nipun/ros2RB_ws/build/assignment1_cpp': CMAKE_PREFIX_PATH=${CMAKE_PREFIX_PATH}:/home/nipun/ros2RB_ws/install/turtlesim_assignment:/home/nipun/ros2RB_ws/install/simple_pkg:/home/nipun/ros2RB_ws/install/rmp_ros2bot_description:/home/nipun/ros2RB_ws/install/assignment1:/home/nipun/ros2_ws/install/my_py_pkg:/opt/ros/humble /usr/bin/cmake --build /home/nipun/ros2RB_ws/build/assignment1_cpp -- -j3 -l3
[0.614s] [ 33%] Built target NODE1
[0.641s] [ 66%] Built target NODE3
[0.656s] [100%] Built target NODE2
[1.100s] Invoked command in '/home/nipun/ros2RB_ws/build/assignment1_cpp' returned '0': CMAKE_PREFIX_PATH=${CMAKE_PREFIX_PATH}:/home/nipun/ros2RB_ws/install/turtlesim_assignment:/home/nipun/ros2RB_ws/install/simple_pkg:/home/nipun/ros2RB_ws/install/rmp_ros2bot_description:/home/nipun/ros2RB_ws/install/assignment1:/home/nipun/ros2_ws/install/my_py_pkg:/opt/ros/humble /usr/bin/cmake --build /home/nipun/ros2RB_ws/build/assignment1_cpp -- -j3 -l3
[1.208s] Invoking command in '/home/nipun/ros2RB_ws/build/assignment1_cpp': CMAKE_PREFIX_PATH=${CMAKE_PREFIX_PATH}:/home/nipun/ros2RB_ws/install/turtlesim_assignment:/home/nipun/ros2RB_ws/install/simple_pkg:/home/nipun/ros2RB_ws/install/rmp_ros2bot_description:/home/nipun/ros2RB_ws/install/assignment1:/home/nipun/ros2_ws/install/my_py_pkg:/opt/ros/humble /usr/bin/cmake --install /home/nipun/ros2RB_ws/build/assignment1_cpp
[1.235s] -- Install configuration: ""
[1.235s] -- Up-to-date: /home/nipun/ros2RB_ws/install/assignment1_cpp/share/assignment1_cpp/launch
[1.235s] -- Up-to-date: /home/nipun/ros2RB_ws/install/assignment1_cpp/share/assignment1_cpp/launch/assignment1_cpp_launch.py
[1.235s] -- Up-to-date: /home/nipun/ros2RB_ws/install/assignment1_cpp/lib/assignment1_cpp/NODE1
[1.235s] -- Up-to-date: /home/nipun/ros2RB_ws/install/assignment1_cpp/lib/assignment1_cpp/NODE2
[1.235s] -- Up-to-date: /home/nipun/ros2RB_ws/install/assignment1_cpp/lib/assignment1_cpp/NODE3
[1.235s] -- Up-to-date: /home/nipun/ros2RB_ws/install/assignment1_cpp/share/ament_index/resource_index/package_run_dependencies/assignment1_cpp
[1.243s] -- Up-to-date: /home/nipun/ros2RB_ws/install/assignment1_cpp/share/ament_index/resource_index/parent_prefix_path/assignment1_cpp
[1.245s] -- Up-to-date: /home/nipun/ros2RB_ws/install/assignment1_cpp/share/assignment1_cpp/environment/ament_prefix_path.sh
[1.246s] -- Up-to-date: /home/nipun/ros2RB_ws/install/assignment1_cpp/share/assignment1_cpp/environment/ament_prefix_path.dsv
[1.246s] -- Up-to-date: /home/nipun/ros2RB_ws/install/assignment1_cpp/share/assignment1_cpp/environment/path.sh
[1.246s] -- Up-to-date: /home/nipun/ros2RB_ws/install/assignment1_cpp/share/assignment1_cpp/environment/path.dsv
[1.246s] -- Up-to-date: /home/nipun/ros2RB_ws/install/assignment1_cpp/share/assignment1_cpp/local_setup.bash
[1.246s] -- Up-to-date: /home/nipun/ros2RB_ws/install/assignment1_cpp/share/assignment1_cpp/local_setup.sh
[1.246s] -- Up-to-date: /home/nipun/ros2RB_ws/install/assignment1_cpp/share/assignment1_cpp/local_setup.zsh
[1.246s] -- Up-to-date: /home/nipun/ros2RB_ws/install/assignment1_cpp/share/assignment1_cpp/local_setup.dsv
[1.246s] -- Installing: /home/nipun/ros2RB_ws/install/assignment1_cpp/share/assignment1_cpp/package.dsv
[1.248s] -- Up-to-date: /home/nipun/ros2RB_ws/install/assignment1_cpp/share/ament_index/resource_index/packages/assignment1_cpp
[1.248s] -- Up-to-date: /home/nipun/ros2RB_ws/install/assignment1_cpp/share/assignment1_cpp/cmake/assignment1_cppConfig.cmake
[1.248s] -- Up-to-date: /home/nipun/ros2RB_ws/install/assignment1_cpp/share/assignment1_cpp/cmake/assignment1_cppConfig-version.cmake
[1.248s] -- Up-to-date: /home/nipun/ros2RB_ws/install/assignment1_cpp/share/assignment1_cpp/package.xml
[1.248s] Invoked command in '/home/nipun/ros2RB_ws/build/assignment1_cpp' returned '0': CMAKE_PREFIX_PATH=${CMAKE_PREFIX_PATH}:/home/nipun/ros2RB_ws/install/turtlesim_assignment:/home/nipun/ros2RB_ws/install/simple_pkg:/home/nipun/ros2RB_ws/install/rmp_ros2bot_description:/home/nipun/ros2RB_ws/install/assignment1:/home/nipun/ros2_ws/install/my_py_pkg:/opt/ros/humble /usr/bin/cmake --install /home/nipun/ros2RB_ws/build/assignment1_cpp
