[0.173s] DEBUG:colcon:Command line arguments: ['/usr/bin/colcon', 'build']
[0.173s] DEBUG:colcon:Parsed command line arguments: Namespace(log_base=None, log_level=None, verb_name='build', build_base='build', install_base='install', merge_install=False, symlink_install=False, test_result_base=None, continue_on_error=False, executor='parallel', parallel_workers=3, event_handlers=None, ignore_user_meta=False, metas=['./colcon.meta'], base_paths=['.'], packages_ignore=None, packages_ignore_regex=None, paths=None, packages_up_to=None, packages_up_to_regex=None, packages_above=None, packages_above_and_dependencies=None, packages_above_depth=None, packages_select_by_dep=None, packages_skip_by_dep=None, packages_skip_up_to=None, packages_select_build_failed=False, packages_skip_build_finished=False, packages_select_test_failures=False, packages_skip_test_passed=False, packages_select=None, packages_skip=None, packages_select_regex=None, packages_skip_regex=None, packages_start=None, packages_end=None, allow_overriding=[], cmake_args=None, cmake_target=None, cmake_target_skip_unavailable=False, cmake_clean_cache=False, cmake_clean_first=False, cmake_force_configure=False, ament_cmake_args=None, catkin_cmake_args=None, catkin_skip_building_tests=False, verb_parser=<colcon_defaults.argument_parser.defaults.DefaultArgumentsDecorator object at 0x7abf99740fd0>, verb_extension=<colcon_core.verb.build.BuildVerb object at 0x7abf99740c10>, main=<bound method BuildVerb.main of <colcon_core.verb.build.BuildVerb object at 0x7abf99740c10>>)
[0.415s] Level 1:colcon.colcon_core.package_discovery:discover_packages(colcon_meta) check parameters
[0.415s] Level 1:colcon.colcon_core.package_discovery:discover_packages(recursive) check parameters
[0.415s] Level 1:colcon.colcon_core.package_discovery:discover_packages(ignore) check parameters
[0.415s] Level 1:colcon.colcon_core.package_discovery:discover_packages(path) check parameters
[0.415s] Level 1:colcon.colcon_core.package_discovery:discover_packages(colcon_meta) discover
[0.415s] Level 1:colcon.colcon_core.package_discovery:discover_packages(recursive) discover
[0.415s] INFO:colcon.colcon_core.package_discovery:Crawling recursively for packages in '/home/nipun/ros2RB_ws'
[0.416s] Level 1:colcon.colcon_core.package_identification:_identify(.) by extensions ['ignore', 'ignore_ament_install']
[0.416s] Level 1:colcon.colcon_core.package_identification:_identify(.) by extension 'ignore'
[0.416s] Level 1:colcon.colcon_core.package_identification:_identify(.) by extension 'ignore_ament_install'
[0.416s] Level 1:colcon.colcon_core.package_identification:_identify(.) by extensions ['colcon_pkg']
[0.416s] Level 1:colcon.colcon_core.package_identification:_identify(.) by extension 'colcon_pkg'
[0.416s] Level 1:colcon.colcon_core.package_identification:_identify(.) by extensions ['colcon_meta']
[0.416s] Level 1:colcon.colcon_core.package_identification:_identify(.) by extension 'colcon_meta'
[0.416s] Level 1:colcon.colcon_core.package_identification:_identify(.) by extensions ['ros']
[0.416s] Level 1:colcon.colcon_core.package_identification:_identify(.) by extension 'ros'
[0.432s] Level 1:colcon.colcon_core.package_identification:_identify(.) by extensions ['cmake', 'python']
[0.432s] Level 1:colcon.colcon_core.package_identification:_identify(.) by extension 'cmake'
[0.432s] Level 1:colcon.colcon_core.package_identification:_identify(.) by extension 'python'
[0.432s] Level 1:colcon.colcon_core.package_identification:_identify(.) by extensions ['python_setup_py']
[0.432s] Level 1:colcon.colcon_core.package_identification:_identify(.) by extension 'python_setup_py'
[0.432s] Level 1:colcon.colcon_core.package_identification:_identify(assignment1) by extensions ['ignore', 'ignore_ament_install']
[0.432s] Level 1:colcon.colcon_core.package_identification:_identify(assignment1) by extension 'ignore'
[0.433s] Level 1:colcon.colcon_core.package_identification:_identify(assignment1) by extension 'ignore_ament_install'
[0.433s] Level 1:colcon.colcon_core.package_identification:_identify(assignment1) by extensions ['colcon_pkg']
[0.433s] Level 1:colcon.colcon_core.package_identification:_identify(assignment1) by extension 'colcon_pkg'
[0.433s] Level 1:colcon.colcon_core.package_identification:_identify(assignment1) by extensions ['colcon_meta']
[0.433s] Level 1:colcon.colcon_core.package_identification:_identify(assignment1) by extension 'colcon_meta'
[0.433s] Level 1:colcon.colcon_core.package_identification:_identify(assignment1) by extensions ['ros']
[0.433s] Level 1:colcon.colcon_core.package_identification:_identify(assignment1) by extension 'ros'
[0.436s] DEBUG:colcon.colcon_core.package_identification:Package 'assignment1' with type 'ros.ament_python' and name 'assignment1'
[0.436s] Level 1:colcon.colcon_core.package_identification:_identify(assignment1_cpp) by extensions ['ignore', 'ignore_ament_install']
[0.436s] Level 1:colcon.colcon_core.package_identification:_identify(assignment1_cpp) by extension 'ignore'
[0.437s] Level 1:colcon.colcon_core.package_identification:_identify(assignment1_cpp) by extension 'ignore_ament_install'
[0.437s] Level 1:colcon.colcon_core.package_identification:_identify(assignment1_cpp) by extensions ['colcon_pkg']
[0.437s] Level 1:colcon.colcon_core.package_identification:_identify(assignment1_cpp) by extension 'colcon_pkg'
[0.437s] Level 1:colcon.colcon_core.package_identification:_identify(assignment1_cpp) by extensions ['colcon_meta']
[0.437s] Level 1:colcon.colcon_core.package_identification:_identify(assignment1_cpp) by extension 'colcon_meta'
[0.437s] Level 1:colcon.colcon_core.package_identification:_identify(assignment1_cpp) by extensions ['ros']
[0.437s] Level 1:colcon.colcon_core.package_identification:_identify(assignment1_cpp) by extension 'ros'
[0.438s] DEBUG:colcon.colcon_core.package_identification:Package 'assignment1_cpp' with type 'ros.ament_cmake' and name 'assignment1_cpp'
[0.438s] Level 1:colcon.colcon_core.package_identification:_identify(build) by extensions ['ignore', 'ignore_ament_install']
[0.438s] Level 1:colcon.colcon_core.package_identification:_identify(build) by extension 'ignore'
[0.438s] Level 1:colcon.colcon_core.package_identification:_identify(build) ignored
[0.438s] Level 1:colcon.colcon_core.package_identification:_identify(install) by extensions ['ignore', 'ignore_ament_install']
[0.439s] Level 1:colcon.colcon_core.package_identification:_identify(install) by extension 'ignore'
[0.439s] Level 1:colcon.colcon_core.package_identification:_identify(install) ignored
[0.439s] Level 1:colcon.colcon_core.package_identification:_identify(log) by extensions ['ignore', 'ignore_ament_install']
[0.439s] Level 1:colcon.colcon_core.package_identification:_identify(log) by extension 'ignore'
[0.439s] Level 1:colcon.colcon_core.package_identification:_identify(log) ignored
[0.439s] Level 1:colcon.colcon_core.package_identification:_identify(rmp_ros2bot_description) by extensions ['ignore', 'ignore_ament_install']
[0.439s] Level 1:colcon.colcon_core.package_identification:_identify(rmp_ros2bot_description) by extension 'ignore'
[0.439s] Level 1:colcon.colcon_core.package_identification:_identify(rmp_ros2bot_description) by extension 'ignore_ament_install'
[0.440s] Level 1:colcon.colcon_core.package_identification:_identify(rmp_ros2bot_description) by extensions ['colcon_pkg']
[0.440s] Level 1:colcon.colcon_core.package_identification:_identify(rmp_ros2bot_description) by extension 'colcon_pkg'
[0.440s] Level 1:colcon.colcon_core.package_identification:_identify(rmp_ros2bot_description) by extensions ['colcon_meta']
[0.440s] Level 1:colcon.colcon_core.package_identification:_identify(rmp_ros2bot_description) by extension 'colcon_meta'
[0.440s] Level 1:colcon.colcon_core.package_identification:_identify(rmp_ros2bot_description) by extensions ['ros']
[0.440s] Level 1:colcon.colcon_core.package_identification:_identify(rmp_ros2bot_description) by extension 'ros'
[0.441s] DEBUG:colcon.colcon_core.package_identification:Package 'rmp_ros2bot_description' with type 'ros.ament_cmake' and name 'rmp_ros2bot_description'
[0.441s] Level 1:colcon.colcon_core.package_identification:_identify(simple_pkg) by extensions ['ignore', 'ignore_ament_install']
[0.441s] Level 1:colcon.colcon_core.package_identification:_identify(simple_pkg) by extension 'ignore'
[0.441s] Level 1:colcon.colcon_core.package_identification:_identify(simple_pkg) by extension 'ignore_ament_install'
[0.441s] Level 1:colcon.colcon_core.package_identification:_identify(simple_pkg) by extensions ['colcon_pkg']
[0.441s] Level 1:colcon.colcon_core.package_identification:_identify(simple_pkg) by extension 'colcon_pkg'
[0.441s] Level 1:colcon.colcon_core.package_identification:_identify(simple_pkg) by extensions ['colcon_meta']
[0.441s] Level 1:colcon.colcon_core.package_identification:_identify(simple_pkg) by extension 'colcon_meta'
[0.442s] Level 1:colcon.colcon_core.package_identification:_identify(simple_pkg) by extensions ['ros']
[0.442s] Level 1:colcon.colcon_core.package_identification:_identify(simple_pkg) by extension 'ros'
[0.443s] DEBUG:colcon.colcon_core.package_identification:Package 'simple_pkg' with type 'ros.ament_python' and name 'simple_pkg'
[0.443s] Level 1:colcon.colcon_core.package_identification:_identify(simple_pkg_cpp) by extensions ['ignore', 'ignore_ament_install']
[0.443s] Level 1:colcon.colcon_core.package_identification:_identify(simple_pkg_cpp) by extension 'ignore'
[0.443s] Level 1:colcon.colcon_core.package_identification:_identify(simple_pkg_cpp) by extension 'ignore_ament_install'
[0.443s] Level 1:colcon.colcon_core.package_identification:_identify(simple_pkg_cpp) by extensions ['colcon_pkg']
[0.443s] Level 1:colcon.colcon_core.package_identification:_identify(simple_pkg_cpp) by extension 'colcon_pkg'
[0.443s] Level 1:colcon.colcon_core.package_identification:_identify(simple_pkg_cpp) by extensions ['colcon_meta']
[0.443s] Level 1:colcon.colcon_core.package_identification:_identify(simple_pkg_cpp) by extension 'colcon_meta'
[0.443s] Level 1:colcon.colcon_core.package_identification:_identify(simple_pkg_cpp) by extensions ['ros']
[0.443s] Level 1:colcon.colcon_core.package_identification:_identify(simple_pkg_cpp) by extension 'ros'
[0.444s] DEBUG:colcon.colcon_core.package_identification:Package 'simple_pkg_cpp' with type 'ros.ament_cmake' and name 'simple_pkg_cpp'
[0.444s] Level 1:colcon.colcon_core.package_identification:_identify(turtlesim_assignment) by extensions ['ignore', 'ignore_ament_install']
[0.445s] Level 1:colcon.colcon_core.package_identification:_identify(turtlesim_assignment) by extension 'ignore'
[0.445s] Level 1:colcon.colcon_core.package_identification:_identify(turtlesim_assignment) by extension 'ignore_ament_install'
[0.445s] Level 1:colcon.colcon_core.package_identification:_identify(turtlesim_assignment) by extensions ['colcon_pkg']
[0.445s] Level 1:colcon.colcon_core.package_identification:_identify(turtlesim_assignment) by extension 'colcon_pkg'
[0.445s] Level 1:colcon.colcon_core.package_identification:_identify(turtlesim_assignment) by extensions ['colcon_meta']
[0.445s] Level 1:colcon.colcon_core.package_identification:_identify(turtlesim_assignment) by extension 'colcon_meta'
[0.445s] Level 1:colcon.colcon_core.package_identification:_identify(turtlesim_assignment) by extensions ['ros']
[0.445s] Level 1:colcon.colcon_core.package_identification:_identify(turtlesim_assignment) by extension 'ros'
[0.446s] DEBUG:colcon.colcon_core.package_identification:Package 'turtlesim_assignment' with type 'ros.ament_python' and name 'turtlesim_assignment'
[0.446s] Level 1:colcon.colcon_core.package_discovery:discover_packages(recursive) using defaults
[0.446s] Level 1:colcon.colcon_core.package_discovery:discover_packages(ignore) discover
[0.446s] Level 1:colcon.colcon_core.package_discovery:discover_packages(ignore) using defaults
[0.446s] Level 1:colcon.colcon_core.package_discovery:discover_packages(path) discover
[0.446s] Level 1:colcon.colcon_core.package_discovery:discover_packages(path) using defaults
[0.477s] Level 1:colcon.colcon_core.package_discovery:discover_packages(prefix_path) check parameters
[0.477s] Level 1:colcon.colcon_core.package_discovery:discover_packages(prefix_path) discover
[0.480s] DEBUG:colcon.colcon_installed_package_information.package_discovery:Found 7 installed packages in /home/nipun/ros2RB_ws/install
[0.481s] DEBUG:colcon.colcon_installed_package_information.package_discovery:Found 4 installed packages in /home/nipun/ros2_ws/install
[0.484s] DEBUG:colcon.colcon_installed_package_information.package_discovery:Found 298 installed packages in /opt/ros/humble
[0.487s] Level 1:colcon.colcon_core.package_discovery:discover_packages(prefix_path) using defaults
[0.582s] Level 5:colcon.colcon_core.verb:set package 'assignment1' build argument 'cmake_args' from command line to 'None'
[0.582s] Level 5:colcon.colcon_core.verb:set package 'assignment1' build argument 'cmake_target' from command line to 'None'
[0.582s] Level 5:colcon.colcon_core.verb:set package 'assignment1' build argument 'cmake_target_skip_unavailable' from command line to 'False'
[0.582s] Level 5:colcon.colcon_core.verb:set package 'assignment1' build argument 'cmake_clean_cache' from command line to 'False'
[0.583s] Level 5:colcon.colcon_core.verb:set package 'assignment1' build argument 'cmake_clean_first' from command line to 'False'
[0.583s] Level 5:colcon.colcon_core.verb:set package 'assignment1' build argument 'cmake_force_configure' from command line to 'False'
[0.583s] Level 5:colcon.colcon_core.verb:set package 'assignment1' build argument 'ament_cmake_args' from command line to 'None'
[0.583s] Level 5:colcon.colcon_core.verb:set package 'assignment1' build argument 'catkin_cmake_args' from command line to 'None'
[0.583s] Level 5:colcon.colcon_core.verb:set package 'assignment1' build argument 'catkin_skip_building_tests' from command line to 'False'
[0.583s] DEBUG:colcon.colcon_core.verb:Building package 'assignment1' with the following arguments: {'ament_cmake_args': None, 'build_base': '/home/nipun/ros2RB_ws/build/assignment1', 'catkin_cmake_args': None, 'catkin_skip_building_tests': False, 'cmake_args': None, 'cmake_clean_cache': False, 'cmake_clean_first': False, 'cmake_force_configure': False, 'cmake_target': None, 'cmake_target_skip_unavailable': False, 'install_base': '/home/nipun/ros2RB_ws/install/assignment1', 'merge_install': False, 'path': '/home/nipun/ros2RB_ws/assignment1', 'symlink_install': False, 'test_result_base': None}
[0.584s] Level 5:colcon.colcon_core.verb:set package 'assignment1_cpp' build argument 'cmake_args' from command line to 'None'
[0.584s] Level 5:colcon.colcon_core.verb:set package 'assignment1_cpp' build argument 'cmake_target' from command line to 'None'
[0.584s] Level 5:colcon.colcon_core.verb:set package 'assignment1_cpp' build argument 'cmake_target_skip_unavailable' from command line to 'False'
[0.584s] Level 5:colcon.colcon_core.verb:set package 'assignment1_cpp' build argument 'cmake_clean_cache' from command line to 'False'
[0.584s] Level 5:colcon.colcon_core.verb:set package 'assignment1_cpp' build argument 'cmake_clean_first' from command line to 'False'
[0.584s] Level 5:colcon.colcon_core.verb:set package 'assignment1_cpp' build argument 'cmake_force_configure' from command line to 'False'
[0.584s] Level 5:colcon.colcon_core.verb:set package 'assignment1_cpp' build argument 'ament_cmake_args' from command line to 'None'
[0.584s] Level 5:colcon.colcon_core.verb:set package 'assignment1_cpp' build argument 'catkin_cmake_args' from command line to 'None'
[0.584s] Level 5:colcon.colcon_core.verb:set package 'assignment1_cpp' build argument 'catkin_skip_building_tests' from command line to 'False'
[0.584s] DEBUG:colcon.colcon_core.verb:Building package 'assignment1_cpp' with the following arguments: {'ament_cmake_args': None, 'build_base': '/home/nipun/ros2RB_ws/build/assignment1_cpp', 'catkin_cmake_args': None, 'catkin_skip_building_tests': False, 'cmake_args': None, 'cmake_clean_cache': False, 'cmake_clean_first': False, 'cmake_force_configure': False, 'cmake_target': None, 'cmake_target_skip_unavailable': False, 'install_base': '/home/nipun/ros2RB_ws/install/assignment1_cpp', 'merge_install': False, 'path': '/home/nipun/ros2RB_ws/assignment1_cpp', 'symlink_install': False, 'test_result_base': None}
[0.585s] Level 5:colcon.colcon_core.verb:set package 'rmp_ros2bot_description' build argument 'cmake_args' from command line to 'None'
[0.585s] Level 5:colcon.colcon_core.verb:set package 'rmp_ros2bot_description' build argument 'cmake_target' from command line to 'None'
[0.585s] Level 5:colcon.colcon_core.verb:set package 'rmp_ros2bot_description' build argument 'cmake_target_skip_unavailable' from command line to 'False'
[0.585s] Level 5:colcon.colcon_core.verb:set package 'rmp_ros2bot_description' build argument 'cmake_clean_cache' from command line to 'False'
[0.585s] Level 5:colcon.colcon_core.verb:set package 'rmp_ros2bot_description' build argument 'cmake_clean_first' from command line to 'False'
[0.585s] Level 5:colcon.colcon_core.verb:set package 'rmp_ros2bot_description' build argument 'cmake_force_configure' from command line to 'False'
[0.585s] Level 5:colcon.colcon_core.verb:set package 'rmp_ros2bot_description' build argument 'ament_cmake_args' from command line to 'None'
[0.585s] Level 5:colcon.colcon_core.verb:set package 'rmp_ros2bot_description' build argument 'catkin_cmake_args' from command line to 'None'
[0.585s] Level 5:colcon.colcon_core.verb:set package 'rmp_ros2bot_description' build argument 'catkin_skip_building_tests' from command line to 'False'
[0.585s] DEBUG:colcon.colcon_core.verb:Building package 'rmp_ros2bot_description' with the following arguments: {'ament_cmake_args': None, 'build_base': '/home/nipun/ros2RB_ws/build/rmp_ros2bot_description', 'catkin_cmake_args': None, 'catkin_skip_building_tests': False, 'cmake_args': None, 'cmake_clean_cache': False, 'cmake_clean_first': False, 'cmake_force_configure': False, 'cmake_target': None, 'cmake_target_skip_unavailable': False, 'install_base': '/home/nipun/ros2RB_ws/install/rmp_ros2bot_description', 'merge_install': False, 'path': '/home/nipun/ros2RB_ws/rmp_ros2bot_description', 'symlink_install': False, 'test_result_base': None}
[0.586s] Level 5:colcon.colcon_core.verb:set package 'simple_pkg' build argument 'cmake_args' from command line to 'None'
[0.586s] Level 5:colcon.colcon_core.verb:set package 'simple_pkg' build argument 'cmake_target' from command line to 'None'
[0.586s] Level 5:colcon.colcon_core.verb:set package 'simple_pkg' build argument 'cmake_target_skip_unavailable' from command line to 'False'
[0.586s] Level 5:colcon.colcon_core.verb:set package 'simple_pkg' build argument 'cmake_clean_cache' from command line to 'False'
[0.586s] Level 5:colcon.colcon_core.verb:set package 'simple_pkg' build argument 'cmake_clean_first' from command line to 'False'
[0.586s] Level 5:colcon.colcon_core.verb:set package 'simple_pkg' build argument 'cmake_force_configure' from command line to 'False'
[0.586s] Level 5:colcon.colcon_core.verb:set package 'simple_pkg' build argument 'ament_cmake_args' from command line to 'None'
[0.586s] Level 5:colcon.colcon_core.verb:set package 'simple_pkg' build argument 'catkin_cmake_args' from command line to 'None'
[0.586s] Level 5:colcon.colcon_core.verb:set package 'simple_pkg' build argument 'catkin_skip_building_tests' from command line to 'False'
[0.586s] DEBUG:colcon.colcon_core.verb:Building package 'simple_pkg' with the following arguments: {'ament_cmake_args': None, 'build_base': '/home/nipun/ros2RB_ws/build/simple_pkg', 'catkin_cmake_args': None, 'catkin_skip_building_tests': False, 'cmake_args': None, 'cmake_clean_cache': False, 'cmake_clean_first': False, 'cmake_force_configure': False, 'cmake_target': None, 'cmake_target_skip_unavailable': False, 'install_base': '/home/nipun/ros2RB_ws/install/simple_pkg', 'merge_install': False, 'path': '/home/nipun/ros2RB_ws/simple_pkg', 'symlink_install': False, 'test_result_base': None}
[0.587s] Level 5:colcon.colcon_core.verb:set package 'simple_pkg_cpp' build argument 'cmake_args' from command line to 'None'
[0.587s] Level 5:colcon.colcon_core.verb:set package 'simple_pkg_cpp' build argument 'cmake_target' from command line to 'None'
[0.587s] Level 5:colcon.colcon_core.verb:set package 'simple_pkg_cpp' build argument 'cmake_target_skip_unavailable' from command line to 'False'
[0.587s] Level 5:colcon.colcon_core.verb:set package 'simple_pkg_cpp' build argument 'cmake_clean_cache' from command line to 'False'
[0.587s] Level 5:colcon.colcon_core.verb:set package 'simple_pkg_cpp' build argument 'cmake_clean_first' from command line to 'False'
[0.587s] Level 5:colcon.colcon_core.verb:set package 'simple_pkg_cpp' build argument 'cmake_force_configure' from command line to 'False'
[0.587s] Level 5:colcon.colcon_core.verb:set package 'simple_pkg_cpp' build argument 'ament_cmake_args' from command line to 'None'
[0.587s] Level 5:colcon.colcon_core.verb:set package 'simple_pkg_cpp' build argument 'catkin_cmake_args' from command line to 'None'
[0.587s] Level 5:colcon.colcon_core.verb:set package 'simple_pkg_cpp' build argument 'catkin_skip_building_tests' from command line to 'False'
[0.587s] DEBUG:colcon.colcon_core.verb:Building package 'simple_pkg_cpp' with the following arguments: {'ament_cmake_args': None, 'build_base': '/home/nipun/ros2RB_ws/build/simple_pkg_cpp', 'catkin_cmake_args': None, 'catkin_skip_building_tests': False, 'cmake_args': None, 'cmake_clean_cache': False, 'cmake_clean_first': False, 'cmake_force_configure': False, 'cmake_target': None, 'cmake_target_skip_unavailable': False, 'install_base': '/home/nipun/ros2RB_ws/install/simple_pkg_cpp', 'merge_install': False, 'path': '/home/nipun/ros2RB_ws/simple_pkg_cpp', 'symlink_install': False, 'test_result_base': None}
[0.588s] Level 5:colcon.colcon_core.verb:set package 'turtlesim_assignment' build argument 'cmake_args' from command line to 'None'
[0.588s] Level 5:colcon.colcon_core.verb:set package 'turtlesim_assignment' build argument 'cmake_target' from command line to 'None'
[0.588s] Level 5:colcon.colcon_core.verb:set package 'turtlesim_assignment' build argument 'cmake_target_skip_unavailable' from command line to 'False'
[0.588s] Level 5:colcon.colcon_core.verb:set package 'turtlesim_assignment' build argument 'cmake_clean_cache' from command line to 'False'
[0.588s] Level 5:colcon.colcon_core.verb:set package 'turtlesim_assignment' build argument 'cmake_clean_first' from command line to 'False'
[0.588s] Level 5:colcon.colcon_core.verb:set package 'turtlesim_assignment' build argument 'cmake_force_configure' from command line to 'False'
[0.588s] Level 5:colcon.colcon_core.verb:set package 'turtlesim_assignment' build argument 'ament_cmake_args' from command line to 'None'
[0.588s] Level 5:colcon.colcon_core.verb:set package 'turtlesim_assignment' build argument 'catkin_cmake_args' from command line to 'None'
[0.588s] Level 5:colcon.colcon_core.verb:set package 'turtlesim_assignment' build argument 'catkin_skip_building_tests' from command line to 'False'
[0.588s] DEBUG:colcon.colcon_core.verb:Building package 'turtlesim_assignment' with the following arguments: {'ament_cmake_args': None, 'build_base': '/home/nipun/ros2RB_ws/build/turtlesim_assignment', 'catkin_cmake_args': None, 'catkin_skip_building_tests': False, 'cmake_args': None, 'cmake_clean_cache': False, 'cmake_clean_first': False, 'cmake_force_configure': False, 'cmake_target': None, 'cmake_target_skip_unavailable': False, 'install_base': '/home/nipun/ros2RB_ws/install/turtlesim_assignment', 'merge_install': False, 'path': '/home/nipun/ros2RB_ws/turtlesim_assignment', 'symlink_install': False, 'test_result_base': None}
[0.588s] INFO:colcon.colcon_core.executor:Executing jobs using 'parallel' executor
[0.590s] DEBUG:colcon.colcon_parallel_executor.executor.parallel:run_until_complete
[0.590s] INFO:colcon.colcon_ros.task.ament_python.build:Building ROS package in '/home/nipun/ros2RB_ws/assignment1' with build type 'ament_python'
[0.590s] Level 1:colcon.colcon_core.shell:create_environment_hook('assignment1', 'ament_prefix_path')
[0.594s] INFO:colcon.colcon_core.plugin_system:Skipping extension 'colcon_core.shell.bat': Not used on non-Windows systems
[0.594s] INFO:colcon.colcon_core.shell:Creating environment hook '/home/nipun/ros2RB_ws/install/assignment1/share/assignment1/hook/ament_prefix_path.ps1'
[0.595s] INFO:colcon.colcon_core.shell:Creating environment descriptor '/home/nipun/ros2RB_ws/install/assignment1/share/assignment1/hook/ament_prefix_path.dsv'
[0.596s] INFO:colcon.colcon_core.shell:Creating environment hook '/home/nipun/ros2RB_ws/install/assignment1/share/assignment1/hook/ament_prefix_path.sh'
[0.597s] INFO:colcon.colcon_core.shell:Skip shell extension 'powershell' for command environment: Not usable outside of PowerShell
[0.597s] DEBUG:colcon.colcon_core.shell:Skip shell extension 'dsv' for command environment
[0.604s] INFO:colcon.colcon_ros.task.ament_cmake.build:Building ROS package in '/home/nipun/ros2RB_ws/assignment1_cpp' with build type 'ament_cmake'
[0.604s] INFO:colcon.colcon_cmake.task.cmake.build:Building CMake package in '/home/nipun/ros2RB_ws/assignment1_cpp'
[0.604s] INFO:colcon.colcon_core.shell:Skip shell extension 'powershell' for command environment: Not usable outside of PowerShell
[0.604s] DEBUG:colcon.colcon_core.shell:Skip shell extension 'dsv' for command environment
[0.611s] INFO:colcon.colcon_ros.task.ament_cmake.build:Building ROS package in '/home/nipun/ros2RB_ws/rmp_ros2bot_description' with build type 'ament_cmake'
[0.611s] INFO:colcon.colcon_cmake.task.cmake.build:Building CMake package in '/home/nipun/ros2RB_ws/rmp_ros2bot_description'
[0.611s] INFO:colcon.colcon_core.shell:Skip shell extension 'powershell' for command environment: Not usable outside of PowerShell
[0.612s] DEBUG:colcon.colcon_core.shell:Skip shell extension 'dsv' for command environment
[1.111s] INFO:colcon.colcon_core.task.python.build:Building Python package in '/home/nipun/ros2RB_ws/assignment1'
[1.112s] INFO:colcon.colcon_core.shell:Skip shell extension 'powershell' for command environment: Not usable outside of PowerShell
[1.112s] DEBUG:colcon.colcon_core.shell:Skip shell extension 'dsv' for command environment
[1.138s] DEBUG:colcon.colcon_core.event_handler.log_command:Invoking command in '/home/nipun/ros2RB_ws/build/assignment1_cpp': CMAKE_PREFIX_PATH=${CMAKE_PREFIX_PATH}:/home/nipun/ros2RB_ws/install/turtlesim_assignment:/home/nipun/ros2RB_ws/install/simple_pkg:/home/nipun/ros2RB_ws/install/assignment1:/home/nipun/ros2_ws/install/my_py_pkg:/opt/ros/humble /usr/bin/cmake --build /home/nipun/ros2RB_ws/build/assignment1_cpp -- -j3 -l3
[1.149s] DEBUG:colcon.colcon_core.event_handler.log_command:Invoking command in '/home/nipun/ros2RB_ws/build/rmp_ros2bot_description': CMAKE_PREFIX_PATH=${CMAKE_PREFIX_PATH}:/home/nipun/ros2RB_ws/install/turtlesim_assignment:/home/nipun/ros2RB_ws/install/simple_pkg:/home/nipun/ros2RB_ws/install/assignment1:/home/nipun/ros2_ws/install/my_py_pkg:/opt/ros/humble /usr/bin/cmake --build /home/nipun/ros2RB_ws/build/rmp_ros2bot_description -- -j3 -l3
[1.236s] DEBUG:colcon.colcon_core.event_handler.log_command:Invoked command in '/home/nipun/ros2RB_ws/build/rmp_ros2bot_description' returned '0': CMAKE_PREFIX_PATH=${CMAKE_PREFIX_PATH}:/home/nipun/ros2RB_ws/install/turtlesim_assignment:/home/nipun/ros2RB_ws/install/simple_pkg:/home/nipun/ros2RB_ws/install/assignment1:/home/nipun/ros2_ws/install/my_py_pkg:/opt/ros/humble /usr/bin/cmake --build /home/nipun/ros2RB_ws/build/rmp_ros2bot_description -- -j3 -l3
[1.329s] DEBUG:colcon.colcon_core.event_handler.log_command:Invoking command in '/home/nipun/ros2RB_ws/build/rmp_ros2bot_description': CMAKE_PREFIX_PATH=${CMAKE_PREFIX_PATH}:/home/nipun/ros2RB_ws/install/turtlesim_assignment:/home/nipun/ros2RB_ws/install/simple_pkg:/home/nipun/ros2RB_ws/install/assignment1:/home/nipun/ros2_ws/install/my_py_pkg:/opt/ros/humble /usr/bin/cmake --install /home/nipun/ros2RB_ws/build/rmp_ros2bot_description
[1.333s] DEBUG:colcon.colcon_core.event_handler.log_command:Invoked command in '/home/nipun/ros2RB_ws/build/assignment1_cpp' returned '0': CMAKE_PREFIX_PATH=${CMAKE_PREFIX_PATH}:/home/nipun/ros2RB_ws/install/turtlesim_assignment:/home/nipun/ros2RB_ws/install/simple_pkg:/home/nipun/ros2RB_ws/install/assignment1:/home/nipun/ros2_ws/install/my_py_pkg:/opt/ros/humble /usr/bin/cmake --build /home/nipun/ros2RB_ws/build/assignment1_cpp -- -j3 -l3
[1.383s] Level 1:colcon.colcon_core.environment:create_environment_scripts_only(rmp_ros2bot_description)
[1.392s] Level 1:colcon.colcon_core.environment:checking '/home/nipun/ros2RB_ws/install/rmp_ros2bot_description' for CMake module files
[1.393s] Level 1:colcon.colcon_core.environment:checking '/home/nipun/ros2RB_ws/install/rmp_ros2bot_description' for CMake config files
[1.398s] Level 1:colcon.colcon_core.shell:create_environment_hook('rmp_ros2bot_description', 'cmake_prefix_path')
[1.399s] INFO:colcon.colcon_core.shell:Creating environment hook '/home/nipun/ros2RB_ws/install/rmp_ros2bot_description/share/rmp_ros2bot_description/hook/cmake_prefix_path.ps1'
[1.400s] INFO:colcon.colcon_core.shell:Creating environment descriptor '/home/nipun/ros2RB_ws/install/rmp_ros2bot_description/share/rmp_ros2bot_description/hook/cmake_prefix_path.dsv'
[1.401s] INFO:colcon.colcon_core.shell:Creating environment hook '/home/nipun/ros2RB_ws/install/rmp_ros2bot_description/share/rmp_ros2bot_description/hook/cmake_prefix_path.sh'
[1.404s] Level 1:colcon.colcon_core.environment:checking '/home/nipun/ros2RB_ws/install/rmp_ros2bot_description/lib'
[1.404s] Level 1:colcon.colcon_core.environment:checking '/home/nipun/ros2RB_ws/install/rmp_ros2bot_description/bin'
[1.404s] Level 1:colcon.colcon_core.environment:checking '/home/nipun/ros2RB_ws/install/rmp_ros2bot_description/lib/pkgconfig/rmp_ros2bot_description.pc'
[1.405s] Level 1:colcon.colcon_core.environment:checking '/home/nipun/ros2RB_ws/install/rmp_ros2bot_description/lib/python3.10/site-packages'
[1.406s] Level 1:colcon.colcon_core.shell:create_environment_hook('rmp_ros2bot_description', 'pythonpath')
[1.406s] INFO:colcon.colcon_core.shell:Creating environment hook '/home/nipun/ros2RB_ws/install/rmp_ros2bot_description/share/rmp_ros2bot_description/hook/pythonpath.ps1'
[1.407s] INFO:colcon.colcon_core.shell:Creating environment descriptor '/home/nipun/ros2RB_ws/install/rmp_ros2bot_description/share/rmp_ros2bot_description/hook/pythonpath.dsv'
[1.409s] INFO:colcon.colcon_core.shell:Creating environment hook '/home/nipun/ros2RB_ws/install/rmp_ros2bot_description/share/rmp_ros2bot_description/hook/pythonpath.sh'
[1.411s] Level 1:colcon.colcon_core.environment:checking '/home/nipun/ros2RB_ws/install/rmp_ros2bot_description/bin'
[1.412s] INFO:colcon.colcon_core.shell:Creating package script '/home/nipun/ros2RB_ws/install/rmp_ros2bot_description/share/rmp_ros2bot_description/package.ps1'
[1.414s] DEBUG:colcon.colcon_core.event_handler.log_command:Invoked command in '/home/nipun/ros2RB_ws/build/rmp_ros2bot_description' returned '0': CMAKE_PREFIX_PATH=${CMAKE_PREFIX_PATH}:/home/nipun/ros2RB_ws/install/turtlesim_assignment:/home/nipun/ros2RB_ws/install/simple_pkg:/home/nipun/ros2RB_ws/install/assignment1:/home/nipun/ros2_ws/install/my_py_pkg:/opt/ros/humble /usr/bin/cmake --install /home/nipun/ros2RB_ws/build/rmp_ros2bot_description
[1.415s] INFO:colcon.colcon_core.shell:Creating package descriptor '/home/nipun/ros2RB_ws/install/rmp_ros2bot_description/share/rmp_ros2bot_description/package.dsv'
[1.416s] INFO:colcon.colcon_core.shell:Creating package script '/home/nipun/ros2RB_ws/install/rmp_ros2bot_description/share/rmp_ros2bot_description/package.sh'
[1.418s] INFO:colcon.colcon_core.shell:Creating package script '/home/nipun/ros2RB_ws/install/rmp_ros2bot_description/share/rmp_ros2bot_description/package.bash'
[1.419s] INFO:colcon.colcon_core.shell:Creating package script '/home/nipun/ros2RB_ws/install/rmp_ros2bot_description/share/rmp_ros2bot_description/package.zsh'
[1.421s] Level 1:colcon.colcon_core.environment:create_file_with_runtime_dependencies(/home/nipun/ros2RB_ws/install/rmp_ros2bot_description/share/colcon-core/packages/rmp_ros2bot_description)
[1.436s] DEBUG:colcon.colcon_core.event_handler.log_command:Invoking command in '/home/nipun/ros2RB_ws/build/assignment1_cpp': CMAKE_PREFIX_PATH=${CMAKE_PREFIX_PATH}:/home/nipun/ros2RB_ws/install/turtlesim_assignment:/home/nipun/ros2RB_ws/install/simple_pkg:/home/nipun/ros2RB_ws/install/assignment1:/home/nipun/ros2_ws/install/my_py_pkg:/opt/ros/humble /usr/bin/cmake --install /home/nipun/ros2RB_ws/build/assignment1_cpp
[1.470s] Level 1:colcon.colcon_core.environment:create_environment_scripts_only(assignment1_cpp)
[1.471s] Level 1:colcon.colcon_core.environment:checking '/home/nipun/ros2RB_ws/install/assignment1_cpp' for CMake module files
[1.473s] Level 1:colcon.colcon_core.environment:checking '/home/nipun/ros2RB_ws/install/assignment1_cpp' for CMake config files
[1.473s] Level 1:colcon.colcon_core.shell:create_environment_hook('assignment1_cpp', 'cmake_prefix_path')
[1.472s] DEBUG:colcon.colcon_core.event_handler.log_command:Invoked command in '/home/nipun/ros2RB_ws/build/assignment1_cpp' returned '0': CMAKE_PREFIX_PATH=${CMAKE_PREFIX_PATH}:/home/nipun/ros2RB_ws/install/turtlesim_assignment:/home/nipun/ros2RB_ws/install/simple_pkg:/home/nipun/ros2RB_ws/install/assignment1:/home/nipun/ros2_ws/install/my_py_pkg:/opt/ros/humble /usr/bin/cmake --install /home/nipun/ros2RB_ws/build/assignment1_cpp
[1.474s] INFO:colcon.colcon_core.shell:Creating environment hook '/home/nipun/ros2RB_ws/install/assignment1_cpp/share/assignment1_cpp/hook/cmake_prefix_path.ps1'
[1.474s] INFO:colcon.colcon_core.shell:Creating environment descriptor '/home/nipun/ros2RB_ws/install/assignment1_cpp/share/assignment1_cpp/hook/cmake_prefix_path.dsv'
[1.475s] INFO:colcon.colcon_core.shell:Creating environment hook '/home/nipun/ros2RB_ws/install/assignment1_cpp/share/assignment1_cpp/hook/cmake_prefix_path.sh'
[1.477s] Level 1:colcon.colcon_core.environment:checking '/home/nipun/ros2RB_ws/install/assignment1_cpp/lib'
[1.477s] Level 1:colcon.colcon_core.environment:checking '/home/nipun/ros2RB_ws/install/assignment1_cpp/bin'
[1.477s] Level 1:colcon.colcon_core.environment:checking '/home/nipun/ros2RB_ws/install/assignment1_cpp/lib/pkgconfig/assignment1_cpp.pc'
[1.477s] Level 1:colcon.colcon_core.environment:checking '/home/nipun/ros2RB_ws/install/assignment1_cpp/lib/python3.10/site-packages'
[1.478s] Level 1:colcon.colcon_core.environment:checking '/home/nipun/ros2RB_ws/install/assignment1_cpp/bin'
[1.478s] INFO:colcon.colcon_core.shell:Creating package script '/home/nipun/ros2RB_ws/install/assignment1_cpp/share/assignment1_cpp/package.ps1'
[1.479s] INFO:colcon.colcon_core.shell:Creating package descriptor '/home/nipun/ros2RB_ws/install/assignment1_cpp/share/assignment1_cpp/package.dsv'
[1.480s] INFO:colcon.colcon_core.shell:Creating package script '/home/nipun/ros2RB_ws/install/assignment1_cpp/share/assignment1_cpp/package.sh'
[1.482s] INFO:colcon.colcon_core.shell:Creating package script '/home/nipun/ros2RB_ws/install/assignment1_cpp/share/assignment1_cpp/package.bash'
[1.482s] INFO:colcon.colcon_core.shell:Creating package script '/home/nipun/ros2RB_ws/install/assignment1_cpp/share/assignment1_cpp/package.zsh'
[1.484s] Level 1:colcon.colcon_core.environment:create_file_with_runtime_dependencies(/home/nipun/ros2RB_ws/install/assignment1_cpp/share/colcon-core/packages/assignment1_cpp)
[1.497s] Level 1:colcon.colcon_core.environment:create_environment_scripts_only(rmp_ros2bot_description)
[1.497s] Level 1:colcon.colcon_core.environment:checking '/home/nipun/ros2RB_ws/install/rmp_ros2bot_description' for CMake module files
[1.503s] Level 1:colcon.colcon_core.environment:checking '/home/nipun/ros2RB_ws/install/rmp_ros2bot_description' for CMake config files
[1.504s] Level 1:colcon.colcon_core.shell:create_environment_hook('rmp_ros2bot_description', 'cmake_prefix_path')
[1.504s] INFO:colcon.colcon_core.shell:Creating environment hook '/home/nipun/ros2RB_ws/install/rmp_ros2bot_description/share/rmp_ros2bot_description/hook/cmake_prefix_path.ps1'
[1.508s] INFO:colcon.colcon_core.shell:Creating environment descriptor '/home/nipun/ros2RB_ws/install/rmp_ros2bot_description/share/rmp_ros2bot_description/hook/cmake_prefix_path.dsv'
[1.508s] INFO:colcon.colcon_core.shell:Creating environment hook '/home/nipun/ros2RB_ws/install/rmp_ros2bot_description/share/rmp_ros2bot_description/hook/cmake_prefix_path.sh'
[1.509s] Level 1:colcon.colcon_core.environment:checking '/home/nipun/ros2RB_ws/install/rmp_ros2bot_description/lib'
[1.509s] Level 1:colcon.colcon_core.environment:checking '/home/nipun/ros2RB_ws/install/rmp_ros2bot_description/bin'
[1.509s] Level 1:colcon.colcon_core.environment:checking '/home/nipun/ros2RB_ws/install/rmp_ros2bot_description/lib/pkgconfig/rmp_ros2bot_description.pc'
[1.511s] Level 1:colcon.colcon_core.environment:checking '/home/nipun/ros2RB_ws/install/rmp_ros2bot_description/lib/python3.10/site-packages'
[1.511s] Level 1:colcon.colcon_core.shell:create_environment_hook('rmp_ros2bot_description', 'pythonpath')
[1.511s] INFO:colcon.colcon_core.shell:Creating environment hook '/home/nipun/ros2RB_ws/install/rmp_ros2bot_description/share/rmp_ros2bot_description/hook/pythonpath.ps1'
[1.512s] INFO:colcon.colcon_core.shell:Creating environment descriptor '/home/nipun/ros2RB_ws/install/rmp_ros2bot_description/share/rmp_ros2bot_description/hook/pythonpath.dsv'
[1.512s] INFO:colcon.colcon_core.shell:Creating environment hook '/home/nipun/ros2RB_ws/install/rmp_ros2bot_description/share/rmp_ros2bot_description/hook/pythonpath.sh'
[1.513s] Level 1:colcon.colcon_core.environment:checking '/home/nipun/ros2RB_ws/install/rmp_ros2bot_description/bin'
[1.514s] INFO:colcon.colcon_core.shell:Creating package script '/home/nipun/ros2RB_ws/install/rmp_ros2bot_description/share/rmp_ros2bot_description/package.ps1'
[1.515s] INFO:colcon.colcon_core.shell:Creating package descriptor '/home/nipun/ros2RB_ws/install/rmp_ros2bot_description/share/rmp_ros2bot_description/package.dsv'
[1.516s] INFO:colcon.colcon_core.shell:Creating package script '/home/nipun/ros2RB_ws/install/rmp_ros2bot_description/share/rmp_ros2bot_description/package.sh'
[1.516s] INFO:colcon.colcon_core.shell:Creating package script '/home/nipun/ros2RB_ws/install/rmp_ros2bot_description/share/rmp_ros2bot_description/package.bash'
[1.518s] INFO:colcon.colcon_core.shell:Creating package script '/home/nipun/ros2RB_ws/install/rmp_ros2bot_description/share/rmp_ros2bot_description/package.zsh'
[1.518s] Level 1:colcon.colcon_core.environment:create_file_with_runtime_dependencies(/home/nipun/ros2RB_ws/install/rmp_ros2bot_description/share/colcon-core/packages/rmp_ros2bot_description)
[1.520s] INFO:colcon.colcon_ros.task.ament_python.build:Building ROS package in '/home/nipun/ros2RB_ws/simple_pkg' with build type 'ament_python'
[1.521s] Level 1:colcon.colcon_core.shell:create_environment_hook('simple_pkg', 'ament_prefix_path')
[1.521s] INFO:colcon.colcon_core.shell:Creating environment hook '/home/nipun/ros2RB_ws/install/simple_pkg/share/simple_pkg/hook/ament_prefix_path.ps1'
[1.522s] INFO:colcon.colcon_core.shell:Creating environment descriptor '/home/nipun/ros2RB_ws/install/simple_pkg/share/simple_pkg/hook/ament_prefix_path.dsv'
[1.522s] INFO:colcon.colcon_core.shell:Creating environment hook '/home/nipun/ros2RB_ws/install/simple_pkg/share/simple_pkg/hook/ament_prefix_path.sh'
[1.525s] INFO:colcon.colcon_core.shell:Skip shell extension 'powershell' for command environment: Not usable outside of PowerShell
[1.525s] DEBUG:colcon.colcon_core.shell:Skip shell extension 'dsv' for command environment
[2.049s] INFO:colcon.colcon_core.task.python.build:Building Python package in '/home/nipun/ros2RB_ws/simple_pkg'
[2.050s] INFO:colcon.colcon_core.shell:Skip shell extension 'powershell' for command environment: Not usable outside of PowerShell
[2.050s] DEBUG:colcon.colcon_core.shell:Skip shell extension 'dsv' for command environment
[2.064s] Level 1:colcon.colcon_core.environment:create_environment_scripts_only(assignment1_cpp)
[2.064s] Level 1:colcon.colcon_core.environment:checking '/home/nipun/ros2RB_ws/install/assignment1_cpp' for CMake module files
[2.066s] Level 1:colcon.colcon_core.environment:checking '/home/nipun/ros2RB_ws/install/assignment1_cpp' for CMake config files
[2.067s] Level 1:colcon.colcon_core.shell:create_environment_hook('assignment1_cpp', 'cmake_prefix_path')
[2.067s] INFO:colcon.colcon_core.shell:Creating environment hook '/home/nipun/ros2RB_ws/install/assignment1_cpp/share/assignment1_cpp/hook/cmake_prefix_path.ps1'
[2.068s] INFO:colcon.colcon_core.shell:Creating environment descriptor '/home/nipun/ros2RB_ws/install/assignment1_cpp/share/assignment1_cpp/hook/cmake_prefix_path.dsv'
[2.069s] INFO:colcon.colcon_core.shell:Creating environment hook '/home/nipun/ros2RB_ws/install/assignment1_cpp/share/assignment1_cpp/hook/cmake_prefix_path.sh'
[2.069s] Level 1:colcon.colcon_core.environment:checking '/home/nipun/ros2RB_ws/install/assignment1_cpp/lib'
[2.070s] Level 1:colcon.colcon_core.environment:checking '/home/nipun/ros2RB_ws/install/assignment1_cpp/bin'
[2.070s] Level 1:colcon.colcon_core.environment:checking '/home/nipun/ros2RB_ws/install/assignment1_cpp/lib/pkgconfig/assignment1_cpp.pc'
[2.070s] Level 1:colcon.colcon_core.environment:checking '/home/nipun/ros2RB_ws/install/assignment1_cpp/lib/python3.10/site-packages'
[2.071s] Level 1:colcon.colcon_core.environment:checking '/home/nipun/ros2RB_ws/install/assignment1_cpp/bin'
[2.071s] INFO:colcon.colcon_core.shell:Creating package script '/home/nipun/ros2RB_ws/install/assignment1_cpp/share/assignment1_cpp/package.ps1'
[2.072s] INFO:colcon.colcon_core.shell:Creating package descriptor '/home/nipun/ros2RB_ws/install/assignment1_cpp/share/assignment1_cpp/package.dsv'
[2.073s] INFO:colcon.colcon_core.shell:Creating package script '/home/nipun/ros2RB_ws/install/assignment1_cpp/share/assignment1_cpp/package.sh'
[2.073s] INFO:colcon.colcon_core.shell:Creating package script '/home/nipun/ros2RB_ws/install/assignment1_cpp/share/assignment1_cpp/package.bash'
[2.074s] INFO:colcon.colcon_core.shell:Creating package script '/home/nipun/ros2RB_ws/install/assignment1_cpp/share/assignment1_cpp/package.zsh'
[2.074s] Level 1:colcon.colcon_core.environment:create_file_with_runtime_dependencies(/home/nipun/ros2RB_ws/install/assignment1_cpp/share/colcon-core/packages/assignment1_cpp)
[2.077s] DEBUG:colcon.colcon_core.event_handler.log_command:Invoking command in '/home/nipun/ros2RB_ws/assignment1': PYTHONPATH=/home/nipun/ros2RB_ws/build/assignment1/prefix_override:/usr/lib/python3/dist-packages/colcon_core/task/python/colcon_distutils_commands:/home/nipun/ros2RB_ws/install/assignment1/lib/python3.10/site-packages:${PYTHONPATH} /usr/bin/python3 -W ignore:setup.py install is deprecated setup.py egg_info --egg-base ../build/assignment1 build --build-base /home/nipun/ros2RB_ws/build/assignment1/build install --record /home/nipun/ros2RB_ws/build/assignment1/install.log --single-version-externally-managed install_data
[2.080s] INFO:colcon.colcon_ros.task.ament_cmake.build:Building ROS package in '/home/nipun/ros2RB_ws/simple_pkg_cpp' with build type 'ament_cmake'
[2.080s] INFO:colcon.colcon_cmake.task.cmake.build:Building CMake package in '/home/nipun/ros2RB_ws/simple_pkg_cpp'
[2.081s] INFO:colcon.colcon_core.shell:Skip shell extension 'powershell' for command environment: Not usable outside of PowerShell
[2.081s] DEBUG:colcon.colcon_core.shell:Skip shell extension 'dsv' for command environment
[2.110s] DEBUG:colcon.colcon_core.event_handler.log_command:Invoking command in '/home/nipun/ros2RB_ws/build/simple_pkg_cpp': CMAKE_PREFIX_PATH=${CMAKE_PREFIX_PATH}:/home/nipun/ros2RB_ws/install/turtlesim_assignment:/home/nipun/ros2RB_ws/install/simple_pkg:/home/nipun/ros2RB_ws/install/assignment1:/home/nipun/ros2_ws/install/my_py_pkg:/opt/ros/humble /usr/bin/cmake --build /home/nipun/ros2RB_ws/build/simple_pkg_cpp -- -j3 -l3
[2.311s] DEBUG:colcon.colcon_core.event_handler.log_command:Invoked command in '/home/nipun/ros2RB_ws/build/simple_pkg_cpp' returned '0': CMAKE_PREFIX_PATH=${CMAKE_PREFIX_PATH}:/home/nipun/ros2RB_ws/install/turtlesim_assignment:/home/nipun/ros2RB_ws/install/simple_pkg:/home/nipun/ros2RB_ws/install/assignment1:/home/nipun/ros2_ws/install/my_py_pkg:/opt/ros/humble /usr/bin/cmake --build /home/nipun/ros2RB_ws/build/simple_pkg_cpp -- -j3 -l3
[2.381s] DEBUG:colcon.colcon_core.event_handler.log_command:Invoking command in '/home/nipun/ros2RB_ws/build/simple_pkg_cpp': CMAKE_PREFIX_PATH=${CMAKE_PREFIX_PATH}:/home/nipun/ros2RB_ws/install/turtlesim_assignment:/home/nipun/ros2RB_ws/install/simple_pkg:/home/nipun/ros2RB_ws/install/assignment1:/home/nipun/ros2_ws/install/my_py_pkg:/opt/ros/humble /usr/bin/cmake --install /home/nipun/ros2RB_ws/build/simple_pkg_cpp
[2.397s] Level 1:colcon.colcon_core.environment:create_environment_scripts_only(simple_pkg_cpp)
[2.397s] Level 1:colcon.colcon_core.environment:checking '/home/nipun/ros2RB_ws/install/simple_pkg_cpp' for CMake module files
[2.398s] Level 1:colcon.colcon_core.environment:checking '/home/nipun/ros2RB_ws/install/simple_pkg_cpp' for CMake config files
[2.398s] Level 1:colcon.colcon_core.shell:create_environment_hook('simple_pkg_cpp', 'cmake_prefix_path')
[2.401s] INFO:colcon.colcon_core.shell:Creating environment hook '/home/nipun/ros2RB_ws/install/simple_pkg_cpp/share/simple_pkg_cpp/hook/cmake_prefix_path.ps1'
[2.402s] DEBUG:colcon.colcon_core.event_handler.log_command:Invoked command in '/home/nipun/ros2RB_ws/build/simple_pkg_cpp' returned '0': CMAKE_PREFIX_PATH=${CMAKE_PREFIX_PATH}:/home/nipun/ros2RB_ws/install/turtlesim_assignment:/home/nipun/ros2RB_ws/install/simple_pkg:/home/nipun/ros2RB_ws/install/assignment1:/home/nipun/ros2_ws/install/my_py_pkg:/opt/ros/humble /usr/bin/cmake --install /home/nipun/ros2RB_ws/build/simple_pkg_cpp
[2.402s] INFO:colcon.colcon_core.shell:Creating environment descriptor '/home/nipun/ros2RB_ws/install/simple_pkg_cpp/share/simple_pkg_cpp/hook/cmake_prefix_path.dsv'
[2.403s] INFO:colcon.colcon_core.shell:Creating environment hook '/home/nipun/ros2RB_ws/install/simple_pkg_cpp/share/simple_pkg_cpp/hook/cmake_prefix_path.sh'
[2.404s] Level 1:colcon.colcon_core.environment:checking '/home/nipun/ros2RB_ws/install/simple_pkg_cpp/lib'
[2.406s] Level 1:colcon.colcon_core.environment:checking '/home/nipun/ros2RB_ws/install/simple_pkg_cpp/bin'
[2.406s] Level 1:colcon.colcon_core.environment:checking '/home/nipun/ros2RB_ws/install/simple_pkg_cpp/lib/pkgconfig/simple_pkg_cpp.pc'
[2.406s] Level 1:colcon.colcon_core.environment:checking '/home/nipun/ros2RB_ws/install/simple_pkg_cpp/lib/python3.10/site-packages'
[2.407s] Level 1:colcon.colcon_core.environment:checking '/home/nipun/ros2RB_ws/install/simple_pkg_cpp/bin'
[2.407s] INFO:colcon.colcon_core.shell:Creating package script '/home/nipun/ros2RB_ws/install/simple_pkg_cpp/share/simple_pkg_cpp/package.ps1'
[2.410s] INFO:colcon.colcon_core.shell:Creating package descriptor '/home/nipun/ros2RB_ws/install/simple_pkg_cpp/share/simple_pkg_cpp/package.dsv'
[2.410s] INFO:colcon.colcon_core.shell:Creating package script '/home/nipun/ros2RB_ws/install/simple_pkg_cpp/share/simple_pkg_cpp/package.sh'
[2.412s] INFO:colcon.colcon_core.shell:Creating package script '/home/nipun/ros2RB_ws/install/simple_pkg_cpp/share/simple_pkg_cpp/package.bash'
[2.413s] INFO:colcon.colcon_core.shell:Creating package script '/home/nipun/ros2RB_ws/install/simple_pkg_cpp/share/simple_pkg_cpp/package.zsh'
[2.415s] Level 1:colcon.colcon_core.environment:create_file_with_runtime_dependencies(/home/nipun/ros2RB_ws/install/simple_pkg_cpp/share/colcon-core/packages/simple_pkg_cpp)
[2.458s] Level 1:colcon.colcon_core.environment:create_environment_scripts_only(simple_pkg_cpp)
[2.459s] Level 1:colcon.colcon_core.environment:checking '/home/nipun/ros2RB_ws/install/simple_pkg_cpp' for CMake module files
[2.462s] Level 1:colcon.colcon_core.environment:checking '/home/nipun/ros2RB_ws/install/simple_pkg_cpp' for CMake config files
[2.462s] Level 1:colcon.colcon_core.shell:create_environment_hook('simple_pkg_cpp', 'cmake_prefix_path')
[2.463s] INFO:colcon.colcon_core.shell:Creating environment hook '/home/nipun/ros2RB_ws/install/simple_pkg_cpp/share/simple_pkg_cpp/hook/cmake_prefix_path.ps1'
[2.466s] INFO:colcon.colcon_core.shell:Creating environment descriptor '/home/nipun/ros2RB_ws/install/simple_pkg_cpp/share/simple_pkg_cpp/hook/cmake_prefix_path.dsv'
[2.466s] INFO:colcon.colcon_core.shell:Creating environment hook '/home/nipun/ros2RB_ws/install/simple_pkg_cpp/share/simple_pkg_cpp/hook/cmake_prefix_path.sh'
[2.469s] Level 1:colcon.colcon_core.environment:checking '/home/nipun/ros2RB_ws/install/simple_pkg_cpp/lib'
[2.469s] Level 1:colcon.colcon_core.environment:checking '/home/nipun/ros2RB_ws/install/simple_pkg_cpp/bin'
[2.469s] Level 1:colcon.colcon_core.environment:checking '/home/nipun/ros2RB_ws/install/simple_pkg_cpp/lib/pkgconfig/simple_pkg_cpp.pc'
[2.469s] Level 1:colcon.colcon_core.environment:checking '/home/nipun/ros2RB_ws/install/simple_pkg_cpp/lib/python3.10/site-packages'
[2.470s] Level 1:colcon.colcon_core.environment:checking '/home/nipun/ros2RB_ws/install/simple_pkg_cpp/bin'
[2.470s] INFO:colcon.colcon_core.shell:Creating package script '/home/nipun/ros2RB_ws/install/simple_pkg_cpp/share/simple_pkg_cpp/package.ps1'
[2.471s] INFO:colcon.colcon_core.shell:Creating package descriptor '/home/nipun/ros2RB_ws/install/simple_pkg_cpp/share/simple_pkg_cpp/package.dsv'
[2.474s] INFO:colcon.colcon_core.shell:Creating package script '/home/nipun/ros2RB_ws/install/simple_pkg_cpp/share/simple_pkg_cpp/package.sh'
[2.475s] INFO:colcon.colcon_core.shell:Creating package script '/home/nipun/ros2RB_ws/install/simple_pkg_cpp/share/simple_pkg_cpp/package.bash'
[2.478s] INFO:colcon.colcon_core.shell:Creating package script '/home/nipun/ros2RB_ws/install/simple_pkg_cpp/share/simple_pkg_cpp/package.zsh'
[2.479s] Level 1:colcon.colcon_core.environment:create_file_with_runtime_dependencies(/home/nipun/ros2RB_ws/install/simple_pkg_cpp/share/colcon-core/packages/simple_pkg_cpp)
[2.480s] INFO:colcon.colcon_ros.task.ament_python.build:Building ROS package in '/home/nipun/ros2RB_ws/turtlesim_assignment' with build type 'ament_python'
[2.480s] Level 1:colcon.colcon_core.shell:create_environment_hook('turtlesim_assignment', 'ament_prefix_path')
[2.481s] INFO:colcon.colcon_core.shell:Creating environment hook '/home/nipun/ros2RB_ws/install/turtlesim_assignment/share/turtlesim_assignment/hook/ament_prefix_path.ps1'
[2.483s] INFO:colcon.colcon_core.shell:Creating environment descriptor '/home/nipun/ros2RB_ws/install/turtlesim_assignment/share/turtlesim_assignment/hook/ament_prefix_path.dsv'
[2.486s] INFO:colcon.colcon_core.shell:Creating environment hook '/home/nipun/ros2RB_ws/install/turtlesim_assignment/share/turtlesim_assignment/hook/ament_prefix_path.sh'
[2.487s] INFO:colcon.colcon_core.shell:Skip shell extension 'powershell' for command environment: Not usable outside of PowerShell
[2.487s] DEBUG:colcon.colcon_core.shell:Skip shell extension 'dsv' for command environment
[3.142s] INFO:colcon.colcon_core.task.python.build:Building Python package in '/home/nipun/ros2RB_ws/turtlesim_assignment'
[3.142s] INFO:colcon.colcon_core.shell:Skip shell extension 'powershell' for command environment: Not usable outside of PowerShell
[3.142s] DEBUG:colcon.colcon_core.shell:Skip shell extension 'dsv' for command environment
[3.154s] Level 1:colcon.colcon_core.environment:checking '/home/nipun/ros2RB_ws/install/assignment1' for CMake module files
[3.156s] Level 1:colcon.colcon_core.environment:checking '/home/nipun/ros2RB_ws/install/assignment1' for CMake config files
[3.163s] Level 1:colcon.colcon_core.environment:checking '/home/nipun/ros2RB_ws/install/assignment1/lib'
[3.163s] Level 1:colcon.colcon_core.environment:checking '/home/nipun/ros2RB_ws/install/assignment1/bin'
[3.163s] Level 1:colcon.colcon_core.environment:checking '/home/nipun/ros2RB_ws/install/assignment1/lib/pkgconfig/assignment1.pc'
[3.158s] DEBUG:colcon.colcon_core.event_handler.log_command:Invoking command in '/home/nipun/ros2RB_ws/simple_pkg': PYTHONPATH=/home/nipun/ros2RB_ws/build/simple_pkg/prefix_override:/usr/lib/python3/dist-packages/colcon_core/task/python/colcon_distutils_commands:/home/nipun/ros2RB_ws/install/simple_pkg/lib/python3.10/site-packages:${PYTHONPATH} /usr/bin/python3 -W ignore:setup.py install is deprecated setup.py egg_info --egg-base ../build/simple_pkg build --build-base /home/nipun/ros2RB_ws/build/simple_pkg/build install --record /home/nipun/ros2RB_ws/build/simple_pkg/install.log --single-version-externally-managed install_data
[3.164s] Level 1:colcon.colcon_core.environment:checking '/home/nipun/ros2RB_ws/install/assignment1/lib/python3.10/site-packages'
[3.167s] Level 1:colcon.colcon_core.shell:create_environment_hook('assignment1', 'pythonpath')
[3.167s] INFO:colcon.colcon_core.shell:Creating environment hook '/home/nipun/ros2RB_ws/install/assignment1/share/assignment1/hook/pythonpath.ps1'
[3.169s] DEBUG:colcon.colcon_core.event_handler.log_command:Invoked command in '/home/nipun/ros2RB_ws/assignment1' returned '0': PYTHONPATH=/home/nipun/ros2RB_ws/build/assignment1/prefix_override:/usr/lib/python3/dist-packages/colcon_core/task/python/colcon_distutils_commands:/home/nipun/ros2RB_ws/install/assignment1/lib/python3.10/site-packages:${PYTHONPATH} /usr/bin/python3 -W ignore:setup.py install is deprecated setup.py egg_info --egg-base ../build/assignment1 build --build-base /home/nipun/ros2RB_ws/build/assignment1/build install --record /home/nipun/ros2RB_ws/build/assignment1/install.log --single-version-externally-managed install_data
[3.169s] INFO:colcon.colcon_core.shell:Creating environment descriptor '/home/nipun/ros2RB_ws/install/assignment1/share/assignment1/hook/pythonpath.dsv'
[3.172s] INFO:colcon.colcon_core.shell:Creating environment hook '/home/nipun/ros2RB_ws/install/assignment1/share/assignment1/hook/pythonpath.sh'
[3.173s] Level 1:colcon.colcon_core.environment:checking '/home/nipun/ros2RB_ws/install/assignment1/bin'
[3.173s] Level 1:colcon.colcon_core.environment:create_environment_scripts_only(assignment1)
[3.174s] INFO:colcon.colcon_core.shell:Creating package script '/home/nipun/ros2RB_ws/install/assignment1/share/assignment1/package.ps1'
[3.175s] INFO:colcon.colcon_core.shell:Creating package descriptor '/home/nipun/ros2RB_ws/install/assignment1/share/assignment1/package.dsv'
[3.175s] INFO:colcon.colcon_core.shell:Creating package script '/home/nipun/ros2RB_ws/install/assignment1/share/assignment1/package.sh'
[3.176s] INFO:colcon.colcon_core.shell:Creating package script '/home/nipun/ros2RB_ws/install/assignment1/share/assignment1/package.bash'
[3.176s] INFO:colcon.colcon_core.shell:Creating package script '/home/nipun/ros2RB_ws/install/assignment1/share/assignment1/package.zsh'
[3.177s] Level 1:colcon.colcon_core.environment:create_file_with_runtime_dependencies(/home/nipun/ros2RB_ws/install/assignment1/share/colcon-core/packages/assignment1)
[3.739s] Level 1:colcon.colcon_core.environment:checking '/home/nipun/ros2RB_ws/install/simple_pkg' for CMake module files
[3.740s] DEBUG:colcon.colcon_core.event_handler.log_command:Invoked command in '/home/nipun/ros2RB_ws/simple_pkg' returned '0': PYTHONPATH=/home/nipun/ros2RB_ws/build/simple_pkg/prefix_override:/usr/lib/python3/dist-packages/colcon_core/task/python/colcon_distutils_commands:/home/nipun/ros2RB_ws/install/simple_pkg/lib/python3.10/site-packages:${PYTHONPATH} /usr/bin/python3 -W ignore:setup.py install is deprecated setup.py egg_info --egg-base ../build/simple_pkg build --build-base /home/nipun/ros2RB_ws/build/simple_pkg/build install --record /home/nipun/ros2RB_ws/build/simple_pkg/install.log --single-version-externally-managed install_data
[3.741s] Level 1:colcon.colcon_core.environment:checking '/home/nipun/ros2RB_ws/install/simple_pkg' for CMake config files
[3.742s] Level 1:colcon.colcon_core.environment:checking '/home/nipun/ros2RB_ws/install/simple_pkg/lib'
[3.743s] Level 1:colcon.colcon_core.environment:checking '/home/nipun/ros2RB_ws/install/simple_pkg/bin'
[3.743s] Level 1:colcon.colcon_core.environment:checking '/home/nipun/ros2RB_ws/install/simple_pkg/lib/pkgconfig/simple_pkg.pc'
[3.744s] Level 1:colcon.colcon_core.environment:checking '/home/nipun/ros2RB_ws/install/simple_pkg/lib/python3.10/site-packages'
[3.744s] Level 1:colcon.colcon_core.shell:create_environment_hook('simple_pkg', 'pythonpath')
[3.745s] INFO:colcon.colcon_core.shell:Creating environment hook '/home/nipun/ros2RB_ws/install/simple_pkg/share/simple_pkg/hook/pythonpath.ps1'
[3.746s] INFO:colcon.colcon_core.shell:Creating environment descriptor '/home/nipun/ros2RB_ws/install/simple_pkg/share/simple_pkg/hook/pythonpath.dsv'
[3.747s] INFO:colcon.colcon_core.shell:Creating environment hook '/home/nipun/ros2RB_ws/install/simple_pkg/share/simple_pkg/hook/pythonpath.sh'
[3.748s] Level 1:colcon.colcon_core.environment:checking '/home/nipun/ros2RB_ws/install/simple_pkg/bin'
[3.748s] Level 1:colcon.colcon_core.environment:create_environment_scripts_only(simple_pkg)
[3.750s] INFO:colcon.colcon_core.shell:Creating package script '/home/nipun/ros2RB_ws/install/simple_pkg/share/simple_pkg/package.ps1'
[3.752s] INFO:colcon.colcon_core.shell:Creating package descriptor '/home/nipun/ros2RB_ws/install/simple_pkg/share/simple_pkg/package.dsv'
[3.754s] INFO:colcon.colcon_core.shell:Creating package script '/home/nipun/ros2RB_ws/install/simple_pkg/share/simple_pkg/package.sh'
[3.756s] INFO:colcon.colcon_core.shell:Creating package script '/home/nipun/ros2RB_ws/install/simple_pkg/share/simple_pkg/package.bash'
[3.757s] INFO:colcon.colcon_core.shell:Creating package script '/home/nipun/ros2RB_ws/install/simple_pkg/share/simple_pkg/package.zsh'
[3.758s] Level 1:colcon.colcon_core.environment:create_file_with_runtime_dependencies(/home/nipun/ros2RB_ws/install/simple_pkg/share/colcon-core/packages/simple_pkg)
[3.849s] DEBUG:colcon.colcon_core.event_handler.log_command:Invoking command in '/home/nipun/ros2RB_ws/turtlesim_assignment': PYTHONPATH=/home/nipun/ros2RB_ws/build/turtlesim_assignment/prefix_override:/usr/lib/python3/dist-packages/colcon_core/task/python/colcon_distutils_commands:/home/nipun/ros2RB_ws/install/turtlesim_assignment/lib/python3.10/site-packages:${PYTHONPATH} /usr/bin/python3 -W ignore:setup.py install is deprecated setup.py egg_info --egg-base ../build/turtlesim_assignment build --build-base /home/nipun/ros2RB_ws/build/turtlesim_assignment/build install --record /home/nipun/ros2RB_ws/build/turtlesim_assignment/install.log --single-version-externally-managed install_data
[4.347s] Level 1:colcon.colcon_core.environment:checking '/home/nipun/ros2RB_ws/install/turtlesim_assignment' for CMake module files
[4.349s] DEBUG:colcon.colcon_core.event_handler.log_command:Invoked command in '/home/nipun/ros2RB_ws/turtlesim_assignment' returned '0': PYTHONPATH=/home/nipun/ros2RB_ws/build/turtlesim_assignment/prefix_override:/usr/lib/python3/dist-packages/colcon_core/task/python/colcon_distutils_commands:/home/nipun/ros2RB_ws/install/turtlesim_assignment/lib/python3.10/site-packages:${PYTHONPATH} /usr/bin/python3 -W ignore:setup.py install is deprecated setup.py egg_info --egg-base ../build/turtlesim_assignment build --build-base /home/nipun/ros2RB_ws/build/turtlesim_assignment/build install --record /home/nipun/ros2RB_ws/build/turtlesim_assignment/install.log --single-version-externally-managed install_data
[4.349s] Level 1:colcon.colcon_core.environment:checking '/home/nipun/ros2RB_ws/install/turtlesim_assignment' for CMake config files
[4.350s] Level 1:colcon.colcon_core.environment:checking '/home/nipun/ros2RB_ws/install/turtlesim_assignment/lib'
[4.350s] Level 1:colcon.colcon_core.environment:checking '/home/nipun/ros2RB_ws/install/turtlesim_assignment/bin'
[4.350s] Level 1:colcon.colcon_core.environment:checking '/home/nipun/ros2RB_ws/install/turtlesim_assignment/lib/pkgconfig/turtlesim_assignment.pc'
[4.351s] Level 1:colcon.colcon_core.environment:checking '/home/nipun/ros2RB_ws/install/turtlesim_assignment/lib/python3.10/site-packages'
[4.351s] Level 1:colcon.colcon_core.shell:create_environment_hook('turtlesim_assignment', 'pythonpath')
[4.352s] INFO:colcon.colcon_core.shell:Creating environment hook '/home/nipun/ros2RB_ws/install/turtlesim_assignment/share/turtlesim_assignment/hook/pythonpath.ps1'
[4.352s] INFO:colcon.colcon_core.shell:Creating environment descriptor '/home/nipun/ros2RB_ws/install/turtlesim_assignment/share/turtlesim_assignment/hook/pythonpath.dsv'
[4.353s] INFO:colcon.colcon_core.shell:Creating environment hook '/home/nipun/ros2RB_ws/install/turtlesim_assignment/share/turtlesim_assignment/hook/pythonpath.sh'
[4.354s] Level 1:colcon.colcon_core.environment:checking '/home/nipun/ros2RB_ws/install/turtlesim_assignment/bin'
[4.354s] Level 1:colcon.colcon_core.environment:create_environment_scripts_only(turtlesim_assignment)
[4.355s] INFO:colcon.colcon_core.shell:Creating package script '/home/nipun/ros2RB_ws/install/turtlesim_assignment/share/turtlesim_assignment/package.ps1'
[4.356s] INFO:colcon.colcon_core.shell:Creating package descriptor '/home/nipun/ros2RB_ws/install/turtlesim_assignment/share/turtlesim_assignment/package.dsv'
[4.357s] INFO:colcon.colcon_core.shell:Creating package script '/home/nipun/ros2RB_ws/install/turtlesim_assignment/share/turtlesim_assignment/package.sh'
[4.357s] INFO:colcon.colcon_core.shell:Creating package script '/home/nipun/ros2RB_ws/install/turtlesim_assignment/share/turtlesim_assignment/package.bash'
[4.358s] INFO:colcon.colcon_core.shell:Creating package script '/home/nipun/ros2RB_ws/install/turtlesim_assignment/share/turtlesim_assignment/package.zsh'
[4.359s] Level 1:colcon.colcon_core.environment:create_file_with_runtime_dependencies(/home/nipun/ros2RB_ws/install/turtlesim_assignment/share/colcon-core/packages/turtlesim_assignment)
[4.361s] DEBUG:colcon.colcon_parallel_executor.executor.parallel:closing loop
[4.361s] DEBUG:colcon.colcon_parallel_executor.executor.parallel:loop closed
[4.361s] DEBUG:colcon.colcon_parallel_executor.executor.parallel:run_until_complete finished with '0'
[4.361s] DEBUG:colcon.colcon_core.event_reactor:joining thread
[4.376s] INFO:colcon.colcon_core.plugin_system:Skipping extension 'colcon_notification.desktop_notification.terminal_notifier': Not used on non-Darwin systems
[4.377s] INFO:colcon.colcon_core.plugin_system:Skipping extension 'colcon_notification.desktop_notification.win32': Not used on non-Windows systems
[4.377s] INFO:colcon.colcon_notification.desktop_notification:Sending desktop notification using 'notify2'
[4.405s] DEBUG:colcon.colcon_core.event_reactor:joined thread
[4.406s] INFO:colcon.colcon_core.shell:Creating prefix script '/home/nipun/ros2RB_ws/install/local_setup.ps1'
[4.421s] INFO:colcon.colcon_core.shell:Creating prefix util module '/home/nipun/ros2RB_ws/install/_local_setup_util_ps1.py'
[4.426s] INFO:colcon.colcon_core.shell:Creating prefix chain script '/home/nipun/ros2RB_ws/install/setup.ps1'
[4.429s] INFO:colcon.colcon_core.shell:Creating prefix script '/home/nipun/ros2RB_ws/install/local_setup.sh'
[4.429s] INFO:colcon.colcon_core.shell:Creating prefix util module '/home/nipun/ros2RB_ws/install/_local_setup_util_sh.py'
[4.430s] INFO:colcon.colcon_core.shell:Creating prefix chain script '/home/nipun/ros2RB_ws/install/setup.sh'
[4.432s] INFO:colcon.colcon_core.shell:Creating prefix script '/home/nipun/ros2RB_ws/install/local_setup.bash'
[4.433s] INFO:colcon.colcon_core.shell:Creating prefix chain script '/home/nipun/ros2RB_ws/install/setup.bash'
[4.436s] INFO:colcon.colcon_core.shell:Creating prefix script '/home/nipun/ros2RB_ws/install/local_setup.zsh'
[4.436s] INFO:colcon.colcon_core.shell:Creating prefix chain script '/home/nipun/ros2RB_ws/install/setup.zsh'
