[0.059s] Invoking command in '/home/nipun/ros2RB_ws/build/simple_pkg_cpp': CMAKE_PREFIX_PATH=${CMAKE_PREFIX_PATH}:/home/nipun/ros2RB_ws/install/turtlesim_assignment:/home/nipun/ros2RB_ws/install/simple_pkg:/home/nipun/ros2RB_ws/install/rmp_ros2bot_description:/home/nipun/ros2RB_ws/install/assignment1:/home/nipun/ros2_ws/install/my_py_pkg:/opt/ros/humble /usr/bin/cmake --build /home/nipun/ros2RB_ws/build/simple_pkg_cpp -- -j3 -l3
[0.282s] [ 50%] Built target HelloWorldPublisherCpp
[0.290s] [100%] Built target HelloWorldSubscriberCpp
[0.995s] Invoked command in '/home/nipun/ros2RB_ws/build/simple_pkg_cpp' returned '0': CMAKE_PREFIX_PATH=${CMAKE_PREFIX_PATH}:/home/nipun/ros2RB_ws/install/turtlesim_assignment:/home/nipun/ros2RB_ws/install/simple_pkg:/home/nipun/ros2RB_ws/install/rmp_ros2bot_description:/home/nipun/ros2RB_ws/install/assignment1:/home/nipun/ros2_ws/install/my_py_pkg:/opt/ros/humble /usr/bin/cmake --build /home/nipun/ros2RB_ws/build/simple_pkg_cpp -- -j3 -l3
[1.080s] Invoking command in '/home/nipun/ros2RB_ws/build/simple_pkg_cpp': CMAKE_PREFIX_PATH=${CMAKE_PREFIX_PATH}:/home/nipun/ros2RB_ws/install/turtlesim_assignment:/home/nipun/ros2RB_ws/install/simple_pkg:/home/nipun/ros2RB_ws/install/rmp_ros2bot_description:/home/nipun/ros2RB_ws/install/assignment1:/home/nipun/ros2_ws/install/my_py_pkg:/opt/ros/humble /usr/bin/cmake --install /home/nipun/ros2RB_ws/build/simple_pkg_cpp
[1.106s] -- Install configuration: ""
[1.109s] -- Up-to-date: /home/nipun/ros2RB_ws/install/simple_pkg_cpp/lib/simple_pkg_cpp/HelloWorldPublisherCpp
[1.109s] -- Up-to-date: /home/nipun/ros2RB_ws/install/simple_pkg_cpp/lib/simple_pkg_cpp/HelloWorldSubscriberCpp
[1.109s] -- Up-to-date: /home/nipun/ros2RB_ws/install/simple_pkg_cpp/share/ament_index/resource_index/package_run_dependencies/simple_pkg_cpp
[1.109s] -- Up-to-date: /home/nipun/ros2RB_ws/install/simple_pkg_cpp/share/ament_index/resource_index/parent_prefix_path/simple_pkg_cpp
[1.109s] -- Up-to-date: /home/nipun/ros2RB_ws/install/simple_pkg_cpp/share/simple_pkg_cpp/environment/ament_prefix_path.sh
[1.110s] -- Up-to-date: /home/nipun/ros2RB_ws/install/simple_pkg_cpp/share/simple_pkg_cpp/environment/ament_prefix_path.dsv
[1.110s] -- Up-to-date: /home/nipun/ros2RB_ws/install/simple_pkg_cpp/share/simple_pkg_cpp/environment/path.sh
[1.111s] -- Up-to-date: /home/nipun/ros2RB_ws/install/simple_pkg_cpp/share/simple_pkg_cpp/environment/path.dsv
[1.112s] -- Up-to-date: /home/nipun/ros2RB_ws/install/simple_pkg_cpp/share/simple_pkg_cpp/local_setup.bash
[1.112s] -- Up-to-date: /home/nipun/ros2RB_ws/install/simple_pkg_cpp/share/simple_pkg_cpp/local_setup.sh
[1.115s] -- Up-to-date: /home/nipun/ros2RB_ws/install/simple_pkg_cpp/share/simple_pkg_cpp/local_setup.zsh
[1.116s] -- Up-to-date: /home/nipun/ros2RB_ws/install/simple_pkg_cpp/share/simple_pkg_cpp/local_setup.dsv
[1.116s] -- Installing: /home/nipun/ros2RB_ws/install/simple_pkg_cpp/share/simple_pkg_cpp/package.dsv
[1.116s] -- Up-to-date: /home/nipun/ros2RB_ws/install/simple_pkg_cpp/share/ament_index/resource_index/packages/simple_pkg_cpp
[1.116s] -- Up-to-date: /home/nipun/ros2RB_ws/install/simple_pkg_cpp/share/simple_pkg_cpp/cmake/simple_pkg_cppConfig.cmake
[1.116s] -- Up-to-date: /home/nipun/ros2RB_ws/install/simple_pkg_cpp/share/simple_pkg_cpp/cmake/simple_pkg_cppConfig-version.cmake
[1.116s] -- Up-to-date: /home/nipun/ros2RB_ws/install/simple_pkg_cpp/share/simple_pkg_cpp/package.xml
[1.128s] Invoked command in '/home/nipun/ros2RB_ws/build/simple_pkg_cpp' returned '0': CMAKE_PREFIX_PATH=${CMAKE_PREFIX_PATH}:/home/nipun/ros2RB_ws/install/turtlesim_assignment:/home/nipun/ros2RB_ws/install/simple_pkg:/home/nipun/ros2RB_ws/install/rmp_ros2bot_description:/home/nipun/ros2RB_ws/install/assignment1:/home/nipun/ros2_ws/install/my_py_pkg:/opt/ros/humble /usr/bin/cmake --install /home/nipun/ros2RB_ws/build/simple_pkg_cpp
