[1.711s] Invoking command in '/home/nipun/ros2RB_ws/rmp_ros2bot_description': PYTHONPATH=/home/nipun/ros2RB_ws/build/rmp_ros2bot_description/prefix_override:/usr/lib/python3/dist-packages/colcon_core/task/python/colcon_distutils_commands:/home/nipun/ros2RB_ws/install/rmp_ros2bot_description/lib/python3.10/site-packages:${PYTHONPATH} /usr/bin/python3 -W ignore:setup.py install is deprecated setup.py egg_info --egg-base ../build/rmp_ros2bot_description build --build-base /home/nipun/ros2RB_ws/build/rmp_ros2bot_description/build install --record /home/nipun/ros2RB_ws/build/rmp_ros2bot_description/install.log --single-version-externally-managed install_data
[2.205s] running egg_info
[2.207s] writing ../build/rmp_ros2bot_description/rmp_ros2bot_description.egg-info/PKG-INFO
[2.208s] writing dependency_links to ../build/rmp_ros2bot_description/rmp_ros2bot_description.egg-info/dependency_links.txt
[2.208s] writing entry points to ../build/rmp_ros2bot_description/rmp_ros2bot_description.egg-info/entry_points.txt
[2.208s] writing requirements to ../build/rmp_ros2bot_description/rmp_ros2bot_description.egg-info/requires.txt
[2.208s] writing top-level names to ../build/rmp_ros2bot_description/rmp_ros2bot_description.egg-info/top_level.txt
[2.210s] reading manifest file '../build/rmp_ros2bot_description/rmp_ros2bot_description.egg-info/SOURCES.txt'
[2.212s] writing manifest file '../build/rmp_ros2bot_description/rmp_ros2bot_description.egg-info/SOURCES.txt'
[2.213s] running build
[2.213s] running build_py
[2.213s] running install
[2.213s] running install_lib
[2.215s] running install_data
[2.226s] running install_egg_info
[2.227s] removing '/home/nipun/ros2RB_ws/install/rmp_ros2bot_description/lib/python3.10/site-packages/rmp_ros2bot_description-0.0.0-py3.10.egg-info' (and everything under it)
[2.227s] Copying ../build/rmp_ros2bot_description/rmp_ros2bot_description.egg-info to /home/nipun/ros2RB_ws/install/rmp_ros2bot_description/lib/python3.10/site-packages/rmp_ros2bot_description-0.0.0-py3.10.egg-info
[2.228s] running install_scripts
[2.260s] writing list of installed files to '/home/nipun/ros2RB_ws/build/rmp_ros2bot_description/install.log'
[2.331s] Invoked command in '/home/nipun/ros2RB_ws/rmp_ros2bot_description' returned '0': PYTHONPATH=/home/nipun/ros2RB_ws/build/rmp_ros2bot_description/prefix_override:/usr/lib/python3/dist-packages/colcon_core/task/python/colcon_distutils_commands:/home/nipun/ros2RB_ws/install/rmp_ros2bot_description/lib/python3.10/site-packages:${PYTHONPATH} /usr/bin/python3 -W ignore:setup.py install is deprecated setup.py egg_info --egg-base ../build/rmp_ros2bot_description build --build-base /home/nipun/ros2RB_ws/build/rmp_ros2bot_description/build install --record /home/nipun/ros2RB_ws/build/rmp_ros2bot_description/install.log --single-version-externally-managed install_data
