/home/nipun/ros2RB_ws/install/assignment1/lib/python3.10/site-packages/assignment1/temperatureNode.py
/home/nipun/ros2RB_ws/install/assignment1/lib/python3.10/site-packages/assignment1/analysisNode.py
/home/nipun/ros2RB_ws/install/assignment1/lib/python3.10/site-packages/assignment1/__init__.py
/home/nipun/ros2RB_ws/install/assignment1/lib/python3.10/site-packages/assignment1/outcomeNode.py
/home/nipun/ros2RB_ws/install/assignment1/lib/python3.10/site-packages/assignment1/__pycache__/temperatureNode.cpython-310.pyc
/home/nipun/ros2RB_ws/install/assignment1/lib/python3.10/site-packages/assignment1/__pycache__/analysisNode.cpython-310.pyc
/home/nipun/ros2RB_ws/install/assignment1/lib/python3.10/site-packages/assignment1/__pycache__/__init__.cpython-310.pyc
/home/nipun/ros2RB_ws/install/assignment1/lib/python3.10/site-packages/assignment1/__pycache__/outcomeNode.cpython-310.pyc
/home/nipun/ros2RB_ws/install/assignment1/share/ament_index/resource_index/packages/assignment1
/home/nipun/ros2RB_ws/install/assignment1/share/assignment1/package.xml
/home/nipun/ros2RB_ws/install/assignment1/share/assignment1/launch/assignment1_launch.py
/home/nipun/ros2RB_ws/install/assignment1/lib/python3.10/site-packages/assignment1-0.0.0-py3.10.egg-info/PKG-INFO
/home/nipun/ros2RB_ws/install/assignment1/lib/python3.10/site-packages/assignment1-0.0.0-py3.10.egg-info/top_level.txt
/home/nipun/ros2RB_ws/install/assignment1/lib/python3.10/site-packages/assignment1-0.0.0-py3.10.egg-info/SOURCES.txt
/home/nipun/ros2RB_ws/install/assignment1/lib/python3.10/site-packages/assignment1-0.0.0-py3.10.egg-info/zip-safe
/home/nipun/ros2RB_ws/install/assignment1/lib/python3.10/site-packages/assignment1-0.0.0-py3.10.egg-info/dependency_links.txt
/home/nipun/ros2RB_ws/install/assignment1/lib/python3.10/site-packages/assignment1-0.0.0-py3.10.egg-info/entry_points.txt
/home/nipun/ros2RB_ws/install/assignment1/lib/python3.10/site-packages/assignment1-0.0.0-py3.10.egg-info/requires.txt
/home/nipun/ros2RB_ws/install/assignment1/lib/assignment1/NODE1
/home/nipun/ros2RB_ws/install/assignment1/lib/assignment1/NODE2
/home/nipun/ros2RB_ws/install/assignment1/lib/assignment1/NODE3
