[35m[1mConsolidate compiler generated dependencies of target temp_analysis[0m
[ 50%] Built target temp_pub
[ 75%] [32mBuilding CXX object CMakeFiles/temp_analysis.dir/src/temp_analysis.cpp.o[0m
[01m[K/home/nipun/ros2RB_ws/assignment1_cpp/src/temp_analysis.cpp:[m[K In function ‘[01m[Kint main(int, char**)[m[K’:
[01m[K/home/nipun/ros2RB_ws/assignment1_cpp/src/temp_analysis.cpp:53:14:[m[K [01;35m[Kwarning: [m[Kunused parameter ‘[01m[Kargc[m[K’ [[01;35m[K]8;;https://gcc.gnu.org/onlinedocs/gcc/Warning-Options.html#index-Wunused-parameter-Wunused-parameter]8;;[m[K]
   53 | int main([01;35m[Kint argc[m[K, char * argv[])
      |          [01;35m[K~~~~^~~~[m[K
[01m[K/home/nipun/ros2RB_ws/assignment1_cpp/src/temp_analysis.cpp:53:27:[m[K [01;35m[Kwarning: [m[Kunused parameter ‘[01m[Kargv[m[K’ [[01;35m[K]8;;https://gcc.gnu.org/onlinedocs/gcc/Warning-Options.html#index-Wunused-parameter-Wunused-parameter]8;;[m[K]
   53 | int main(int argc, [01;35m[Kchar * argv[][m[K)
      |                    [01;35m[K~~~~~~~^~~~~~[m[K
[100%] [32m[1mLinking CXX executable temp_analysis[0m
[100%] Built target temp_analysis
-- Install configuration: ""
-- Up-to-date: /home/nipun/ros2RB_ws/install/assignment1_cpp/lib/assignment1_cpp/temp_pub
-- Installing: /home/nipun/ros2RB_ws/install/assignment1_cpp/lib/assignment1_cpp/temp_analysis
-- Set runtime path of "/home/nipun/ros2RB_ws/install/assignment1_cpp/lib/assignment1_cpp/temp_analysis" to ""
-- Up-to-date: /home/nipun/ros2RB_ws/install/assignment1_cpp/share/ament_index/resource_index/package_run_dependencies/assignment1_cpp
-- Up-to-date: /home/nipun/ros2RB_ws/install/assignment1_cpp/share/ament_index/resource_index/parent_prefix_path/assignment1_cpp
-- Up-to-date: /home/nipun/ros2RB_ws/install/assignment1_cpp/share/assignment1_cpp/environment/ament_prefix_path.sh
-- Up-to-date: /home/nipun/ros2RB_ws/install/assignment1_cpp/share/assignment1_cpp/environment/ament_prefix_path.dsv
-- Up-to-date: /home/nipun/ros2RB_ws/install/assignment1_cpp/share/assignment1_cpp/environment/path.sh
-- Up-to-date: /home/nipun/ros2RB_ws/install/assignment1_cpp/share/assignment1_cpp/environment/path.dsv
-- Up-to-date: /home/nipun/ros2RB_ws/install/assignment1_cpp/share/assignment1_cpp/local_setup.bash
-- Up-to-date: /home/nipun/ros2RB_ws/install/assignment1_cpp/share/assignment1_cpp/local_setup.sh
-- Up-to-date: /home/nipun/ros2RB_ws/install/assignment1_cpp/share/assignment1_cpp/local_setup.zsh
-- Up-to-date: /home/nipun/ros2RB_ws/install/assignment1_cpp/share/assignment1_cpp/local_setup.dsv
-- Installing: /home/nipun/ros2RB_ws/install/assignment1_cpp/share/assignment1_cpp/package.dsv
-- Up-to-date: /home/nipun/ros2RB_ws/install/assignment1_cpp/share/ament_index/resource_index/packages/assignment1_cpp
-- Up-to-date: /home/nipun/ros2RB_ws/install/assignment1_cpp/share/assignment1_cpp/cmake/assignment1_cppConfig.cmake
-- Up-to-date: /home/nipun/ros2RB_ws/install/assignment1_cpp/share/assignment1_cpp/cmake/assignment1_cppConfig-version.cmake
-- Up-to-date: /home/nipun/ros2RB_ws/install/assignment1_cpp/share/assignment1_cpp/package.xml
