[0.982s] Invoking command in '/home/nipun/ros2RB_ws/turtlesim_assignment': PYTHONPATH=/home/nipun/ros2RB_ws/build/turtlesim_assignment/prefix_override:/usr/lib/python3/dist-packages/colcon_core/task/python/colcon_distutils_commands:/home/nipun/ros2RB_ws/install/turtlesim_assignment/lib/python3.10/site-packages:${PYTHONPATH} /usr/bin/python3 -W ignore:setup.py install is deprecated setup.py egg_info --egg-base ../build/turtlesim_assignment build --build-base /home/nipun/ros2RB_ws/build/turtlesim_assignment/build install --record /home/nipun/ros2RB_ws/build/turtlesim_assignment/install.log --single-version-externally-managed install_data
[1.346s] running egg_info
[1.349s] writing ../build/turtlesim_assignment/turtlesim_assignment.egg-info/PKG-INFO
[1.349s] writing dependency_links to ../build/turtlesim_assignment/turtlesim_assignment.egg-info/dependency_links.txt
[1.349s] writing entry points to ../build/turtlesim_assignment/turtlesim_assignment.egg-info/entry_points.txt
[1.349s] writing requirements to ../build/turtlesim_assignment/turtlesim_assignment.egg-info/requires.txt
[1.349s] writing top-level names to ../build/turtlesim_assignment/turtlesim_assignment.egg-info/top_level.txt
[1.350s] reading manifest file '../build/turtlesim_assignment/turtlesim_assignment.egg-info/SOURCES.txt'
[1.351s] writing manifest file '../build/turtlesim_assignment/turtlesim_assignment.egg-info/SOURCES.txt'
[1.351s] running build
[1.352s] running build_py
[1.352s] copying turtlesim_assignment/open_loop/triangle_open.py -> /home/nipun/ros2RB_ws/build/turtlesim_assignment/build/lib/turtlesim_assignment/open_loop
[1.352s] copying turtlesim_assignment/closed_loop/triangle_closed.py -> /home/nipun/ros2RB_ws/build/turtlesim_assignment/build/lib/turtlesim_assignment/closed_loop
[1.352s] copying turtlesim_assignment/closed_loop/square_closed.py -> /home/nipun/ros2RB_ws/build/turtlesim_assignment/build/lib/turtlesim_assignment/closed_loop
[1.353s] running install
[1.353s] running install_lib
[1.354s] copying /home/nipun/ros2RB_ws/build/turtlesim_assignment/build/lib/turtlesim_assignment/open_loop/triangle_open.py -> /home/nipun/ros2RB_ws/install/turtlesim_assignment/lib/python3.10/site-packages/turtlesim_assignment/open_loop
[1.355s] copying /home/nipun/ros2RB_ws/build/turtlesim_assignment/build/lib/turtlesim_assignment/closed_loop/triangle_closed.py -> /home/nipun/ros2RB_ws/install/turtlesim_assignment/lib/python3.10/site-packages/turtlesim_assignment/closed_loop
[1.355s] copying /home/nipun/ros2RB_ws/build/turtlesim_assignment/build/lib/turtlesim_assignment/closed_loop/square_closed.py -> /home/nipun/ros2RB_ws/install/turtlesim_assignment/lib/python3.10/site-packages/turtlesim_assignment/closed_loop
[1.356s] byte-compiling /home/nipun/ros2RB_ws/install/turtlesim_assignment/lib/python3.10/site-packages/turtlesim_assignment/open_loop/triangle_open.py to triangle_open.cpython-310.pyc
[1.357s] byte-compiling /home/nipun/ros2RB_ws/install/turtlesim_assignment/lib/python3.10/site-packages/turtlesim_assignment/closed_loop/triangle_closed.py to triangle_closed.cpython-310.pyc
[1.358s] byte-compiling /home/nipun/ros2RB_ws/install/turtlesim_assignment/lib/python3.10/site-packages/turtlesim_assignment/closed_loop/square_closed.py to square_closed.cpython-310.pyc
[1.359s] running install_data
[1.359s] running install_egg_info
[1.361s] removing '/home/nipun/ros2RB_ws/install/turtlesim_assignment/lib/python3.10/site-packages/turtlesim_assignment-0.0.0-py3.10.egg-info' (and everything under it)
[1.367s] Copying ../build/turtlesim_assignment/turtlesim_assignment.egg-info to /home/nipun/ros2RB_ws/install/turtlesim_assignment/lib/python3.10/site-packages/turtlesim_assignment-0.0.0-py3.10.egg-info
[1.368s] running install_scripts
[1.394s] Installing displace_turtle script to /home/nipun/ros2RB_ws/install/turtlesim_assignment/lib/turtlesim_assignment
[1.394s] Installing square_closed_loop script to /home/nipun/ros2RB_ws/install/turtlesim_assignment/lib/turtlesim_assignment
[1.394s] Installing square_open_loop script to /home/nipun/ros2RB_ws/install/turtlesim_assignment/lib/turtlesim_assignment
[1.394s] Installing star_open_loop script to /home/nipun/ros2RB_ws/install/turtlesim_assignment/lib/turtlesim_assignment
[1.394s] Installing triangle_closed_loop script to /home/nipun/ros2RB_ws/install/turtlesim_assignment/lib/turtlesim_assignment
[1.395s] Installing triangle_open_loop script to /home/nipun/ros2RB_ws/install/turtlesim_assignment/lib/turtlesim_assignment
[1.399s] writing list of installed files to '/home/nipun/ros2RB_ws/build/turtlesim_assignment/install.log'
[1.430s] Invoked command in '/home/nipun/ros2RB_ws/turtlesim_assignment' returned '0': PYTHONPATH=/home/nipun/ros2RB_ws/build/turtlesim_assignment/prefix_override:/usr/lib/python3/dist-packages/colcon_core/task/python/colcon_distutils_commands:/home/nipun/ros2RB_ws/install/turtlesim_assignment/lib/python3.10/site-packages:${PYTHONPATH} /usr/bin/python3 -W ignore:setup.py install is deprecated setup.py egg_info --egg-base ../build/turtlesim_assignment build --build-base /home/nipun/ros2RB_ws/build/turtlesim_assignment/build install --record /home/nipun/ros2RB_ws/build/turtlesim_assignment/install.log --single-version-externally-managed install_data
