[0.012s] Invoking command in '/home/nipun/ros2RB_ws/build/assignment1_cpp': CMAKE_PREFIX_PATH=${CMAKE_PREFIX_PATH}:/home/nipun/ros2RB_ws/install/simple_pkg:/home/nipun/ros2RB_ws/install/assignment1:/home/nipun/ros2_ws/install/my_py_pkg:/opt/ros/humble /usr/bin/cmake --build /home/nipun/ros2RB_ws/build/assignment1_cpp -- -j3 -l3
[0.041s] -- Found ament_cmake: 1.3.9 (/opt/ros/humble/share/ament_cmake/cmake)
[0.212s] -- Found rclcpp: 16.0.9 (/opt/ros/humble/share/rclcpp/cmake)
[0.258s] -- Found rosidl_generator_c: 3.1.5 (/opt/ros/humble/share/rosidl_generator_c/cmake)
[0.262s] -- Found rosidl_adapter: 3.1.5 (/opt/ros/humble/share/rosidl_adapter/cmake)
[0.272s] -- Found rosidl_generator_cpp: 3.1.5 (/opt/ros/humble/share/rosidl_generator_cpp/cmake)
[0.291s] -- Using all available rosidl_typesupport_c: rosidl_typesupport_fastrtps_c;rosidl_typesupport_introspection_c
[0.318s] -- Using all available rosidl_typesupport_cpp: rosidl_typesupport_fastrtps_cpp;rosidl_typesupport_introspection_cpp
[0.423s] -- Found rmw_implementation_cmake: 6.1.2 (/opt/ros/humble/share/rmw_implementation_cmake/cmake)
[0.425s] -- Found rmw_fastrtps_cpp: 6.2.6 (/opt/ros/humble/share/rmw_fastrtps_cpp/cmake)
[0.591s] -- Using RMW implementation 'rmw_fastrtps_cpp' as default
[0.888s] -- Found ament_lint_auto: 0.12.11 (/opt/ros/humble/share/ament_lint_auto/cmake)
[0.991s] -- Added test 'cppcheck' to perform static code analysis on C / C++ code
[0.992s] -- Configured cppcheck include dirs: 
[0.992s] -- Configured cppcheck exclude dirs and/or files: 
[0.993s] -- Added test 'flake8' to check Python code syntax and style conventions
[0.995s] -- Added test 'lint_cmake' to check CMake code style
[0.997s] -- Added test 'pep257' to check Python code against some of the docstring style conventions in PEP 257
[1.005s] -- Added test 'uncrustify' to check C / C++ code style
[1.005s] -- Configured uncrustify additional arguments: 
[1.006s] -- Added test 'xmllint' to check XML markup files
[1.007s] -- Configuring done
[1.027s] -- Generating done
[1.030s] -- Build files have been written to: /home/nipun/ros2RB_ws/build/assignment1_cpp
[1.064s] [35m[1mConsolidate compiler generated dependencies of target temp_pub[0m
[1.065s] [35m[1mConsolidate compiler generated dependencies of target temp_analysis[0m
[1.072s] [35m[1mConsolidate compiler generated dependencies of target status_sub[0m
[1.090s] [ 33%] Built target temp_pub
[1.098s] [100%] Built target status_sub
[1.098s] [100%] Built target temp_analysis
[1.108s] Invoked command in '/home/nipun/ros2RB_ws/build/assignment1_cpp' returned '0': CMAKE_PREFIX_PATH=${CMAKE_PREFIX_PATH}:/home/nipun/ros2RB_ws/install/simple_pkg:/home/nipun/ros2RB_ws/install/assignment1:/home/nipun/ros2_ws/install/my_py_pkg:/opt/ros/humble /usr/bin/cmake --build /home/nipun/ros2RB_ws/build/assignment1_cpp -- -j3 -l3
[1.154s] Invoking command in '/home/nipun/ros2RB_ws/build/assignment1_cpp': CMAKE_PREFIX_PATH=${CMAKE_PREFIX_PATH}:/home/nipun/ros2RB_ws/install/simple_pkg:/home/nipun/ros2RB_ws/install/assignment1:/home/nipun/ros2_ws/install/my_py_pkg:/opt/ros/humble /usr/bin/cmake --install /home/nipun/ros2RB_ws/build/assignment1_cpp
[1.162s] -- Install configuration: ""
[1.162s] -- Installing: /home/nipun/ros2RB_ws/install/assignment1_cpp/share/assignment1_cpp/launch
[1.163s] -- Installing: /home/nipun/ros2RB_ws/install/assignment1_cpp/share/assignment1_cpp/launch/assignment1_cpp_launch.py
[1.163s] -- Up-to-date: /home/nipun/ros2RB_ws/install/assignment1_cpp/lib/assignment1_cpp/temp_pub
[1.164s] -- Up-to-date: /home/nipun/ros2RB_ws/install/assignment1_cpp/lib/assignment1_cpp/temp_analysis
[1.164s] -- Up-to-date: /home/nipun/ros2RB_ws/install/assignment1_cpp/lib/assignment1_cpp/status_sub
[1.165s] -- Up-to-date: /home/nipun/ros2RB_ws/install/assignment1_cpp/share/ament_index/resource_index/package_run_dependencies/assignment1_cpp
[1.165s] -- Up-to-date: /home/nipun/ros2RB_ws/install/assignment1_cpp/share/ament_index/resource_index/parent_prefix_path/assignment1_cpp
[1.165s] -- Up-to-date: /home/nipun/ros2RB_ws/install/assignment1_cpp/share/assignment1_cpp/environment/ament_prefix_path.sh
[1.166s] -- Installing: /home/nipun/ros2RB_ws/install/assignment1_cpp/share/assignment1_cpp/environment/ament_prefix_path.dsv
[1.166s] -- Up-to-date: /home/nipun/ros2RB_ws/install/assignment1_cpp/share/assignment1_cpp/environment/path.sh
[1.166s] -- Installing: /home/nipun/ros2RB_ws/install/assignment1_cpp/share/assignment1_cpp/environment/path.dsv
[1.166s] -- Up-to-date: /home/nipun/ros2RB_ws/install/assignment1_cpp/share/assignment1_cpp/local_setup.bash
[1.167s] -- Up-to-date: /home/nipun/ros2RB_ws/install/assignment1_cpp/share/assignment1_cpp/local_setup.sh
[1.167s] -- Up-to-date: /home/nipun/ros2RB_ws/install/assignment1_cpp/share/assignment1_cpp/local_setup.zsh
[1.167s] -- Installing: /home/nipun/ros2RB_ws/install/assignment1_cpp/share/assignment1_cpp/local_setup.dsv
[1.167s] -- Installing: /home/nipun/ros2RB_ws/install/assignment1_cpp/share/assignment1_cpp/package.dsv
[1.168s] -- Up-to-date: /home/nipun/ros2RB_ws/install/assignment1_cpp/share/ament_index/resource_index/packages/assignment1_cpp
[1.168s] -- Up-to-date: /home/nipun/ros2RB_ws/install/assignment1_cpp/share/assignment1_cpp/cmake/assignment1_cppConfig.cmake
[1.168s] -- Up-to-date: /home/nipun/ros2RB_ws/install/assignment1_cpp/share/assignment1_cpp/cmake/assignment1_cppConfig-version.cmake
[1.168s] -- Up-to-date: /home/nipun/ros2RB_ws/install/assignment1_cpp/share/assignment1_cpp/package.xml
[1.170s] Invoked command in '/home/nipun/ros2RB_ws/build/assignment1_cpp' returned '0': CMAKE_PREFIX_PATH=${CMAKE_PREFIX_PATH}:/home/nipun/ros2RB_ws/install/simple_pkg:/home/nipun/ros2RB_ws/install/assignment1:/home/nipun/ros2_ws/install/my_py_pkg:/opt/ros/humble /usr/bin/cmake --install /home/nipun/ros2RB_ws/build/assignment1_cpp
