[1.542s] Invoking command in '/home/nipun/ros2RB_ws/build/turtlesim_assignment': PYTHONPATH=/home/nipun/ros2RB_ws/build/turtlesim_assignment/prefix_override:/usr/lib/python3/dist-packages/colcon_core/task/python/colcon_distutils_commands:/home/nipun/ros2RB_ws/install/turtlesim_assignment/lib/python3.10/site-packages:${PYTHONPATH} /usr/bin/python3 -W ignore:setup.py install is deprecated setup.py develop --editable --build-directory /home/nipun/ros2RB_ws/build/turtlesim_assignment/build --no-deps symlink_data --force
[2.245s] running develop
[2.621s] running egg_info
[2.625s] writing turtlesim_assignment.egg-info/PKG-INFO
[2.625s] writing dependency_links to turtlesim_assignment.egg-info/dependency_links.txt
[2.625s] writing entry points to turtlesim_assignment.egg-info/entry_points.txt
[2.625s] writing requirements to turtlesim_assignment.egg-info/requires.txt
[2.625s] writing top-level names to turtlesim_assignment.egg-info/top_level.txt
[2.625s] reading manifest file 'turtlesim_assignment.egg-info/SOURCES.txt'
[2.627s] writing manifest file 'turtlesim_assignment.egg-info/SOURCES.txt'
[2.630s] running build_ext
[2.630s] Creating /home/nipun/ros2RB_ws/install/turtlesim_assignment/lib/python3.10/site-packages/turtlesim-assignment.egg-link (link to .)
[2.632s] Installing displace_turtle script to /home/nipun/ros2RB_ws/install/turtlesim_assignment/lib/turtlesim_assignment
[2.632s] Installing square_open script to /home/nipun/ros2RB_ws/install/turtlesim_assignment/lib/turtlesim_assignment
[2.632s] 
[2.632s] Installed /home/nipun/ros2RB_ws/build/turtlesim_assignment
[2.633s] running symlink_data
[2.633s] symbolically linking /home/nipun/ros2RB_ws/build/turtlesim_assignment/resource/turtlesim_assignment -> /home/nipun/ros2RB_ws/install/turtlesim_assignment/share/ament_index/resource_index/packages
[2.633s] symbolically linking /home/nipun/ros2RB_ws/build/turtlesim_assignment/package.xml -> /home/nipun/ros2RB_ws/install/turtlesim_assignment/share/turtlesim_assignment
[2.681s] Invoked command in '/home/nipun/ros2RB_ws/build/turtlesim_assignment' returned '0': PYTHONPATH=/home/nipun/ros2RB_ws/build/turtlesim_assignment/prefix_override:/usr/lib/python3/dist-packages/colcon_core/task/python/colcon_distutils_commands:/home/nipun/ros2RB_ws/install/turtlesim_assignment/lib/python3.10/site-packages:${PYTHONPATH} /usr/bin/python3 -W ignore:setup.py install is deprecated setup.py develop --editable --build-directory /home/nipun/ros2RB_ws/build/turtlesim_assignment/build --no-deps symlink_data --force
