[0.545s] DEBUG:colcon:Command line arguments: ['/usr/bin/colcon', 'build']
[0.545s] DEBUG:colcon:Parsed command line arguments: Namespace(log_base=None, log_level=None, verb_name='build', build_base='build', install_base='install', merge_install=False, symlink_install=False, test_result_base=None, continue_on_error=False, executor='parallel', parallel_workers=3, event_handlers=None, ignore_user_meta=False, metas=['./colcon.meta'], base_paths=['.'], packages_ignore=None, packages_ignore_regex=None, paths=None, packages_up_to=None, packages_up_to_regex=None, packages_above=None, packages_above_and_dependencies=None, packages_above_depth=None, packages_select_by_dep=None, packages_skip_by_dep=None, packages_skip_up_to=None, packages_select_build_failed=False, packages_skip_build_finished=False, packages_select_test_failures=False, packages_skip_test_passed=False, packages_select=None, packages_skip=None, packages_select_regex=None, packages_skip_regex=None, packages_start=None, packages_end=None, allow_overriding=[], cmake_args=None, cmake_target=None, cmake_target_skip_unavailable=False, cmake_clean_cache=False, cmake_clean_first=False, cmake_force_configure=False, ament_cmake_args=None, catkin_cmake_args=None, catkin_skip_building_tests=False, verb_parser=<colcon_defaults.argument_parser.defaults.DefaultArgumentsDecorator object at 0x7941ca2c3fa0>, verb_extension=<colcon_core.verb.build.BuildVerb object at 0x7941ca2c3b50>, main=<bound method BuildVerb.main of <colcon_core.verb.build.BuildVerb object at 0x7941ca2c3b50>>)
[1.480s] Level 1:colcon.colcon_core.package_discovery:discover_packages(colcon_meta) check parameters
[1.480s] Level 1:colcon.colcon_core.package_discovery:discover_packages(recursive) check parameters
[1.481s] Level 1:colcon.colcon_core.package_discovery:discover_packages(ignore) check parameters
[1.481s] Level 1:colcon.colcon_core.package_discovery:discover_packages(path) check parameters
[1.481s] Level 1:colcon.colcon_core.package_discovery:discover_packages(colcon_meta) discover
[1.481s] Level 1:colcon.colcon_core.package_discovery:discover_packages(recursive) discover
[1.481s] INFO:colcon.colcon_core.package_discovery:Crawling recursively for packages in '/home/nipun/ros2RB_ws'
[1.482s] Level 1:colcon.colcon_core.package_identification:_identify(.) by extensions ['ignore', 'ignore_ament_install']
[1.482s] Level 1:colcon.colcon_core.package_identification:_identify(.) by extension 'ignore'
[1.482s] Level 1:colcon.colcon_core.package_identification:_identify(.) by extension 'ignore_ament_install'
[1.482s] Level 1:colcon.colcon_core.package_identification:_identify(.) by extensions ['colcon_pkg']
[1.483s] Level 1:colcon.colcon_core.package_identification:_identify(.) by extension 'colcon_pkg'
[1.483s] Level 1:colcon.colcon_core.package_identification:_identify(.) by extensions ['colcon_meta']
[1.483s] Level 1:colcon.colcon_core.package_identification:_identify(.) by extension 'colcon_meta'
[1.483s] Level 1:colcon.colcon_core.package_identification:_identify(.) by extensions ['ros']
[1.483s] Level 1:colcon.colcon_core.package_identification:_identify(.) by extension 'ros'
[1.511s] Level 1:colcon.colcon_core.package_identification:_identify(.) by extensions ['cmake', 'python']
[1.511s] Level 1:colcon.colcon_core.package_identification:_identify(.) by extension 'cmake'
[1.511s] Level 1:colcon.colcon_core.package_identification:_identify(.) by extension 'python'
[1.511s] Level 1:colcon.colcon_core.package_identification:_identify(.) by extensions ['python_setup_py']
[1.512s] Level 1:colcon.colcon_core.package_identification:_identify(.) by extension 'python_setup_py'
[1.513s] Level 1:colcon.colcon_core.package_identification:_identify(assignment1) by extensions ['ignore', 'ignore_ament_install']
[1.513s] Level 1:colcon.colcon_core.package_identification:_identify(assignment1) by extension 'ignore'
[1.513s] Level 1:colcon.colcon_core.package_identification:_identify(assignment1) by extension 'ignore_ament_install'
[1.514s] Level 1:colcon.colcon_core.package_identification:_identify(assignment1) by extensions ['colcon_pkg']
[1.514s] Level 1:colcon.colcon_core.package_identification:_identify(assignment1) by extension 'colcon_pkg'
[1.514s] Level 1:colcon.colcon_core.package_identification:_identify(assignment1) by extensions ['colcon_meta']
[1.514s] Level 1:colcon.colcon_core.package_identification:_identify(assignment1) by extension 'colcon_meta'
[1.514s] Level 1:colcon.colcon_core.package_identification:_identify(assignment1) by extensions ['ros']
[1.514s] Level 1:colcon.colcon_core.package_identification:_identify(assignment1) by extension 'ros'
[1.525s] DEBUG:colcon.colcon_core.package_identification:Package 'assignment1' with type 'ros.ament_python' and name 'assignment1'
[1.525s] Level 1:colcon.colcon_core.package_identification:_identify(assignment1_cpp) by extensions ['ignore', 'ignore_ament_install']
[1.525s] Level 1:colcon.colcon_core.package_identification:_identify(assignment1_cpp) by extension 'ignore'
[1.525s] Level 1:colcon.colcon_core.package_identification:_identify(assignment1_cpp) by extension 'ignore_ament_install'
[1.526s] Level 1:colcon.colcon_core.package_identification:_identify(assignment1_cpp) by extensions ['colcon_pkg']
[1.526s] Level 1:colcon.colcon_core.package_identification:_identify(assignment1_cpp) by extension 'colcon_pkg'
[1.526s] Level 1:colcon.colcon_core.package_identification:_identify(assignment1_cpp) by extensions ['colcon_meta']
[1.526s] Level 1:colcon.colcon_core.package_identification:_identify(assignment1_cpp) by extension 'colcon_meta'
[1.526s] Level 1:colcon.colcon_core.package_identification:_identify(assignment1_cpp) by extensions ['ros']
[1.526s] Level 1:colcon.colcon_core.package_identification:_identify(assignment1_cpp) by extension 'ros'
[1.527s] DEBUG:colcon.colcon_core.package_identification:Package 'assignment1_cpp' with type 'ros.ament_cmake' and name 'assignment1_cpp'
[1.528s] Level 1:colcon.colcon_core.package_identification:_identify(build) by extensions ['ignore', 'ignore_ament_install']
[1.528s] Level 1:colcon.colcon_core.package_identification:_identify(build) by extension 'ignore'
[1.528s] Level 1:colcon.colcon_core.package_identification:_identify(build) ignored
[1.528s] Level 1:colcon.colcon_core.package_identification:_identify(install) by extensions ['ignore', 'ignore_ament_install']
[1.529s] Level 1:colcon.colcon_core.package_identification:_identify(install) by extension 'ignore'
[1.529s] Level 1:colcon.colcon_core.package_identification:_identify(install) ignored
[1.529s] Level 1:colcon.colcon_core.package_identification:_identify(log) by extensions ['ignore', 'ignore_ament_install']
[1.529s] Level 1:colcon.colcon_core.package_identification:_identify(log) by extension 'ignore'
[1.530s] Level 1:colcon.colcon_core.package_identification:_identify(log) ignored
[1.531s] Level 1:colcon.colcon_core.package_identification:_identify(simple_pkg) by extensions ['ignore', 'ignore_ament_install']
[1.531s] Level 1:colcon.colcon_core.package_identification:_identify(simple_pkg) by extension 'ignore'
[1.531s] Level 1:colcon.colcon_core.package_identification:_identify(simple_pkg) by extension 'ignore_ament_install'
[1.531s] Level 1:colcon.colcon_core.package_identification:_identify(simple_pkg) by extensions ['colcon_pkg']
[1.531s] Level 1:colcon.colcon_core.package_identification:_identify(simple_pkg) by extension 'colcon_pkg'
[1.531s] Level 1:colcon.colcon_core.package_identification:_identify(simple_pkg) by extensions ['colcon_meta']
[1.531s] Level 1:colcon.colcon_core.package_identification:_identify(simple_pkg) by extension 'colcon_meta'
[1.531s] Level 1:colcon.colcon_core.package_identification:_identify(simple_pkg) by extensions ['ros']
[1.532s] Level 1:colcon.colcon_core.package_identification:_identify(simple_pkg) by extension 'ros'
[1.534s] DEBUG:colcon.colcon_core.package_identification:Package 'simple_pkg' with type 'ros.ament_python' and name 'simple_pkg'
[1.536s] Level 1:colcon.colcon_core.package_identification:_identify(simple_pkg_cpp) by extensions ['ignore', 'ignore_ament_install']
[1.536s] Level 1:colcon.colcon_core.package_identification:_identify(simple_pkg_cpp) by extension 'ignore'
[1.536s] Level 1:colcon.colcon_core.package_identification:_identify(simple_pkg_cpp) by extension 'ignore_ament_install'
[1.536s] Level 1:colcon.colcon_core.package_identification:_identify(simple_pkg_cpp) by extensions ['colcon_pkg']
[1.536s] Level 1:colcon.colcon_core.package_identification:_identify(simple_pkg_cpp) by extension 'colcon_pkg'
[1.536s] Level 1:colcon.colcon_core.package_identification:_identify(simple_pkg_cpp) by extensions ['colcon_meta']
[1.536s] Level 1:colcon.colcon_core.package_identification:_identify(simple_pkg_cpp) by extension 'colcon_meta'
[1.537s] Level 1:colcon.colcon_core.package_identification:_identify(simple_pkg_cpp) by extensions ['ros']
[1.537s] Level 1:colcon.colcon_core.package_identification:_identify(simple_pkg_cpp) by extension 'ros'
[1.539s] DEBUG:colcon.colcon_core.package_identification:Package 'simple_pkg_cpp' with type 'ros.ament_cmake' and name 'simple_pkg_cpp'
[1.539s] Level 1:colcon.colcon_core.package_discovery:discover_packages(recursive) using defaults
[1.539s] Level 1:colcon.colcon_core.package_discovery:discover_packages(ignore) discover
[1.540s] Level 1:colcon.colcon_core.package_discovery:discover_packages(ignore) using defaults
[1.540s] Level 1:colcon.colcon_core.package_discovery:discover_packages(path) discover
[1.540s] Level 1:colcon.colcon_core.package_discovery:discover_packages(path) using defaults
[1.642s] Level 1:colcon.colcon_core.package_discovery:discover_packages(prefix_path) check parameters
[1.642s] Level 1:colcon.colcon_core.package_discovery:discover_packages(prefix_path) discover
[1.662s] DEBUG:colcon.colcon_installed_package_information.package_discovery:Found 4 installed packages in /home/nipun/ros2RB_ws/install
[1.663s] DEBUG:colcon.colcon_installed_package_information.package_discovery:Found 4 installed packages in /home/nipun/ros2_ws/install
[1.667s] DEBUG:colcon.colcon_installed_package_information.package_discovery:Found 270 installed packages in /opt/ros/humble
[1.672s] Level 1:colcon.colcon_core.package_discovery:discover_packages(prefix_path) using defaults
[1.821s] Level 5:colcon.colcon_core.verb:set package 'assignment1' build argument 'cmake_args' from command line to 'None'
[1.821s] Level 5:colcon.colcon_core.verb:set package 'assignment1' build argument 'cmake_target' from command line to 'None'
[1.821s] Level 5:colcon.colcon_core.verb:set package 'assignment1' build argument 'cmake_target_skip_unavailable' from command line to 'False'
[1.821s] Level 5:colcon.colcon_core.verb:set package 'assignment1' build argument 'cmake_clean_cache' from command line to 'False'
[1.821s] Level 5:colcon.colcon_core.verb:set package 'assignment1' build argument 'cmake_clean_first' from command line to 'False'
[1.821s] Level 5:colcon.colcon_core.verb:set package 'assignment1' build argument 'cmake_force_configure' from command line to 'False'
[1.821s] Level 5:colcon.colcon_core.verb:set package 'assignment1' build argument 'ament_cmake_args' from command line to 'None'
[1.821s] Level 5:colcon.colcon_core.verb:set package 'assignment1' build argument 'catkin_cmake_args' from command line to 'None'
[1.822s] Level 5:colcon.colcon_core.verb:set package 'assignment1' build argument 'catkin_skip_building_tests' from command line to 'False'
[1.822s] DEBUG:colcon.colcon_core.verb:Building package 'assignment1' with the following arguments: {'ament_cmake_args': None, 'build_base': '/home/nipun/ros2RB_ws/build/assignment1', 'catkin_cmake_args': None, 'catkin_skip_building_tests': False, 'cmake_args': None, 'cmake_clean_cache': False, 'cmake_clean_first': False, 'cmake_force_configure': False, 'cmake_target': None, 'cmake_target_skip_unavailable': False, 'install_base': '/home/nipun/ros2RB_ws/install/assignment1', 'merge_install': False, 'path': '/home/nipun/ros2RB_ws/assignment1', 'symlink_install': False, 'test_result_base': None}
[1.823s] Level 5:colcon.colcon_core.verb:set package 'assignment1_cpp' build argument 'cmake_args' from command line to 'None'
[1.823s] Level 5:colcon.colcon_core.verb:set package 'assignment1_cpp' build argument 'cmake_target' from command line to 'None'
[1.823s] Level 5:colcon.colcon_core.verb:set package 'assignment1_cpp' build argument 'cmake_target_skip_unavailable' from command line to 'False'
[1.823s] Level 5:colcon.colcon_core.verb:set package 'assignment1_cpp' build argument 'cmake_clean_cache' from command line to 'False'
[1.823s] Level 5:colcon.colcon_core.verb:set package 'assignment1_cpp' build argument 'cmake_clean_first' from command line to 'False'
[1.823s] Level 5:colcon.colcon_core.verb:set package 'assignment1_cpp' build argument 'cmake_force_configure' from command line to 'False'
[1.823s] Level 5:colcon.colcon_core.verb:set package 'assignment1_cpp' build argument 'ament_cmake_args' from command line to 'None'
[1.823s] Level 5:colcon.colcon_core.verb:set package 'assignment1_cpp' build argument 'catkin_cmake_args' from command line to 'None'
[1.823s] Level 5:colcon.colcon_core.verb:set package 'assignment1_cpp' build argument 'catkin_skip_building_tests' from command line to 'False'
[1.823s] DEBUG:colcon.colcon_core.verb:Building package 'assignment1_cpp' with the following arguments: {'ament_cmake_args': None, 'build_base': '/home/nipun/ros2RB_ws/build/assignment1_cpp', 'catkin_cmake_args': None, 'catkin_skip_building_tests': False, 'cmake_args': None, 'cmake_clean_cache': False, 'cmake_clean_first': False, 'cmake_force_configure': False, 'cmake_target': None, 'cmake_target_skip_unavailable': False, 'install_base': '/home/nipun/ros2RB_ws/install/assignment1_cpp', 'merge_install': False, 'path': '/home/nipun/ros2RB_ws/assignment1_cpp', 'symlink_install': False, 'test_result_base': None}
[1.824s] Level 5:colcon.colcon_core.verb:set package 'simple_pkg' build argument 'cmake_args' from command line to 'None'
[1.824s] Level 5:colcon.colcon_core.verb:set package 'simple_pkg' build argument 'cmake_target' from command line to 'None'
[1.824s] Level 5:colcon.colcon_core.verb:set package 'simple_pkg' build argument 'cmake_target_skip_unavailable' from command line to 'False'
[1.824s] Level 5:colcon.colcon_core.verb:set package 'simple_pkg' build argument 'cmake_clean_cache' from command line to 'False'
[1.824s] Level 5:colcon.colcon_core.verb:set package 'simple_pkg' build argument 'cmake_clean_first' from command line to 'False'
[1.824s] Level 5:colcon.colcon_core.verb:set package 'simple_pkg' build argument 'cmake_force_configure' from command line to 'False'
[1.825s] Level 5:colcon.colcon_core.verb:set package 'simple_pkg' build argument 'ament_cmake_args' from command line to 'None'
[1.825s] Level 5:colcon.colcon_core.verb:set package 'simple_pkg' build argument 'catkin_cmake_args' from command line to 'None'
[1.825s] Level 5:colcon.colcon_core.verb:set package 'simple_pkg' build argument 'catkin_skip_building_tests' from command line to 'False'
[1.825s] DEBUG:colcon.colcon_core.verb:Building package 'simple_pkg' with the following arguments: {'ament_cmake_args': None, 'build_base': '/home/nipun/ros2RB_ws/build/simple_pkg', 'catkin_cmake_args': None, 'catkin_skip_building_tests': False, 'cmake_args': None, 'cmake_clean_cache': False, 'cmake_clean_first': False, 'cmake_force_configure': False, 'cmake_target': None, 'cmake_target_skip_unavailable': False, 'install_base': '/home/nipun/ros2RB_ws/install/simple_pkg', 'merge_install': False, 'path': '/home/nipun/ros2RB_ws/simple_pkg', 'symlink_install': False, 'test_result_base': None}
[1.826s] Level 5:colcon.colcon_core.verb:set package 'simple_pkg_cpp' build argument 'cmake_args' from command line to 'None'
[1.826s] Level 5:colcon.colcon_core.verb:set package 'simple_pkg_cpp' build argument 'cmake_target' from command line to 'None'
[1.826s] Level 5:colcon.colcon_core.verb:set package 'simple_pkg_cpp' build argument 'cmake_target_skip_unavailable' from command line to 'False'
[1.826s] Level 5:colcon.colcon_core.verb:set package 'simple_pkg_cpp' build argument 'cmake_clean_cache' from command line to 'False'
[1.826s] Level 5:colcon.colcon_core.verb:set package 'simple_pkg_cpp' build argument 'cmake_clean_first' from command line to 'False'
[1.826s] Level 5:colcon.colcon_core.verb:set package 'simple_pkg_cpp' build argument 'cmake_force_configure' from command line to 'False'
[1.826s] Level 5:colcon.colcon_core.verb:set package 'simple_pkg_cpp' build argument 'ament_cmake_args' from command line to 'None'
[1.826s] Level 5:colcon.colcon_core.verb:set package 'simple_pkg_cpp' build argument 'catkin_cmake_args' from command line to 'None'
[1.826s] Level 5:colcon.colcon_core.verb:set package 'simple_pkg_cpp' build argument 'catkin_skip_building_tests' from command line to 'False'
[1.826s] DEBUG:colcon.colcon_core.verb:Building package 'simple_pkg_cpp' with the following arguments: {'ament_cmake_args': None, 'build_base': '/home/nipun/ros2RB_ws/build/simple_pkg_cpp', 'catkin_cmake_args': None, 'catkin_skip_building_tests': False, 'cmake_args': None, 'cmake_clean_cache': False, 'cmake_clean_first': False, 'cmake_force_configure': False, 'cmake_target': None, 'cmake_target_skip_unavailable': False, 'install_base': '/home/nipun/ros2RB_ws/install/simple_pkg_cpp', 'merge_install': False, 'path': '/home/nipun/ros2RB_ws/simple_pkg_cpp', 'symlink_install': False, 'test_result_base': None}
[1.827s] INFO:colcon.colcon_core.executor:Executing jobs using 'parallel' executor
[1.829s] DEBUG:colcon.colcon_parallel_executor.executor.parallel:run_until_complete
[1.829s] INFO:colcon.colcon_ros.task.ament_python.build:Building ROS package in '/home/nipun/ros2RB_ws/assignment1' with build type 'ament_python'
[1.829s] Level 1:colcon.colcon_core.shell:create_environment_hook('assignment1', 'ament_prefix_path')
[1.851s] INFO:colcon.colcon_core.plugin_system:Skipping extension 'colcon_core.shell.bat': Not used on non-Windows systems
[1.851s] INFO:colcon.colcon_core.shell:Creating environment hook '/home/nipun/ros2RB_ws/install/assignment1/share/assignment1/hook/ament_prefix_path.ps1'
[1.854s] INFO:colcon.colcon_core.shell:Creating environment descriptor '/home/nipun/ros2RB_ws/install/assignment1/share/assignment1/hook/ament_prefix_path.dsv'
[1.856s] INFO:colcon.colcon_core.shell:Creating environment hook '/home/nipun/ros2RB_ws/install/assignment1/share/assignment1/hook/ament_prefix_path.sh'
[1.859s] INFO:colcon.colcon_core.shell:Skip shell extension 'powershell' for command environment: Not usable outside of PowerShell
[1.859s] DEBUG:colcon.colcon_core.shell:Skip shell extension 'dsv' for command environment
[1.876s] INFO:colcon.colcon_ros.task.ament_cmake.build:Building ROS package in '/home/nipun/ros2RB_ws/assignment1_cpp' with build type 'ament_cmake'
[1.877s] INFO:colcon.colcon_cmake.task.cmake.build:Building CMake package in '/home/nipun/ros2RB_ws/assignment1_cpp'
[1.877s] INFO:colcon.colcon_core.shell:Skip shell extension 'powershell' for command environment: Not usable outside of PowerShell
[1.877s] DEBUG:colcon.colcon_core.shell:Skip shell extension 'dsv' for command environment
[1.886s] INFO:colcon.colcon_ros.task.ament_python.build:Building ROS package in '/home/nipun/ros2RB_ws/simple_pkg' with build type 'ament_python'
[1.886s] Level 1:colcon.colcon_core.shell:create_environment_hook('simple_pkg', 'ament_prefix_path')
[1.886s] INFO:colcon.colcon_core.shell:Creating environment hook '/home/nipun/ros2RB_ws/install/simple_pkg/share/simple_pkg/hook/ament_prefix_path.ps1'
[1.887s] INFO:colcon.colcon_core.shell:Creating environment descriptor '/home/nipun/ros2RB_ws/install/simple_pkg/share/simple_pkg/hook/ament_prefix_path.dsv'
[1.888s] INFO:colcon.colcon_core.shell:Creating environment hook '/home/nipun/ros2RB_ws/install/simple_pkg/share/simple_pkg/hook/ament_prefix_path.sh'
[1.889s] INFO:colcon.colcon_core.shell:Skip shell extension 'powershell' for command environment: Not usable outside of PowerShell
[1.889s] DEBUG:colcon.colcon_core.shell:Skip shell extension 'dsv' for command environment
[2.609s] INFO:colcon.colcon_core.task.python.build:Building Python package in '/home/nipun/ros2RB_ws/assignment1'
[2.610s] INFO:colcon.colcon_core.shell:Skip shell extension 'powershell' for command environment: Not usable outside of PowerShell
[2.610s] DEBUG:colcon.colcon_core.shell:Skip shell extension 'dsv' for command environment
[2.622s] DEBUG:colcon.colcon_core.event_handler.log_command:Invoking command in '/home/nipun/ros2RB_ws/build/assignment1_cpp': CMAKE_PREFIX_PATH=${CMAKE_PREFIX_PATH}:/home/nipun/ros2RB_ws/install/simple_pkg:/home/nipun/ros2RB_ws/install/assignment1:/home/nipun/ros2_ws/install/my_py_pkg:/opt/ros/humble /usr/bin/cmake /home/nipun/ros2RB_ws/assignment1_cpp -DCMAKE_INSTALL_PREFIX=/home/nipun/ros2RB_ws/install/assignment1_cpp
[3.273s] INFO:colcon.colcon_core.task.python.build:Building Python package in '/home/nipun/ros2RB_ws/simple_pkg'
[3.274s] INFO:colcon.colcon_core.shell:Skip shell extension 'powershell' for command environment: Not usable outside of PowerShell
[3.274s] DEBUG:colcon.colcon_core.shell:Skip shell extension 'dsv' for command environment
[4.224s] DEBUG:colcon.colcon_core.event_handler.log_command:Invoking command in '/home/nipun/ros2RB_ws/simple_pkg': PYTHONPATH=/home/nipun/ros2RB_ws/build/simple_pkg/prefix_override:/usr/lib/python3/dist-packages/colcon_core/task/python/colcon_distutils_commands:/home/nipun/ros2RB_ws/install/simple_pkg/lib/python3.10/site-packages:${PYTHONPATH} /usr/bin/python3 -W ignore:setup.py install is deprecated setup.py egg_info --egg-base ../build/simple_pkg build --build-base /home/nipun/ros2RB_ws/build/simple_pkg/build install --record /home/nipun/ros2RB_ws/build/simple_pkg/install.log --single-version-externally-managed install_data
[4.253s] DEBUG:colcon.colcon_core.event_handler.log_command:Invoking command in '/home/nipun/ros2RB_ws/assignment1': PYTHONPATH=/home/nipun/ros2RB_ws/build/assignment1/prefix_override:/usr/lib/python3/dist-packages/colcon_core/task/python/colcon_distutils_commands:/home/nipun/ros2RB_ws/install/assignment1/lib/python3.10/site-packages:${PYTHONPATH} /usr/bin/python3 -W ignore:setup.py install is deprecated setup.py egg_info --egg-base ../build/assignment1 build --build-base /home/nipun/ros2RB_ws/build/assignment1/build install --record /home/nipun/ros2RB_ws/build/assignment1/install.log --single-version-externally-managed install_data
[4.755s] DEBUG:colcon.colcon_core.event_handler.log_command:Invoked command in '/home/nipun/ros2RB_ws/build/assignment1_cpp' returned '0': CMAKE_PREFIX_PATH=${CMAKE_PREFIX_PATH}:/home/nipun/ros2RB_ws/install/simple_pkg:/home/nipun/ros2RB_ws/install/assignment1:/home/nipun/ros2_ws/install/my_py_pkg:/opt/ros/humble /usr/bin/cmake /home/nipun/ros2RB_ws/assignment1_cpp -DCMAKE_INSTALL_PREFIX=/home/nipun/ros2RB_ws/install/assignment1_cpp
[4.756s] DEBUG:colcon.colcon_core.event_handler.log_command:Invoking command in '/home/nipun/ros2RB_ws/build/assignment1_cpp': CMAKE_PREFIX_PATH=${CMAKE_PREFIX_PATH}:/home/nipun/ros2RB_ws/install/simple_pkg:/home/nipun/ros2RB_ws/install/assignment1:/home/nipun/ros2_ws/install/my_py_pkg:/opt/ros/humble /usr/bin/cmake --build /home/nipun/ros2RB_ws/build/assignment1_cpp -- -j3 -l3
[4.842s] DEBUG:colcon.colcon_core.event_handler.log_command:Invoked command in '/home/nipun/ros2RB_ws/build/assignment1_cpp' returned '0': CMAKE_PREFIX_PATH=${CMAKE_PREFIX_PATH}:/home/nipun/ros2RB_ws/install/simple_pkg:/home/nipun/ros2RB_ws/install/assignment1:/home/nipun/ros2_ws/install/my_py_pkg:/opt/ros/humble /usr/bin/cmake --build /home/nipun/ros2RB_ws/build/assignment1_cpp -- -j3 -l3
[4.932s] DEBUG:colcon.colcon_core.event_handler.log_command:Invoking command in '/home/nipun/ros2RB_ws/build/assignment1_cpp': CMAKE_PREFIX_PATH=${CMAKE_PREFIX_PATH}:/home/nipun/ros2RB_ws/install/simple_pkg:/home/nipun/ros2RB_ws/install/assignment1:/home/nipun/ros2_ws/install/my_py_pkg:/opt/ros/humble /usr/bin/cmake --install /home/nipun/ros2RB_ws/build/assignment1_cpp
[4.959s] Level 1:colcon.colcon_core.environment:create_environment_scripts_only(assignment1_cpp)
[4.961s] DEBUG:colcon.colcon_core.event_handler.log_command:Invoked command in '/home/nipun/ros2RB_ws/build/assignment1_cpp' returned '0': CMAKE_PREFIX_PATH=${CMAKE_PREFIX_PATH}:/home/nipun/ros2RB_ws/install/simple_pkg:/home/nipun/ros2RB_ws/install/assignment1:/home/nipun/ros2_ws/install/my_py_pkg:/opt/ros/humble /usr/bin/cmake --install /home/nipun/ros2RB_ws/build/assignment1_cpp
[4.992s] Level 1:colcon.colcon_core.environment:checking '/home/nipun/ros2RB_ws/install/assignment1_cpp' for CMake module files
[4.994s] Level 1:colcon.colcon_core.environment:checking '/home/nipun/ros2RB_ws/install/assignment1_cpp' for CMake config files
[4.994s] Level 1:colcon.colcon_core.shell:create_environment_hook('assignment1_cpp', 'cmake_prefix_path')
[4.995s] INFO:colcon.colcon_core.shell:Creating environment hook '/home/nipun/ros2RB_ws/install/assignment1_cpp/share/assignment1_cpp/hook/cmake_prefix_path.ps1'
[4.996s] INFO:colcon.colcon_core.shell:Creating environment descriptor '/home/nipun/ros2RB_ws/install/assignment1_cpp/share/assignment1_cpp/hook/cmake_prefix_path.dsv'
[4.996s] INFO:colcon.colcon_core.shell:Creating environment hook '/home/nipun/ros2RB_ws/install/assignment1_cpp/share/assignment1_cpp/hook/cmake_prefix_path.sh'
[4.997s] Level 1:colcon.colcon_core.environment:checking '/home/nipun/ros2RB_ws/install/assignment1_cpp/bin'
[4.997s] Level 1:colcon.colcon_core.environment:checking '/home/nipun/ros2RB_ws/install/assignment1_cpp/lib/pkgconfig/assignment1_cpp.pc'
[4.998s] Level 1:colcon.colcon_core.environment:checking '/home/nipun/ros2RB_ws/install/assignment1_cpp/lib/python3.10/site-packages'
[4.998s] Level 1:colcon.colcon_core.environment:checking '/home/nipun/ros2RB_ws/install/assignment1_cpp/bin'
[4.999s] INFO:colcon.colcon_core.shell:Creating package script '/home/nipun/ros2RB_ws/install/assignment1_cpp/share/assignment1_cpp/package.ps1'
[5.005s] INFO:colcon.colcon_core.shell:Creating package descriptor '/home/nipun/ros2RB_ws/install/assignment1_cpp/share/assignment1_cpp/package.dsv'
[5.007s] INFO:colcon.colcon_core.shell:Creating package script '/home/nipun/ros2RB_ws/install/assignment1_cpp/share/assignment1_cpp/package.sh'
[5.009s] INFO:colcon.colcon_core.shell:Creating package script '/home/nipun/ros2RB_ws/install/assignment1_cpp/share/assignment1_cpp/package.bash'
[5.012s] INFO:colcon.colcon_core.shell:Creating package script '/home/nipun/ros2RB_ws/install/assignment1_cpp/share/assignment1_cpp/package.zsh'
[5.015s] Level 1:colcon.colcon_core.environment:create_file_with_runtime_dependencies(/home/nipun/ros2RB_ws/install/assignment1_cpp/share/colcon-core/packages/assignment1_cpp)
[5.019s] Level 1:colcon.colcon_core.environment:checking '/home/nipun/ros2RB_ws/install/simple_pkg' for CMake module files
[5.020s] DEBUG:colcon.colcon_core.event_handler.log_command:Invoked command in '/home/nipun/ros2RB_ws/simple_pkg' returned '0': PYTHONPATH=/home/nipun/ros2RB_ws/build/simple_pkg/prefix_override:/usr/lib/python3/dist-packages/colcon_core/task/python/colcon_distutils_commands:/home/nipun/ros2RB_ws/install/simple_pkg/lib/python3.10/site-packages:${PYTHONPATH} /usr/bin/python3 -W ignore:setup.py install is deprecated setup.py egg_info --egg-base ../build/simple_pkg build --build-base /home/nipun/ros2RB_ws/build/simple_pkg/build install --record /home/nipun/ros2RB_ws/build/simple_pkg/install.log --single-version-externally-managed install_data
[5.021s] Level 1:colcon.colcon_core.environment:checking '/home/nipun/ros2RB_ws/install/simple_pkg' for CMake config files
[5.022s] Level 1:colcon.colcon_core.environment:checking '/home/nipun/ros2RB_ws/install/simple_pkg/lib'
[5.023s] Level 1:colcon.colcon_core.environment:checking '/home/nipun/ros2RB_ws/install/simple_pkg/bin'
[5.023s] Level 1:colcon.colcon_core.environment:checking '/home/nipun/ros2RB_ws/install/simple_pkg/lib/pkgconfig/simple_pkg.pc'
[5.023s] Level 1:colcon.colcon_core.environment:checking '/home/nipun/ros2RB_ws/install/simple_pkg/lib/python3.10/site-packages'
[5.023s] Level 1:colcon.colcon_core.shell:create_environment_hook('simple_pkg', 'pythonpath')
[5.024s] INFO:colcon.colcon_core.shell:Creating environment hook '/home/nipun/ros2RB_ws/install/simple_pkg/share/simple_pkg/hook/pythonpath.ps1'
[5.025s] INFO:colcon.colcon_core.shell:Creating environment descriptor '/home/nipun/ros2RB_ws/install/simple_pkg/share/simple_pkg/hook/pythonpath.dsv'
[5.025s] INFO:colcon.colcon_core.shell:Creating environment hook '/home/nipun/ros2RB_ws/install/simple_pkg/share/simple_pkg/hook/pythonpath.sh'
[5.026s] Level 1:colcon.colcon_core.environment:checking '/home/nipun/ros2RB_ws/install/simple_pkg/bin'
[5.027s] Level 1:colcon.colcon_core.environment:create_environment_scripts_only(simple_pkg)
[5.027s] INFO:colcon.colcon_core.shell:Creating package script '/home/nipun/ros2RB_ws/install/simple_pkg/share/simple_pkg/package.ps1'
[5.028s] INFO:colcon.colcon_core.shell:Creating package descriptor '/home/nipun/ros2RB_ws/install/simple_pkg/share/simple_pkg/package.dsv'
[5.029s] INFO:colcon.colcon_core.shell:Creating package script '/home/nipun/ros2RB_ws/install/simple_pkg/share/simple_pkg/package.sh'
[5.030s] INFO:colcon.colcon_core.shell:Creating package script '/home/nipun/ros2RB_ws/install/simple_pkg/share/simple_pkg/package.bash'
[5.030s] INFO:colcon.colcon_core.shell:Creating package script '/home/nipun/ros2RB_ws/install/simple_pkg/share/simple_pkg/package.zsh'
[5.031s] Level 1:colcon.colcon_core.environment:create_file_with_runtime_dependencies(/home/nipun/ros2RB_ws/install/simple_pkg/share/colcon-core/packages/simple_pkg)
[5.032s] INFO:colcon.colcon_ros.task.ament_cmake.build:Building ROS package in '/home/nipun/ros2RB_ws/simple_pkg_cpp' with build type 'ament_cmake'
[5.032s] INFO:colcon.colcon_cmake.task.cmake.build:Building CMake package in '/home/nipun/ros2RB_ws/simple_pkg_cpp'
[5.033s] INFO:colcon.colcon_core.shell:Skip shell extension 'powershell' for command environment: Not usable outside of PowerShell
[5.033s] DEBUG:colcon.colcon_core.shell:Skip shell extension 'dsv' for command environment
[5.043s] Level 1:colcon.colcon_core.environment:checking '/home/nipun/ros2RB_ws/install/assignment1' for CMake module files
[5.047s] DEBUG:colcon.colcon_core.event_handler.log_command:Invoked command in '/home/nipun/ros2RB_ws/assignment1' returned '0': PYTHONPATH=/home/nipun/ros2RB_ws/build/assignment1/prefix_override:/usr/lib/python3/dist-packages/colcon_core/task/python/colcon_distutils_commands:/home/nipun/ros2RB_ws/install/assignment1/lib/python3.10/site-packages:${PYTHONPATH} /usr/bin/python3 -W ignore:setup.py install is deprecated setup.py egg_info --egg-base ../build/assignment1 build --build-base /home/nipun/ros2RB_ws/build/assignment1/build install --record /home/nipun/ros2RB_ws/build/assignment1/install.log --single-version-externally-managed install_data
[5.047s] Level 1:colcon.colcon_core.environment:checking '/home/nipun/ros2RB_ws/install/assignment1' for CMake config files
[5.049s] Level 1:colcon.colcon_core.environment:checking '/home/nipun/ros2RB_ws/install/assignment1/lib'
[5.049s] Level 1:colcon.colcon_core.environment:checking '/home/nipun/ros2RB_ws/install/assignment1/bin'
[5.050s] Level 1:colcon.colcon_core.environment:checking '/home/nipun/ros2RB_ws/install/assignment1/lib/pkgconfig/assignment1.pc'
[5.050s] Level 1:colcon.colcon_core.environment:checking '/home/nipun/ros2RB_ws/install/assignment1/lib/python3.10/site-packages'
[5.050s] Level 1:colcon.colcon_core.shell:create_environment_hook('assignment1', 'pythonpath')
[5.051s] INFO:colcon.colcon_core.shell:Creating environment hook '/home/nipun/ros2RB_ws/install/assignment1/share/assignment1/hook/pythonpath.ps1'
[5.051s] INFO:colcon.colcon_core.shell:Creating environment descriptor '/home/nipun/ros2RB_ws/install/assignment1/share/assignment1/hook/pythonpath.dsv'
[5.052s] INFO:colcon.colcon_core.shell:Creating environment hook '/home/nipun/ros2RB_ws/install/assignment1/share/assignment1/hook/pythonpath.sh'
[5.053s] Level 1:colcon.colcon_core.environment:checking '/home/nipun/ros2RB_ws/install/assignment1/bin'
[5.054s] Level 1:colcon.colcon_core.environment:create_environment_scripts_only(assignment1)
[5.054s] INFO:colcon.colcon_core.shell:Creating package script '/home/nipun/ros2RB_ws/install/assignment1/share/assignment1/package.ps1'
[5.055s] INFO:colcon.colcon_core.shell:Creating package descriptor '/home/nipun/ros2RB_ws/install/assignment1/share/assignment1/package.dsv'
[5.056s] INFO:colcon.colcon_core.shell:Creating package script '/home/nipun/ros2RB_ws/install/assignment1/share/assignment1/package.sh'
[5.057s] INFO:colcon.colcon_core.shell:Creating package script '/home/nipun/ros2RB_ws/install/assignment1/share/assignment1/package.bash'
[5.057s] INFO:colcon.colcon_core.shell:Creating package script '/home/nipun/ros2RB_ws/install/assignment1/share/assignment1/package.zsh'
[5.059s] Level 1:colcon.colcon_core.environment:create_file_with_runtime_dependencies(/home/nipun/ros2RB_ws/install/assignment1/share/colcon-core/packages/assignment1)
[5.070s] DEBUG:colcon.colcon_core.event_handler.log_command:Invoking command in '/home/nipun/ros2RB_ws/build/simple_pkg_cpp': CMAKE_PREFIX_PATH=${CMAKE_PREFIX_PATH}:/home/nipun/ros2RB_ws/install/simple_pkg:/home/nipun/ros2RB_ws/install/assignment1:/home/nipun/ros2_ws/install/my_py_pkg:/opt/ros/humble /usr/bin/cmake --build /home/nipun/ros2RB_ws/build/simple_pkg_cpp -- -j3 -l3
[5.076s] Level 1:colcon.colcon_core.environment:create_environment_scripts_only(assignment1_cpp)
[5.077s] Level 1:colcon.colcon_core.environment:checking '/home/nipun/ros2RB_ws/install/assignment1_cpp' for CMake module files
[5.078s] Level 1:colcon.colcon_core.environment:checking '/home/nipun/ros2RB_ws/install/assignment1_cpp' for CMake config files
[5.079s] Level 1:colcon.colcon_core.shell:create_environment_hook('assignment1_cpp', 'cmake_prefix_path')
[5.079s] INFO:colcon.colcon_core.shell:Creating environment hook '/home/nipun/ros2RB_ws/install/assignment1_cpp/share/assignment1_cpp/hook/cmake_prefix_path.ps1'
[5.080s] INFO:colcon.colcon_core.shell:Creating environment descriptor '/home/nipun/ros2RB_ws/install/assignment1_cpp/share/assignment1_cpp/hook/cmake_prefix_path.dsv'
[5.081s] INFO:colcon.colcon_core.shell:Creating environment hook '/home/nipun/ros2RB_ws/install/assignment1_cpp/share/assignment1_cpp/hook/cmake_prefix_path.sh'
[5.082s] Level 1:colcon.colcon_core.environment:checking '/home/nipun/ros2RB_ws/install/assignment1_cpp/bin'
[5.082s] Level 1:colcon.colcon_core.environment:checking '/home/nipun/ros2RB_ws/install/assignment1_cpp/lib/pkgconfig/assignment1_cpp.pc'
[5.082s] Level 1:colcon.colcon_core.environment:checking '/home/nipun/ros2RB_ws/install/assignment1_cpp/lib/python3.10/site-packages'
[5.083s] Level 1:colcon.colcon_core.environment:checking '/home/nipun/ros2RB_ws/install/assignment1_cpp/bin'
[5.084s] INFO:colcon.colcon_core.shell:Creating package script '/home/nipun/ros2RB_ws/install/assignment1_cpp/share/assignment1_cpp/package.ps1'
[5.086s] INFO:colcon.colcon_core.shell:Creating package descriptor '/home/nipun/ros2RB_ws/install/assignment1_cpp/share/assignment1_cpp/package.dsv'
[5.088s] INFO:colcon.colcon_core.shell:Creating package script '/home/nipun/ros2RB_ws/install/assignment1_cpp/share/assignment1_cpp/package.sh'
[5.089s] INFO:colcon.colcon_core.shell:Creating package script '/home/nipun/ros2RB_ws/install/assignment1_cpp/share/assignment1_cpp/package.bash'
[5.090s] INFO:colcon.colcon_core.shell:Creating package script '/home/nipun/ros2RB_ws/install/assignment1_cpp/share/assignment1_cpp/package.zsh'
[5.091s] Level 1:colcon.colcon_core.environment:create_file_with_runtime_dependencies(/home/nipun/ros2RB_ws/install/assignment1_cpp/share/colcon-core/packages/assignment1_cpp)
[5.413s] DEBUG:colcon.colcon_core.event_handler.log_command:Invoked command in '/home/nipun/ros2RB_ws/build/simple_pkg_cpp' returned '0': CMAKE_PREFIX_PATH=${CMAKE_PREFIX_PATH}:/home/nipun/ros2RB_ws/install/simple_pkg:/home/nipun/ros2RB_ws/install/assignment1:/home/nipun/ros2_ws/install/my_py_pkg:/opt/ros/humble /usr/bin/cmake --build /home/nipun/ros2RB_ws/build/simple_pkg_cpp -- -j3 -l3
[5.497s] DEBUG:colcon.colcon_core.event_handler.log_command:Invoking command in '/home/nipun/ros2RB_ws/build/simple_pkg_cpp': CMAKE_PREFIX_PATH=${CMAKE_PREFIX_PATH}:/home/nipun/ros2RB_ws/install/simple_pkg:/home/nipun/ros2RB_ws/install/assignment1:/home/nipun/ros2_ws/install/my_py_pkg:/opt/ros/humble /usr/bin/cmake --install /home/nipun/ros2RB_ws/build/simple_pkg_cpp
[5.559s] Level 1:colcon.colcon_core.environment:create_environment_scripts_only(simple_pkg_cpp)
[5.560s] Level 1:colcon.colcon_core.environment:checking '/home/nipun/ros2RB_ws/install/simple_pkg_cpp' for CMake module files
[5.562s] DEBUG:colcon.colcon_core.event_handler.log_command:Invoked command in '/home/nipun/ros2RB_ws/build/simple_pkg_cpp' returned '0': CMAKE_PREFIX_PATH=${CMAKE_PREFIX_PATH}:/home/nipun/ros2RB_ws/install/simple_pkg:/home/nipun/ros2RB_ws/install/assignment1:/home/nipun/ros2_ws/install/my_py_pkg:/opt/ros/humble /usr/bin/cmake --install /home/nipun/ros2RB_ws/build/simple_pkg_cpp
[5.562s] Level 1:colcon.colcon_core.environment:checking '/home/nipun/ros2RB_ws/install/simple_pkg_cpp' for CMake config files
[5.563s] Level 1:colcon.colcon_core.shell:create_environment_hook('simple_pkg_cpp', 'cmake_prefix_path')
[5.564s] INFO:colcon.colcon_core.shell:Creating environment hook '/home/nipun/ros2RB_ws/install/simple_pkg_cpp/share/simple_pkg_cpp/hook/cmake_prefix_path.ps1'
[5.565s] INFO:colcon.colcon_core.shell:Creating environment descriptor '/home/nipun/ros2RB_ws/install/simple_pkg_cpp/share/simple_pkg_cpp/hook/cmake_prefix_path.dsv'
[5.566s] INFO:colcon.colcon_core.shell:Creating environment hook '/home/nipun/ros2RB_ws/install/simple_pkg_cpp/share/simple_pkg_cpp/hook/cmake_prefix_path.sh'
[5.568s] Level 1:colcon.colcon_core.environment:checking '/home/nipun/ros2RB_ws/install/simple_pkg_cpp/lib'
[5.568s] Level 1:colcon.colcon_core.environment:checking '/home/nipun/ros2RB_ws/install/simple_pkg_cpp/bin'
[5.568s] Level 1:colcon.colcon_core.environment:checking '/home/nipun/ros2RB_ws/install/simple_pkg_cpp/lib/pkgconfig/simple_pkg_cpp.pc'
[5.569s] Level 1:colcon.colcon_core.environment:checking '/home/nipun/ros2RB_ws/install/simple_pkg_cpp/lib/python3.10/site-packages'
[5.570s] Level 1:colcon.colcon_core.environment:checking '/home/nipun/ros2RB_ws/install/simple_pkg_cpp/bin'
[5.571s] INFO:colcon.colcon_core.shell:Creating package script '/home/nipun/ros2RB_ws/install/simple_pkg_cpp/share/simple_pkg_cpp/package.ps1'
[5.572s] INFO:colcon.colcon_core.shell:Creating package descriptor '/home/nipun/ros2RB_ws/install/simple_pkg_cpp/share/simple_pkg_cpp/package.dsv'
[5.574s] INFO:colcon.colcon_core.shell:Creating package script '/home/nipun/ros2RB_ws/install/simple_pkg_cpp/share/simple_pkg_cpp/package.sh'
[5.575s] INFO:colcon.colcon_core.shell:Creating package script '/home/nipun/ros2RB_ws/install/simple_pkg_cpp/share/simple_pkg_cpp/package.bash'
[5.576s] INFO:colcon.colcon_core.shell:Creating package script '/home/nipun/ros2RB_ws/install/simple_pkg_cpp/share/simple_pkg_cpp/package.zsh'
[5.577s] Level 1:colcon.colcon_core.environment:create_file_with_runtime_dependencies(/home/nipun/ros2RB_ws/install/simple_pkg_cpp/share/colcon-core/packages/simple_pkg_cpp)
[5.665s] Level 1:colcon.colcon_core.environment:create_environment_scripts_only(simple_pkg_cpp)
[5.666s] Level 1:colcon.colcon_core.environment:checking '/home/nipun/ros2RB_ws/install/simple_pkg_cpp' for CMake module files
[5.668s] Level 1:colcon.colcon_core.environment:checking '/home/nipun/ros2RB_ws/install/simple_pkg_cpp' for CMake config files
[5.669s] Level 1:colcon.colcon_core.shell:create_environment_hook('simple_pkg_cpp', 'cmake_prefix_path')
[5.670s] INFO:colcon.colcon_core.shell:Creating environment hook '/home/nipun/ros2RB_ws/install/simple_pkg_cpp/share/simple_pkg_cpp/hook/cmake_prefix_path.ps1'
[5.671s] INFO:colcon.colcon_core.shell:Creating environment descriptor '/home/nipun/ros2RB_ws/install/simple_pkg_cpp/share/simple_pkg_cpp/hook/cmake_prefix_path.dsv'
[5.672s] INFO:colcon.colcon_core.shell:Creating environment hook '/home/nipun/ros2RB_ws/install/simple_pkg_cpp/share/simple_pkg_cpp/hook/cmake_prefix_path.sh'
[5.674s] Level 1:colcon.colcon_core.environment:checking '/home/nipun/ros2RB_ws/install/simple_pkg_cpp/lib'
[5.675s] Level 1:colcon.colcon_core.environment:checking '/home/nipun/ros2RB_ws/install/simple_pkg_cpp/bin'
[5.675s] Level 1:colcon.colcon_core.environment:checking '/home/nipun/ros2RB_ws/install/simple_pkg_cpp/lib/pkgconfig/simple_pkg_cpp.pc'
[5.676s] Level 1:colcon.colcon_core.environment:checking '/home/nipun/ros2RB_ws/install/simple_pkg_cpp/lib/python3.10/site-packages'
[5.676s] Level 1:colcon.colcon_core.environment:checking '/home/nipun/ros2RB_ws/install/simple_pkg_cpp/bin'
[5.678s] INFO:colcon.colcon_core.shell:Creating package script '/home/nipun/ros2RB_ws/install/simple_pkg_cpp/share/simple_pkg_cpp/package.ps1'
[5.679s] INFO:colcon.colcon_core.shell:Creating package descriptor '/home/nipun/ros2RB_ws/install/simple_pkg_cpp/share/simple_pkg_cpp/package.dsv'
[5.681s] INFO:colcon.colcon_core.shell:Creating package script '/home/nipun/ros2RB_ws/install/simple_pkg_cpp/share/simple_pkg_cpp/package.sh'
[5.682s] INFO:colcon.colcon_core.shell:Creating package script '/home/nipun/ros2RB_ws/install/simple_pkg_cpp/share/simple_pkg_cpp/package.bash'
[5.683s] INFO:colcon.colcon_core.shell:Creating package script '/home/nipun/ros2RB_ws/install/simple_pkg_cpp/share/simple_pkg_cpp/package.zsh'
[5.684s] Level 1:colcon.colcon_core.environment:create_file_with_runtime_dependencies(/home/nipun/ros2RB_ws/install/simple_pkg_cpp/share/colcon-core/packages/simple_pkg_cpp)
[5.685s] DEBUG:colcon.colcon_parallel_executor.executor.parallel:closing loop
[5.685s] DEBUG:colcon.colcon_parallel_executor.executor.parallel:loop closed
[5.685s] DEBUG:colcon.colcon_parallel_executor.executor.parallel:run_until_complete finished with '0'
[5.686s] DEBUG:colcon.colcon_core.event_reactor:joining thread
[5.705s] INFO:colcon.colcon_core.plugin_system:Skipping extension 'colcon_notification.desktop_notification.terminal_notifier': Not used on non-Darwin systems
[5.705s] INFO:colcon.colcon_core.plugin_system:Skipping extension 'colcon_notification.desktop_notification.win32': Not used on non-Windows systems
[5.705s] INFO:colcon.colcon_notification.desktop_notification:Sending desktop notification using 'notify2'
[5.751s] DEBUG:colcon.colcon_core.event_reactor:joined thread
[5.752s] INFO:colcon.colcon_core.shell:Creating prefix script '/home/nipun/ros2RB_ws/install/local_setup.ps1'
[5.755s] INFO:colcon.colcon_core.shell:Creating prefix util module '/home/nipun/ros2RB_ws/install/_local_setup_util_ps1.py'
[5.760s] INFO:colcon.colcon_core.shell:Creating prefix chain script '/home/nipun/ros2RB_ws/install/setup.ps1'
[5.763s] INFO:colcon.colcon_core.shell:Creating prefix script '/home/nipun/ros2RB_ws/install/local_setup.sh'
[5.764s] INFO:colcon.colcon_core.shell:Creating prefix util module '/home/nipun/ros2RB_ws/install/_local_setup_util_sh.py'
[5.765s] INFO:colcon.colcon_core.shell:Creating prefix chain script '/home/nipun/ros2RB_ws/install/setup.sh'
[5.768s] INFO:colcon.colcon_core.shell:Creating prefix script '/home/nipun/ros2RB_ws/install/local_setup.bash'
[5.770s] INFO:colcon.colcon_core.shell:Creating prefix chain script '/home/nipun/ros2RB_ws/install/setup.bash'
[5.773s] INFO:colcon.colcon_core.shell:Creating prefix script '/home/nipun/ros2RB_ws/install/local_setup.zsh'
[5.774s] INFO:colcon.colcon_core.shell:Creating prefix chain script '/home/nipun/ros2RB_ws/install/setup.zsh'
