running egg_info
creating ../build/simple_pkg/simple_pkg.egg-info
writing ../build/simple_pkg/simple_pkg.egg-info/PKG-INFO
writing dependency_links to ../build/simple_pkg/simple_pkg.egg-info/dependency_links.txt
writing entry points to ../build/simple_pkg/simple_pkg.egg-info/entry_points.txt
writing requirements to ../build/simple_pkg/simple_pkg.egg-info/requires.txt
writing top-level names to ../build/simple_pkg/simple_pkg.egg-info/top_level.txt
writing manifest file '../build/simple_pkg/simple_pkg.egg-info/SOURCES.txt'
reading manifest file '../build/simple_pkg/simple_pkg.egg-info/SOURCES.txt'
writing manifest file '../build/simple_pkg/simple_pkg.egg-info/SOURCES.txt'
running build
running build_py
creating /home/nipun/ros2RB_ws/build/simple_pkg/build
creating /home/nipun/ros2RB_ws/build/simple_pkg/build/lib
creating /home/nipun/ros2RB_ws/build/simple_pkg/build/lib/simple_pkg
copying simple_pkg/__init__.py -> /home/nipun/ros2RB_ws/build/simple_pkg/build/lib/simple_pkg
running install
running install_lib
creating /home/nipun/ros2RB_ws/install/simple_pkg/lib/python3.10/site-packages/simple_pkg
copying /home/nipun/ros2RB_ws/build/simple_pkg/build/lib/simple_pkg/__init__.py -> /home/nipun/ros2RB_ws/install/simple_pkg/lib/python3.10/site-packages/simple_pkg
byte-compiling /home/nipun/ros2RB_ws/install/simple_pkg/lib/python3.10/site-packages/simple_pkg/__init__.py to __init__.cpython-310.pyc
running install_data
creating /home/nipun/ros2RB_ws/install/simple_pkg/share/ament_index
creating /home/nipun/ros2RB_ws/install/simple_pkg/share/ament_index/resource_index
creating /home/nipun/ros2RB_ws/install/simple_pkg/share/ament_index/resource_index/packages
copying resource/simple_pkg -> /home/nipun/ros2RB_ws/install/simple_pkg/share/ament_index/resource_index/packages
copying package.xml -> /home/nipun/ros2RB_ws/install/simple_pkg/share/simple_pkg
running install_egg_info
Copying ../build/simple_pkg/simple_pkg.egg-info to /home/nipun/ros2RB_ws/install/simple_pkg/lib/python3.10/site-packages/simple_pkg-0.0.0-py3.10.egg-info
running install_scripts
writing list of installed files to '/home/nipun/ros2RB_ws/build/simple_pkg/install.log'
