[0.020s] Invoking command in '/home/nipun/ros2RB_ws/build/learningPubSubPkg': CMAKE_PREFIX_PATH=${CMAKE_PREFIX_PATH}:/home/nipun/ros2_ws/install/my_py_pkg:/opt/ros/humble /usr/bin/cmake --build /home/nipun/ros2RB_ws/build/learningPubSubPkg -- -j3 -l3
[0.048s] -- Found ament_cmake: 1.3.9 (/opt/ros/humble/share/ament_cmake/cmake)
[0.209s] -- Found ament_lint_auto: 0.12.11 (/opt/ros/humble/share/ament_lint_auto/cmake)
[0.281s] WARNING: Package name "learningPubSubPkg" does not follow the naming conventions. It should start with a lower case letter and only contain lower case letters, digits, underscores, and dashes.
[0.314s] -- Added test 'cppcheck' to perform static code analysis on C / C++ code
[0.314s] -- Configured cppcheck include dirs: 
[0.314s] -- Configured cppcheck exclude dirs and/or files: 
[0.316s] -- Added test 'flake8' to check Python code syntax and style conventions
[0.321s] -- Added test 'lint_cmake' to check CMake code style
[0.323s] -- Added test 'pep257' to check Python code against some of the docstring style conventions in PEP 257
[0.343s] -- Added test 'uncrustify' to check C / C++ code style
[0.343s] -- Configured uncrustify additional arguments: 
[0.345s] -- Added test 'xmllint' to check XML markup files
[0.351s] -- Configuring done
[0.352s] -- Generating done
[0.352s] -- Build files have been written to: /home/nipun/ros2RB_ws/build/learningPubSubPkg
[0.375s] Invoked command in '/home/nipun/ros2RB_ws/build/learningPubSubPkg' returned '0': CMAKE_PREFIX_PATH=${CMAKE_PREFIX_PATH}:/home/nipun/ros2_ws/install/my_py_pkg:/opt/ros/humble /usr/bin/cmake --build /home/nipun/ros2RB_ws/build/learningPubSubPkg -- -j3 -l3
[0.415s] Invoking command in '/home/nipun/ros2RB_ws/build/learningPubSubPkg': CMAKE_PREFIX_PATH=${CMAKE_PREFIX_PATH}:/home/nipun/ros2_ws/install/my_py_pkg:/opt/ros/humble /usr/bin/cmake --install /home/nipun/ros2RB_ws/build/learningPubSubPkg
[0.426s] -- Install configuration: ""
[0.426s] -- Up-to-date: /home/nipun/ros2RB_ws/install/learningPubSubPkg/lib/{$PROJECT_NAME}/pub.py
[0.426s] -- Installing: /home/nipun/ros2RB_ws/install/learningPubSubPkg/share/ament_index/resource_index/package_run_dependencies/learningPubSubPkg
[0.426s] -- Up-to-date: /home/nipun/ros2RB_ws/install/learningPubSubPkg/share/ament_index/resource_index/parent_prefix_path/learningPubSubPkg
[0.426s] -- Up-to-date: /home/nipun/ros2RB_ws/install/learningPubSubPkg/share/learningPubSubPkg/environment/ament_prefix_path.sh
[0.426s] -- Installing: /home/nipun/ros2RB_ws/install/learningPubSubPkg/share/learningPubSubPkg/environment/ament_prefix_path.dsv
[0.426s] -- Up-to-date: /home/nipun/ros2RB_ws/install/learningPubSubPkg/share/learningPubSubPkg/environment/path.sh
[0.429s] -- Installing: /home/nipun/ros2RB_ws/install/learningPubSubPkg/share/learningPubSubPkg/environment/path.dsv
[0.430s] -- Up-to-date: /home/nipun/ros2RB_ws/install/learningPubSubPkg/share/learningPubSubPkg/local_setup.bash
[0.430s] -- Up-to-date: /home/nipun/ros2RB_ws/install/learningPubSubPkg/share/learningPubSubPkg/local_setup.sh
[0.430s] -- Up-to-date: /home/nipun/ros2RB_ws/install/learningPubSubPkg/share/learningPubSubPkg/local_setup.zsh
[0.430s] -- Installing: /home/nipun/ros2RB_ws/install/learningPubSubPkg/share/learningPubSubPkg/local_setup.dsv
[0.430s] -- Installing: /home/nipun/ros2RB_ws/install/learningPubSubPkg/share/learningPubSubPkg/package.dsv
[0.430s] -- Up-to-date: /home/nipun/ros2RB_ws/install/learningPubSubPkg/share/ament_index/resource_index/packages/learningPubSubPkg
[0.430s] -- Up-to-date: /home/nipun/ros2RB_ws/install/learningPubSubPkg/share/learningPubSubPkg/cmake/learningPubSubPkgConfig.cmake
[0.430s] -- Up-to-date: /home/nipun/ros2RB_ws/install/learningPubSubPkg/share/learningPubSubPkg/cmake/learningPubSubPkgConfig-version.cmake
[0.431s] -- Installing: /home/nipun/ros2RB_ws/install/learningPubSubPkg/share/learningPubSubPkg/package.xml
[0.435s] Invoked command in '/home/nipun/ros2RB_ws/build/learningPubSubPkg' returned '0': CMAKE_PREFIX_PATH=${CMAKE_PREFIX_PATH}:/home/nipun/ros2_ws/install/my_py_pkg:/opt/ros/humble /usr/bin/cmake --install /home/nipun/ros2RB_ws/build/learningPubSubPkg
