[0.953s] Invoking command in '/home/nipun/ros2RB_ws/turtlesim_assignment': PYTHONPATH=/home/nipun/ros2RB_ws/turtlesim_assignment/build/turtlesim_assignment/prefix_override:/usr/lib/python3/dist-packages/colcon_core/task/python/colcon_distutils_commands:/home/nipun/ros2RB_ws/turtlesim_assignment/install/turtlesim_assignment/lib/python3.10/site-packages:${PYTHONPATH} /usr/bin/python3 -W ignore:setup.py install is deprecated setup.py egg_info --egg-base build/turtlesim_assignment build --build-base /home/nipun/ros2RB_ws/turtlesim_assignment/build/turtlesim_assignment/build install --record /home/nipun/ros2RB_ws/turtlesim_assignment/build/turtlesim_assignment/install.log --single-version-externally-managed install_data
[1.438s] running egg_info
[1.439s] creating build/turtlesim_assignment/turtlesim_assignment.egg-info
[1.441s] writing build/turtlesim_assignment/turtlesim_assignment.egg-info/PKG-INFO
[1.441s] writing dependency_links to build/turtlesim_assignment/turtlesim_assignment.egg-info/dependency_links.txt
[1.441s] writing entry points to build/turtlesim_assignment/turtlesim_assignment.egg-info/entry_points.txt
[1.441s] writing requirements to build/turtlesim_assignment/turtlesim_assignment.egg-info/requires.txt
[1.442s] writing top-level names to build/turtlesim_assignment/turtlesim_assignment.egg-info/top_level.txt
[1.442s] writing manifest file 'build/turtlesim_assignment/turtlesim_assignment.egg-info/SOURCES.txt'
[1.447s] reading manifest file 'build/turtlesim_assignment/turtlesim_assignment.egg-info/SOURCES.txt'
[1.447s] writing manifest file 'build/turtlesim_assignment/turtlesim_assignment.egg-info/SOURCES.txt'
[1.447s] running build
[1.448s] running build_py
[1.448s] creating /home/nipun/ros2RB_ws/turtlesim_assignment/build/turtlesim_assignment/build
[1.448s] creating /home/nipun/ros2RB_ws/turtlesim_assignment/build/turtlesim_assignment/build/lib
[1.448s] creating /home/nipun/ros2RB_ws/turtlesim_assignment/build/turtlesim_assignment/build/lib/turtlesim_assignment
[1.448s] copying turtlesim_assignment/move_turtle.py -> /home/nipun/ros2RB_ws/turtlesim_assignment/build/turtlesim_assignment/build/lib/turtlesim_assignment
[1.448s] copying turtlesim_assignment/__init__.py -> /home/nipun/ros2RB_ws/turtlesim_assignment/build/turtlesim_assignment/build/lib/turtlesim_assignment
[1.448s] creating /home/nipun/ros2RB_ws/turtlesim_assignment/build/turtlesim_assignment/build/lib/turtlesim_assignment/open_loop
[1.448s] copying turtlesim_assignment/open_loop/__init__.py -> /home/nipun/ros2RB_ws/turtlesim_assignment/build/turtlesim_assignment/build/lib/turtlesim_assignment/open_loop
[1.448s] copying turtlesim_assignment/open_loop/triangle_open.py -> /home/nipun/ros2RB_ws/turtlesim_assignment/build/turtlesim_assignment/build/lib/turtlesim_assignment/open_loop
[1.449s] copying turtlesim_assignment/open_loop/square_open.py -> /home/nipun/ros2RB_ws/turtlesim_assignment/build/turtlesim_assignment/build/lib/turtlesim_assignment/open_loop
[1.449s] copying turtlesim_assignment/open_loop/star_open_loop.py -> /home/nipun/ros2RB_ws/turtlesim_assignment/build/turtlesim_assignment/build/lib/turtlesim_assignment/open_loop
[1.449s] creating /home/nipun/ros2RB_ws/turtlesim_assignment/build/turtlesim_assignment/build/lib/turtlesim_assignment/closed_loop
[1.449s] copying turtlesim_assignment/closed_loop/triangle_closed.py -> /home/nipun/ros2RB_ws/turtlesim_assignment/build/turtlesim_assignment/build/lib/turtlesim_assignment/closed_loop
[1.449s] copying turtlesim_assignment/closed_loop/__init__.py -> /home/nipun/ros2RB_ws/turtlesim_assignment/build/turtlesim_assignment/build/lib/turtlesim_assignment/closed_loop
[1.449s] copying turtlesim_assignment/closed_loop/square_closed.py -> /home/nipun/ros2RB_ws/turtlesim_assignment/build/turtlesim_assignment/build/lib/turtlesim_assignment/closed_loop
[1.450s] running install
[1.450s] running install_lib
[1.451s] creating /home/nipun/ros2RB_ws/turtlesim_assignment/install/turtlesim_assignment/lib/python3.10/site-packages/turtlesim_assignment
[1.452s] copying /home/nipun/ros2RB_ws/turtlesim_assignment/build/turtlesim_assignment/build/lib/turtlesim_assignment/move_turtle.py -> /home/nipun/ros2RB_ws/turtlesim_assignment/install/turtlesim_assignment/lib/python3.10/site-packages/turtlesim_assignment
[1.452s] creating /home/nipun/ros2RB_ws/turtlesim_assignment/install/turtlesim_assignment/lib/python3.10/site-packages/turtlesim_assignment/open_loop
[1.452s] copying /home/nipun/ros2RB_ws/turtlesim_assignment/build/turtlesim_assignment/build/lib/turtlesim_assignment/open_loop/__init__.py -> /home/nipun/ros2RB_ws/turtlesim_assignment/install/turtlesim_assignment/lib/python3.10/site-packages/turtlesim_assignment/open_loop
[1.453s] copying /home/nipun/ros2RB_ws/turtlesim_assignment/build/turtlesim_assignment/build/lib/turtlesim_assignment/open_loop/triangle_open.py -> /home/nipun/ros2RB_ws/turtlesim_assignment/install/turtlesim_assignment/lib/python3.10/site-packages/turtlesim_assignment/open_loop
[1.453s] copying /home/nipun/ros2RB_ws/turtlesim_assignment/build/turtlesim_assignment/build/lib/turtlesim_assignment/open_loop/square_open.py -> /home/nipun/ros2RB_ws/turtlesim_assignment/install/turtlesim_assignment/lib/python3.10/site-packages/turtlesim_assignment/open_loop
[1.453s] copying /home/nipun/ros2RB_ws/turtlesim_assignment/build/turtlesim_assignment/build/lib/turtlesim_assignment/open_loop/star_open_loop.py -> /home/nipun/ros2RB_ws/turtlesim_assignment/install/turtlesim_assignment/lib/python3.10/site-packages/turtlesim_assignment/open_loop
[1.453s] copying /home/nipun/ros2RB_ws/turtlesim_assignment/build/turtlesim_assignment/build/lib/turtlesim_assignment/__init__.py -> /home/nipun/ros2RB_ws/turtlesim_assignment/install/turtlesim_assignment/lib/python3.10/site-packages/turtlesim_assignment
[1.454s] creating /home/nipun/ros2RB_ws/turtlesim_assignment/install/turtlesim_assignment/lib/python3.10/site-packages/turtlesim_assignment/closed_loop
[1.454s] copying /home/nipun/ros2RB_ws/turtlesim_assignment/build/turtlesim_assignment/build/lib/turtlesim_assignment/closed_loop/triangle_closed.py -> /home/nipun/ros2RB_ws/turtlesim_assignment/install/turtlesim_assignment/lib/python3.10/site-packages/turtlesim_assignment/closed_loop
[1.454s] copying /home/nipun/ros2RB_ws/turtlesim_assignment/build/turtlesim_assignment/build/lib/turtlesim_assignment/closed_loop/__init__.py -> /home/nipun/ros2RB_ws/turtlesim_assignment/install/turtlesim_assignment/lib/python3.10/site-packages/turtlesim_assignment/closed_loop
[1.455s] copying /home/nipun/ros2RB_ws/turtlesim_assignment/build/turtlesim_assignment/build/lib/turtlesim_assignment/closed_loop/square_closed.py -> /home/nipun/ros2RB_ws/turtlesim_assignment/install/turtlesim_assignment/lib/python3.10/site-packages/turtlesim_assignment/closed_loop
[1.455s] byte-compiling /home/nipun/ros2RB_ws/turtlesim_assignment/install/turtlesim_assignment/lib/python3.10/site-packages/turtlesim_assignment/move_turtle.py to move_turtle.cpython-310.pyc
[1.456s] byte-compiling /home/nipun/ros2RB_ws/turtlesim_assignment/install/turtlesim_assignment/lib/python3.10/site-packages/turtlesim_assignment/open_loop/__init__.py to __init__.cpython-310.pyc
[1.457s] byte-compiling /home/nipun/ros2RB_ws/turtlesim_assignment/install/turtlesim_assignment/lib/python3.10/site-packages/turtlesim_assignment/open_loop/triangle_open.py to triangle_open.cpython-310.pyc
[1.458s] byte-compiling /home/nipun/ros2RB_ws/turtlesim_assignment/install/turtlesim_assignment/lib/python3.10/site-packages/turtlesim_assignment/open_loop/square_open.py to square_open.cpython-310.pyc
[1.459s] byte-compiling /home/nipun/ros2RB_ws/turtlesim_assignment/install/turtlesim_assignment/lib/python3.10/site-packages/turtlesim_assignment/open_loop/star_open_loop.py to star_open_loop.cpython-310.pyc
[1.460s] byte-compiling /home/nipun/ros2RB_ws/turtlesim_assignment/install/turtlesim_assignment/lib/python3.10/site-packages/turtlesim_assignment/__init__.py to __init__.cpython-310.pyc
[1.461s] byte-compiling /home/nipun/ros2RB_ws/turtlesim_assignment/install/turtlesim_assignment/lib/python3.10/site-packages/turtlesim_assignment/closed_loop/triangle_closed.py to triangle_closed.cpython-310.pyc
[1.462s] byte-compiling /home/nipun/ros2RB_ws/turtlesim_assignment/install/turtlesim_assignment/lib/python3.10/site-packages/turtlesim_assignment/closed_loop/__init__.py to __init__.cpython-310.pyc
[1.467s] byte-compiling /home/nipun/ros2RB_ws/turtlesim_assignment/install/turtlesim_assignment/lib/python3.10/site-packages/turtlesim_assignment/closed_loop/square_closed.py to square_closed.cpython-310.pyc
[1.467s] running install_data
[1.467s] creating /home/nipun/ros2RB_ws/turtlesim_assignment/install/turtlesim_assignment/share
[1.467s] creating /home/nipun/ros2RB_ws/turtlesim_assignment/install/turtlesim_assignment/share/ament_index
[1.468s] creating /home/nipun/ros2RB_ws/turtlesim_assignment/install/turtlesim_assignment/share/ament_index/resource_index
[1.468s] creating /home/nipun/ros2RB_ws/turtlesim_assignment/install/turtlesim_assignment/share/ament_index/resource_index/packages
[1.468s] copying resource/turtlesim_assignment -> /home/nipun/ros2RB_ws/turtlesim_assignment/install/turtlesim_assignment/share/ament_index/resource_index/packages
[1.468s] creating /home/nipun/ros2RB_ws/turtlesim_assignment/install/turtlesim_assignment/share/turtlesim_assignment
[1.468s] copying package.xml -> /home/nipun/ros2RB_ws/turtlesim_assignment/install/turtlesim_assignment/share/turtlesim_assignment
[1.468s] running install_egg_info
[1.468s] Copying build/turtlesim_assignment/turtlesim_assignment.egg-info to /home/nipun/ros2RB_ws/turtlesim_assignment/install/turtlesim_assignment/lib/python3.10/site-packages/turtlesim_assignment-0.0.0-py3.10.egg-info
[1.469s] running install_scripts
[1.502s] Installing displace_turtle script to /home/nipun/ros2RB_ws/turtlesim_assignment/install/turtlesim_assignment/lib/turtlesim_assignment
[1.502s] Installing square_closed_loop script to /home/nipun/ros2RB_ws/turtlesim_assignment/install/turtlesim_assignment/lib/turtlesim_assignment
[1.502s] Installing square_open_loop script to /home/nipun/ros2RB_ws/turtlesim_assignment/install/turtlesim_assignment/lib/turtlesim_assignment
[1.503s] Installing star_open_loop script to /home/nipun/ros2RB_ws/turtlesim_assignment/install/turtlesim_assignment/lib/turtlesim_assignment
[1.503s] Installing triangle_closed_loop script to /home/nipun/ros2RB_ws/turtlesim_assignment/install/turtlesim_assignment/lib/turtlesim_assignment
[1.504s] Installing triangle_open_loop script to /home/nipun/ros2RB_ws/turtlesim_assignment/install/turtlesim_assignment/lib/turtlesim_assignment
[1.505s] writing list of installed files to '/home/nipun/ros2RB_ws/turtlesim_assignment/build/turtlesim_assignment/install.log'
[1.540s] Invoked command in '/home/nipun/ros2RB_ws/turtlesim_assignment' returned '0': PYTHONPATH=/home/nipun/ros2RB_ws/turtlesim_assignment/build/turtlesim_assignment/prefix_override:/usr/lib/python3/dist-packages/colcon_core/task/python/colcon_distutils_commands:/home/nipun/ros2RB_ws/turtlesim_assignment/install/turtlesim_assignment/lib/python3.10/site-packages:${PYTHONPATH} /usr/bin/python3 -W ignore:setup.py install is deprecated setup.py egg_info --egg-base build/turtlesim_assignment build --build-base /home/nipun/ros2RB_ws/turtlesim_assignment/build/turtlesim_assignment/build install --record /home/nipun/ros2RB_ws/turtlesim_assignment/build/turtlesim_assignment/install.log --single-version-externally-managed install_data
