[0.077s] Invoking command in '/home/nipun/ros2RB_ws/build/simple_pkg_cpp': CMAKE_PREFIX_PATH=${CMAKE_PREFIX_PATH}:/home/nipun/ros2RB_ws/install/turtlesim_assignment:/home/nipun/ros2RB_ws/install/simple_pkg:/home/nipun/ros2RB_ws/install/rmp_ros2bot_description:/home/nipun/ros2RB_ws/install/assignment1:/home/nipun/ros2_ws/install/my_py_pkg:/opt/ros/humble /usr/bin/cmake --build /home/nipun/ros2RB_ws/build/simple_pkg_cpp -- -j3 -l3
[0.175s] [ 50%] Built target HelloWorldSubscriberCpp
[0.187s] [100%] Built target HelloWorldPublisherCpp
[0.649s] Invoked command in '/home/nipun/ros2RB_ws/build/simple_pkg_cpp' returned '0': CMAKE_PREFIX_PATH=${CMAKE_PREFIX_PATH}:/home/nipun/ros2RB_ws/install/turtlesim_assignment:/home/nipun/ros2RB_ws/install/simple_pkg:/home/nipun/ros2RB_ws/install/rmp_ros2bot_description:/home/nipun/ros2RB_ws/install/assignment1:/home/nipun/ros2_ws/install/my_py_pkg:/opt/ros/humble /usr/bin/cmake --build /home/nipun/ros2RB_ws/build/simple_pkg_cpp -- -j3 -l3
[0.721s] Invoking command in '/home/nipun/ros2RB_ws/build/simple_pkg_cpp': CMAKE_PREFIX_PATH=${CMAKE_PREFIX_PATH}:/home/nipun/ros2RB_ws/install/turtlesim_assignment:/home/nipun/ros2RB_ws/install/simple_pkg:/home/nipun/ros2RB_ws/install/rmp_ros2bot_description:/home/nipun/ros2RB_ws/install/assignment1:/home/nipun/ros2_ws/install/my_py_pkg:/opt/ros/humble /usr/bin/cmake --install /home/nipun/ros2RB_ws/build/simple_pkg_cpp
[0.743s] -- Install configuration: ""
[0.744s] -- Up-to-date: /home/nipun/ros2RB_ws/install/simple_pkg_cpp/lib/simple_pkg_cpp/HelloWorldPublisherCpp
[0.744s] -- Up-to-date: /home/nipun/ros2RB_ws/install/simple_pkg_cpp/lib/simple_pkg_cpp/HelloWorldSubscriberCpp
[0.746s] -- Up-to-date: /home/nipun/ros2RB_ws/install/simple_pkg_cpp/share/ament_index/resource_index/package_run_dependencies/simple_pkg_cpp
[0.746s] -- Up-to-date: /home/nipun/ros2RB_ws/install/simple_pkg_cpp/share/ament_index/resource_index/parent_prefix_path/simple_pkg_cpp
[0.746s] -- Up-to-date: /home/nipun/ros2RB_ws/install/simple_pkg_cpp/share/simple_pkg_cpp/environment/ament_prefix_path.sh
[0.746s] -- Up-to-date: /home/nipun/ros2RB_ws/install/simple_pkg_cpp/share/simple_pkg_cpp/environment/ament_prefix_path.dsv
[0.748s] -- Up-to-date: /home/nipun/ros2RB_ws/install/simple_pkg_cpp/share/simple_pkg_cpp/environment/path.sh
[0.748s] -- Up-to-date: /home/nipun/ros2RB_ws/install/simple_pkg_cpp/share/simple_pkg_cpp/environment/path.dsv
[0.748s] -- Up-to-date: /home/nipun/ros2RB_ws/install/simple_pkg_cpp/share/simple_pkg_cpp/local_setup.bash
[0.749s] -- Up-to-date: /home/nipun/ros2RB_ws/install/simple_pkg_cpp/share/simple_pkg_cpp/local_setup.sh
[0.749s] -- Up-to-date: /home/nipun/ros2RB_ws/install/simple_pkg_cpp/share/simple_pkg_cpp/local_setup.zsh
[0.749s] -- Up-to-date: /home/nipun/ros2RB_ws/install/simple_pkg_cpp/share/simple_pkg_cpp/local_setup.dsv
[0.749s] -- Installing: /home/nipun/ros2RB_ws/install/simple_pkg_cpp/share/simple_pkg_cpp/package.dsv
[0.749s] -- Up-to-date: /home/nipun/ros2RB_ws/install/simple_pkg_cpp/share/ament_index/resource_index/packages/simple_pkg_cpp
[0.749s] -- Up-to-date: /home/nipun/ros2RB_ws/install/simple_pkg_cpp/share/simple_pkg_cpp/cmake/simple_pkg_cppConfig.cmake
[0.749s] -- Up-to-date: /home/nipun/ros2RB_ws/install/simple_pkg_cpp/share/simple_pkg_cpp/cmake/simple_pkg_cppConfig-version.cmake
[0.751s] -- Up-to-date: /home/nipun/ros2RB_ws/install/simple_pkg_cpp/share/simple_pkg_cpp/package.xml
[0.763s] Invoked command in '/home/nipun/ros2RB_ws/build/simple_pkg_cpp' returned '0': CMAKE_PREFIX_PATH=${CMAKE_PREFIX_PATH}:/home/nipun/ros2RB_ws/install/turtlesim_assignment:/home/nipun/ros2RB_ws/install/simple_pkg:/home/nipun/ros2RB_ws/install/rmp_ros2bot_description:/home/nipun/ros2RB_ws/install/assignment1:/home/nipun/ros2_ws/install/my_py_pkg:/opt/ros/humble /usr/bin/cmake --install /home/nipun/ros2RB_ws/build/simple_pkg_cpp
