[0.019s] Invoking command in '/home/nipun/ros2RB_ws/build/assignment1_cpp': CMAKE_PREFIX_PATH=${CMAKE_PREFIX_PATH}:/home/nipun/ros2RB_ws/install/simple_pkg:/home/nipun/ros2RB_ws/install/assignment1:/home/nipun/ros2_ws/install/my_py_pkg:/opt/ros/humble /usr/bin/cmake --build /home/nipun/ros2RB_ws/build/assignment1_cpp -- -j3 -l3
[0.067s] [35m[1mConsolidate compiler generated dependencies of target temp_analysis[0m
[0.075s] [35m[1mConsolidate compiler generated dependencies of target status_sub[0m
[0.089s] [ 33%] Built target temp_pub
[0.089s] [ 50%] [32mBuilding CXX object CMakeFiles/temp_analysis.dir/src/temp_analysis.cpp.o[0m
[0.097s] [ 83%] Built target status_sub
[9.853s] [100%] [32m[1mLinking CXX executable temp_analysis[0m
[10.318s] [100%] Built target temp_analysis
[10.329s] Invoked command in '/home/nipun/ros2RB_ws/build/assignment1_cpp' returned '0': CMAKE_PREFIX_PATH=${CMAKE_PREFIX_PATH}:/home/nipun/ros2RB_ws/install/simple_pkg:/home/nipun/ros2RB_ws/install/assignment1:/home/nipun/ros2_ws/install/my_py_pkg:/opt/ros/humble /usr/bin/cmake --build /home/nipun/ros2RB_ws/build/assignment1_cpp -- -j3 -l3
[10.369s] Invoking command in '/home/nipun/ros2RB_ws/build/assignment1_cpp': CMAKE_PREFIX_PATH=${CMAKE_PREFIX_PATH}:/home/nipun/ros2RB_ws/install/simple_pkg:/home/nipun/ros2RB_ws/install/assignment1:/home/nipun/ros2_ws/install/my_py_pkg:/opt/ros/humble /usr/bin/cmake --install /home/nipun/ros2RB_ws/build/assignment1_cpp
[10.382s] -- Install configuration: ""
[10.382s] -- Up-to-date: /home/nipun/ros2RB_ws/install/assignment1_cpp/lib/assignment1_cpp/temp_pub
[10.382s] -- Installing: /home/nipun/ros2RB_ws/install/assignment1_cpp/lib/assignment1_cpp/temp_analysis
[10.389s] -- Set runtime path of "/home/nipun/ros2RB_ws/install/assignment1_cpp/lib/assignment1_cpp/temp_analysis" to ""
[10.390s] -- Installing: /home/nipun/ros2RB_ws/install/assignment1_cpp/lib/assignment1_cpp/status_sub
[10.395s] -- Set runtime path of "/home/nipun/ros2RB_ws/install/assignment1_cpp/lib/assignment1_cpp/status_sub" to ""
[10.395s] -- Up-to-date: /home/nipun/ros2RB_ws/install/assignment1_cpp/share/ament_index/resource_index/package_run_dependencies/assignment1_cpp
[10.396s] -- Up-to-date: /home/nipun/ros2RB_ws/install/assignment1_cpp/share/ament_index/resource_index/parent_prefix_path/assignment1_cpp
[10.396s] -- Up-to-date: /home/nipun/ros2RB_ws/install/assignment1_cpp/share/assignment1_cpp/environment/ament_prefix_path.sh
[10.396s] -- Up-to-date: /home/nipun/ros2RB_ws/install/assignment1_cpp/share/assignment1_cpp/environment/ament_prefix_path.dsv
[10.396s] -- Up-to-date: /home/nipun/ros2RB_ws/install/assignment1_cpp/share/assignment1_cpp/environment/path.sh
[10.396s] -- Up-to-date: /home/nipun/ros2RB_ws/install/assignment1_cpp/share/assignment1_cpp/environment/path.dsv
[10.397s] -- Up-to-date: /home/nipun/ros2RB_ws/install/assignment1_cpp/share/assignment1_cpp/local_setup.bash
[10.397s] -- Up-to-date: /home/nipun/ros2RB_ws/install/assignment1_cpp/share/assignment1_cpp/local_setup.sh
[10.397s] -- Up-to-date: /home/nipun/ros2RB_ws/install/assignment1_cpp/share/assignment1_cpp/local_setup.zsh
[10.397s] -- Up-to-date: /home/nipun/ros2RB_ws/install/assignment1_cpp/share/assignment1_cpp/local_setup.dsv
[10.397s] -- Installing: /home/nipun/ros2RB_ws/install/assignment1_cpp/share/assignment1_cpp/package.dsv
[10.398s] -- Up-to-date: /home/nipun/ros2RB_ws/install/assignment1_cpp/share/ament_index/resource_index/packages/assignment1_cpp
[10.398s] -- Up-to-date: /home/nipun/ros2RB_ws/install/assignment1_cpp/share/assignment1_cpp/cmake/assignment1_cppConfig.cmake
[10.398s] -- Up-to-date: /home/nipun/ros2RB_ws/install/assignment1_cpp/share/assignment1_cpp/cmake/assignment1_cppConfig-version.cmake
[10.398s] -- Up-to-date: /home/nipun/ros2RB_ws/install/assignment1_cpp/share/assignment1_cpp/package.xml
[10.401s] Invoked command in '/home/nipun/ros2RB_ws/build/assignment1_cpp' returned '0': CMAKE_PREFIX_PATH=${CMAKE_PREFIX_PATH}:/home/nipun/ros2RB_ws/install/simple_pkg:/home/nipun/ros2RB_ws/install/assignment1:/home/nipun/ros2_ws/install/my_py_pkg:/opt/ros/humble /usr/bin/cmake --install /home/nipun/ros2RB_ws/build/assignment1_cpp
