[1.464s] Invoking command in '/home/nipun/ros2RB_ws/assignment1': PYTHONPATH=/home/nipun/ros2RB_ws/build/assignment1/prefix_override:/usr/lib/python3/dist-packages/colcon_core/task/python/colcon_distutils_commands:/home/nipun/ros2RB_ws/install/assignment1/lib/python3.10/site-packages:${PYTHONPATH} /usr/bin/python3 -W ignore:setup.py install is deprecated setup.py egg_info --egg-base ../build/assignment1 build --build-base /home/nipun/ros2RB_ws/build/assignment1/build install --record /home/nipun/ros2RB_ws/build/assignment1/install.log --single-version-externally-managed install_data
[2.008s] running egg_info
[2.009s] writing ../build/assignment1/assignment1.egg-info/PKG-INFO
[2.011s] writing dependency_links to ../build/assignment1/assignment1.egg-info/dependency_links.txt
[2.012s] writing entry points to ../build/assignment1/assignment1.egg-info/entry_points.txt
[2.012s] writing requirements to ../build/assignment1/assignment1.egg-info/requires.txt
[2.012s] writing top-level names to ../build/assignment1/assignment1.egg-info/top_level.txt
[2.014s] reading manifest file '../build/assignment1/assignment1.egg-info/SOURCES.txt'
[2.014s] writing manifest file '../build/assignment1/assignment1.egg-info/SOURCES.txt'
[2.016s] running build
[2.017s] running build_py
[2.017s] running install
[2.017s] running install_lib
[2.017s] running install_data
[2.017s] running install_egg_info
[2.026s] removing '/home/nipun/ros2RB_ws/install/assignment1/lib/python3.10/site-packages/assignment1-0.0.0-py3.10.egg-info' (and everything under it)
[2.026s] Copying ../build/assignment1/assignment1.egg-info to /home/nipun/ros2RB_ws/install/assignment1/lib/python3.10/site-packages/assignment1-0.0.0-py3.10.egg-info
[2.026s] running install_scripts
[2.087s] Installing outcome_sub script to /home/nipun/ros2RB_ws/install/assignment1/lib/assignment1
[2.089s] Installing temp_analysis script to /home/nipun/ros2RB_ws/install/assignment1/lib/assignment1
[2.090s] Installing temp_pub script to /home/nipun/ros2RB_ws/install/assignment1/lib/assignment1
[2.091s] writing list of installed files to '/home/nipun/ros2RB_ws/build/assignment1/install.log'
[2.134s] Invoked command in '/home/nipun/ros2RB_ws/assignment1' returned '0': PYTHONPATH=/home/nipun/ros2RB_ws/build/assignment1/prefix_override:/usr/lib/python3/dist-packages/colcon_core/task/python/colcon_distutils_commands:/home/nipun/ros2RB_ws/install/assignment1/lib/python3.10/site-packages:${PYTHONPATH} /usr/bin/python3 -W ignore:setup.py install is deprecated setup.py egg_info --egg-base ../build/assignment1 build --build-base /home/nipun/ros2RB_ws/build/assignment1/build install --record /home/nipun/ros2RB_ws/build/assignment1/install.log --single-version-externally-managed install_data
