[35m[1mConsolidate compiler generated dependencies of target HelloWorldPublisherCpp[0m
[ 50%] [32mBuilding CXX object CMakeFiles/HelloWorldPublisherCpp.dir/src/publisher.cpp.o[0m
[100%] [32m[1mLinking CXX executable HelloWorldPublisherCpp[0m
[100%] Built target HelloWorldPublisherCpp
-- Install configuration: ""
-- Installing: /home/nipun/ros2RB_ws/install/simple_pkg_cpp/lib/simple_pkg_cpp/HelloWorldPublisherCpp
-- Set runtime path of "/home/nipun/ros2RB_ws/install/simple_pkg_cpp/lib/simple_pkg_cpp/HelloWorldPublisherCpp" to ""
-- Installing: /home/nipun/ros2RB_ws/install/simple_pkg_cpp/share/ament_index/resource_index/package_run_dependencies/simple_pkg_cpp
-- Installing: /home/nipun/ros2RB_ws/install/simple_pkg_cpp/share/ament_index/resource_index/parent_prefix_path/simple_pkg_cpp
-- Up-to-date: /home/nipun/ros2RB_ws/install/simple_pkg_cpp/share/simple_pkg_cpp/environment/ament_prefix_path.sh
-- Installing: /home/nipun/ros2RB_ws/install/simple_pkg_cpp/share/simple_pkg_cpp/environment/ament_prefix_path.dsv
-- Up-to-date: /home/nipun/ros2RB_ws/install/simple_pkg_cpp/share/simple_pkg_cpp/environment/path.sh
-- Installing: /home/nipun/ros2RB_ws/install/simple_pkg_cpp/share/simple_pkg_cpp/environment/path.dsv
-- Up-to-date: /home/nipun/ros2RB_ws/install/simple_pkg_cpp/share/simple_pkg_cpp/local_setup.bash
-- Up-to-date: /home/nipun/ros2RB_ws/install/simple_pkg_cpp/share/simple_pkg_cpp/local_setup.sh
-- Up-to-date: /home/nipun/ros2RB_ws/install/simple_pkg_cpp/share/simple_pkg_cpp/local_setup.zsh
-- Installing: /home/nipun/ros2RB_ws/install/simple_pkg_cpp/share/simple_pkg_cpp/local_setup.dsv
-- Installing: /home/nipun/ros2RB_ws/install/simple_pkg_cpp/share/simple_pkg_cpp/package.dsv
-- Up-to-date: /home/nipun/ros2RB_ws/install/simple_pkg_cpp/share/ament_index/resource_index/packages/simple_pkg_cpp
-- Up-to-date: /home/nipun/ros2RB_ws/install/simple_pkg_cpp/share/simple_pkg_cpp/cmake/simple_pkg_cppConfig.cmake
-- Up-to-date: /home/nipun/ros2RB_ws/install/simple_pkg_cpp/share/simple_pkg_cpp/cmake/simple_pkg_cppConfig-version.cmake
-- Installing: /home/nipun/ros2RB_ws/install/simple_pkg_cpp/share/simple_pkg_cpp/package.xml
