[0.979s] Invoking command in '/home/nipun/ros2RB_ws/turtlesim_assignment': PYTHONPATH=/home/nipun/ros2RB_ws/build/turtlesim_assignment/prefix_override:/usr/lib/python3/dist-packages/colcon_core/task/python/colcon_distutils_commands:/home/nipun/ros2RB_ws/install/turtlesim_assignment/lib/python3.10/site-packages:${PYTHONPATH} /usr/bin/python3 -W ignore:setup.py install is deprecated setup.py egg_info --egg-base ../build/turtlesim_assignment build --build-base /home/nipun/ros2RB_ws/build/turtlesim_assignment/build install --record /home/nipun/ros2RB_ws/build/turtlesim_assignment/install.log --single-version-externally-managed install_data
[1.388s] running egg_info
[1.389s] writing ../build/turtlesim_assignment/turtlesim_assignment.egg-info/PKG-INFO
[1.390s] writing dependency_links to ../build/turtlesim_assignment/turtlesim_assignment.egg-info/dependency_links.txt
[1.390s] writing entry points to ../build/turtlesim_assignment/turtlesim_assignment.egg-info/entry_points.txt
[1.390s] writing requirements to ../build/turtlesim_assignment/turtlesim_assignment.egg-info/requires.txt
[1.391s] writing top-level names to ../build/turtlesim_assignment/turtlesim_assignment.egg-info/top_level.txt
[1.393s] reading manifest file '../build/turtlesim_assignment/turtlesim_assignment.egg-info/SOURCES.txt'
[1.395s] writing manifest file '../build/turtlesim_assignment/turtlesim_assignment.egg-info/SOURCES.txt'
[1.395s] running build
[1.395s] running build_py
[1.396s] copying turtlesim_assignment/open_loop/triangle_open.py -> /home/nipun/ros2RB_ws/build/turtlesim_assignment/build/lib/turtlesim_assignment/open_loop
[1.396s] copying turtlesim_assignment/open_loop/square_open.py -> /home/nipun/ros2RB_ws/build/turtlesim_assignment/build/lib/turtlesim_assignment/open_loop
[1.397s] running install
[1.397s] running install_lib
[1.398s] copying /home/nipun/ros2RB_ws/build/turtlesim_assignment/build/lib/turtlesim_assignment/open_loop/triangle_open.py -> /home/nipun/ros2RB_ws/install/turtlesim_assignment/lib/python3.10/site-packages/turtlesim_assignment/open_loop
[1.398s] copying /home/nipun/ros2RB_ws/build/turtlesim_assignment/build/lib/turtlesim_assignment/open_loop/square_open.py -> /home/nipun/ros2RB_ws/install/turtlesim_assignment/lib/python3.10/site-packages/turtlesim_assignment/open_loop
[1.400s] byte-compiling /home/nipun/ros2RB_ws/install/turtlesim_assignment/lib/python3.10/site-packages/turtlesim_assignment/open_loop/triangle_open.py to triangle_open.cpython-310.pyc
[1.401s] byte-compiling /home/nipun/ros2RB_ws/install/turtlesim_assignment/lib/python3.10/site-packages/turtlesim_assignment/open_loop/square_open.py to square_open.cpython-310.pyc
[1.402s] running install_data
[1.402s] running install_egg_info
[1.405s] removing '/home/nipun/ros2RB_ws/install/turtlesim_assignment/lib/python3.10/site-packages/turtlesim_assignment-0.0.0-py3.10.egg-info' (and everything under it)
[1.410s] Copying ../build/turtlesim_assignment/turtlesim_assignment.egg-info to /home/nipun/ros2RB_ws/install/turtlesim_assignment/lib/python3.10/site-packages/turtlesim_assignment-0.0.0-py3.10.egg-info
[1.412s] running install_scripts
[1.439s] Installing displace_turtle script to /home/nipun/ros2RB_ws/install/turtlesim_assignment/lib/turtlesim_assignment
[1.440s] Installing square_open_loop script to /home/nipun/ros2RB_ws/install/turtlesim_assignment/lib/turtlesim_assignment
[1.440s] writing list of installed files to '/home/nipun/ros2RB_ws/build/turtlesim_assignment/install.log'
[1.468s] Invoked command in '/home/nipun/ros2RB_ws/turtlesim_assignment' returned '0': PYTHONPATH=/home/nipun/ros2RB_ws/build/turtlesim_assignment/prefix_override:/usr/lib/python3/dist-packages/colcon_core/task/python/colcon_distutils_commands:/home/nipun/ros2RB_ws/install/turtlesim_assignment/lib/python3.10/site-packages:${PYTHONPATH} /usr/bin/python3 -W ignore:setup.py install is deprecated setup.py egg_info --egg-base ../build/turtlesim_assignment build --build-base /home/nipun/ros2RB_ws/build/turtlesim_assignment/build install --record /home/nipun/ros2RB_ws/build/turtlesim_assignment/install.log --single-version-externally-managed install_data
