[0.871s] Invoking command in '/home/nipun/ros2RB_ws/rmp_ros2bot_description': PYTHONPATH=/home/nipun/ros2RB_ws/build/rmp_ros2bot_description/prefix_override:/usr/lib/python3/dist-packages/colcon_core/task/python/colcon_distutils_commands:/home/nipun/ros2RB_ws/install/rmp_ros2bot_description/lib/python3.10/site-packages:${PYTHONPATH} /usr/bin/python3 -W ignore:setup.py install is deprecated setup.py egg_info --egg-base ../build/rmp_ros2bot_description build --build-base /home/nipun/ros2RB_ws/build/rmp_ros2bot_description/build install --record /home/nipun/ros2RB_ws/build/rmp_ros2bot_description/install.log --single-version-externally-managed install_data
[1.286s] running egg_info
[1.286s] creating ../build/rmp_ros2bot_description/rmp_ros2bot_description.egg-info
[1.286s] writing ../build/rmp_ros2bot_description/rmp_ros2bot_description.egg-info/PKG-INFO
[1.286s] writing dependency_links to ../build/rmp_ros2bot_description/rmp_ros2bot_description.egg-info/dependency_links.txt
[1.287s] writing entry points to ../build/rmp_ros2bot_description/rmp_ros2bot_description.egg-info/entry_points.txt
[1.287s] writing requirements to ../build/rmp_ros2bot_description/rmp_ros2bot_description.egg-info/requires.txt
[1.287s] writing top-level names to ../build/rmp_ros2bot_description/rmp_ros2bot_description.egg-info/top_level.txt
[1.287s] writing manifest file '../build/rmp_ros2bot_description/rmp_ros2bot_description.egg-info/SOURCES.txt'
[1.289s] reading manifest file '../build/rmp_ros2bot_description/rmp_ros2bot_description.egg-info/SOURCES.txt'
[1.291s] writing manifest file '../build/rmp_ros2bot_description/rmp_ros2bot_description.egg-info/SOURCES.txt'
[1.291s] running build
[1.291s] running build_py
[1.291s] creating /home/nipun/ros2RB_ws/build/rmp_ros2bot_description/build
[1.291s] creating /home/nipun/ros2RB_ws/build/rmp_ros2bot_description/build/lib
[1.291s] creating /home/nipun/ros2RB_ws/build/rmp_ros2bot_description/build/lib/rmp_ros2bot_description
[1.291s] copying rmp_ros2bot_description/__init__.py -> /home/nipun/ros2RB_ws/build/rmp_ros2bot_description/build/lib/rmp_ros2bot_description
[1.291s] running install
[1.292s] running install_lib
[1.293s] creating /home/nipun/ros2RB_ws/install/rmp_ros2bot_description/lib/python3.10/site-packages/rmp_ros2bot_description
[1.293s] copying /home/nipun/ros2RB_ws/build/rmp_ros2bot_description/build/lib/rmp_ros2bot_description/__init__.py -> /home/nipun/ros2RB_ws/install/rmp_ros2bot_description/lib/python3.10/site-packages/rmp_ros2bot_description
[1.293s] byte-compiling /home/nipun/ros2RB_ws/install/rmp_ros2bot_description/lib/python3.10/site-packages/rmp_ros2bot_description/__init__.py to __init__.cpython-310.pyc
[1.294s] running install_data
[1.294s] creating /home/nipun/ros2RB_ws/install/rmp_ros2bot_description/share/ament_index
[1.294s] creating /home/nipun/ros2RB_ws/install/rmp_ros2bot_description/share/ament_index/resource_index
[1.294s] creating /home/nipun/ros2RB_ws/install/rmp_ros2bot_description/share/ament_index/resource_index/packages
[1.294s] copying resource/rmp_ros2bot_description -> /home/nipun/ros2RB_ws/install/rmp_ros2bot_description/share/ament_index/resource_index/packages
[1.294s] copying package.xml -> /home/nipun/ros2RB_ws/install/rmp_ros2bot_description/share/rmp_ros2bot_description
[1.294s] running install_egg_info
[1.296s] Copying ../build/rmp_ros2bot_description/rmp_ros2bot_description.egg-info to /home/nipun/ros2RB_ws/install/rmp_ros2bot_description/lib/python3.10/site-packages/rmp_ros2bot_description-0.0.0-py3.10.egg-info
[1.297s] running install_scripts
[1.327s] writing list of installed files to '/home/nipun/ros2RB_ws/build/rmp_ros2bot_description/install.log'
[1.360s] Invoked command in '/home/nipun/ros2RB_ws/rmp_ros2bot_description' returned '0': PYTHONPATH=/home/nipun/ros2RB_ws/build/rmp_ros2bot_description/prefix_override:/usr/lib/python3/dist-packages/colcon_core/task/python/colcon_distutils_commands:/home/nipun/ros2RB_ws/install/rmp_ros2bot_description/lib/python3.10/site-packages:${PYTHONPATH} /usr/bin/python3 -W ignore:setup.py install is deprecated setup.py egg_info --egg-base ../build/rmp_ros2bot_description build --build-base /home/nipun/ros2RB_ws/build/rmp_ros2bot_description/build install --record /home/nipun/ros2RB_ws/build/rmp_ros2bot_description/install.log --single-version-externally-managed install_data
