[1.455s] Invoking command in '/home/nipun/ros2RB_ws/assignment1': PYTHONPATH=/home/nipun/ros2RB_ws/build/assignment1/prefix_override:/usr/lib/python3/dist-packages/colcon_core/task/python/colcon_distutils_commands:/home/nipun/ros2RB_ws/install/assignment1/lib/python3.10/site-packages:${PYTHONPATH} /usr/bin/python3 -W ignore:setup.py install is deprecated setup.py egg_info --egg-base ../build/assignment1 build --build-base /home/nipun/ros2RB_ws/build/assignment1/build install --record /home/nipun/ros2RB_ws/build/assignment1/install.log --single-version-externally-managed install_data
[1.931s] running egg_info
[1.932s] writing ../build/assignment1/assignment1.egg-info/PKG-INFO
[1.932s] writing dependency_links to ../build/assignment1/assignment1.egg-info/dependency_links.txt
[1.933s] writing entry points to ../build/assignment1/assignment1.egg-info/entry_points.txt
[1.933s] writing requirements to ../build/assignment1/assignment1.egg-info/requires.txt
[1.934s] writing top-level names to ../build/assignment1/assignment1.egg-info/top_level.txt
[1.936s] reading manifest file '../build/assignment1/assignment1.egg-info/SOURCES.txt'
[1.938s] writing manifest file '../build/assignment1/assignment1.egg-info/SOURCES.txt'
[1.939s] running build
[1.939s] running build_py
[1.940s] running install
[1.940s] running install_lib
[1.942s] running install_data
[1.942s] running install_egg_info
[1.951s] removing '/home/nipun/ros2RB_ws/install/assignment1/lib/python3.10/site-packages/assignment1-0.0.0-py3.10.egg-info' (and everything under it)
[1.958s] Copying ../build/assignment1/assignment1.egg-info to /home/nipun/ros2RB_ws/install/assignment1/lib/python3.10/site-packages/assignment1-0.0.0-py3.10.egg-info
[1.959s] running install_scripts
[1.991s] Installing outcome_sub script to /home/nipun/ros2RB_ws/install/assignment1/lib/assignment1
[1.991s] Installing temp_analysis script to /home/nipun/ros2RB_ws/install/assignment1/lib/assignment1
[1.992s] Installing temp_pub script to /home/nipun/ros2RB_ws/install/assignment1/lib/assignment1
[1.992s] writing list of installed files to '/home/nipun/ros2RB_ws/build/assignment1/install.log'
[2.026s] Invoked command in '/home/nipun/ros2RB_ws/assignment1' returned '0': PYTHONPATH=/home/nipun/ros2RB_ws/build/assignment1/prefix_override:/usr/lib/python3/dist-packages/colcon_core/task/python/colcon_distutils_commands:/home/nipun/ros2RB_ws/install/assignment1/lib/python3.10/site-packages:${PYTHONPATH} /usr/bin/python3 -W ignore:setup.py install is deprecated setup.py egg_info --egg-base ../build/assignment1 build --build-base /home/nipun/ros2RB_ws/build/assignment1/build install --record /home/nipun/ros2RB_ws/build/assignment1/install.log --single-version-externally-managed install_data
