[0.975s] Invoking command in '/home/nipun/ros2RB_ws/rmp_ros2bot_description': PYTHONPATH=/home/nipun/ros2RB_ws/build/rmp_ros2bot_description/prefix_override:/usr/lib/python3/dist-packages/colcon_core/task/python/colcon_distutils_commands:/home/nipun/ros2RB_ws/install/rmp_ros2bot_description/lib/python3.10/site-packages:${PYTHONPATH} /usr/bin/python3 -W ignore:setup.py install is deprecated setup.py egg_info --egg-base ../build/rmp_ros2bot_description build --build-base /home/nipun/ros2RB_ws/build/rmp_ros2bot_description/build install --record /home/nipun/ros2RB_ws/build/rmp_ros2bot_description/install.log --single-version-externally-managed install_data
[1.344s] running egg_info
[1.344s] writing ../build/rmp_ros2bot_description/rmp_ros2bot_description.egg-info/PKG-INFO
[1.344s] writing dependency_links to ../build/rmp_ros2bot_description/rmp_ros2bot_description.egg-info/dependency_links.txt
[1.344s] writing entry points to ../build/rmp_ros2bot_description/rmp_ros2bot_description.egg-info/entry_points.txt
[1.344s] writing requirements to ../build/rmp_ros2bot_description/rmp_ros2bot_description.egg-info/requires.txt
[1.345s] writing top-level names to ../build/rmp_ros2bot_description/rmp_ros2bot_description.egg-info/top_level.txt
[1.346s] reading manifest file '../build/rmp_ros2bot_description/rmp_ros2bot_description.egg-info/SOURCES.txt'
[1.348s] writing manifest file '../build/rmp_ros2bot_description/rmp_ros2bot_description.egg-info/SOURCES.txt'
[1.348s] running build
[1.348s] running build_py
[1.349s] running install
[1.349s] running install_lib
[1.350s] running install_data
[1.351s] copying models/meshes/right_wheel_1.stl -> /home/nipun/ros2RB_ws/install/rmp_ros2bot_description/share/rmp_ros2bot_description/models
[1.351s] copying models/meshes/caster_1.stl -> /home/nipun/ros2RB_ws/install/rmp_ros2bot_description/share/rmp_ros2bot_description/models
[1.351s] copying models/meshes/left_wheel_1.stl -> /home/nipun/ros2RB_ws/install/rmp_ros2bot_description/share/rmp_ros2bot_description/models
[1.351s] copying models/meshes/lidar_1.stl -> /home/nipun/ros2RB_ws/install/rmp_ros2bot_description/share/rmp_ros2bot_description/models
[1.352s] copying models/meshes/base_link.stl -> /home/nipun/ros2RB_ws/install/rmp_ros2bot_description/share/rmp_ros2bot_description/models
[1.352s] copying models/urdf/rmp_ros2bot.trans -> /home/nipun/ros2RB_ws/install/rmp_ros2bot_description/share/rmp_ros2bot_description/models
[1.352s] copying models/urdf/materials.xacro -> /home/nipun/ros2RB_ws/install/rmp_ros2bot_description/share/rmp_ros2bot_description/models
[1.352s] copying models/urdf/rmp_ros2bot.gazebo -> /home/nipun/ros2RB_ws/install/rmp_ros2bot_description/share/rmp_ros2bot_description/models
[1.352s] copying models/urdf/rmp_ros2bot.xacro -> /home/nipun/ros2RB_ws/install/rmp_ros2bot_description/share/rmp_ros2bot_description/models
[1.352s] running install_egg_info
[1.354s] removing '/home/nipun/ros2RB_ws/install/rmp_ros2bot_description/lib/python3.10/site-packages/rmp_ros2bot_description-0.0.0-py3.10.egg-info' (and everything under it)
[1.358s] Copying ../build/rmp_ros2bot_description/rmp_ros2bot_description.egg-info to /home/nipun/ros2RB_ws/install/rmp_ros2bot_description/lib/python3.10/site-packages/rmp_ros2bot_description-0.0.0-py3.10.egg-info
[1.358s] running install_scripts
[1.385s] writing list of installed files to '/home/nipun/ros2RB_ws/build/rmp_ros2bot_description/install.log'
[1.409s] Invoked command in '/home/nipun/ros2RB_ws/rmp_ros2bot_description' returned '0': PYTHONPATH=/home/nipun/ros2RB_ws/build/rmp_ros2bot_description/prefix_override:/usr/lib/python3/dist-packages/colcon_core/task/python/colcon_distutils_commands:/home/nipun/ros2RB_ws/install/rmp_ros2bot_description/lib/python3.10/site-packages:${PYTHONPATH} /usr/bin/python3 -W ignore:setup.py install is deprecated setup.py egg_info --egg-base ../build/rmp_ros2bot_description build --build-base /home/nipun/ros2RB_ws/build/rmp_ros2bot_description/build install --record /home/nipun/ros2RB_ws/build/rmp_ros2bot_description/install.log --single-version-externally-managed install_data
