running egg_info
writing ../build/simple_pkg/simple_pkg.egg-info/PKG-INFO
writing dependency_links to ../build/simple_pkg/simple_pkg.egg-info/dependency_links.txt
writing entry points to ../build/simple_pkg/simple_pkg.egg-info/entry_points.txt
writing requirements to ../build/simple_pkg/simple_pkg.egg-info/requires.txt
writing top-level names to ../build/simple_pkg/simple_pkg.egg-info/top_level.txt
reading manifest file '../build/simple_pkg/simple_pkg.egg-info/SOURCES.txt'
writing manifest file '../build/simple_pkg/simple_pkg.egg-info/SOURCES.txt'
running build
running build_py
copying simple_pkg/sub.py -> /home/nipun/ros2RB_ws/build/simple_pkg/build/lib/simple_pkg
running install
running install_lib
copying /home/nipun/ros2RB_ws/build/simple_pkg/build/lib/simple_pkg/sub.py -> /home/nipun/ros2RB_ws/install/simple_pkg/lib/python3.10/site-packages/simple_pkg
byte-compiling /home/nipun/ros2RB_ws/install/simple_pkg/lib/python3.10/site-packages/simple_pkg/sub.py to sub.cpython-310.pyc
running install_data
running install_egg_info
removing '/home/nipun/ros2RB_ws/install/simple_pkg/lib/python3.10/site-packages/simple_pkg-0.0.0-py3.10.egg-info' (and everything under it)
Copying ../build/simple_pkg/simple_pkg.egg-info to /home/nipun/ros2RB_ws/install/simple_pkg/lib/python3.10/site-packages/simple_pkg-0.0.0-py3.10.egg-info
running install_scripts
Installing HelloWorldPublisher script to /home/nipun/ros2RB_ws/install/simple_pkg/lib/simple_pkg
writing list of installed files to '/home/nipun/ros2RB_ws/build/simple_pkg/install.log'
