[1.009s] Invoking command in '/home/nipun/ros2RB_ws/simple_pkg': PYTHONPATH=/home/nipun/ros2RB_ws/build/simple_pkg/prefix_override:/usr/lib/python3/dist-packages/colcon_core/task/python/colcon_distutils_commands:/home/nipun/ros2RB_ws/install/simple_pkg/lib/python3.10/site-packages:${PYTHONPATH} /usr/bin/python3 -W ignore:setup.py install is deprecated setup.py egg_info --egg-base ../build/simple_pkg build --build-base /home/nipun/ros2RB_ws/build/simple_pkg/build install --record /home/nipun/ros2RB_ws/build/simple_pkg/install.log --single-version-externally-managed install_data
[1.412s] running egg_info
[1.413s] writing ../build/simple_pkg/simple_pkg.egg-info/PKG-INFO
[1.414s] writing dependency_links to ../build/simple_pkg/simple_pkg.egg-info/dependency_links.txt
[1.414s] writing entry points to ../build/simple_pkg/simple_pkg.egg-info/entry_points.txt
[1.414s] writing requirements to ../build/simple_pkg/simple_pkg.egg-info/requires.txt
[1.414s] writing top-level names to ../build/simple_pkg/simple_pkg.egg-info/top_level.txt
[1.418s] reading manifest file '../build/simple_pkg/simple_pkg.egg-info/SOURCES.txt'
[1.420s] writing manifest file '../build/simple_pkg/simple_pkg.egg-info/SOURCES.txt'
[1.420s] running build
[1.420s] running build_py
[1.420s] copying simple_pkg/sub.py -> /home/nipun/ros2RB_ws/build/simple_pkg/build/lib/simple_pkg
[1.420s] running install
[1.421s] running install_lib
[1.422s] copying /home/nipun/ros2RB_ws/build/simple_pkg/build/lib/simple_pkg/sub.py -> /home/nipun/ros2RB_ws/install/simple_pkg/lib/python3.10/site-packages/simple_pkg
[1.422s] byte-compiling /home/nipun/ros2RB_ws/install/simple_pkg/lib/python3.10/site-packages/simple_pkg/sub.py to sub.cpython-310.pyc
[1.423s] running install_data
[1.423s] running install_egg_info
[1.425s] removing '/home/nipun/ros2RB_ws/install/simple_pkg/lib/python3.10/site-packages/simple_pkg-0.0.0-py3.10.egg-info' (and everything under it)
[1.426s] Copying ../build/simple_pkg/simple_pkg.egg-info to /home/nipun/ros2RB_ws/install/simple_pkg/lib/python3.10/site-packages/simple_pkg-0.0.0-py3.10.egg-info
[1.427s] running install_scripts
[1.457s] Installing HelloWorldPublisher script to /home/nipun/ros2RB_ws/install/simple_pkg/lib/simple_pkg
[1.458s] writing list of installed files to '/home/nipun/ros2RB_ws/build/simple_pkg/install.log'
[1.487s] Invoked command in '/home/nipun/ros2RB_ws/simple_pkg' returned '0': PYTHONPATH=/home/nipun/ros2RB_ws/build/simple_pkg/prefix_override:/usr/lib/python3/dist-packages/colcon_core/task/python/colcon_distutils_commands:/home/nipun/ros2RB_ws/install/simple_pkg/lib/python3.10/site-packages:${PYTHONPATH} /usr/bin/python3 -W ignore:setup.py install is deprecated setup.py egg_info --egg-base ../build/simple_pkg build --build-base /home/nipun/ros2RB_ws/build/simple_pkg/build install --record /home/nipun/ros2RB_ws/build/simple_pkg/install.log --single-version-externally-managed install_data
