[0.159s] DEBUG:colcon:Command line arguments: ['/usr/bin/colcon', 'build']
[0.159s] DEBUG:colcon:Parsed command line arguments: Namespace(log_base=None, log_level=None, verb_name='build', build_base='build', install_base='install', merge_install=False, symlink_install=False, test_result_base=None, continue_on_error=False, executor='parallel', parallel_workers=3, event_handlers=None, ignore_user_meta=False, metas=['./colcon.meta'], base_paths=['.'], packages_ignore=None, packages_ignore_regex=None, paths=None, packages_up_to=None, packages_up_to_regex=None, packages_above=None, packages_above_and_dependencies=None, packages_above_depth=None, packages_select_by_dep=None, packages_skip_by_dep=None, packages_skip_up_to=None, packages_select_build_failed=False, packages_skip_build_finished=False, packages_select_test_failures=False, packages_skip_test_passed=False, packages_select=None, packages_skip=None, packages_select_regex=None, packages_skip_regex=None, packages_start=None, packages_end=None, allow_overriding=[], cmake_args=None, cmake_target=None, cmake_target_skip_unavailable=False, cmake_clean_cache=False, cmake_clean_first=False, cmake_force_configure=False, ament_cmake_args=None, catkin_cmake_args=None, catkin_skip_building_tests=False, verb_parser=<colcon_defaults.argument_parser.defaults.DefaultArgumentsDecorator object at 0x755c4a1a8310>, verb_extension=<colcon_core.verb.build.BuildVerb object at 0x755c4a3f3e80>, main=<bound method BuildVerb.main of <colcon_core.verb.build.BuildVerb object at 0x755c4a3f3e80>>)
[0.405s] Level 1:colcon.colcon_core.package_discovery:discover_packages(colcon_meta) check parameters
[0.405s] Level 1:colcon.colcon_core.package_discovery:discover_packages(recursive) check parameters
[0.405s] Level 1:colcon.colcon_core.package_discovery:discover_packages(ignore) check parameters
[0.405s] Level 1:colcon.colcon_core.package_discovery:discover_packages(path) check parameters
[0.405s] Level 1:colcon.colcon_core.package_discovery:discover_packages(colcon_meta) discover
[0.405s] Level 1:colcon.colcon_core.package_discovery:discover_packages(recursive) discover
[0.405s] INFO:colcon.colcon_core.package_discovery:Crawling recursively for packages in '/home/nipun/ros2RB_ws'
[0.405s] Level 1:colcon.colcon_core.package_identification:_identify(.) by extensions ['ignore', 'ignore_ament_install']
[0.406s] Level 1:colcon.colcon_core.package_identification:_identify(.) by extension 'ignore'
[0.406s] Level 1:colcon.colcon_core.package_identification:_identify(.) by extension 'ignore_ament_install'
[0.406s] Level 1:colcon.colcon_core.package_identification:_identify(.) by extensions ['colcon_pkg']
[0.406s] Level 1:colcon.colcon_core.package_identification:_identify(.) by extension 'colcon_pkg'
[0.406s] Level 1:colcon.colcon_core.package_identification:_identify(.) by extensions ['colcon_meta']
[0.406s] Level 1:colcon.colcon_core.package_identification:_identify(.) by extension 'colcon_meta'
[0.406s] Level 1:colcon.colcon_core.package_identification:_identify(.) by extensions ['ros']
[0.406s] Level 1:colcon.colcon_core.package_identification:_identify(.) by extension 'ros'
[0.422s] Level 1:colcon.colcon_core.package_identification:_identify(.) by extensions ['cmake', 'python']
[0.422s] Level 1:colcon.colcon_core.package_identification:_identify(.) by extension 'cmake'
[0.422s] Level 1:colcon.colcon_core.package_identification:_identify(.) by extension 'python'
[0.422s] Level 1:colcon.colcon_core.package_identification:_identify(.) by extensions ['python_setup_py']
[0.422s] Level 1:colcon.colcon_core.package_identification:_identify(.) by extension 'python_setup_py'
[0.422s] Level 1:colcon.colcon_core.package_identification:_identify(assignment1) by extensions ['ignore', 'ignore_ament_install']
[0.422s] Level 1:colcon.colcon_core.package_identification:_identify(assignment1) by extension 'ignore'
[0.423s] Level 1:colcon.colcon_core.package_identification:_identify(assignment1) by extension 'ignore_ament_install'
[0.423s] Level 1:colcon.colcon_core.package_identification:_identify(assignment1) by extensions ['colcon_pkg']
[0.423s] Level 1:colcon.colcon_core.package_identification:_identify(assignment1) by extension 'colcon_pkg'
[0.423s] Level 1:colcon.colcon_core.package_identification:_identify(assignment1) by extensions ['colcon_meta']
[0.423s] Level 1:colcon.colcon_core.package_identification:_identify(assignment1) by extension 'colcon_meta'
[0.423s] Level 1:colcon.colcon_core.package_identification:_identify(assignment1) by extensions ['ros']
[0.423s] Level 1:colcon.colcon_core.package_identification:_identify(assignment1) by extension 'ros'
[0.426s] DEBUG:colcon.colcon_core.package_identification:Package 'assignment1' with type 'ros.ament_python' and name 'assignment1'
[0.426s] Level 1:colcon.colcon_core.package_identification:_identify(assignment1_cpp) by extensions ['ignore', 'ignore_ament_install']
[0.426s] Level 1:colcon.colcon_core.package_identification:_identify(assignment1_cpp) by extension 'ignore'
[0.427s] Level 1:colcon.colcon_core.package_identification:_identify(assignment1_cpp) by extension 'ignore_ament_install'
[0.427s] Level 1:colcon.colcon_core.package_identification:_identify(assignment1_cpp) by extensions ['colcon_pkg']
[0.427s] Level 1:colcon.colcon_core.package_identification:_identify(assignment1_cpp) by extension 'colcon_pkg'
[0.427s] Level 1:colcon.colcon_core.package_identification:_identify(assignment1_cpp) by extensions ['colcon_meta']
[0.427s] Level 1:colcon.colcon_core.package_identification:_identify(assignment1_cpp) by extension 'colcon_meta'
[0.427s] Level 1:colcon.colcon_core.package_identification:_identify(assignment1_cpp) by extensions ['ros']
[0.427s] Level 1:colcon.colcon_core.package_identification:_identify(assignment1_cpp) by extension 'ros'
[0.428s] DEBUG:colcon.colcon_core.package_identification:Package 'assignment1_cpp' with type 'ros.ament_cmake' and name 'assignment1_cpp'
[0.428s] Level 1:colcon.colcon_core.package_identification:_identify(build) by extensions ['ignore', 'ignore_ament_install']
[0.428s] Level 1:colcon.colcon_core.package_identification:_identify(build) by extension 'ignore'
[0.428s] Level 1:colcon.colcon_core.package_identification:_identify(build) ignored
[0.428s] Level 1:colcon.colcon_core.package_identification:_identify(install) by extensions ['ignore', 'ignore_ament_install']
[0.428s] Level 1:colcon.colcon_core.package_identification:_identify(install) by extension 'ignore'
[0.429s] Level 1:colcon.colcon_core.package_identification:_identify(install) ignored
[0.429s] Level 1:colcon.colcon_core.package_identification:_identify(log) by extensions ['ignore', 'ignore_ament_install']
[0.429s] Level 1:colcon.colcon_core.package_identification:_identify(log) by extension 'ignore'
[0.429s] Level 1:colcon.colcon_core.package_identification:_identify(log) ignored
[0.429s] Level 1:colcon.colcon_core.package_identification:_identify(simple_pkg) by extensions ['ignore', 'ignore_ament_install']
[0.429s] Level 1:colcon.colcon_core.package_identification:_identify(simple_pkg) by extension 'ignore'
[0.429s] Level 1:colcon.colcon_core.package_identification:_identify(simple_pkg) by extension 'ignore_ament_install'
[0.429s] Level 1:colcon.colcon_core.package_identification:_identify(simple_pkg) by extensions ['colcon_pkg']
[0.430s] Level 1:colcon.colcon_core.package_identification:_identify(simple_pkg) by extension 'colcon_pkg'
[0.430s] Level 1:colcon.colcon_core.package_identification:_identify(simple_pkg) by extensions ['colcon_meta']
[0.430s] Level 1:colcon.colcon_core.package_identification:_identify(simple_pkg) by extension 'colcon_meta'
[0.430s] Level 1:colcon.colcon_core.package_identification:_identify(simple_pkg) by extensions ['ros']
[0.430s] Level 1:colcon.colcon_core.package_identification:_identify(simple_pkg) by extension 'ros'
[0.430s] DEBUG:colcon.colcon_core.package_identification:Package 'simple_pkg' with type 'ros.ament_python' and name 'simple_pkg'
[0.431s] Level 1:colcon.colcon_core.package_identification:_identify(simple_pkg_cpp) by extensions ['ignore', 'ignore_ament_install']
[0.431s] Level 1:colcon.colcon_core.package_identification:_identify(simple_pkg_cpp) by extension 'ignore'
[0.431s] Level 1:colcon.colcon_core.package_identification:_identify(simple_pkg_cpp) by extension 'ignore_ament_install'
[0.431s] Level 1:colcon.colcon_core.package_identification:_identify(simple_pkg_cpp) by extensions ['colcon_pkg']
[0.431s] Level 1:colcon.colcon_core.package_identification:_identify(simple_pkg_cpp) by extension 'colcon_pkg'
[0.431s] Level 1:colcon.colcon_core.package_identification:_identify(simple_pkg_cpp) by extensions ['colcon_meta']
[0.431s] Level 1:colcon.colcon_core.package_identification:_identify(simple_pkg_cpp) by extension 'colcon_meta'
[0.431s] Level 1:colcon.colcon_core.package_identification:_identify(simple_pkg_cpp) by extensions ['ros']
[0.431s] Level 1:colcon.colcon_core.package_identification:_identify(simple_pkg_cpp) by extension 'ros'
[0.432s] DEBUG:colcon.colcon_core.package_identification:Package 'simple_pkg_cpp' with type 'ros.ament_cmake' and name 'simple_pkg_cpp'
[0.432s] Level 1:colcon.colcon_core.package_identification:_identify(turtlesim_assignment) by extensions ['ignore', 'ignore_ament_install']
[0.432s] Level 1:colcon.colcon_core.package_identification:_identify(turtlesim_assignment) by extension 'ignore'
[0.432s] Level 1:colcon.colcon_core.package_identification:_identify(turtlesim_assignment) by extension 'ignore_ament_install'
[0.433s] Level 1:colcon.colcon_core.package_identification:_identify(turtlesim_assignment) by extensions ['colcon_pkg']
[0.433s] Level 1:colcon.colcon_core.package_identification:_identify(turtlesim_assignment) by extension 'colcon_pkg'
[0.433s] Level 1:colcon.colcon_core.package_identification:_identify(turtlesim_assignment) by extensions ['colcon_meta']
[0.433s] Level 1:colcon.colcon_core.package_identification:_identify(turtlesim_assignment) by extension 'colcon_meta'
[0.433s] Level 1:colcon.colcon_core.package_identification:_identify(turtlesim_assignment) by extensions ['ros']
[0.433s] Level 1:colcon.colcon_core.package_identification:_identify(turtlesim_assignment) by extension 'ros'
[0.434s] DEBUG:colcon.colcon_core.package_identification:Package 'turtlesim_assignment' with type 'ros.ament_python' and name 'turtlesim_assignment'
[0.434s] Level 1:colcon.colcon_core.package_discovery:discover_packages(recursive) using defaults
[0.434s] Level 1:colcon.colcon_core.package_discovery:discover_packages(ignore) discover
[0.434s] Level 1:colcon.colcon_core.package_discovery:discover_packages(ignore) using defaults
[0.434s] Level 1:colcon.colcon_core.package_discovery:discover_packages(path) discover
[0.434s] Level 1:colcon.colcon_core.package_discovery:discover_packages(path) using defaults
[0.464s] Level 1:colcon.colcon_core.package_discovery:discover_packages(prefix_path) check parameters
[0.464s] Level 1:colcon.colcon_core.package_discovery:discover_packages(prefix_path) discover
[0.467s] DEBUG:colcon.colcon_installed_package_information.package_discovery:Found 6 installed packages in /home/nipun/ros2RB_ws/install
[0.468s] DEBUG:colcon.colcon_installed_package_information.package_discovery:Found 4 installed packages in /home/nipun/ros2_ws/install
[0.470s] DEBUG:colcon.colcon_installed_package_information.package_discovery:Found 270 installed packages in /opt/ros/humble
[0.473s] Level 1:colcon.colcon_core.package_discovery:discover_packages(prefix_path) using defaults
[0.542s] Level 5:colcon.colcon_core.verb:set package 'assignment1' build argument 'cmake_args' from command line to 'None'
[0.542s] Level 5:colcon.colcon_core.verb:set package 'assignment1' build argument 'cmake_target' from command line to 'None'
[0.542s] Level 5:colcon.colcon_core.verb:set package 'assignment1' build argument 'cmake_target_skip_unavailable' from command line to 'False'
[0.542s] Level 5:colcon.colcon_core.verb:set package 'assignment1' build argument 'cmake_clean_cache' from command line to 'False'
[0.542s] Level 5:colcon.colcon_core.verb:set package 'assignment1' build argument 'cmake_clean_first' from command line to 'False'
[0.542s] Level 5:colcon.colcon_core.verb:set package 'assignment1' build argument 'cmake_force_configure' from command line to 'False'
[0.542s] Level 5:colcon.colcon_core.verb:set package 'assignment1' build argument 'ament_cmake_args' from command line to 'None'
[0.542s] Level 5:colcon.colcon_core.verb:set package 'assignment1' build argument 'catkin_cmake_args' from command line to 'None'
[0.542s] Level 5:colcon.colcon_core.verb:set package 'assignment1' build argument 'catkin_skip_building_tests' from command line to 'False'
[0.542s] DEBUG:colcon.colcon_core.verb:Building package 'assignment1' with the following arguments: {'ament_cmake_args': None, 'build_base': '/home/nipun/ros2RB_ws/build/assignment1', 'catkin_cmake_args': None, 'catkin_skip_building_tests': False, 'cmake_args': None, 'cmake_clean_cache': False, 'cmake_clean_first': False, 'cmake_force_configure': False, 'cmake_target': None, 'cmake_target_skip_unavailable': False, 'install_base': '/home/nipun/ros2RB_ws/install/assignment1', 'merge_install': False, 'path': '/home/nipun/ros2RB_ws/assignment1', 'symlink_install': False, 'test_result_base': None}
[0.543s] Level 5:colcon.colcon_core.verb:set package 'assignment1_cpp' build argument 'cmake_args' from command line to 'None'
[0.543s] Level 5:colcon.colcon_core.verb:set package 'assignment1_cpp' build argument 'cmake_target' from command line to 'None'
[0.543s] Level 5:colcon.colcon_core.verb:set package 'assignment1_cpp' build argument 'cmake_target_skip_unavailable' from command line to 'False'
[0.543s] Level 5:colcon.colcon_core.verb:set package 'assignment1_cpp' build argument 'cmake_clean_cache' from command line to 'False'
[0.543s] Level 5:colcon.colcon_core.verb:set package 'assignment1_cpp' build argument 'cmake_clean_first' from command line to 'False'
[0.543s] Level 5:colcon.colcon_core.verb:set package 'assignment1_cpp' build argument 'cmake_force_configure' from command line to 'False'
[0.543s] Level 5:colcon.colcon_core.verb:set package 'assignment1_cpp' build argument 'ament_cmake_args' from command line to 'None'
[0.543s] Level 5:colcon.colcon_core.verb:set package 'assignment1_cpp' build argument 'catkin_cmake_args' from command line to 'None'
[0.543s] Level 5:colcon.colcon_core.verb:set package 'assignment1_cpp' build argument 'catkin_skip_building_tests' from command line to 'False'
[0.543s] DEBUG:colcon.colcon_core.verb:Building package 'assignment1_cpp' with the following arguments: {'ament_cmake_args': None, 'build_base': '/home/nipun/ros2RB_ws/build/assignment1_cpp', 'catkin_cmake_args': None, 'catkin_skip_building_tests': False, 'cmake_args': None, 'cmake_clean_cache': False, 'cmake_clean_first': False, 'cmake_force_configure': False, 'cmake_target': None, 'cmake_target_skip_unavailable': False, 'install_base': '/home/nipun/ros2RB_ws/install/assignment1_cpp', 'merge_install': False, 'path': '/home/nipun/ros2RB_ws/assignment1_cpp', 'symlink_install': False, 'test_result_base': None}
[0.544s] Level 5:colcon.colcon_core.verb:set package 'simple_pkg' build argument 'cmake_args' from command line to 'None'
[0.544s] Level 5:colcon.colcon_core.verb:set package 'simple_pkg' build argument 'cmake_target' from command line to 'None'
[0.544s] Level 5:colcon.colcon_core.verb:set package 'simple_pkg' build argument 'cmake_target_skip_unavailable' from command line to 'False'
[0.544s] Level 5:colcon.colcon_core.verb:set package 'simple_pkg' build argument 'cmake_clean_cache' from command line to 'False'
[0.544s] Level 5:colcon.colcon_core.verb:set package 'simple_pkg' build argument 'cmake_clean_first' from command line to 'False'
[0.544s] Level 5:colcon.colcon_core.verb:set package 'simple_pkg' build argument 'cmake_force_configure' from command line to 'False'
[0.544s] Level 5:colcon.colcon_core.verb:set package 'simple_pkg' build argument 'ament_cmake_args' from command line to 'None'
[0.544s] Level 5:colcon.colcon_core.verb:set package 'simple_pkg' build argument 'catkin_cmake_args' from command line to 'None'
[0.544s] Level 5:colcon.colcon_core.verb:set package 'simple_pkg' build argument 'catkin_skip_building_tests' from command line to 'False'
[0.544s] DEBUG:colcon.colcon_core.verb:Building package 'simple_pkg' with the following arguments: {'ament_cmake_args': None, 'build_base': '/home/nipun/ros2RB_ws/build/simple_pkg', 'catkin_cmake_args': None, 'catkin_skip_building_tests': False, 'cmake_args': None, 'cmake_clean_cache': False, 'cmake_clean_first': False, 'cmake_force_configure': False, 'cmake_target': None, 'cmake_target_skip_unavailable': False, 'install_base': '/home/nipun/ros2RB_ws/install/simple_pkg', 'merge_install': False, 'path': '/home/nipun/ros2RB_ws/simple_pkg', 'symlink_install': False, 'test_result_base': None}
[0.545s] Level 5:colcon.colcon_core.verb:set package 'simple_pkg_cpp' build argument 'cmake_args' from command line to 'None'
[0.545s] Level 5:colcon.colcon_core.verb:set package 'simple_pkg_cpp' build argument 'cmake_target' from command line to 'None'
[0.545s] Level 5:colcon.colcon_core.verb:set package 'simple_pkg_cpp' build argument 'cmake_target_skip_unavailable' from command line to 'False'
[0.545s] Level 5:colcon.colcon_core.verb:set package 'simple_pkg_cpp' build argument 'cmake_clean_cache' from command line to 'False'
[0.545s] Level 5:colcon.colcon_core.verb:set package 'simple_pkg_cpp' build argument 'cmake_clean_first' from command line to 'False'
[0.545s] Level 5:colcon.colcon_core.verb:set package 'simple_pkg_cpp' build argument 'cmake_force_configure' from command line to 'False'
[0.545s] Level 5:colcon.colcon_core.verb:set package 'simple_pkg_cpp' build argument 'ament_cmake_args' from command line to 'None'
[0.545s] Level 5:colcon.colcon_core.verb:set package 'simple_pkg_cpp' build argument 'catkin_cmake_args' from command line to 'None'
[0.545s] Level 5:colcon.colcon_core.verb:set package 'simple_pkg_cpp' build argument 'catkin_skip_building_tests' from command line to 'False'
[0.545s] DEBUG:colcon.colcon_core.verb:Building package 'simple_pkg_cpp' with the following arguments: {'ament_cmake_args': None, 'build_base': '/home/nipun/ros2RB_ws/build/simple_pkg_cpp', 'catkin_cmake_args': None, 'catkin_skip_building_tests': False, 'cmake_args': None, 'cmake_clean_cache': False, 'cmake_clean_first': False, 'cmake_force_configure': False, 'cmake_target': None, 'cmake_target_skip_unavailable': False, 'install_base': '/home/nipun/ros2RB_ws/install/simple_pkg_cpp', 'merge_install': False, 'path': '/home/nipun/ros2RB_ws/simple_pkg_cpp', 'symlink_install': False, 'test_result_base': None}
[0.546s] Level 5:colcon.colcon_core.verb:set package 'turtlesim_assignment' build argument 'cmake_args' from command line to 'None'
[0.546s] Level 5:colcon.colcon_core.verb:set package 'turtlesim_assignment' build argument 'cmake_target' from command line to 'None'
[0.546s] Level 5:colcon.colcon_core.verb:set package 'turtlesim_assignment' build argument 'cmake_target_skip_unavailable' from command line to 'False'
[0.546s] Level 5:colcon.colcon_core.verb:set package 'turtlesim_assignment' build argument 'cmake_clean_cache' from command line to 'False'
[0.546s] Level 5:colcon.colcon_core.verb:set package 'turtlesim_assignment' build argument 'cmake_clean_first' from command line to 'False'
[0.546s] Level 5:colcon.colcon_core.verb:set package 'turtlesim_assignment' build argument 'cmake_force_configure' from command line to 'False'
[0.546s] Level 5:colcon.colcon_core.verb:set package 'turtlesim_assignment' build argument 'ament_cmake_args' from command line to 'None'
[0.546s] Level 5:colcon.colcon_core.verb:set package 'turtlesim_assignment' build argument 'catkin_cmake_args' from command line to 'None'
[0.546s] Level 5:colcon.colcon_core.verb:set package 'turtlesim_assignment' build argument 'catkin_skip_building_tests' from command line to 'False'
[0.546s] DEBUG:colcon.colcon_core.verb:Building package 'turtlesim_assignment' with the following arguments: {'ament_cmake_args': None, 'build_base': '/home/nipun/ros2RB_ws/build/turtlesim_assignment', 'catkin_cmake_args': None, 'catkin_skip_building_tests': False, 'cmake_args': None, 'cmake_clean_cache': False, 'cmake_clean_first': False, 'cmake_force_configure': False, 'cmake_target': None, 'cmake_target_skip_unavailable': False, 'install_base': '/home/nipun/ros2RB_ws/install/turtlesim_assignment', 'merge_install': False, 'path': '/home/nipun/ros2RB_ws/turtlesim_assignment', 'symlink_install': False, 'test_result_base': None}
[0.546s] INFO:colcon.colcon_core.executor:Executing jobs using 'parallel' executor
[0.547s] DEBUG:colcon.colcon_parallel_executor.executor.parallel:run_until_complete
[0.548s] INFO:colcon.colcon_ros.task.ament_python.build:Building ROS package in '/home/nipun/ros2RB_ws/assignment1' with build type 'ament_python'
[0.548s] Level 1:colcon.colcon_core.shell:create_environment_hook('assignment1', 'ament_prefix_path')
[0.551s] INFO:colcon.colcon_core.plugin_system:Skipping extension 'colcon_core.shell.bat': Not used on non-Windows systems
[0.551s] INFO:colcon.colcon_core.shell:Creating environment hook '/home/nipun/ros2RB_ws/install/assignment1/share/assignment1/hook/ament_prefix_path.ps1'
[0.552s] INFO:colcon.colcon_core.shell:Creating environment descriptor '/home/nipun/ros2RB_ws/install/assignment1/share/assignment1/hook/ament_prefix_path.dsv'
[0.552s] INFO:colcon.colcon_core.shell:Creating environment hook '/home/nipun/ros2RB_ws/install/assignment1/share/assignment1/hook/ament_prefix_path.sh'
[0.554s] INFO:colcon.colcon_core.shell:Skip shell extension 'powershell' for command environment: Not usable outside of PowerShell
[0.554s] DEBUG:colcon.colcon_core.shell:Skip shell extension 'dsv' for command environment
[0.560s] INFO:colcon.colcon_ros.task.ament_cmake.build:Building ROS package in '/home/nipun/ros2RB_ws/assignment1_cpp' with build type 'ament_cmake'
[0.561s] INFO:colcon.colcon_cmake.task.cmake.build:Building CMake package in '/home/nipun/ros2RB_ws/assignment1_cpp'
[0.561s] INFO:colcon.colcon_core.shell:Skip shell extension 'powershell' for command environment: Not usable outside of PowerShell
[0.562s] DEBUG:colcon.colcon_core.shell:Skip shell extension 'dsv' for command environment
[0.568s] INFO:colcon.colcon_ros.task.ament_python.build:Building ROS package in '/home/nipun/ros2RB_ws/simple_pkg' with build type 'ament_python'
[0.568s] Level 1:colcon.colcon_core.shell:create_environment_hook('simple_pkg', 'ament_prefix_path')
[0.569s] INFO:colcon.colcon_core.shell:Creating environment hook '/home/nipun/ros2RB_ws/install/simple_pkg/share/simple_pkg/hook/ament_prefix_path.ps1'
[0.570s] INFO:colcon.colcon_core.shell:Creating environment descriptor '/home/nipun/ros2RB_ws/install/simple_pkg/share/simple_pkg/hook/ament_prefix_path.dsv'
[0.571s] INFO:colcon.colcon_core.shell:Creating environment hook '/home/nipun/ros2RB_ws/install/simple_pkg/share/simple_pkg/hook/ament_prefix_path.sh'
[0.572s] INFO:colcon.colcon_core.shell:Skip shell extension 'powershell' for command environment: Not usable outside of PowerShell
[0.573s] DEBUG:colcon.colcon_core.shell:Skip shell extension 'dsv' for command environment
[0.992s] INFO:colcon.colcon_core.task.python.build:Building Python package in '/home/nipun/ros2RB_ws/assignment1'
[0.992s] INFO:colcon.colcon_core.shell:Skip shell extension 'powershell' for command environment: Not usable outside of PowerShell
[0.992s] DEBUG:colcon.colcon_core.shell:Skip shell extension 'dsv' for command environment
[1.001s] DEBUG:colcon.colcon_core.event_handler.log_command:Invoking command in '/home/nipun/ros2RB_ws/build/assignment1_cpp': CMAKE_PREFIX_PATH=${CMAKE_PREFIX_PATH}:/home/nipun/ros2RB_ws/install/turtlesim_assignment:/home/nipun/ros2RB_ws/install/simple_pkg:/home/nipun/ros2RB_ws/install/assignment1:/home/nipun/ros2_ws/install/my_py_pkg:/opt/ros/humble /usr/bin/cmake --build /home/nipun/ros2RB_ws/build/assignment1_cpp -- -j3 -l3
[1.427s] INFO:colcon.colcon_core.task.python.build:Building Python package in '/home/nipun/ros2RB_ws/simple_pkg'
[1.427s] INFO:colcon.colcon_core.shell:Skip shell extension 'powershell' for command environment: Not usable outside of PowerShell
[1.427s] DEBUG:colcon.colcon_core.shell:Skip shell extension 'dsv' for command environment
[1.439s] DEBUG:colcon.colcon_core.event_handler.log_command:Invoked command in '/home/nipun/ros2RB_ws/build/assignment1_cpp' returned '0': CMAKE_PREFIX_PATH=${CMAKE_PREFIX_PATH}:/home/nipun/ros2RB_ws/install/turtlesim_assignment:/home/nipun/ros2RB_ws/install/simple_pkg:/home/nipun/ros2RB_ws/install/assignment1:/home/nipun/ros2_ws/install/my_py_pkg:/opt/ros/humble /usr/bin/cmake --build /home/nipun/ros2RB_ws/build/assignment1_cpp -- -j3 -l3
[1.493s] DEBUG:colcon.colcon_core.event_handler.log_command:Invoking command in '/home/nipun/ros2RB_ws/build/assignment1_cpp': CMAKE_PREFIX_PATH=${CMAKE_PREFIX_PATH}:/home/nipun/ros2RB_ws/install/turtlesim_assignment:/home/nipun/ros2RB_ws/install/simple_pkg:/home/nipun/ros2RB_ws/install/assignment1:/home/nipun/ros2_ws/install/my_py_pkg:/opt/ros/humble /usr/bin/cmake --install /home/nipun/ros2RB_ws/build/assignment1_cpp
[1.522s] Level 1:colcon.colcon_core.environment:create_environment_scripts_only(assignment1_cpp)
[1.522s] DEBUG:colcon.colcon_core.event_handler.log_command:Invoked command in '/home/nipun/ros2RB_ws/build/assignment1_cpp' returned '0': CMAKE_PREFIX_PATH=${CMAKE_PREFIX_PATH}:/home/nipun/ros2RB_ws/install/turtlesim_assignment:/home/nipun/ros2RB_ws/install/simple_pkg:/home/nipun/ros2RB_ws/install/assignment1:/home/nipun/ros2_ws/install/my_py_pkg:/opt/ros/humble /usr/bin/cmake --install /home/nipun/ros2RB_ws/build/assignment1_cpp
[1.525s] Level 1:colcon.colcon_core.environment:checking '/home/nipun/ros2RB_ws/install/assignment1_cpp' for CMake module files
[1.526s] Level 1:colcon.colcon_core.environment:checking '/home/nipun/ros2RB_ws/install/assignment1_cpp' for CMake config files
[1.526s] Level 1:colcon.colcon_core.shell:create_environment_hook('assignment1_cpp', 'cmake_prefix_path')
[1.526s] INFO:colcon.colcon_core.shell:Creating environment hook '/home/nipun/ros2RB_ws/install/assignment1_cpp/share/assignment1_cpp/hook/cmake_prefix_path.ps1'
[1.527s] INFO:colcon.colcon_core.shell:Creating environment descriptor '/home/nipun/ros2RB_ws/install/assignment1_cpp/share/assignment1_cpp/hook/cmake_prefix_path.dsv'
[1.527s] INFO:colcon.colcon_core.shell:Creating environment hook '/home/nipun/ros2RB_ws/install/assignment1_cpp/share/assignment1_cpp/hook/cmake_prefix_path.sh'
[1.528s] Level 1:colcon.colcon_core.environment:checking '/home/nipun/ros2RB_ws/install/assignment1_cpp/lib'
[1.528s] Level 1:colcon.colcon_core.environment:checking '/home/nipun/ros2RB_ws/install/assignment1_cpp/bin'
[1.528s] Level 1:colcon.colcon_core.environment:checking '/home/nipun/ros2RB_ws/install/assignment1_cpp/lib/pkgconfig/assignment1_cpp.pc'
[1.529s] Level 1:colcon.colcon_core.environment:checking '/home/nipun/ros2RB_ws/install/assignment1_cpp/lib/python3.10/site-packages'
[1.529s] Level 1:colcon.colcon_core.environment:checking '/home/nipun/ros2RB_ws/install/assignment1_cpp/bin'
[1.529s] INFO:colcon.colcon_core.shell:Creating package script '/home/nipun/ros2RB_ws/install/assignment1_cpp/share/assignment1_cpp/package.ps1'
[1.530s] INFO:colcon.colcon_core.shell:Creating package descriptor '/home/nipun/ros2RB_ws/install/assignment1_cpp/share/assignment1_cpp/package.dsv'
[1.531s] INFO:colcon.colcon_core.shell:Creating package script '/home/nipun/ros2RB_ws/install/assignment1_cpp/share/assignment1_cpp/package.sh'
[1.532s] INFO:colcon.colcon_core.shell:Creating package script '/home/nipun/ros2RB_ws/install/assignment1_cpp/share/assignment1_cpp/package.bash'
[1.533s] INFO:colcon.colcon_core.shell:Creating package script '/home/nipun/ros2RB_ws/install/assignment1_cpp/share/assignment1_cpp/package.zsh'
[1.535s] Level 1:colcon.colcon_core.environment:create_file_with_runtime_dependencies(/home/nipun/ros2RB_ws/install/assignment1_cpp/share/colcon-core/packages/assignment1_cpp)
[1.583s] Level 1:colcon.colcon_core.environment:create_environment_scripts_only(assignment1_cpp)
[1.584s] Level 1:colcon.colcon_core.environment:checking '/home/nipun/ros2RB_ws/install/assignment1_cpp' for CMake module files
[1.585s] Level 1:colcon.colcon_core.environment:checking '/home/nipun/ros2RB_ws/install/assignment1_cpp' for CMake config files
[1.585s] Level 1:colcon.colcon_core.shell:create_environment_hook('assignment1_cpp', 'cmake_prefix_path')
[1.585s] INFO:colcon.colcon_core.shell:Creating environment hook '/home/nipun/ros2RB_ws/install/assignment1_cpp/share/assignment1_cpp/hook/cmake_prefix_path.ps1'
[1.586s] INFO:colcon.colcon_core.shell:Creating environment descriptor '/home/nipun/ros2RB_ws/install/assignment1_cpp/share/assignment1_cpp/hook/cmake_prefix_path.dsv'
[1.586s] INFO:colcon.colcon_core.shell:Creating environment hook '/home/nipun/ros2RB_ws/install/assignment1_cpp/share/assignment1_cpp/hook/cmake_prefix_path.sh'
[1.587s] Level 1:colcon.colcon_core.environment:checking '/home/nipun/ros2RB_ws/install/assignment1_cpp/lib'
[1.587s] Level 1:colcon.colcon_core.environment:checking '/home/nipun/ros2RB_ws/install/assignment1_cpp/bin'
[1.587s] Level 1:colcon.colcon_core.environment:checking '/home/nipun/ros2RB_ws/install/assignment1_cpp/lib/pkgconfig/assignment1_cpp.pc'
[1.587s] Level 1:colcon.colcon_core.environment:checking '/home/nipun/ros2RB_ws/install/assignment1_cpp/lib/python3.10/site-packages'
[1.588s] Level 1:colcon.colcon_core.environment:checking '/home/nipun/ros2RB_ws/install/assignment1_cpp/bin'
[1.588s] INFO:colcon.colcon_core.shell:Creating package script '/home/nipun/ros2RB_ws/install/assignment1_cpp/share/assignment1_cpp/package.ps1'
[1.589s] INFO:colcon.colcon_core.shell:Creating package descriptor '/home/nipun/ros2RB_ws/install/assignment1_cpp/share/assignment1_cpp/package.dsv'
[1.589s] INFO:colcon.colcon_core.shell:Creating package script '/home/nipun/ros2RB_ws/install/assignment1_cpp/share/assignment1_cpp/package.sh'
[1.590s] INFO:colcon.colcon_core.shell:Creating package script '/home/nipun/ros2RB_ws/install/assignment1_cpp/share/assignment1_cpp/package.bash'
[1.590s] INFO:colcon.colcon_core.shell:Creating package script '/home/nipun/ros2RB_ws/install/assignment1_cpp/share/assignment1_cpp/package.zsh'
[1.591s] Level 1:colcon.colcon_core.environment:create_file_with_runtime_dependencies(/home/nipun/ros2RB_ws/install/assignment1_cpp/share/colcon-core/packages/assignment1_cpp)
[1.592s] INFO:colcon.colcon_ros.task.ament_cmake.build:Building ROS package in '/home/nipun/ros2RB_ws/simple_pkg_cpp' with build type 'ament_cmake'
[1.592s] INFO:colcon.colcon_cmake.task.cmake.build:Building CMake package in '/home/nipun/ros2RB_ws/simple_pkg_cpp'
[1.592s] INFO:colcon.colcon_core.shell:Skip shell extension 'powershell' for command environment: Not usable outside of PowerShell
[1.592s] DEBUG:colcon.colcon_core.shell:Skip shell extension 'dsv' for command environment
[1.610s] DEBUG:colcon.colcon_core.event_handler.log_command:Invoking command in '/home/nipun/ros2RB_ws/build/simple_pkg_cpp': CMAKE_PREFIX_PATH=${CMAKE_PREFIX_PATH}:/home/nipun/ros2RB_ws/install/turtlesim_assignment:/home/nipun/ros2RB_ws/install/simple_pkg:/home/nipun/ros2RB_ws/install/assignment1:/home/nipun/ros2_ws/install/my_py_pkg:/opt/ros/humble /usr/bin/cmake --build /home/nipun/ros2RB_ws/build/simple_pkg_cpp -- -j3 -l3
[1.744s] DEBUG:colcon.colcon_core.event_handler.log_command:Invoked command in '/home/nipun/ros2RB_ws/build/simple_pkg_cpp' returned '0': CMAKE_PREFIX_PATH=${CMAKE_PREFIX_PATH}:/home/nipun/ros2RB_ws/install/turtlesim_assignment:/home/nipun/ros2RB_ws/install/simple_pkg:/home/nipun/ros2RB_ws/install/assignment1:/home/nipun/ros2_ws/install/my_py_pkg:/opt/ros/humble /usr/bin/cmake --build /home/nipun/ros2RB_ws/build/simple_pkg_cpp -- -j3 -l3
[1.802s] DEBUG:colcon.colcon_core.event_handler.log_command:Invoking command in '/home/nipun/ros2RB_ws/build/simple_pkg_cpp': CMAKE_PREFIX_PATH=${CMAKE_PREFIX_PATH}:/home/nipun/ros2RB_ws/install/turtlesim_assignment:/home/nipun/ros2RB_ws/install/simple_pkg:/home/nipun/ros2RB_ws/install/assignment1:/home/nipun/ros2_ws/install/my_py_pkg:/opt/ros/humble /usr/bin/cmake --install /home/nipun/ros2RB_ws/build/simple_pkg_cpp
[1.820s] Level 1:colcon.colcon_core.environment:create_environment_scripts_only(simple_pkg_cpp)
[1.820s] Level 1:colcon.colcon_core.environment:checking '/home/nipun/ros2RB_ws/install/simple_pkg_cpp' for CMake module files
[1.821s] Level 1:colcon.colcon_core.environment:checking '/home/nipun/ros2RB_ws/install/simple_pkg_cpp' for CMake config files
[1.821s] Level 1:colcon.colcon_core.shell:create_environment_hook('simple_pkg_cpp', 'cmake_prefix_path')
[1.822s] INFO:colcon.colcon_core.shell:Creating environment hook '/home/nipun/ros2RB_ws/install/simple_pkg_cpp/share/simple_pkg_cpp/hook/cmake_prefix_path.ps1'
[1.823s] INFO:colcon.colcon_core.shell:Creating environment descriptor '/home/nipun/ros2RB_ws/install/simple_pkg_cpp/share/simple_pkg_cpp/hook/cmake_prefix_path.dsv'
[1.823s] DEBUG:colcon.colcon_core.event_handler.log_command:Invoked command in '/home/nipun/ros2RB_ws/build/simple_pkg_cpp' returned '0': CMAKE_PREFIX_PATH=${CMAKE_PREFIX_PATH}:/home/nipun/ros2RB_ws/install/turtlesim_assignment:/home/nipun/ros2RB_ws/install/simple_pkg:/home/nipun/ros2RB_ws/install/assignment1:/home/nipun/ros2_ws/install/my_py_pkg:/opt/ros/humble /usr/bin/cmake --install /home/nipun/ros2RB_ws/build/simple_pkg_cpp
[1.824s] INFO:colcon.colcon_core.shell:Creating environment hook '/home/nipun/ros2RB_ws/install/simple_pkg_cpp/share/simple_pkg_cpp/hook/cmake_prefix_path.sh'
[1.824s] Level 1:colcon.colcon_core.environment:checking '/home/nipun/ros2RB_ws/install/simple_pkg_cpp/lib'
[1.824s] Level 1:colcon.colcon_core.environment:checking '/home/nipun/ros2RB_ws/install/simple_pkg_cpp/bin'
[1.825s] Level 1:colcon.colcon_core.environment:checking '/home/nipun/ros2RB_ws/install/simple_pkg_cpp/lib/pkgconfig/simple_pkg_cpp.pc'
[1.825s] Level 1:colcon.colcon_core.environment:checking '/home/nipun/ros2RB_ws/install/simple_pkg_cpp/lib/python3.10/site-packages'
[1.825s] Level 1:colcon.colcon_core.environment:checking '/home/nipun/ros2RB_ws/install/simple_pkg_cpp/bin'
[1.826s] INFO:colcon.colcon_core.shell:Creating package script '/home/nipun/ros2RB_ws/install/simple_pkg_cpp/share/simple_pkg_cpp/package.ps1'
[1.826s] INFO:colcon.colcon_core.shell:Creating package descriptor '/home/nipun/ros2RB_ws/install/simple_pkg_cpp/share/simple_pkg_cpp/package.dsv'
[1.827s] INFO:colcon.colcon_core.shell:Creating package script '/home/nipun/ros2RB_ws/install/simple_pkg_cpp/share/simple_pkg_cpp/package.sh'
[1.827s] INFO:colcon.colcon_core.shell:Creating package script '/home/nipun/ros2RB_ws/install/simple_pkg_cpp/share/simple_pkg_cpp/package.bash'
[1.828s] INFO:colcon.colcon_core.shell:Creating package script '/home/nipun/ros2RB_ws/install/simple_pkg_cpp/share/simple_pkg_cpp/package.zsh'
[1.828s] Level 1:colcon.colcon_core.environment:create_file_with_runtime_dependencies(/home/nipun/ros2RB_ws/install/simple_pkg_cpp/share/colcon-core/packages/simple_pkg_cpp)
[1.870s] Level 1:colcon.colcon_core.environment:create_environment_scripts_only(simple_pkg_cpp)
[1.871s] Level 1:colcon.colcon_core.environment:checking '/home/nipun/ros2RB_ws/install/simple_pkg_cpp' for CMake module files
[1.871s] Level 1:colcon.colcon_core.environment:checking '/home/nipun/ros2RB_ws/install/simple_pkg_cpp' for CMake config files
[1.872s] Level 1:colcon.colcon_core.shell:create_environment_hook('simple_pkg_cpp', 'cmake_prefix_path')
[1.872s] INFO:colcon.colcon_core.shell:Creating environment hook '/home/nipun/ros2RB_ws/install/simple_pkg_cpp/share/simple_pkg_cpp/hook/cmake_prefix_path.ps1'
[1.872s] INFO:colcon.colcon_core.shell:Creating environment descriptor '/home/nipun/ros2RB_ws/install/simple_pkg_cpp/share/simple_pkg_cpp/hook/cmake_prefix_path.dsv'
[1.873s] INFO:colcon.colcon_core.shell:Creating environment hook '/home/nipun/ros2RB_ws/install/simple_pkg_cpp/share/simple_pkg_cpp/hook/cmake_prefix_path.sh'
[1.873s] Level 1:colcon.colcon_core.environment:checking '/home/nipun/ros2RB_ws/install/simple_pkg_cpp/lib'
[1.874s] Level 1:colcon.colcon_core.environment:checking '/home/nipun/ros2RB_ws/install/simple_pkg_cpp/bin'
[1.874s] Level 1:colcon.colcon_core.environment:checking '/home/nipun/ros2RB_ws/install/simple_pkg_cpp/lib/pkgconfig/simple_pkg_cpp.pc'
[1.874s] Level 1:colcon.colcon_core.environment:checking '/home/nipun/ros2RB_ws/install/simple_pkg_cpp/lib/python3.10/site-packages'
[1.874s] Level 1:colcon.colcon_core.environment:checking '/home/nipun/ros2RB_ws/install/simple_pkg_cpp/bin'
[1.875s] INFO:colcon.colcon_core.shell:Creating package script '/home/nipun/ros2RB_ws/install/simple_pkg_cpp/share/simple_pkg_cpp/package.ps1'
[1.875s] INFO:colcon.colcon_core.shell:Creating package descriptor '/home/nipun/ros2RB_ws/install/simple_pkg_cpp/share/simple_pkg_cpp/package.dsv'
[1.876s] INFO:colcon.colcon_core.shell:Creating package script '/home/nipun/ros2RB_ws/install/simple_pkg_cpp/share/simple_pkg_cpp/package.sh'
[1.877s] INFO:colcon.colcon_core.shell:Creating package script '/home/nipun/ros2RB_ws/install/simple_pkg_cpp/share/simple_pkg_cpp/package.bash'
[1.881s] INFO:colcon.colcon_core.shell:Creating package script '/home/nipun/ros2RB_ws/install/simple_pkg_cpp/share/simple_pkg_cpp/package.zsh'
[1.882s] Level 1:colcon.colcon_core.environment:create_file_with_runtime_dependencies(/home/nipun/ros2RB_ws/install/simple_pkg_cpp/share/colcon-core/packages/simple_pkg_cpp)
[1.883s] INFO:colcon.colcon_ros.task.ament_python.build:Building ROS package in '/home/nipun/ros2RB_ws/turtlesim_assignment' with build type 'ament_python'
[1.884s] Level 1:colcon.colcon_core.shell:create_environment_hook('turtlesim_assignment', 'ament_prefix_path')
[1.884s] INFO:colcon.colcon_core.shell:Creating environment hook '/home/nipun/ros2RB_ws/install/turtlesim_assignment/share/turtlesim_assignment/hook/ament_prefix_path.ps1'
[1.887s] INFO:colcon.colcon_core.shell:Creating environment descriptor '/home/nipun/ros2RB_ws/install/turtlesim_assignment/share/turtlesim_assignment/hook/ament_prefix_path.dsv'
[1.888s] INFO:colcon.colcon_core.shell:Creating environment hook '/home/nipun/ros2RB_ws/install/turtlesim_assignment/share/turtlesim_assignment/hook/ament_prefix_path.sh'
[1.890s] INFO:colcon.colcon_core.shell:Skip shell extension 'powershell' for command environment: Not usable outside of PowerShell
[1.890s] DEBUG:colcon.colcon_core.shell:Skip shell extension 'dsv' for command environment
[2.334s] INFO:colcon.colcon_core.task.python.build:Building Python package in '/home/nipun/ros2RB_ws/turtlesim_assignment'
[2.334s] INFO:colcon.colcon_core.shell:Skip shell extension 'powershell' for command environment: Not usable outside of PowerShell
[2.334s] DEBUG:colcon.colcon_core.shell:Skip shell extension 'dsv' for command environment
[2.344s] DEBUG:colcon.colcon_core.event_handler.log_command:Invoking command in '/home/nipun/ros2RB_ws/assignment1': PYTHONPATH=/home/nipun/ros2RB_ws/build/assignment1/prefix_override:/usr/lib/python3/dist-packages/colcon_core/task/python/colcon_distutils_commands:/home/nipun/ros2RB_ws/install/assignment1/lib/python3.10/site-packages:${PYTHONPATH} /usr/bin/python3 -W ignore:setup.py install is deprecated setup.py egg_info --egg-base ../build/assignment1 build --build-base /home/nipun/ros2RB_ws/build/assignment1/build install --record /home/nipun/ros2RB_ws/build/assignment1/install.log --single-version-externally-managed install_data
[2.353s] DEBUG:colcon.colcon_core.event_handler.log_command:Invoking command in '/home/nipun/ros2RB_ws/simple_pkg': PYTHONPATH=/home/nipun/ros2RB_ws/build/simple_pkg/prefix_override:/usr/lib/python3/dist-packages/colcon_core/task/python/colcon_distutils_commands:/home/nipun/ros2RB_ws/install/simple_pkg/lib/python3.10/site-packages:${PYTHONPATH} /usr/bin/python3 -W ignore:setup.py install is deprecated setup.py egg_info --egg-base ../build/simple_pkg build --build-base /home/nipun/ros2RB_ws/build/simple_pkg/build install --record /home/nipun/ros2RB_ws/build/simple_pkg/install.log --single-version-externally-managed install_data
[3.163s] Level 1:colcon.colcon_core.environment:checking '/home/nipun/ros2RB_ws/install/assignment1' for CMake module files
[3.163s] DEBUG:colcon.colcon_core.event_handler.log_command:Invoked command in '/home/nipun/ros2RB_ws/assignment1' returned '0': PYTHONPATH=/home/nipun/ros2RB_ws/build/assignment1/prefix_override:/usr/lib/python3/dist-packages/colcon_core/task/python/colcon_distutils_commands:/home/nipun/ros2RB_ws/install/assignment1/lib/python3.10/site-packages:${PYTHONPATH} /usr/bin/python3 -W ignore:setup.py install is deprecated setup.py egg_info --egg-base ../build/assignment1 build --build-base /home/nipun/ros2RB_ws/build/assignment1/build install --record /home/nipun/ros2RB_ws/build/assignment1/install.log --single-version-externally-managed install_data
[3.164s] Level 1:colcon.colcon_core.environment:checking '/home/nipun/ros2RB_ws/install/assignment1' for CMake config files
[3.165s] Level 1:colcon.colcon_core.environment:checking '/home/nipun/ros2RB_ws/install/assignment1/lib'
[3.166s] Level 1:colcon.colcon_core.environment:checking '/home/nipun/ros2RB_ws/install/assignment1/bin'
[3.166s] Level 1:colcon.colcon_core.environment:checking '/home/nipun/ros2RB_ws/install/assignment1/lib/pkgconfig/assignment1.pc'
[3.166s] Level 1:colcon.colcon_core.environment:checking '/home/nipun/ros2RB_ws/install/assignment1/lib/python3.10/site-packages'
[3.166s] Level 1:colcon.colcon_core.shell:create_environment_hook('assignment1', 'pythonpath')
[3.167s] INFO:colcon.colcon_core.shell:Creating environment hook '/home/nipun/ros2RB_ws/install/assignment1/share/assignment1/hook/pythonpath.ps1'
[3.167s] INFO:colcon.colcon_core.shell:Creating environment descriptor '/home/nipun/ros2RB_ws/install/assignment1/share/assignment1/hook/pythonpath.dsv'
[3.168s] INFO:colcon.colcon_core.shell:Creating environment hook '/home/nipun/ros2RB_ws/install/assignment1/share/assignment1/hook/pythonpath.sh'
[3.169s] Level 1:colcon.colcon_core.environment:checking '/home/nipun/ros2RB_ws/install/assignment1/bin'
[3.169s] Level 1:colcon.colcon_core.environment:create_environment_scripts_only(assignment1)
[3.169s] INFO:colcon.colcon_core.shell:Creating package script '/home/nipun/ros2RB_ws/install/assignment1/share/assignment1/package.ps1'
[3.170s] INFO:colcon.colcon_core.shell:Creating package descriptor '/home/nipun/ros2RB_ws/install/assignment1/share/assignment1/package.dsv'
[3.170s] INFO:colcon.colcon_core.shell:Creating package script '/home/nipun/ros2RB_ws/install/assignment1/share/assignment1/package.sh'
[3.171s] INFO:colcon.colcon_core.shell:Creating package script '/home/nipun/ros2RB_ws/install/assignment1/share/assignment1/package.bash'
[3.176s] INFO:colcon.colcon_core.shell:Creating package script '/home/nipun/ros2RB_ws/install/assignment1/share/assignment1/package.zsh'
[3.176s] Level 1:colcon.colcon_core.environment:create_file_with_runtime_dependencies(/home/nipun/ros2RB_ws/install/assignment1/share/colcon-core/packages/assignment1)
[3.267s] Level 1:colcon.colcon_core.environment:checking '/home/nipun/ros2RB_ws/install/simple_pkg' for CMake module files
[3.267s] DEBUG:colcon.colcon_core.event_handler.log_command:Invoked command in '/home/nipun/ros2RB_ws/simple_pkg' returned '0': PYTHONPATH=/home/nipun/ros2RB_ws/build/simple_pkg/prefix_override:/usr/lib/python3/dist-packages/colcon_core/task/python/colcon_distutils_commands:/home/nipun/ros2RB_ws/install/simple_pkg/lib/python3.10/site-packages:${PYTHONPATH} /usr/bin/python3 -W ignore:setup.py install is deprecated setup.py egg_info --egg-base ../build/simple_pkg build --build-base /home/nipun/ros2RB_ws/build/simple_pkg/build install --record /home/nipun/ros2RB_ws/build/simple_pkg/install.log --single-version-externally-managed install_data
[3.273s] Level 1:colcon.colcon_core.environment:checking '/home/nipun/ros2RB_ws/install/simple_pkg' for CMake config files
[3.274s] Level 1:colcon.colcon_core.environment:checking '/home/nipun/ros2RB_ws/install/simple_pkg/lib'
[3.274s] Level 1:colcon.colcon_core.environment:checking '/home/nipun/ros2RB_ws/install/simple_pkg/bin'
[3.274s] Level 1:colcon.colcon_core.environment:checking '/home/nipun/ros2RB_ws/install/simple_pkg/lib/pkgconfig/simple_pkg.pc'
[3.275s] Level 1:colcon.colcon_core.environment:checking '/home/nipun/ros2RB_ws/install/simple_pkg/lib/python3.10/site-packages'
[3.275s] Level 1:colcon.colcon_core.shell:create_environment_hook('simple_pkg', 'pythonpath')
[3.275s] INFO:colcon.colcon_core.shell:Creating environment hook '/home/nipun/ros2RB_ws/install/simple_pkg/share/simple_pkg/hook/pythonpath.ps1'
[3.281s] INFO:colcon.colcon_core.shell:Creating environment descriptor '/home/nipun/ros2RB_ws/install/simple_pkg/share/simple_pkg/hook/pythonpath.dsv'
[3.281s] INFO:colcon.colcon_core.shell:Creating environment hook '/home/nipun/ros2RB_ws/install/simple_pkg/share/simple_pkg/hook/pythonpath.sh'
[3.282s] Level 1:colcon.colcon_core.environment:checking '/home/nipun/ros2RB_ws/install/simple_pkg/bin'
[3.282s] Level 1:colcon.colcon_core.environment:create_environment_scripts_only(simple_pkg)
[3.283s] INFO:colcon.colcon_core.shell:Creating package script '/home/nipun/ros2RB_ws/install/simple_pkg/share/simple_pkg/package.ps1'
[3.287s] INFO:colcon.colcon_core.shell:Creating package descriptor '/home/nipun/ros2RB_ws/install/simple_pkg/share/simple_pkg/package.dsv'
[3.287s] INFO:colcon.colcon_core.shell:Creating package script '/home/nipun/ros2RB_ws/install/simple_pkg/share/simple_pkg/package.sh'
[3.293s] INFO:colcon.colcon_core.shell:Creating package script '/home/nipun/ros2RB_ws/install/simple_pkg/share/simple_pkg/package.bash'
[3.293s] INFO:colcon.colcon_core.shell:Creating package script '/home/nipun/ros2RB_ws/install/simple_pkg/share/simple_pkg/package.zsh'
[3.294s] Level 1:colcon.colcon_core.environment:create_file_with_runtime_dependencies(/home/nipun/ros2RB_ws/install/simple_pkg/share/colcon-core/packages/simple_pkg)
[3.485s] DEBUG:colcon.colcon_core.event_handler.log_command:Invoking command in '/home/nipun/ros2RB_ws/turtlesim_assignment': PYTHONPATH=/home/nipun/ros2RB_ws/build/turtlesim_assignment/prefix_override:/usr/lib/python3/dist-packages/colcon_core/task/python/colcon_distutils_commands:/home/nipun/ros2RB_ws/install/turtlesim_assignment/lib/python3.10/site-packages:${PYTHONPATH} /usr/bin/python3 -W ignore:setup.py install is deprecated setup.py egg_info --egg-base ../build/turtlesim_assignment build --build-base /home/nipun/ros2RB_ws/build/turtlesim_assignment/build install --record /home/nipun/ros2RB_ws/build/turtlesim_assignment/install.log --single-version-externally-managed install_data
[3.991s] Level 1:colcon.colcon_core.environment:checking '/home/nipun/ros2RB_ws/install/turtlesim_assignment' for CMake module files
[3.992s] DEBUG:colcon.colcon_core.event_handler.log_command:Invoked command in '/home/nipun/ros2RB_ws/turtlesim_assignment' returned '0': PYTHONPATH=/home/nipun/ros2RB_ws/build/turtlesim_assignment/prefix_override:/usr/lib/python3/dist-packages/colcon_core/task/python/colcon_distutils_commands:/home/nipun/ros2RB_ws/install/turtlesim_assignment/lib/python3.10/site-packages:${PYTHONPATH} /usr/bin/python3 -W ignore:setup.py install is deprecated setup.py egg_info --egg-base ../build/turtlesim_assignment build --build-base /home/nipun/ros2RB_ws/build/turtlesim_assignment/build install --record /home/nipun/ros2RB_ws/build/turtlesim_assignment/install.log --single-version-externally-managed install_data
[3.993s] Level 1:colcon.colcon_core.environment:checking '/home/nipun/ros2RB_ws/install/turtlesim_assignment' for CMake config files
[3.994s] Level 1:colcon.colcon_core.environment:checking '/home/nipun/ros2RB_ws/install/turtlesim_assignment/lib'
[3.994s] Level 1:colcon.colcon_core.environment:checking '/home/nipun/ros2RB_ws/install/turtlesim_assignment/bin'
[3.994s] Level 1:colcon.colcon_core.environment:checking '/home/nipun/ros2RB_ws/install/turtlesim_assignment/lib/pkgconfig/turtlesim_assignment.pc'
[3.995s] Level 1:colcon.colcon_core.environment:checking '/home/nipun/ros2RB_ws/install/turtlesim_assignment/lib/python3.10/site-packages'
[3.995s] Level 1:colcon.colcon_core.shell:create_environment_hook('turtlesim_assignment', 'pythonpath')
[3.996s] INFO:colcon.colcon_core.shell:Creating environment hook '/home/nipun/ros2RB_ws/install/turtlesim_assignment/share/turtlesim_assignment/hook/pythonpath.ps1'
[3.997s] INFO:colcon.colcon_core.shell:Creating environment descriptor '/home/nipun/ros2RB_ws/install/turtlesim_assignment/share/turtlesim_assignment/hook/pythonpath.dsv'
[3.998s] INFO:colcon.colcon_core.shell:Creating environment hook '/home/nipun/ros2RB_ws/install/turtlesim_assignment/share/turtlesim_assignment/hook/pythonpath.sh'
[3.999s] Level 1:colcon.colcon_core.environment:checking '/home/nipun/ros2RB_ws/install/turtlesim_assignment/bin'
[4.000s] Level 1:colcon.colcon_core.environment:create_environment_scripts_only(turtlesim_assignment)
[4.001s] INFO:colcon.colcon_core.shell:Creating package script '/home/nipun/ros2RB_ws/install/turtlesim_assignment/share/turtlesim_assignment/package.ps1'
[4.002s] INFO:colcon.colcon_core.shell:Creating package descriptor '/home/nipun/ros2RB_ws/install/turtlesim_assignment/share/turtlesim_assignment/package.dsv'
[4.003s] INFO:colcon.colcon_core.shell:Creating package script '/home/nipun/ros2RB_ws/install/turtlesim_assignment/share/turtlesim_assignment/package.sh'
[4.004s] INFO:colcon.colcon_core.shell:Creating package script '/home/nipun/ros2RB_ws/install/turtlesim_assignment/share/turtlesim_assignment/package.bash'
[4.006s] INFO:colcon.colcon_core.shell:Creating package script '/home/nipun/ros2RB_ws/install/turtlesim_assignment/share/turtlesim_assignment/package.zsh'
[4.007s] Level 1:colcon.colcon_core.environment:create_file_with_runtime_dependencies(/home/nipun/ros2RB_ws/install/turtlesim_assignment/share/colcon-core/packages/turtlesim_assignment)
[4.008s] DEBUG:colcon.colcon_parallel_executor.executor.parallel:closing loop
[4.008s] DEBUG:colcon.colcon_parallel_executor.executor.parallel:loop closed
[4.009s] DEBUG:colcon.colcon_parallel_executor.executor.parallel:run_until_complete finished with '0'
[4.009s] DEBUG:colcon.colcon_core.event_reactor:joining thread
[4.018s] INFO:colcon.colcon_core.plugin_system:Skipping extension 'colcon_notification.desktop_notification.terminal_notifier': Not used on non-Darwin systems
[4.018s] INFO:colcon.colcon_core.plugin_system:Skipping extension 'colcon_notification.desktop_notification.win32': Not used on non-Windows systems
[4.018s] INFO:colcon.colcon_notification.desktop_notification:Sending desktop notification using 'notify2'
[4.035s] DEBUG:colcon.colcon_core.event_reactor:joined thread
[4.036s] INFO:colcon.colcon_core.shell:Creating prefix script '/home/nipun/ros2RB_ws/install/local_setup.ps1'
[4.037s] INFO:colcon.colcon_core.shell:Creating prefix util module '/home/nipun/ros2RB_ws/install/_local_setup_util_ps1.py'
[4.040s] INFO:colcon.colcon_core.shell:Creating prefix chain script '/home/nipun/ros2RB_ws/install/setup.ps1'
[4.042s] INFO:colcon.colcon_core.shell:Creating prefix script '/home/nipun/ros2RB_ws/install/local_setup.sh'
[4.043s] INFO:colcon.colcon_core.shell:Creating prefix util module '/home/nipun/ros2RB_ws/install/_local_setup_util_sh.py'
[4.043s] INFO:colcon.colcon_core.shell:Creating prefix chain script '/home/nipun/ros2RB_ws/install/setup.sh'
[4.045s] INFO:colcon.colcon_core.shell:Creating prefix script '/home/nipun/ros2RB_ws/install/local_setup.bash'
[4.046s] INFO:colcon.colcon_core.shell:Creating prefix chain script '/home/nipun/ros2RB_ws/install/setup.bash'
[4.049s] INFO:colcon.colcon_core.shell:Creating prefix script '/home/nipun/ros2RB_ws/install/local_setup.zsh'
[4.049s] INFO:colcon.colcon_core.shell:Creating prefix chain script '/home/nipun/ros2RB_ws/install/setup.zsh'
