/home/nipun/ros2RB_ws/install/turtlesim_assignment/lib/python3.10/site-packages/turtlesim_assignment/move_turtle.py
/home/nipun/ros2RB_ws/install/turtlesim_assignment/lib/python3.10/site-packages/turtlesim_assignment/__init__.py
/home/nipun/ros2RB_ws/install/turtlesim_assignment/lib/python3.10/site-packages/turtlesim_assignment/shapes_closed.py
/home/nipun/ros2RB_ws/install/turtlesim_assignment/lib/python3.10/site-packages/turtlesim_assignment/open_loop/__init__.py
/home/nipun/ros2RB_ws/install/turtlesim_assignment/lib/python3.10/site-packages/turtlesim_assignment/open_loop/triangle_open.py
/home/nipun/ros2RB_ws/install/turtlesim_assignment/lib/python3.10/site-packages/turtlesim_assignment/open_loop/square_open.py
/home/nipun/ros2RB_ws/install/turtlesim_assignment/lib/python3.10/site-packages/turtlesim_assignment/open_loop/star_open_loop.py
/home/nipun/ros2RB_ws/install/turtlesim_assignment/lib/python3.10/site-packages/turtlesim_assignment/__pycache__/move_turtle.cpython-310.pyc
/home/nipun/ros2RB_ws/install/turtlesim_assignment/lib/python3.10/site-packages/turtlesim_assignment/__pycache__/__init__.cpython-310.pyc
/home/nipun/ros2RB_ws/install/turtlesim_assignment/lib/python3.10/site-packages/turtlesim_assignment/__pycache__/shapes_closed.cpython-310.pyc
/home/nipun/ros2RB_ws/install/turtlesim_assignment/lib/python3.10/site-packages/turtlesim_assignment/open_loop/__pycache__/__init__.cpython-310.pyc
/home/nipun/ros2RB_ws/install/turtlesim_assignment/lib/python3.10/site-packages/turtlesim_assignment/open_loop/__pycache__/triangle_open.cpython-310.pyc
/home/nipun/ros2RB_ws/install/turtlesim_assignment/lib/python3.10/site-packages/turtlesim_assignment/open_loop/__pycache__/square_open.cpython-310.pyc
/home/nipun/ros2RB_ws/install/turtlesim_assignment/lib/python3.10/site-packages/turtlesim_assignment/open_loop/__pycache__/star_open_loop.cpython-310.pyc
/home/nipun/ros2RB_ws/install/turtlesim_assignment/share/ament_index/resource_index/packages/turtlesim_assignment
/home/nipun/ros2RB_ws/install/turtlesim_assignment/share/turtlesim_assignment/package.xml
/home/nipun/ros2RB_ws/install/turtlesim_assignment/lib/python3.10/site-packages/turtlesim_assignment-0.0.0-py3.10.egg-info/PKG-INFO
/home/nipun/ros2RB_ws/install/turtlesim_assignment/lib/python3.10/site-packages/turtlesim_assignment-0.0.0-py3.10.egg-info/top_level.txt
/home/nipun/ros2RB_ws/install/turtlesim_assignment/lib/python3.10/site-packages/turtlesim_assignment-0.0.0-py3.10.egg-info/SOURCES.txt
/home/nipun/ros2RB_ws/install/turtlesim_assignment/lib/python3.10/site-packages/turtlesim_assignment-0.0.0-py3.10.egg-info/zip-safe
/home/nipun/ros2RB_ws/install/turtlesim_assignment/lib/python3.10/site-packages/turtlesim_assignment-0.0.0-py3.10.egg-info/dependency_links.txt
/home/nipun/ros2RB_ws/install/turtlesim_assignment/lib/python3.10/site-packages/turtlesim_assignment-0.0.0-py3.10.egg-info/entry_points.txt
/home/nipun/ros2RB_ws/install/turtlesim_assignment/lib/python3.10/site-packages/turtlesim_assignment-0.0.0-py3.10.egg-info/requires.txt
/home/nipun/ros2RB_ws/install/turtlesim_assignment/lib/turtlesim_assignment/displace_turtle
/home/nipun/ros2RB_ws/install/turtlesim_assignment/lib/turtlesim_assignment/square_open_loop
/home/nipun/ros2RB_ws/install/turtlesim_assignment/lib/turtlesim_assignment/triangle_open_loop
