[0.042s] Invoking command in '/home/nipun/ros2RB_ws/simple_pkg_cpp/build/simple_pkg_cpp': CMAKE_PREFIX_PATH=${CMAKE_PREFIX_PATH}:/home/nipun/ros2RB_ws/install/simple_pkg:/home/nipun/ros2_ws/install/my_py_pkg:/opt/ros/humble /usr/bin/cmake /home/nipun/ros2RB_ws/simple_pkg_cpp -DCMAKE_INSTALL_PREFIX=/home/nipun/ros2RB_ws/simple_pkg_cpp/install/simple_pkg_cpp
[0.290s] -- The C compiler identification is GNU 11.4.0
[0.502s] -- The CXX compiler identification is GNU 11.4.0
[0.527s] -- Detecting C compiler ABI info
[0.646s] -- Detecting C compiler ABI info - done
[0.670s] -- Check for working C compiler: /usr/bin/cc - skipped
[0.671s] -- Detecting C compile features
[0.674s] -- Detecting C compile features - done
[0.684s] -- Detecting CXX compiler ABI info
[0.820s] -- Detecting CXX compiler ABI info - done
[0.846s] -- Check for working CXX compiler: /usr/bin/c++ - skipped
[0.847s] -- Detecting CXX compile features
[0.848s] -- Detecting CXX compile features - done
[0.873s] -- Found ament_cmake: 1.3.9 (/opt/ros/humble/share/ament_cmake/cmake)
[1.171s] -- Found Python3: /usr/bin/python3 (found version "3.10.12") found components: Interpreter 
[1.402s] -- Found ament_lint_auto: 0.12.11 (/opt/ros/humble/share/ament_lint_auto/cmake)
[1.595s] -- Added test 'cppcheck' to perform static code analysis on C / C++ code
[1.596s] -- Configured cppcheck include dirs: 
[1.596s] -- Configured cppcheck exclude dirs and/or files: 
[1.600s] -- Added test 'lint_cmake' to check CMake code style
[1.610s] -- Added test 'uncrustify' to check C / C++ code style
[1.610s] -- Configured uncrustify additional arguments: 
[1.613s] -- Added test 'xmllint' to check XML markup files
[1.618s] -- Configuring done
[1.622s] -- Generating done
[1.625s] -- Build files have been written to: /home/nipun/ros2RB_ws/simple_pkg_cpp/build/simple_pkg_cpp
[1.633s] Invoked command in '/home/nipun/ros2RB_ws/simple_pkg_cpp/build/simple_pkg_cpp' returned '0': CMAKE_PREFIX_PATH=${CMAKE_PREFIX_PATH}:/home/nipun/ros2RB_ws/install/simple_pkg:/home/nipun/ros2_ws/install/my_py_pkg:/opt/ros/humble /usr/bin/cmake /home/nipun/ros2RB_ws/simple_pkg_cpp -DCMAKE_INSTALL_PREFIX=/home/nipun/ros2RB_ws/simple_pkg_cpp/install/simple_pkg_cpp
[1.634s] Invoking command in '/home/nipun/ros2RB_ws/simple_pkg_cpp/build/simple_pkg_cpp': CMAKE_PREFIX_PATH=${CMAKE_PREFIX_PATH}:/home/nipun/ros2RB_ws/install/simple_pkg:/home/nipun/ros2_ws/install/my_py_pkg:/opt/ros/humble /usr/bin/cmake --build /home/nipun/ros2RB_ws/simple_pkg_cpp/build/simple_pkg_cpp -- -j3 -l3
[1.686s] Invoked command in '/home/nipun/ros2RB_ws/simple_pkg_cpp/build/simple_pkg_cpp' returned '0': CMAKE_PREFIX_PATH=${CMAKE_PREFIX_PATH}:/home/nipun/ros2RB_ws/install/simple_pkg:/home/nipun/ros2_ws/install/my_py_pkg:/opt/ros/humble /usr/bin/cmake --build /home/nipun/ros2RB_ws/simple_pkg_cpp/build/simple_pkg_cpp -- -j3 -l3
[1.728s] Invoking command in '/home/nipun/ros2RB_ws/simple_pkg_cpp/build/simple_pkg_cpp': CMAKE_PREFIX_PATH=${CMAKE_PREFIX_PATH}:/home/nipun/ros2RB_ws/install/simple_pkg:/home/nipun/ros2_ws/install/my_py_pkg:/opt/ros/humble /usr/bin/cmake --install /home/nipun/ros2RB_ws/simple_pkg_cpp/build/simple_pkg_cpp
[1.743s] -- Install configuration: ""
[1.744s] -- Installing: /home/nipun/ros2RB_ws/simple_pkg_cpp/install/simple_pkg_cpp/share/ament_index/resource_index/package_run_dependencies/simple_pkg_cpp
[1.744s] -- Installing: /home/nipun/ros2RB_ws/simple_pkg_cpp/install/simple_pkg_cpp/share/ament_index/resource_index/parent_prefix_path/simple_pkg_cpp
[1.744s] -- Installing: /home/nipun/ros2RB_ws/simple_pkg_cpp/install/simple_pkg_cpp/share/simple_pkg_cpp/environment/ament_prefix_path.sh
[1.744s] -- Installing: /home/nipun/ros2RB_ws/simple_pkg_cpp/install/simple_pkg_cpp/share/simple_pkg_cpp/environment/ament_prefix_path.dsv
[1.745s] -- Installing: /home/nipun/ros2RB_ws/simple_pkg_cpp/install/simple_pkg_cpp/share/simple_pkg_cpp/environment/path.sh
[1.745s] -- Installing: /home/nipun/ros2RB_ws/simple_pkg_cpp/install/simple_pkg_cpp/share/simple_pkg_cpp/environment/path.dsv
[1.745s] -- Installing: /home/nipun/ros2RB_ws/simple_pkg_cpp/install/simple_pkg_cpp/share/simple_pkg_cpp/local_setup.bash
[1.745s] -- Installing: /home/nipun/ros2RB_ws/simple_pkg_cpp/install/simple_pkg_cpp/share/simple_pkg_cpp/local_setup.sh
[1.746s] -- Installing: /home/nipun/ros2RB_ws/simple_pkg_cpp/install/simple_pkg_cpp/share/simple_pkg_cpp/local_setup.zsh
[1.746s] -- Installing: /home/nipun/ros2RB_ws/simple_pkg_cpp/install/simple_pkg_cpp/share/simple_pkg_cpp/local_setup.dsv
[1.746s] -- Installing: /home/nipun/ros2RB_ws/simple_pkg_cpp/install/simple_pkg_cpp/share/simple_pkg_cpp/package.dsv
[1.747s] -- Installing: /home/nipun/ros2RB_ws/simple_pkg_cpp/install/simple_pkg_cpp/share/ament_index/resource_index/packages/simple_pkg_cpp
[1.747s] -- Installing: /home/nipun/ros2RB_ws/simple_pkg_cpp/install/simple_pkg_cpp/share/simple_pkg_cpp/cmake/simple_pkg_cppConfig.cmake
[1.747s] -- Installing: /home/nipun/ros2RB_ws/simple_pkg_cpp/install/simple_pkg_cpp/share/simple_pkg_cpp/cmake/simple_pkg_cppConfig-version.cmake
[1.748s] -- Installing: /home/nipun/ros2RB_ws/simple_pkg_cpp/install/simple_pkg_cpp/share/simple_pkg_cpp/package.xml
[1.749s] Invoked command in '/home/nipun/ros2RB_ws/simple_pkg_cpp/build/simple_pkg_cpp' returned '0': CMAKE_PREFIX_PATH=${CMAKE_PREFIX_PATH}:/home/nipun/ros2RB_ws/install/simple_pkg:/home/nipun/ros2_ws/install/my_py_pkg:/opt/ros/humble /usr/bin/cmake --install /home/nipun/ros2RB_ws/simple_pkg_cpp/build/simple_pkg_cpp
