-- Found ament_cmake: 1.3.9 (/opt/ros/humble/share/ament_cmake/cmake)
-- Found ament_lint_auto: 0.12.11 (/opt/ros/humble/share/ament_lint_auto/cmake)
WARNING: Package name "learningPubSubPkg" does not follow the naming conventions. It should start with a lower case letter and only contain lower case letters, digits, underscores, and dashes.
-- Added test 'cppcheck' to perform static code analysis on C / C++ code
-- Configured cppcheck include dirs: 
-- Configured cppcheck exclude dirs and/or files: 
-- Added test 'flake8' to check Python code syntax and style conventions
-- Added test 'lint_cmake' to check CMake code style
-- Added test 'pep257' to check Python code against some of the docstring style conventions in PEP 257
-- Added test 'uncrustify' to check C / C++ code style
-- Configured uncrustify additional arguments: 
-- Added test 'xmllint' to check XML markup files
-- Configuring done
-- Generating done
-- Build files have been written to: /home/nipun/ros2RB_ws/build/learningPubSubPkg
-- Install configuration: ""
-- Installing: /home/nipun/ros2RB_ws/install/learningPubSubPkg/lib/{$PROJECT_NAME}/pub.py
-- Up-to-date: /home/nipun/ros2RB_ws/install/learningPubSubPkg/share/ament_index/resource_index/package_run_dependencies/learningPubSubPkg
-- Installing: /home/nipun/ros2RB_ws/install/learningPubSubPkg/share/ament_index/resource_index/parent_prefix_path/learningPubSubPkg
-- Up-to-date: /home/nipun/ros2RB_ws/install/learningPubSubPkg/share/learningPubSubPkg/environment/ament_prefix_path.sh
-- Installing: /home/nipun/ros2RB_ws/install/learningPubSubPkg/share/learningPubSubPkg/environment/ament_prefix_path.dsv
-- Up-to-date: /home/nipun/ros2RB_ws/install/learningPubSubPkg/share/learningPubSubPkg/environment/path.sh
-- Installing: /home/nipun/ros2RB_ws/install/learningPubSubPkg/share/learningPubSubPkg/environment/path.dsv
-- Up-to-date: /home/nipun/ros2RB_ws/install/learningPubSubPkg/share/learningPubSubPkg/local_setup.bash
-- Up-to-date: /home/nipun/ros2RB_ws/install/learningPubSubPkg/share/learningPubSubPkg/local_setup.sh
-- Up-to-date: /home/nipun/ros2RB_ws/install/learningPubSubPkg/share/learningPubSubPkg/local_setup.zsh
-- Installing: /home/nipun/ros2RB_ws/install/learningPubSubPkg/share/learningPubSubPkg/local_setup.dsv
-- Installing: /home/nipun/ros2RB_ws/install/learningPubSubPkg/share/learningPubSubPkg/package.dsv
-- Up-to-date: /home/nipun/ros2RB_ws/install/learningPubSubPkg/share/ament_index/resource_index/packages/learningPubSubPkg
-- Up-to-date: /home/nipun/ros2RB_ws/install/learningPubSubPkg/share/learningPubSubPkg/cmake/learningPubSubPkgConfig.cmake
-- Up-to-date: /home/nipun/ros2RB_ws/install/learningPubSubPkg/share/learningPubSubPkg/cmake/learningPubSubPkgConfig-version.cmake
-- Up-to-date: /home/nipun/ros2RB_ws/install/learningPubSubPkg/share/learningPubSubPkg/package.xml
