[1.594s] Invoking command in '/home/nipun/ros2RB_ws/assignment1': PYTHONPATH=/home/nipun/ros2RB_ws/build/assignment1/prefix_override:/usr/lib/python3/dist-packages/colcon_core/task/python/colcon_distutils_commands:/home/nipun/ros2RB_ws/install/assignment1/lib/python3.10/site-packages:${PYTHONPATH} /usr/bin/python3 -W ignore:setup.py install is deprecated setup.py egg_info --egg-base ../build/assignment1 build --build-base /home/nipun/ros2RB_ws/build/assignment1/build install --record /home/nipun/ros2RB_ws/build/assignment1/install.log --single-version-externally-managed install_data
[2.395s] running egg_info
[2.398s] writing ../build/assignment1/assignment1.egg-info/PKG-INFO
[2.399s] writing dependency_links to ../build/assignment1/assignment1.egg-info/dependency_links.txt
[2.405s] writing entry points to ../build/assignment1/assignment1.egg-info/entry_points.txt
[2.406s] writing requirements to ../build/assignment1/assignment1.egg-info/requires.txt
[2.406s] writing top-level names to ../build/assignment1/assignment1.egg-info/top_level.txt
[2.413s] reading manifest file '../build/assignment1/assignment1.egg-info/SOURCES.txt'
[2.417s] writing manifest file '../build/assignment1/assignment1.egg-info/SOURCES.txt'
[2.420s] running build
[2.421s] running build_py
[2.421s] running install
[2.421s] running install_lib
[2.427s] running install_data
[2.431s] running install_egg_info
[2.446s] removing '/home/nipun/ros2RB_ws/install/assignment1/lib/python3.10/site-packages/assignment1-0.0.0-py3.10.egg-info' (and everything under it)
[2.446s] Copying ../build/assignment1/assignment1.egg-info to /home/nipun/ros2RB_ws/install/assignment1/lib/python3.10/site-packages/assignment1-0.0.0-py3.10.egg-info
[2.452s] running install_scripts
[2.502s] Installing NODE1 script to /home/nipun/ros2RB_ws/install/assignment1/lib/assignment1
[2.503s] Installing NODE2 script to /home/nipun/ros2RB_ws/install/assignment1/lib/assignment1
[2.505s] Installing NODE3 script to /home/nipun/ros2RB_ws/install/assignment1/lib/assignment1
[2.509s] writing list of installed files to '/home/nipun/ros2RB_ws/build/assignment1/install.log'
[2.832s] Invoked command in '/home/nipun/ros2RB_ws/assignment1' returned '0': PYTHONPATH=/home/nipun/ros2RB_ws/build/assignment1/prefix_override:/usr/lib/python3/dist-packages/colcon_core/task/python/colcon_distutils_commands:/home/nipun/ros2RB_ws/install/assignment1/lib/python3.10/site-packages:${PYTHONPATH} /usr/bin/python3 -W ignore:setup.py install is deprecated setup.py egg_info --egg-base ../build/assignment1 build --build-base /home/nipun/ros2RB_ws/build/assignment1/build install --record /home/nipun/ros2RB_ws/build/assignment1/install.log --single-version-externally-managed install_data
