[1.641s] Invoking command in '/home/nipun/ros2RB_ws/turtlesim_assignment': PYTHONPATH=/home/nipun/ros2RB_ws/build/turtlesim_assignment/prefix_override:/usr/lib/python3/dist-packages/colcon_core/task/python/colcon_distutils_commands:/home/nipun/ros2RB_ws/install/turtlesim_assignment/lib/python3.10/site-packages:${PYTHONPATH} /usr/bin/python3 -W ignore:setup.py install is deprecated setup.py egg_info --egg-base ../build/turtlesim_assignment build --build-base /home/nipun/ros2RB_ws/build/turtlesim_assignment/build install --record /home/nipun/ros2RB_ws/build/turtlesim_assignment/install.log --single-version-externally-managed install_data
[2.046s] running egg_info
[2.047s] writing ../build/turtlesim_assignment/turtlesim_assignment.egg-info/PKG-INFO
[2.047s] writing dependency_links to ../build/turtlesim_assignment/turtlesim_assignment.egg-info/dependency_links.txt
[2.048s] writing entry points to ../build/turtlesim_assignment/turtlesim_assignment.egg-info/entry_points.txt
[2.049s] writing requirements to ../build/turtlesim_assignment/turtlesim_assignment.egg-info/requires.txt
[2.049s] writing top-level names to ../build/turtlesim_assignment/turtlesim_assignment.egg-info/top_level.txt
[2.052s] reading manifest file '../build/turtlesim_assignment/turtlesim_assignment.egg-info/SOURCES.txt'
[2.053s] writing manifest file '../build/turtlesim_assignment/turtlesim_assignment.egg-info/SOURCES.txt'
[2.053s] running build
[2.053s] running build_py
[2.055s] running install
[2.055s] running install_lib
[2.058s] running install_data
[2.058s] running install_egg_info
[2.061s] removing '/home/nipun/ros2RB_ws/install/turtlesim_assignment/lib/python3.10/site-packages/turtlesim_assignment-0.0.0-py3.10.egg-info' (and everything under it)
[2.063s] Copying ../build/turtlesim_assignment/turtlesim_assignment.egg-info to /home/nipun/ros2RB_ws/install/turtlesim_assignment/lib/python3.10/site-packages/turtlesim_assignment-0.0.0-py3.10.egg-info
[2.064s] running install_scripts
[2.094s] Installing displace_turtle script to /home/nipun/ros2RB_ws/install/turtlesim_assignment/lib/turtlesim_assignment
[2.094s] Installing square_closed_loop script to /home/nipun/ros2RB_ws/install/turtlesim_assignment/lib/turtlesim_assignment
[2.094s] Installing square_open_loop script to /home/nipun/ros2RB_ws/install/turtlesim_assignment/lib/turtlesim_assignment
[2.094s] Installing star_closed_loop script to /home/nipun/ros2RB_ws/install/turtlesim_assignment/lib/turtlesim_assignment
[2.095s] Installing star_open_loop script to /home/nipun/ros2RB_ws/install/turtlesim_assignment/lib/turtlesim_assignment
[2.095s] Installing triangle_closed_loop script to /home/nipun/ros2RB_ws/install/turtlesim_assignment/lib/turtlesim_assignment
[2.095s] Installing triangle_open_loop script to /home/nipun/ros2RB_ws/install/turtlesim_assignment/lib/turtlesim_assignment
[2.097s] writing list of installed files to '/home/nipun/ros2RB_ws/build/turtlesim_assignment/install.log'
[2.124s] Invoked command in '/home/nipun/ros2RB_ws/turtlesim_assignment' returned '0': PYTHONPATH=/home/nipun/ros2RB_ws/build/turtlesim_assignment/prefix_override:/usr/lib/python3/dist-packages/colcon_core/task/python/colcon_distutils_commands:/home/nipun/ros2RB_ws/install/turtlesim_assignment/lib/python3.10/site-packages:${PYTHONPATH} /usr/bin/python3 -W ignore:setup.py install is deprecated setup.py egg_info --egg-base ../build/turtlesim_assignment build --build-base /home/nipun/ros2RB_ws/build/turtlesim_assignment/build install --record /home/nipun/ros2RB_ws/build/turtlesim_assignment/install.log --single-version-externally-managed install_data
