[2.708s] Invoking command in '/home/nipun/ros2RB_ws/assignment1': PYTHONPATH=/home/nipun/ros2RB_ws/build/assignment1/prefix_override:/usr/lib/python3/dist-packages/colcon_core/task/python/colcon_distutils_commands:/home/nipun/ros2RB_ws/install/assignment1/lib/python3.10/site-packages:${PYTHONPATH} /usr/bin/python3 -W ignore:setup.py install is deprecated setup.py egg_info --egg-base ../build/assignment1 build --build-base /home/nipun/ros2RB_ws/build/assignment1/build install --record /home/nipun/ros2RB_ws/build/assignment1/install.log --single-version-externally-managed install_data
[3.425s] running egg_info
[3.431s] writing ../build/assignment1/assignment1.egg-info/PKG-INFO
[3.441s] writing dependency_links to ../build/assignment1/assignment1.egg-info/dependency_links.txt
[3.443s] writing entry points to ../build/assignment1/assignment1.egg-info/entry_points.txt
[3.444s] writing requirements to ../build/assignment1/assignment1.egg-info/requires.txt
[3.444s] writing top-level names to ../build/assignment1/assignment1.egg-info/top_level.txt
[3.449s] reading manifest file '../build/assignment1/assignment1.egg-info/SOURCES.txt'
[3.455s] writing manifest file '../build/assignment1/assignment1.egg-info/SOURCES.txt'
[3.455s] running build
[3.455s] running build_py
[3.457s] running install
[3.457s] running install_lib
[3.465s] running install_data
[3.467s] running install_egg_info
[3.473s] removing '/home/nipun/ros2RB_ws/install/assignment1/lib/python3.10/site-packages/assignment1-0.0.0-py3.10.egg-info' (and everything under it)
[3.474s] Copying ../build/assignment1/assignment1.egg-info to /home/nipun/ros2RB_ws/install/assignment1/lib/python3.10/site-packages/assignment1-0.0.0-py3.10.egg-info
[3.480s] running install_scripts
[3.555s] Installing NODE1 script to /home/nipun/ros2RB_ws/install/assignment1/lib/assignment1
[3.556s] Installing NODE2 script to /home/nipun/ros2RB_ws/install/assignment1/lib/assignment1
[3.557s] Installing NODE3 script to /home/nipun/ros2RB_ws/install/assignment1/lib/assignment1
[3.558s] writing list of installed files to '/home/nipun/ros2RB_ws/build/assignment1/install.log'
[3.620s] Invoked command in '/home/nipun/ros2RB_ws/assignment1' returned '0': PYTHONPATH=/home/nipun/ros2RB_ws/build/assignment1/prefix_override:/usr/lib/python3/dist-packages/colcon_core/task/python/colcon_distutils_commands:/home/nipun/ros2RB_ws/install/assignment1/lib/python3.10/site-packages:${PYTHONPATH} /usr/bin/python3 -W ignore:setup.py install is deprecated setup.py egg_info --egg-base ../build/assignment1 build --build-base /home/nipun/ros2RB_ws/build/assignment1/build install --record /home/nipun/ros2RB_ws/build/assignment1/install.log --single-version-externally-managed install_data
