[0.760s] Invoking command in '/home/nipun/ros2RB_ws/build/rmp_ros2bot_description': CMAKE_PREFIX_PATH=${CMAKE_PREFIX_PATH}:/home/nipun/ros2RB_ws/install/turtlesim_assignment:/home/nipun/ros2RB_ws/install/simple_pkg:/home/nipun/ros2RB_ws/install/assignment1:/home/nipun/ros2_ws/install/my_py_pkg:/opt/ros/humble /usr/bin/cmake --build /home/nipun/ros2RB_ws/build/rmp_ros2bot_description -- -j3 -l3
[0.944s] Invoked command in '/home/nipun/ros2RB_ws/build/rmp_ros2bot_description' returned '0': CMAKE_PREFIX_PATH=${CMAKE_PREFIX_PATH}:/home/nipun/ros2RB_ws/install/turtlesim_assignment:/home/nipun/ros2RB_ws/install/simple_pkg:/home/nipun/ros2RB_ws/install/assignment1:/home/nipun/ros2_ws/install/my_py_pkg:/opt/ros/humble /usr/bin/cmake --build /home/nipun/ros2RB_ws/build/rmp_ros2bot_description -- -j3 -l3
[1.132s] Invoking command in '/home/nipun/ros2RB_ws/build/rmp_ros2bot_description': CMAKE_PREFIX_PATH=${CMAKE_PREFIX_PATH}:/home/nipun/ros2RB_ws/install/turtlesim_assignment:/home/nipun/ros2RB_ws/install/simple_pkg:/home/nipun/ros2RB_ws/install/assignment1:/home/nipun/ros2_ws/install/my_py_pkg:/opt/ros/humble /usr/bin/cmake --install /home/nipun/ros2RB_ws/build/rmp_ros2bot_description
[1.168s] -- Install configuration: ""
[1.168s] -- Up-to-date: /home/nipun/ros2RB_ws/install/rmp_ros2bot_description/share/rmp_ros2bot_description/models
[1.168s] -- Up-to-date: /home/nipun/ros2RB_ws/install/rmp_ros2bot_description/share/rmp_ros2bot_description/models/LICENSE
[1.177s] -- Up-to-date: /home/nipun/ros2RB_ws/install/rmp_ros2bot_description/share/rmp_ros2bot_description/models/meshes
[1.177s] -- Up-to-date: /home/nipun/ros2RB_ws/install/rmp_ros2bot_description/share/rmp_ros2bot_description/models/meshes/right_wheel_1.stl
[1.178s] -- Up-to-date: /home/nipun/ros2RB_ws/install/rmp_ros2bot_description/share/rmp_ros2bot_description/models/meshes/caster_1.stl
[1.178s] -- Up-to-date: /home/nipun/ros2RB_ws/install/rmp_ros2bot_description/share/rmp_ros2bot_description/models/meshes/left_wheel_1.stl
[1.178s] -- Up-to-date: /home/nipun/ros2RB_ws/install/rmp_ros2bot_description/share/rmp_ros2bot_description/models/meshes/lidar_1.stl
[1.178s] -- Up-to-date: /home/nipun/ros2RB_ws/install/rmp_ros2bot_description/share/rmp_ros2bot_description/models/meshes/base_link.stl
[1.178s] -- Up-to-date: /home/nipun/ros2RB_ws/install/rmp_ros2bot_description/share/rmp_ros2bot_description/models/CMakeLists.txt
[1.178s] -- Up-to-date: /home/nipun/ros2RB_ws/install/rmp_ros2bot_description/share/rmp_ros2bot_description/models/urdf
[1.178s] -- Up-to-date: /home/nipun/ros2RB_ws/install/rmp_ros2bot_description/share/rmp_ros2bot_description/models/urdf/rmp_ros2bot.trans
[1.178s] -- Up-to-date: /home/nipun/ros2RB_ws/install/rmp_ros2bot_description/share/rmp_ros2bot_description/models/urdf/materials.xacro
[1.179s] -- Up-to-date: /home/nipun/ros2RB_ws/install/rmp_ros2bot_description/share/rmp_ros2bot_description/models/urdf/rmp_ros2bot.gazebo
[1.179s] -- Installing: /home/nipun/ros2RB_ws/install/rmp_ros2bot_description/share/rmp_ros2bot_description/models/urdf/rmp_ros2bot.xacro
[1.186s] -- Up-to-date: /home/nipun/ros2RB_ws/install/rmp_ros2bot_description/share/rmp_ros2bot_description/models/package.xml
[1.186s] -- Up-to-date: /home/nipun/ros2RB_ws/install/rmp_ros2bot_description/share/rmp_ros2bot_description/models/launch
[1.186s] -- Up-to-date: /home/nipun/ros2RB_ws/install/rmp_ros2bot_description/share/rmp_ros2bot_description/models/launch/urdf.rviz
[1.186s] -- Up-to-date: /home/nipun/ros2RB_ws/install/rmp_ros2bot_description/share/rmp_ros2bot_description/models/launch/controller.yaml
[1.186s] -- Up-to-date: /home/nipun/ros2RB_ws/install/rmp_ros2bot_description/share/rmp_ros2bot_description/models/launch/controller.launch
[1.186s] -- Up-to-date: /home/nipun/ros2RB_ws/install/rmp_ros2bot_description/share/rmp_ros2bot_description/models/launch/display.launch
[1.192s] -- Up-to-date: /home/nipun/ros2RB_ws/install/rmp_ros2bot_description/share/rmp_ros2bot_description/models/launch/gazebo.launch
[1.200s] -- Up-to-date: /home/nipun/ros2RB_ws/install/rmp_ros2bot_description/share/rmp_ros2bot_description/launch
[1.200s] -- Up-to-date: /home/nipun/ros2RB_ws/install/rmp_ros2bot_description/share/rmp_ros2bot_description/launch/gazebo.launch.py
[1.200s] -- Up-to-date: /home/nipun/ros2RB_ws/install/rmp_ros2bot_description/share/rmp_ros2bot_description/launch/state_publisher.launch.py
[1.200s] -- Up-to-date: /home/nipun/ros2RB_ws/install/rmp_ros2bot_description/share/ament_index/resource_index/package_run_dependencies/rmp_ros2bot_description
[1.200s] -- Up-to-date: /home/nipun/ros2RB_ws/install/rmp_ros2bot_description/share/ament_index/resource_index/parent_prefix_path/rmp_ros2bot_description
[1.201s] -- Up-to-date: /home/nipun/ros2RB_ws/install/rmp_ros2bot_description/share/rmp_ros2bot_description/environment/ament_prefix_path.sh
[1.202s] -- Up-to-date: /home/nipun/ros2RB_ws/install/rmp_ros2bot_description/share/rmp_ros2bot_description/environment/ament_prefix_path.dsv
[1.202s] -- Up-to-date: /home/nipun/ros2RB_ws/install/rmp_ros2bot_description/share/rmp_ros2bot_description/environment/path.sh
[1.203s] -- Up-to-date: /home/nipun/ros2RB_ws/install/rmp_ros2bot_description/share/rmp_ros2bot_description/environment/path.dsv
[1.203s] -- Up-to-date: /home/nipun/ros2RB_ws/install/rmp_ros2bot_description/share/rmp_ros2bot_description/local_setup.bash
[1.203s] -- Up-to-date: /home/nipun/ros2RB_ws/install/rmp_ros2bot_description/share/rmp_ros2bot_description/local_setup.sh
[1.203s] -- Up-to-date: /home/nipun/ros2RB_ws/install/rmp_ros2bot_description/share/rmp_ros2bot_description/local_setup.zsh
[1.203s] -- Up-to-date: /home/nipun/ros2RB_ws/install/rmp_ros2bot_description/share/rmp_ros2bot_description/local_setup.dsv
[1.203s] -- Installing: /home/nipun/ros2RB_ws/install/rmp_ros2bot_description/share/rmp_ros2bot_description/package.dsv
[1.203s] -- Up-to-date: /home/nipun/ros2RB_ws/install/rmp_ros2bot_description/share/ament_index/resource_index/packages/rmp_ros2bot_description
[1.203s] -- Up-to-date: /home/nipun/ros2RB_ws/install/rmp_ros2bot_description/share/rmp_ros2bot_description/cmake/rmp_ros2bot_descriptionConfig.cmake
[1.204s] -- Up-to-date: /home/nipun/ros2RB_ws/install/rmp_ros2bot_description/share/rmp_ros2bot_description/cmake/rmp_ros2bot_descriptionConfig-version.cmake
[1.204s] -- Up-to-date: /home/nipun/ros2RB_ws/install/rmp_ros2bot_description/share/rmp_ros2bot_description/package.xml
[1.224s] Invoked command in '/home/nipun/ros2RB_ws/build/rmp_ros2bot_description' returned '0': CMAKE_PREFIX_PATH=${CMAKE_PREFIX_PATH}:/home/nipun/ros2RB_ws/install/turtlesim_assignment:/home/nipun/ros2RB_ws/install/simple_pkg:/home/nipun/ros2RB_ws/install/assignment1:/home/nipun/ros2_ws/install/my_py_pkg:/opt/ros/humble /usr/bin/cmake --install /home/nipun/ros2RB_ws/build/rmp_ros2bot_description
