running develop
Removing /home/nipun/ros2RB_ws/install/turtlesim_assignment/lib/python3.10/site-packages/turtlesim-assignment.egg-link (link to .)
running egg_info
writing ../build/turtlesim_assignment/turtlesim_assignment.egg-info/PKG-INFO
writing dependency_links to ../build/turtlesim_assignment/turtlesim_assignment.egg-info/dependency_links.txt
writing entry points to ../build/turtlesim_assignment/turtlesim_assignment.egg-info/entry_points.txt
writing requirements to ../build/turtlesim_assignment/turtlesim_assignment.egg-info/requires.txt
writing top-level names to ../build/turtlesim_assignment/turtlesim_assignment.egg-info/top_level.txt
reading manifest file '../build/turtlesim_assignment/turtlesim_assignment.egg-info/SOURCES.txt'
writing manifest file '../build/turtlesim_assignment/turtlesim_assignment.egg-info/SOURCES.txt'
running build
running build_py
copying turtlesim_assignment/move_turtle.py -> /home/nipun/ros2RB_ws/build/turtlesim_assignment/build/lib/turtlesim_assignment
running install
running install_lib
creating /home/nipun/ros2RB_ws/install/turtlesim_assignment/lib/python3.10/site-packages/turtlesim_assignment
copying /home/nipun/ros2RB_ws/build/turtlesim_assignment/build/lib/turtlesim_assignment/move_turtle.py -> /home/nipun/ros2RB_ws/install/turtlesim_assignment/lib/python3.10/site-packages/turtlesim_assignment
copying /home/nipun/ros2RB_ws/build/turtlesim_assignment/build/lib/turtlesim_assignment/__init__.py -> /home/nipun/ros2RB_ws/install/turtlesim_assignment/lib/python3.10/site-packages/turtlesim_assignment
byte-compiling /home/nipun/ros2RB_ws/install/turtlesim_assignment/lib/python3.10/site-packages/turtlesim_assignment/move_turtle.py to move_turtle.cpython-310.pyc
byte-compiling /home/nipun/ros2RB_ws/install/turtlesim_assignment/lib/python3.10/site-packages/turtlesim_assignment/__init__.py to __init__.cpython-310.pyc
running install_data
copying resource/turtlesim_assignment -> /home/nipun/ros2RB_ws/install/turtlesim_assignment/share/ament_index/resource_index/packages
copying package.xml -> /home/nipun/ros2RB_ws/install/turtlesim_assignment/share/turtlesim_assignment
running install_egg_info
Copying ../build/turtlesim_assignment/turtlesim_assignment.egg-info to /home/nipun/ros2RB_ws/install/turtlesim_assignment/lib/python3.10/site-packages/turtlesim_assignment-0.0.0-py3.10.egg-info
running install_scripts
Installing displace_turtle script to /home/nipun/ros2RB_ws/install/turtlesim_assignment/lib/turtlesim_assignment
writing list of installed files to '/home/nipun/ros2RB_ws/build/turtlesim_assignment/install.log'
