[1.142s] Invoking command in '/home/nipun/ros2RB_ws/assignment1': PYTHONPATH=/home/nipun/ros2RB_ws/build/assignment1/prefix_override:/usr/lib/python3/dist-packages/colcon_core/task/python/colcon_distutils_commands:/home/nipun/ros2RB_ws/install/assignment1/lib/python3.10/site-packages:${PYTHONPATH} /usr/bin/python3 -W ignore:setup.py install is deprecated setup.py egg_info --egg-base ../build/assignment1 build --build-base /home/nipun/ros2RB_ws/build/assignment1/build install --record /home/nipun/ros2RB_ws/build/assignment1/install.log --single-version-externally-managed install_data
[1.616s] running egg_info
[1.618s] writing ../build/assignment1/assignment1.egg-info/PKG-INFO
[1.618s] writing dependency_links to ../build/assignment1/assignment1.egg-info/dependency_links.txt
[1.618s] writing entry points to ../build/assignment1/assignment1.egg-info/entry_points.txt
[1.618s] writing requirements to ../build/assignment1/assignment1.egg-info/requires.txt
[1.618s] writing top-level names to ../build/assignment1/assignment1.egg-info/top_level.txt
[1.621s] reading manifest file '../build/assignment1/assignment1.egg-info/SOURCES.txt'
[1.622s] writing manifest file '../build/assignment1/assignment1.egg-info/SOURCES.txt'
[1.623s] running build
[1.623s] running build_py
[1.623s] running install
[1.624s] running install_lib
[1.625s] running install_data
[1.628s] running install_egg_info
[1.628s] removing '/home/nipun/ros2RB_ws/install/assignment1/lib/python3.10/site-packages/assignment1-0.0.0-py3.10.egg-info' (and everything under it)
[1.633s] Copying ../build/assignment1/assignment1.egg-info to /home/nipun/ros2RB_ws/install/assignment1/lib/python3.10/site-packages/assignment1-0.0.0-py3.10.egg-info
[1.633s] running install_scripts
[1.678s] Installing NODE1 script to /home/nipun/ros2RB_ws/install/assignment1/lib/assignment1
[1.678s] Installing NODE2 script to /home/nipun/ros2RB_ws/install/assignment1/lib/assignment1
[1.678s] Installing NODE3 script to /home/nipun/ros2RB_ws/install/assignment1/lib/assignment1
[1.678s] writing list of installed files to '/home/nipun/ros2RB_ws/build/assignment1/install.log'
[1.716s] Invoked command in '/home/nipun/ros2RB_ws/assignment1' returned '0': PYTHONPATH=/home/nipun/ros2RB_ws/build/assignment1/prefix_override:/usr/lib/python3/dist-packages/colcon_core/task/python/colcon_distutils_commands:/home/nipun/ros2RB_ws/install/assignment1/lib/python3.10/site-packages:${PYTHONPATH} /usr/bin/python3 -W ignore:setup.py install is deprecated setup.py egg_info --egg-base ../build/assignment1 build --build-base /home/nipun/ros2RB_ws/build/assignment1/build install --record /home/nipun/ros2RB_ws/build/assignment1/install.log --single-version-externally-managed install_data
