[0.031s] Invoking command in '/home/nipun/ros2RB_ws/rmp_ros2bot_description/models/build/rmp_ros2bot_description': /usr/bin/cmake /home/nipun/ros2RB_ws/rmp_ros2bot_description/models -DCATKIN_INSTALL_INTO_PREFIX_ROOT=0 -DCMAKE_INSTALL_PREFIX=/home/nipun/ros2RB_ws/rmp_ros2bot_description/models/install/rmp_ros2bot_description
[0.051s] [0mCMake Deprecation Warning at CMakeLists.txt:1 (cmake_minimum_required):
[0.051s]   Compatibility with CMake < 2.8.12 will be removed from a future version of
[0.051s]   CMake.
[0.051s] 
[0.051s]   Update the VERSION argument <min> value or use a ...<max> suffix to tell
[0.052s]   CMake that the project does not need compatibility with older versions.
[0.052s] 
[0.052s] [0m
[0.198s] -- The C compiler identification is GNU 11.4.0
[0.411s] -- The CXX compiler identification is GNU 11.4.0
[0.437s] -- Detecting C compiler ABI info
[0.531s] -- Detecting C compiler ABI info - done
[0.552s] -- Check for working C compiler: /usr/bin/cc - skipped
[0.553s] -- Detecting C compile features
[0.555s] -- Detecting C compile features - done
[0.564s] -- Detecting CXX compiler ABI info
[0.670s] -- Detecting CXX compiler ABI info - done
[0.690s] -- Check for working CXX compiler: /usr/bin/c++ - skipped
[0.690s] -- Detecting CXX compile features
[0.691s] -- Detecting CXX compile features - done
[0.706s] [31mCMake Error at CMakeLists.txt:10 (find_package):
[0.706s]   By not providing "Findcatkin.cmake" in CMAKE_MODULE_PATH this project has
[0.706s]   asked CMake to find a package configuration file provided by "catkin", but
[0.706s]   CMake did not find one.
[0.706s] 
[0.706s]   Could not find a package configuration file provided by "catkin" with any
[0.706s]   of the following names:
[0.706s] 
[0.706s]     catkinConfig.cmake
[0.706s]     catkin-config.cmake
[0.707s] 
[0.707s] -- Configuring incomplete, errors occurred!
[0.707s] See also "/home/nipun/ros2RB_ws/rmp_ros2bot_description/models/build/rmp_ros2bot_description/CMakeFiles/CMakeOutput.log".
[0.707s]   Add the installation prefix of "catkin" to CMAKE_PREFIX_PATH or set
[0.707s]   "catkin_DIR" to a directory containing one of the above files.  If "catkin"
[0.707s]   provides a separate development package or SDK, be sure it has been
[0.707s]   installed.
[0.707s] 
[0.707s] [0m
[0.710s] Invoked command in '/home/nipun/ros2RB_ws/rmp_ros2bot_description/models/build/rmp_ros2bot_description' returned '1': /usr/bin/cmake /home/nipun/ros2RB_ws/rmp_ros2bot_description/models -DCATKIN_INSTALL_INTO_PREFIX_ROOT=0 -DCMAKE_INSTALL_PREFIX=/home/nipun/ros2RB_ws/rmp_ros2bot_description/models/install/rmp_ros2bot_description
