[5.411s] Invoking command in '/home/nipun/ros2RB_ws/simple_pkg': PYTHONPATH=/home/nipun/ros2RB_ws/build/simple_pkg/prefix_override:/usr/lib/python3/dist-packages/colcon_core/task/python/colcon_distutils_commands:/home/nipun/ros2RB_ws/install/simple_pkg/lib/python3.10/site-packages:${PYTHONPATH} /usr/bin/python3 -W ignore:setup.py install is deprecated setup.py egg_info --egg-base ../build/simple_pkg build --build-base /home/nipun/ros2RB_ws/build/simple_pkg/build install --record /home/nipun/ros2RB_ws/build/simple_pkg/install.log --single-version-externally-managed install_data
[7.146s] running egg_info
[7.158s] writing ../build/simple_pkg/simple_pkg.egg-info/PKG-INFO
[7.159s] writing dependency_links to ../build/simple_pkg/simple_pkg.egg-info/dependency_links.txt
[7.159s] writing entry points to ../build/simple_pkg/simple_pkg.egg-info/entry_points.txt
[7.159s] writing requirements to ../build/simple_pkg/simple_pkg.egg-info/requires.txt
[7.160s] writing top-level names to ../build/simple_pkg/simple_pkg.egg-info/top_level.txt
[7.162s] reading manifest file '../build/simple_pkg/simple_pkg.egg-info/SOURCES.txt'
[7.168s] writing manifest file '../build/simple_pkg/simple_pkg.egg-info/SOURCES.txt'
[7.170s] running build
[7.175s] running build_py
[7.176s] running install
[7.176s] running install_lib
[7.187s] running install_data
[7.187s] running install_egg_info
[7.201s] removing '/home/nipun/ros2RB_ws/install/simple_pkg/lib/python3.10/site-packages/simple_pkg-0.0.0-py3.10.egg-info' (and everything under it)
[7.211s] Copying ../build/simple_pkg/simple_pkg.egg-info to /home/nipun/ros2RB_ws/install/simple_pkg/lib/python3.10/site-packages/simple_pkg-0.0.0-py3.10.egg-info
[7.213s] running install_scripts
[7.337s] Installing HelloWorldPublisher script to /home/nipun/ros2RB_ws/install/simple_pkg/lib/simple_pkg
[7.338s] Installing HelloWorldSubscriber script to /home/nipun/ros2RB_ws/install/simple_pkg/lib/simple_pkg
[7.343s] writing list of installed files to '/home/nipun/ros2RB_ws/build/simple_pkg/install.log'
[7.470s] Invoked command in '/home/nipun/ros2RB_ws/simple_pkg' returned '0': PYTHONPATH=/home/nipun/ros2RB_ws/build/simple_pkg/prefix_override:/usr/lib/python3/dist-packages/colcon_core/task/python/colcon_distutils_commands:/home/nipun/ros2RB_ws/install/simple_pkg/lib/python3.10/site-packages:${PYTHONPATH} /usr/bin/python3 -W ignore:setup.py install is deprecated setup.py egg_info --egg-base ../build/simple_pkg build --build-base /home/nipun/ros2RB_ws/build/simple_pkg/build install --record /home/nipun/ros2RB_ws/build/simple_pkg/install.log --single-version-externally-managed install_data
