[0.206s] DEBUG:colcon:Command line arguments: ['/usr/bin/colcon', 'build']
[0.206s] DEBUG:colcon:Parsed command line arguments: Namespace(log_base=None, log_level=None, verb_name='build', build_base='build', install_base='install', merge_install=False, symlink_install=False, test_result_base=None, continue_on_error=False, executor='parallel', parallel_workers=3, event_handlers=None, ignore_user_meta=False, metas=['./colcon.meta'], base_paths=['.'], packages_ignore=None, packages_ignore_regex=None, paths=None, packages_up_to=None, packages_up_to_regex=None, packages_above=None, packages_above_and_dependencies=None, packages_above_depth=None, packages_select_by_dep=None, packages_skip_by_dep=None, packages_skip_up_to=None, packages_select_build_failed=False, packages_skip_build_finished=False, packages_select_test_failures=False, packages_skip_test_passed=False, packages_select=None, packages_skip=None, packages_select_regex=None, packages_skip_regex=None, packages_start=None, packages_end=None, allow_overriding=[], cmake_args=None, cmake_target=None, cmake_target_skip_unavailable=False, cmake_clean_cache=False, cmake_clean_first=False, cmake_force_configure=False, ament_cmake_args=None, catkin_cmake_args=None, catkin_skip_building_tests=False, verb_parser=<colcon_defaults.argument_parser.defaults.DefaultArgumentsDecorator object at 0x7051af63cca0>, verb_extension=<colcon_core.verb.build.BuildVerb object at 0x7051af63c850>, main=<bound method BuildVerb.main of <colcon_core.verb.build.BuildVerb object at 0x7051af63c850>>)
[0.675s] Level 1:colcon.colcon_core.package_discovery:discover_packages(colcon_meta) check parameters
[0.676s] Level 1:colcon.colcon_core.package_discovery:discover_packages(recursive) check parameters
[0.676s] Level 1:colcon.colcon_core.package_discovery:discover_packages(ignore) check parameters
[0.676s] Level 1:colcon.colcon_core.package_discovery:discover_packages(path) check parameters
[0.676s] Level 1:colcon.colcon_core.package_discovery:discover_packages(colcon_meta) discover
[0.676s] Level 1:colcon.colcon_core.package_discovery:discover_packages(recursive) discover
[0.676s] INFO:colcon.colcon_core.package_discovery:Crawling recursively for packages in '/home/nipun/ros2RB_ws'
[0.676s] Level 1:colcon.colcon_core.package_identification:_identify(.) by extensions ['ignore', 'ignore_ament_install']
[0.676s] Level 1:colcon.colcon_core.package_identification:_identify(.) by extension 'ignore'
[0.676s] Level 1:colcon.colcon_core.package_identification:_identify(.) by extension 'ignore_ament_install'
[0.676s] Level 1:colcon.colcon_core.package_identification:_identify(.) by extensions ['colcon_pkg']
[0.677s] Level 1:colcon.colcon_core.package_identification:_identify(.) by extension 'colcon_pkg'
[0.677s] Level 1:colcon.colcon_core.package_identification:_identify(.) by extensions ['colcon_meta']
[0.677s] Level 1:colcon.colcon_core.package_identification:_identify(.) by extension 'colcon_meta'
[0.677s] Level 1:colcon.colcon_core.package_identification:_identify(.) by extensions ['ros']
[0.677s] Level 1:colcon.colcon_core.package_identification:_identify(.) by extension 'ros'
[0.692s] Level 1:colcon.colcon_core.package_identification:_identify(.) by extensions ['cmake', 'python']
[0.693s] Level 1:colcon.colcon_core.package_identification:_identify(.) by extension 'cmake'
[0.693s] Level 1:colcon.colcon_core.package_identification:_identify(.) by extension 'python'
[0.693s] Level 1:colcon.colcon_core.package_identification:_identify(.) by extensions ['python_setup_py']
[0.693s] Level 1:colcon.colcon_core.package_identification:_identify(.) by extension 'python_setup_py'
[0.694s] Level 1:colcon.colcon_core.package_identification:_identify(assignment1) by extensions ['ignore', 'ignore_ament_install']
[0.694s] Level 1:colcon.colcon_core.package_identification:_identify(assignment1) by extension 'ignore'
[0.694s] Level 1:colcon.colcon_core.package_identification:_identify(assignment1) by extension 'ignore_ament_install'
[0.695s] Level 1:colcon.colcon_core.package_identification:_identify(assignment1) by extensions ['colcon_pkg']
[0.695s] Level 1:colcon.colcon_core.package_identification:_identify(assignment1) by extension 'colcon_pkg'
[0.695s] Level 1:colcon.colcon_core.package_identification:_identify(assignment1) by extensions ['colcon_meta']
[0.695s] Level 1:colcon.colcon_core.package_identification:_identify(assignment1) by extension 'colcon_meta'
[0.695s] Level 1:colcon.colcon_core.package_identification:_identify(assignment1) by extensions ['ros']
[0.695s] Level 1:colcon.colcon_core.package_identification:_identify(assignment1) by extension 'ros'
[0.699s] DEBUG:colcon.colcon_core.package_identification:Package 'assignment1' with type 'ros.ament_python' and name 'assignment1'
[0.699s] Level 1:colcon.colcon_core.package_identification:_identify(assignment1_cpp) by extensions ['ignore', 'ignore_ament_install']
[0.699s] Level 1:colcon.colcon_core.package_identification:_identify(assignment1_cpp) by extension 'ignore'
[0.699s] Level 1:colcon.colcon_core.package_identification:_identify(assignment1_cpp) by extension 'ignore_ament_install'
[0.700s] Level 1:colcon.colcon_core.package_identification:_identify(assignment1_cpp) by extensions ['colcon_pkg']
[0.700s] Level 1:colcon.colcon_core.package_identification:_identify(assignment1_cpp) by extension 'colcon_pkg'
[0.700s] Level 1:colcon.colcon_core.package_identification:_identify(assignment1_cpp) by extensions ['colcon_meta']
[0.701s] Level 1:colcon.colcon_core.package_identification:_identify(assignment1_cpp) by extension 'colcon_meta'
[0.701s] Level 1:colcon.colcon_core.package_identification:_identify(assignment1_cpp) by extensions ['ros']
[0.701s] Level 1:colcon.colcon_core.package_identification:_identify(assignment1_cpp) by extension 'ros'
[0.702s] DEBUG:colcon.colcon_core.package_identification:Package 'assignment1_cpp' with type 'ros.ament_cmake' and name 'assignment1_cpp'
[0.702s] Level 1:colcon.colcon_core.package_identification:_identify(build) by extensions ['ignore', 'ignore_ament_install']
[0.702s] Level 1:colcon.colcon_core.package_identification:_identify(build) by extension 'ignore'
[0.702s] Level 1:colcon.colcon_core.package_identification:_identify(build) ignored
[0.702s] Level 1:colcon.colcon_core.package_identification:_identify(install) by extensions ['ignore', 'ignore_ament_install']
[0.702s] Level 1:colcon.colcon_core.package_identification:_identify(install) by extension 'ignore'
[0.702s] Level 1:colcon.colcon_core.package_identification:_identify(install) ignored
[0.703s] Level 1:colcon.colcon_core.package_identification:_identify(log) by extensions ['ignore', 'ignore_ament_install']
[0.703s] Level 1:colcon.colcon_core.package_identification:_identify(log) by extension 'ignore'
[0.704s] Level 1:colcon.colcon_core.package_identification:_identify(log) ignored
[0.704s] Level 1:colcon.colcon_core.package_identification:_identify(rmp_ros2bot_description) by extensions ['ignore', 'ignore_ament_install']
[0.704s] Level 1:colcon.colcon_core.package_identification:_identify(rmp_ros2bot_description) by extension 'ignore'
[0.705s] Level 1:colcon.colcon_core.package_identification:_identify(rmp_ros2bot_description) by extension 'ignore_ament_install'
[0.705s] Level 1:colcon.colcon_core.package_identification:_identify(rmp_ros2bot_description) by extensions ['colcon_pkg']
[0.705s] Level 1:colcon.colcon_core.package_identification:_identify(rmp_ros2bot_description) by extension 'colcon_pkg'
[0.705s] Level 1:colcon.colcon_core.package_identification:_identify(rmp_ros2bot_description) by extensions ['colcon_meta']
[0.705s] Level 1:colcon.colcon_core.package_identification:_identify(rmp_ros2bot_description) by extension 'colcon_meta'
[0.705s] Level 1:colcon.colcon_core.package_identification:_identify(rmp_ros2bot_description) by extensions ['ros']
[0.705s] Level 1:colcon.colcon_core.package_identification:_identify(rmp_ros2bot_description) by extension 'ros'
[0.706s] DEBUG:colcon.colcon_core.package_identification:Package 'rmp_ros2bot_description' with type 'ros.ament_python' and name 'rmp_ros2bot_description'
[0.707s] Level 1:colcon.colcon_core.package_identification:_identify(simple_pkg) by extensions ['ignore', 'ignore_ament_install']
[0.707s] Level 1:colcon.colcon_core.package_identification:_identify(simple_pkg) by extension 'ignore'
[0.707s] Level 1:colcon.colcon_core.package_identification:_identify(simple_pkg) by extension 'ignore_ament_install'
[0.707s] Level 1:colcon.colcon_core.package_identification:_identify(simple_pkg) by extensions ['colcon_pkg']
[0.708s] Level 1:colcon.colcon_core.package_identification:_identify(simple_pkg) by extension 'colcon_pkg'
[0.708s] Level 1:colcon.colcon_core.package_identification:_identify(simple_pkg) by extensions ['colcon_meta']
[0.708s] Level 1:colcon.colcon_core.package_identification:_identify(simple_pkg) by extension 'colcon_meta'
[0.708s] Level 1:colcon.colcon_core.package_identification:_identify(simple_pkg) by extensions ['ros']
[0.708s] Level 1:colcon.colcon_core.package_identification:_identify(simple_pkg) by extension 'ros'
[0.709s] DEBUG:colcon.colcon_core.package_identification:Package 'simple_pkg' with type 'ros.ament_python' and name 'simple_pkg'
[0.709s] Level 1:colcon.colcon_core.package_identification:_identify(simple_pkg_cpp) by extensions ['ignore', 'ignore_ament_install']
[0.709s] Level 1:colcon.colcon_core.package_identification:_identify(simple_pkg_cpp) by extension 'ignore'
[0.709s] Level 1:colcon.colcon_core.package_identification:_identify(simple_pkg_cpp) by extension 'ignore_ament_install'
[0.709s] Level 1:colcon.colcon_core.package_identification:_identify(simple_pkg_cpp) by extensions ['colcon_pkg']
[0.709s] Level 1:colcon.colcon_core.package_identification:_identify(simple_pkg_cpp) by extension 'colcon_pkg'
[0.709s] Level 1:colcon.colcon_core.package_identification:_identify(simple_pkg_cpp) by extensions ['colcon_meta']
[0.709s] Level 1:colcon.colcon_core.package_identification:_identify(simple_pkg_cpp) by extension 'colcon_meta'
[0.709s] Level 1:colcon.colcon_core.package_identification:_identify(simple_pkg_cpp) by extensions ['ros']
[0.709s] Level 1:colcon.colcon_core.package_identification:_identify(simple_pkg_cpp) by extension 'ros'
[0.710s] DEBUG:colcon.colcon_core.package_identification:Package 'simple_pkg_cpp' with type 'ros.ament_cmake' and name 'simple_pkg_cpp'
[0.710s] Level 1:colcon.colcon_core.package_identification:_identify(turtlesim_assignment) by extensions ['ignore', 'ignore_ament_install']
[0.710s] Level 1:colcon.colcon_core.package_identification:_identify(turtlesim_assignment) by extension 'ignore'
[0.711s] Level 1:colcon.colcon_core.package_identification:_identify(turtlesim_assignment) by extension 'ignore_ament_install'
[0.711s] Level 1:colcon.colcon_core.package_identification:_identify(turtlesim_assignment) by extensions ['colcon_pkg']
[0.711s] Level 1:colcon.colcon_core.package_identification:_identify(turtlesim_assignment) by extension 'colcon_pkg'
[0.711s] Level 1:colcon.colcon_core.package_identification:_identify(turtlesim_assignment) by extensions ['colcon_meta']
[0.711s] Level 1:colcon.colcon_core.package_identification:_identify(turtlesim_assignment) by extension 'colcon_meta'
[0.711s] Level 1:colcon.colcon_core.package_identification:_identify(turtlesim_assignment) by extensions ['ros']
[0.711s] Level 1:colcon.colcon_core.package_identification:_identify(turtlesim_assignment) by extension 'ros'
[0.712s] DEBUG:colcon.colcon_core.package_identification:Package 'turtlesim_assignment' with type 'ros.ament_python' and name 'turtlesim_assignment'
[0.712s] Level 1:colcon.colcon_core.package_discovery:discover_packages(recursive) using defaults
[0.712s] Level 1:colcon.colcon_core.package_discovery:discover_packages(ignore) discover
[0.712s] Level 1:colcon.colcon_core.package_discovery:discover_packages(ignore) using defaults
[0.712s] Level 1:colcon.colcon_core.package_discovery:discover_packages(path) discover
[0.712s] Level 1:colcon.colcon_core.package_discovery:discover_packages(path) using defaults
[0.754s] Level 1:colcon.colcon_core.package_discovery:discover_packages(prefix_path) check parameters
[0.755s] Level 1:colcon.colcon_core.package_discovery:discover_packages(prefix_path) discover
[0.764s] DEBUG:colcon.colcon_installed_package_information.package_discovery:Found 7 installed packages in /home/nipun/ros2RB_ws/install
[0.764s] DEBUG:colcon.colcon_installed_package_information.package_discovery:Found 4 installed packages in /home/nipun/ros2_ws/install
[0.766s] DEBUG:colcon.colcon_installed_package_information.package_discovery:Found 294 installed packages in /opt/ros/humble
[0.769s] Level 1:colcon.colcon_core.package_discovery:discover_packages(prefix_path) using defaults
[0.841s] Level 5:colcon.colcon_core.verb:set package 'assignment1' build argument 'cmake_args' from command line to 'None'
[0.841s] Level 5:colcon.colcon_core.verb:set package 'assignment1' build argument 'cmake_target' from command line to 'None'
[0.841s] Level 5:colcon.colcon_core.verb:set package 'assignment1' build argument 'cmake_target_skip_unavailable' from command line to 'False'
[0.841s] Level 5:colcon.colcon_core.verb:set package 'assignment1' build argument 'cmake_clean_cache' from command line to 'False'
[0.841s] Level 5:colcon.colcon_core.verb:set package 'assignment1' build argument 'cmake_clean_first' from command line to 'False'
[0.841s] Level 5:colcon.colcon_core.verb:set package 'assignment1' build argument 'cmake_force_configure' from command line to 'False'
[0.841s] Level 5:colcon.colcon_core.verb:set package 'assignment1' build argument 'ament_cmake_args' from command line to 'None'
[0.841s] Level 5:colcon.colcon_core.verb:set package 'assignment1' build argument 'catkin_cmake_args' from command line to 'None'
[0.841s] Level 5:colcon.colcon_core.verb:set package 'assignment1' build argument 'catkin_skip_building_tests' from command line to 'False'
[0.841s] DEBUG:colcon.colcon_core.verb:Building package 'assignment1' with the following arguments: {'ament_cmake_args': None, 'build_base': '/home/nipun/ros2RB_ws/build/assignment1', 'catkin_cmake_args': None, 'catkin_skip_building_tests': False, 'cmake_args': None, 'cmake_clean_cache': False, 'cmake_clean_first': False, 'cmake_force_configure': False, 'cmake_target': None, 'cmake_target_skip_unavailable': False, 'install_base': '/home/nipun/ros2RB_ws/install/assignment1', 'merge_install': False, 'path': '/home/nipun/ros2RB_ws/assignment1', 'symlink_install': False, 'test_result_base': None}
[0.842s] Level 5:colcon.colcon_core.verb:set package 'assignment1_cpp' build argument 'cmake_args' from command line to 'None'
[0.842s] Level 5:colcon.colcon_core.verb:set package 'assignment1_cpp' build argument 'cmake_target' from command line to 'None'
[0.842s] Level 5:colcon.colcon_core.verb:set package 'assignment1_cpp' build argument 'cmake_target_skip_unavailable' from command line to 'False'
[0.842s] Level 5:colcon.colcon_core.verb:set package 'assignment1_cpp' build argument 'cmake_clean_cache' from command line to 'False'
[0.842s] Level 5:colcon.colcon_core.verb:set package 'assignment1_cpp' build argument 'cmake_clean_first' from command line to 'False'
[0.842s] Level 5:colcon.colcon_core.verb:set package 'assignment1_cpp' build argument 'cmake_force_configure' from command line to 'False'
[0.842s] Level 5:colcon.colcon_core.verb:set package 'assignment1_cpp' build argument 'ament_cmake_args' from command line to 'None'
[0.842s] Level 5:colcon.colcon_core.verb:set package 'assignment1_cpp' build argument 'catkin_cmake_args' from command line to 'None'
[0.842s] Level 5:colcon.colcon_core.verb:set package 'assignment1_cpp' build argument 'catkin_skip_building_tests' from command line to 'False'
[0.842s] DEBUG:colcon.colcon_core.verb:Building package 'assignment1_cpp' with the following arguments: {'ament_cmake_args': None, 'build_base': '/home/nipun/ros2RB_ws/build/assignment1_cpp', 'catkin_cmake_args': None, 'catkin_skip_building_tests': False, 'cmake_args': None, 'cmake_clean_cache': False, 'cmake_clean_first': False, 'cmake_force_configure': False, 'cmake_target': None, 'cmake_target_skip_unavailable': False, 'install_base': '/home/nipun/ros2RB_ws/install/assignment1_cpp', 'merge_install': False, 'path': '/home/nipun/ros2RB_ws/assignment1_cpp', 'symlink_install': False, 'test_result_base': None}
[0.843s] Level 5:colcon.colcon_core.verb:set package 'rmp_ros2bot_description' build argument 'cmake_args' from command line to 'None'
[0.843s] Level 5:colcon.colcon_core.verb:set package 'rmp_ros2bot_description' build argument 'cmake_target' from command line to 'None'
[0.843s] Level 5:colcon.colcon_core.verb:set package 'rmp_ros2bot_description' build argument 'cmake_target_skip_unavailable' from command line to 'False'
[0.843s] Level 5:colcon.colcon_core.verb:set package 'rmp_ros2bot_description' build argument 'cmake_clean_cache' from command line to 'False'
[0.843s] Level 5:colcon.colcon_core.verb:set package 'rmp_ros2bot_description' build argument 'cmake_clean_first' from command line to 'False'
[0.843s] Level 5:colcon.colcon_core.verb:set package 'rmp_ros2bot_description' build argument 'cmake_force_configure' from command line to 'False'
[0.843s] Level 5:colcon.colcon_core.verb:set package 'rmp_ros2bot_description' build argument 'ament_cmake_args' from command line to 'None'
[0.843s] Level 5:colcon.colcon_core.verb:set package 'rmp_ros2bot_description' build argument 'catkin_cmake_args' from command line to 'None'
[0.843s] Level 5:colcon.colcon_core.verb:set package 'rmp_ros2bot_description' build argument 'catkin_skip_building_tests' from command line to 'False'
[0.843s] DEBUG:colcon.colcon_core.verb:Building package 'rmp_ros2bot_description' with the following arguments: {'ament_cmake_args': None, 'build_base': '/home/nipun/ros2RB_ws/build/rmp_ros2bot_description', 'catkin_cmake_args': None, 'catkin_skip_building_tests': False, 'cmake_args': None, 'cmake_clean_cache': False, 'cmake_clean_first': False, 'cmake_force_configure': False, 'cmake_target': None, 'cmake_target_skip_unavailable': False, 'install_base': '/home/nipun/ros2RB_ws/install/rmp_ros2bot_description', 'merge_install': False, 'path': '/home/nipun/ros2RB_ws/rmp_ros2bot_description', 'symlink_install': False, 'test_result_base': None}
[0.844s] Level 5:colcon.colcon_core.verb:set package 'simple_pkg' build argument 'cmake_args' from command line to 'None'
[0.844s] Level 5:colcon.colcon_core.verb:set package 'simple_pkg' build argument 'cmake_target' from command line to 'None'
[0.844s] Level 5:colcon.colcon_core.verb:set package 'simple_pkg' build argument 'cmake_target_skip_unavailable' from command line to 'False'
[0.844s] Level 5:colcon.colcon_core.verb:set package 'simple_pkg' build argument 'cmake_clean_cache' from command line to 'False'
[0.844s] Level 5:colcon.colcon_core.verb:set package 'simple_pkg' build argument 'cmake_clean_first' from command line to 'False'
[0.844s] Level 5:colcon.colcon_core.verb:set package 'simple_pkg' build argument 'cmake_force_configure' from command line to 'False'
[0.844s] Level 5:colcon.colcon_core.verb:set package 'simple_pkg' build argument 'ament_cmake_args' from command line to 'None'
[0.844s] Level 5:colcon.colcon_core.verb:set package 'simple_pkg' build argument 'catkin_cmake_args' from command line to 'None'
[0.844s] Level 5:colcon.colcon_core.verb:set package 'simple_pkg' build argument 'catkin_skip_building_tests' from command line to 'False'
[0.844s] DEBUG:colcon.colcon_core.verb:Building package 'simple_pkg' with the following arguments: {'ament_cmake_args': None, 'build_base': '/home/nipun/ros2RB_ws/build/simple_pkg', 'catkin_cmake_args': None, 'catkin_skip_building_tests': False, 'cmake_args': None, 'cmake_clean_cache': False, 'cmake_clean_first': False, 'cmake_force_configure': False, 'cmake_target': None, 'cmake_target_skip_unavailable': False, 'install_base': '/home/nipun/ros2RB_ws/install/simple_pkg', 'merge_install': False, 'path': '/home/nipun/ros2RB_ws/simple_pkg', 'symlink_install': False, 'test_result_base': None}
[0.845s] Level 5:colcon.colcon_core.verb:set package 'simple_pkg_cpp' build argument 'cmake_args' from command line to 'None'
[0.845s] Level 5:colcon.colcon_core.verb:set package 'simple_pkg_cpp' build argument 'cmake_target' from command line to 'None'
[0.845s] Level 5:colcon.colcon_core.verb:set package 'simple_pkg_cpp' build argument 'cmake_target_skip_unavailable' from command line to 'False'
[0.845s] Level 5:colcon.colcon_core.verb:set package 'simple_pkg_cpp' build argument 'cmake_clean_cache' from command line to 'False'
[0.845s] Level 5:colcon.colcon_core.verb:set package 'simple_pkg_cpp' build argument 'cmake_clean_first' from command line to 'False'
[0.845s] Level 5:colcon.colcon_core.verb:set package 'simple_pkg_cpp' build argument 'cmake_force_configure' from command line to 'False'
[0.845s] Level 5:colcon.colcon_core.verb:set package 'simple_pkg_cpp' build argument 'ament_cmake_args' from command line to 'None'
[0.845s] Level 5:colcon.colcon_core.verb:set package 'simple_pkg_cpp' build argument 'catkin_cmake_args' from command line to 'None'
[0.845s] Level 5:colcon.colcon_core.verb:set package 'simple_pkg_cpp' build argument 'catkin_skip_building_tests' from command line to 'False'
[0.845s] DEBUG:colcon.colcon_core.verb:Building package 'simple_pkg_cpp' with the following arguments: {'ament_cmake_args': None, 'build_base': '/home/nipun/ros2RB_ws/build/simple_pkg_cpp', 'catkin_cmake_args': None, 'catkin_skip_building_tests': False, 'cmake_args': None, 'cmake_clean_cache': False, 'cmake_clean_first': False, 'cmake_force_configure': False, 'cmake_target': None, 'cmake_target_skip_unavailable': False, 'install_base': '/home/nipun/ros2RB_ws/install/simple_pkg_cpp', 'merge_install': False, 'path': '/home/nipun/ros2RB_ws/simple_pkg_cpp', 'symlink_install': False, 'test_result_base': None}
[0.846s] Level 5:colcon.colcon_core.verb:set package 'turtlesim_assignment' build argument 'cmake_args' from command line to 'None'
[0.846s] Level 5:colcon.colcon_core.verb:set package 'turtlesim_assignment' build argument 'cmake_target' from command line to 'None'
[0.846s] Level 5:colcon.colcon_core.verb:set package 'turtlesim_assignment' build argument 'cmake_target_skip_unavailable' from command line to 'False'
[0.846s] Level 5:colcon.colcon_core.verb:set package 'turtlesim_assignment' build argument 'cmake_clean_cache' from command line to 'False'
[0.846s] Level 5:colcon.colcon_core.verb:set package 'turtlesim_assignment' build argument 'cmake_clean_first' from command line to 'False'
[0.846s] Level 5:colcon.colcon_core.verb:set package 'turtlesim_assignment' build argument 'cmake_force_configure' from command line to 'False'
[0.846s] Level 5:colcon.colcon_core.verb:set package 'turtlesim_assignment' build argument 'ament_cmake_args' from command line to 'None'
[0.846s] Level 5:colcon.colcon_core.verb:set package 'turtlesim_assignment' build argument 'catkin_cmake_args' from command line to 'None'
[0.846s] Level 5:colcon.colcon_core.verb:set package 'turtlesim_assignment' build argument 'catkin_skip_building_tests' from command line to 'False'
[0.846s] DEBUG:colcon.colcon_core.verb:Building package 'turtlesim_assignment' with the following arguments: {'ament_cmake_args': None, 'build_base': '/home/nipun/ros2RB_ws/build/turtlesim_assignment', 'catkin_cmake_args': None, 'catkin_skip_building_tests': False, 'cmake_args': None, 'cmake_clean_cache': False, 'cmake_clean_first': False, 'cmake_force_configure': False, 'cmake_target': None, 'cmake_target_skip_unavailable': False, 'install_base': '/home/nipun/ros2RB_ws/install/turtlesim_assignment', 'merge_install': False, 'path': '/home/nipun/ros2RB_ws/turtlesim_assignment', 'symlink_install': False, 'test_result_base': None}
[0.846s] INFO:colcon.colcon_core.executor:Executing jobs using 'parallel' executor
[0.847s] DEBUG:colcon.colcon_parallel_executor.executor.parallel:run_until_complete
[0.848s] INFO:colcon.colcon_ros.task.ament_python.build:Building ROS package in '/home/nipun/ros2RB_ws/assignment1' with build type 'ament_python'
[0.848s] Level 1:colcon.colcon_core.shell:create_environment_hook('assignment1', 'ament_prefix_path')
[0.856s] INFO:colcon.colcon_core.plugin_system:Skipping extension 'colcon_core.shell.bat': Not used on non-Windows systems
[0.856s] INFO:colcon.colcon_core.shell:Creating environment hook '/home/nipun/ros2RB_ws/install/assignment1/share/assignment1/hook/ament_prefix_path.ps1'
[0.867s] INFO:colcon.colcon_core.shell:Creating environment descriptor '/home/nipun/ros2RB_ws/install/assignment1/share/assignment1/hook/ament_prefix_path.dsv'
[0.868s] INFO:colcon.colcon_core.shell:Creating environment hook '/home/nipun/ros2RB_ws/install/assignment1/share/assignment1/hook/ament_prefix_path.sh'
[0.869s] INFO:colcon.colcon_core.shell:Skip shell extension 'powershell' for command environment: Not usable outside of PowerShell
[0.869s] DEBUG:colcon.colcon_core.shell:Skip shell extension 'dsv' for command environment
[0.877s] INFO:colcon.colcon_ros.task.ament_cmake.build:Building ROS package in '/home/nipun/ros2RB_ws/assignment1_cpp' with build type 'ament_cmake'
[0.877s] INFO:colcon.colcon_cmake.task.cmake.build:Building CMake package in '/home/nipun/ros2RB_ws/assignment1_cpp'
[0.877s] INFO:colcon.colcon_core.shell:Skip shell extension 'powershell' for command environment: Not usable outside of PowerShell
[0.877s] DEBUG:colcon.colcon_core.shell:Skip shell extension 'dsv' for command environment
[0.885s] INFO:colcon.colcon_ros.task.ament_python.build:Building ROS package in '/home/nipun/ros2RB_ws/rmp_ros2bot_description' with build type 'ament_python'
[0.886s] Level 1:colcon.colcon_core.shell:create_environment_hook('rmp_ros2bot_description', 'ament_prefix_path')
[0.886s] INFO:colcon.colcon_core.shell:Creating environment hook '/home/nipun/ros2RB_ws/install/rmp_ros2bot_description/share/rmp_ros2bot_description/hook/ament_prefix_path.ps1'
[0.887s] INFO:colcon.colcon_core.shell:Creating environment descriptor '/home/nipun/ros2RB_ws/install/rmp_ros2bot_description/share/rmp_ros2bot_description/hook/ament_prefix_path.dsv'
[0.887s] INFO:colcon.colcon_core.shell:Creating environment hook '/home/nipun/ros2RB_ws/install/rmp_ros2bot_description/share/rmp_ros2bot_description/hook/ament_prefix_path.sh'
[0.888s] INFO:colcon.colcon_core.shell:Skip shell extension 'powershell' for command environment: Not usable outside of PowerShell
[0.888s] DEBUG:colcon.colcon_core.shell:Skip shell extension 'dsv' for command environment
[1.324s] INFO:colcon.colcon_core.task.python.build:Building Python package in '/home/nipun/ros2RB_ws/assignment1'
[1.324s] INFO:colcon.colcon_core.shell:Skip shell extension 'powershell' for command environment: Not usable outside of PowerShell
[1.324s] DEBUG:colcon.colcon_core.shell:Skip shell extension 'dsv' for command environment
[1.336s] DEBUG:colcon.colcon_core.event_handler.log_command:Invoking command in '/home/nipun/ros2RB_ws/build/assignment1_cpp': CMAKE_PREFIX_PATH=${CMAKE_PREFIX_PATH}:/home/nipun/ros2RB_ws/install/turtlesim_assignment:/home/nipun/ros2RB_ws/install/simple_pkg:/home/nipun/ros2RB_ws/install/rmp_ros2bot_description:/home/nipun/ros2RB_ws/install/assignment1:/home/nipun/ros2_ws/install/my_py_pkg:/opt/ros/humble /usr/bin/cmake --build /home/nipun/ros2RB_ws/build/assignment1_cpp -- -j3 -l3
[1.763s] INFO:colcon.colcon_core.task.python.build:Building Python package in '/home/nipun/ros2RB_ws/rmp_ros2bot_description'
[1.763s] INFO:colcon.colcon_core.shell:Skip shell extension 'powershell' for command environment: Not usable outside of PowerShell
[1.763s] DEBUG:colcon.colcon_core.shell:Skip shell extension 'dsv' for command environment
[1.788s] DEBUG:colcon.colcon_core.event_handler.log_command:Invoked command in '/home/nipun/ros2RB_ws/build/assignment1_cpp' returned '0': CMAKE_PREFIX_PATH=${CMAKE_PREFIX_PATH}:/home/nipun/ros2RB_ws/install/turtlesim_assignment:/home/nipun/ros2RB_ws/install/simple_pkg:/home/nipun/ros2RB_ws/install/rmp_ros2bot_description:/home/nipun/ros2RB_ws/install/assignment1:/home/nipun/ros2_ws/install/my_py_pkg:/opt/ros/humble /usr/bin/cmake --build /home/nipun/ros2RB_ws/build/assignment1_cpp -- -j3 -l3
[1.833s] DEBUG:colcon.colcon_core.event_handler.log_command:Invoking command in '/home/nipun/ros2RB_ws/build/assignment1_cpp': CMAKE_PREFIX_PATH=${CMAKE_PREFIX_PATH}:/home/nipun/ros2RB_ws/install/turtlesim_assignment:/home/nipun/ros2RB_ws/install/simple_pkg:/home/nipun/ros2RB_ws/install/rmp_ros2bot_description:/home/nipun/ros2RB_ws/install/assignment1:/home/nipun/ros2_ws/install/my_py_pkg:/opt/ros/humble /usr/bin/cmake --install /home/nipun/ros2RB_ws/build/assignment1_cpp
[1.851s] Level 1:colcon.colcon_core.environment:create_environment_scripts_only(assignment1_cpp)
[1.852s] DEBUG:colcon.colcon_core.event_handler.log_command:Invoked command in '/home/nipun/ros2RB_ws/build/assignment1_cpp' returned '0': CMAKE_PREFIX_PATH=${CMAKE_PREFIX_PATH}:/home/nipun/ros2RB_ws/install/turtlesim_assignment:/home/nipun/ros2RB_ws/install/simple_pkg:/home/nipun/ros2RB_ws/install/rmp_ros2bot_description:/home/nipun/ros2RB_ws/install/assignment1:/home/nipun/ros2_ws/install/my_py_pkg:/opt/ros/humble /usr/bin/cmake --install /home/nipun/ros2RB_ws/build/assignment1_cpp
[1.862s] Level 1:colcon.colcon_core.environment:checking '/home/nipun/ros2RB_ws/install/assignment1_cpp' for CMake module files
[1.866s] Level 1:colcon.colcon_core.environment:checking '/home/nipun/ros2RB_ws/install/assignment1_cpp' for CMake config files
[1.866s] Level 1:colcon.colcon_core.shell:create_environment_hook('assignment1_cpp', 'cmake_prefix_path')
[1.866s] INFO:colcon.colcon_core.shell:Creating environment hook '/home/nipun/ros2RB_ws/install/assignment1_cpp/share/assignment1_cpp/hook/cmake_prefix_path.ps1'
[1.867s] INFO:colcon.colcon_core.shell:Creating environment descriptor '/home/nipun/ros2RB_ws/install/assignment1_cpp/share/assignment1_cpp/hook/cmake_prefix_path.dsv'
[1.867s] INFO:colcon.colcon_core.shell:Creating environment hook '/home/nipun/ros2RB_ws/install/assignment1_cpp/share/assignment1_cpp/hook/cmake_prefix_path.sh'
[1.869s] Level 1:colcon.colcon_core.environment:checking '/home/nipun/ros2RB_ws/install/assignment1_cpp/lib'
[1.869s] Level 1:colcon.colcon_core.environment:checking '/home/nipun/ros2RB_ws/install/assignment1_cpp/bin'
[1.869s] Level 1:colcon.colcon_core.environment:checking '/home/nipun/ros2RB_ws/install/assignment1_cpp/lib/pkgconfig/assignment1_cpp.pc'
[1.869s] Level 1:colcon.colcon_core.environment:checking '/home/nipun/ros2RB_ws/install/assignment1_cpp/lib/python3.10/site-packages'
[1.870s] Level 1:colcon.colcon_core.environment:checking '/home/nipun/ros2RB_ws/install/assignment1_cpp/bin'
[1.870s] INFO:colcon.colcon_core.shell:Creating package script '/home/nipun/ros2RB_ws/install/assignment1_cpp/share/assignment1_cpp/package.ps1'
[1.872s] INFO:colcon.colcon_core.shell:Creating package descriptor '/home/nipun/ros2RB_ws/install/assignment1_cpp/share/assignment1_cpp/package.dsv'
[1.874s] INFO:colcon.colcon_core.shell:Creating package script '/home/nipun/ros2RB_ws/install/assignment1_cpp/share/assignment1_cpp/package.sh'
[1.877s] INFO:colcon.colcon_core.shell:Creating package script '/home/nipun/ros2RB_ws/install/assignment1_cpp/share/assignment1_cpp/package.bash'
[1.879s] INFO:colcon.colcon_core.shell:Creating package script '/home/nipun/ros2RB_ws/install/assignment1_cpp/share/assignment1_cpp/package.zsh'
[1.882s] Level 1:colcon.colcon_core.environment:create_file_with_runtime_dependencies(/home/nipun/ros2RB_ws/install/assignment1_cpp/share/colcon-core/packages/assignment1_cpp)
[1.915s] Level 1:colcon.colcon_core.environment:create_environment_scripts_only(assignment1_cpp)
[1.916s] Level 1:colcon.colcon_core.environment:checking '/home/nipun/ros2RB_ws/install/assignment1_cpp' for CMake module files
[1.918s] Level 1:colcon.colcon_core.environment:checking '/home/nipun/ros2RB_ws/install/assignment1_cpp' for CMake config files
[1.918s] Level 1:colcon.colcon_core.shell:create_environment_hook('assignment1_cpp', 'cmake_prefix_path')
[1.919s] INFO:colcon.colcon_core.shell:Creating environment hook '/home/nipun/ros2RB_ws/install/assignment1_cpp/share/assignment1_cpp/hook/cmake_prefix_path.ps1'
[1.919s] INFO:colcon.colcon_core.shell:Creating environment descriptor '/home/nipun/ros2RB_ws/install/assignment1_cpp/share/assignment1_cpp/hook/cmake_prefix_path.dsv'
[1.919s] INFO:colcon.colcon_core.shell:Creating environment hook '/home/nipun/ros2RB_ws/install/assignment1_cpp/share/assignment1_cpp/hook/cmake_prefix_path.sh'
[1.920s] Level 1:colcon.colcon_core.environment:checking '/home/nipun/ros2RB_ws/install/assignment1_cpp/lib'
[1.920s] Level 1:colcon.colcon_core.environment:checking '/home/nipun/ros2RB_ws/install/assignment1_cpp/bin'
[1.920s] Level 1:colcon.colcon_core.environment:checking '/home/nipun/ros2RB_ws/install/assignment1_cpp/lib/pkgconfig/assignment1_cpp.pc'
[1.920s] Level 1:colcon.colcon_core.environment:checking '/home/nipun/ros2RB_ws/install/assignment1_cpp/lib/python3.10/site-packages'
[1.921s] Level 1:colcon.colcon_core.environment:checking '/home/nipun/ros2RB_ws/install/assignment1_cpp/bin'
[1.921s] INFO:colcon.colcon_core.shell:Creating package script '/home/nipun/ros2RB_ws/install/assignment1_cpp/share/assignment1_cpp/package.ps1'
[1.922s] INFO:colcon.colcon_core.shell:Creating package descriptor '/home/nipun/ros2RB_ws/install/assignment1_cpp/share/assignment1_cpp/package.dsv'
[1.922s] INFO:colcon.colcon_core.shell:Creating package script '/home/nipun/ros2RB_ws/install/assignment1_cpp/share/assignment1_cpp/package.sh'
[1.923s] INFO:colcon.colcon_core.shell:Creating package script '/home/nipun/ros2RB_ws/install/assignment1_cpp/share/assignment1_cpp/package.bash'
[1.923s] INFO:colcon.colcon_core.shell:Creating package script '/home/nipun/ros2RB_ws/install/assignment1_cpp/share/assignment1_cpp/package.zsh'
[1.924s] Level 1:colcon.colcon_core.environment:create_file_with_runtime_dependencies(/home/nipun/ros2RB_ws/install/assignment1_cpp/share/colcon-core/packages/assignment1_cpp)
[1.924s] INFO:colcon.colcon_ros.task.ament_python.build:Building ROS package in '/home/nipun/ros2RB_ws/simple_pkg' with build type 'ament_python'
[1.924s] Level 1:colcon.colcon_core.shell:create_environment_hook('simple_pkg', 'ament_prefix_path')
[1.925s] INFO:colcon.colcon_core.shell:Creating environment hook '/home/nipun/ros2RB_ws/install/simple_pkg/share/simple_pkg/hook/ament_prefix_path.ps1'
[1.926s] INFO:colcon.colcon_core.shell:Creating environment descriptor '/home/nipun/ros2RB_ws/install/simple_pkg/share/simple_pkg/hook/ament_prefix_path.dsv'
[1.926s] INFO:colcon.colcon_core.shell:Creating environment hook '/home/nipun/ros2RB_ws/install/simple_pkg/share/simple_pkg/hook/ament_prefix_path.sh'
[1.927s] INFO:colcon.colcon_core.shell:Skip shell extension 'powershell' for command environment: Not usable outside of PowerShell
[1.927s] DEBUG:colcon.colcon_core.shell:Skip shell extension 'dsv' for command environment
[2.370s] INFO:colcon.colcon_core.task.python.build:Building Python package in '/home/nipun/ros2RB_ws/simple_pkg'
[2.370s] INFO:colcon.colcon_core.shell:Skip shell extension 'powershell' for command environment: Not usable outside of PowerShell
[2.370s] DEBUG:colcon.colcon_core.shell:Skip shell extension 'dsv' for command environment
[2.656s] DEBUG:colcon.colcon_core.event_handler.log_command:Invoking command in '/home/nipun/ros2RB_ws/assignment1': PYTHONPATH=/home/nipun/ros2RB_ws/build/assignment1/prefix_override:/usr/lib/python3/dist-packages/colcon_core/task/python/colcon_distutils_commands:/home/nipun/ros2RB_ws/install/assignment1/lib/python3.10/site-packages:${PYTHONPATH} /usr/bin/python3 -W ignore:setup.py install is deprecated setup.py egg_info --egg-base ../build/assignment1 build --build-base /home/nipun/ros2RB_ws/build/assignment1/build install --record /home/nipun/ros2RB_ws/build/assignment1/install.log --single-version-externally-managed install_data
[2.661s] DEBUG:colcon.colcon_core.event_handler.log_command:Invoking command in '/home/nipun/ros2RB_ws/rmp_ros2bot_description': PYTHONPATH=/home/nipun/ros2RB_ws/build/rmp_ros2bot_description/prefix_override:/usr/lib/python3/dist-packages/colcon_core/task/python/colcon_distutils_commands:/home/nipun/ros2RB_ws/install/rmp_ros2bot_description/lib/python3.10/site-packages:${PYTHONPATH} /usr/bin/python3 -W ignore:setup.py install is deprecated setup.py egg_info --egg-base ../build/rmp_ros2bot_description build --build-base /home/nipun/ros2RB_ws/build/rmp_ros2bot_description/build install --record /home/nipun/ros2RB_ws/build/rmp_ros2bot_description/install.log --single-version-externally-managed install_data
[2.907s] DEBUG:colcon.colcon_core.event_handler.log_command:Invoking command in '/home/nipun/ros2RB_ws/simple_pkg': PYTHONPATH=/home/nipun/ros2RB_ws/build/simple_pkg/prefix_override:/usr/lib/python3/dist-packages/colcon_core/task/python/colcon_distutils_commands:/home/nipun/ros2RB_ws/install/simple_pkg/lib/python3.10/site-packages:${PYTHONPATH} /usr/bin/python3 -W ignore:setup.py install is deprecated setup.py egg_info --egg-base ../build/simple_pkg build --build-base /home/nipun/ros2RB_ws/build/simple_pkg/build install --record /home/nipun/ros2RB_ws/build/simple_pkg/install.log --single-version-externally-managed install_data
[3.152s] Level 1:colcon.colcon_core.environment:checking '/home/nipun/ros2RB_ws/install/assignment1' for CMake module files
[3.152s] Level 1:colcon.colcon_core.environment:checking '/home/nipun/ros2RB_ws/install/assignment1' for CMake config files
[3.153s] Level 1:colcon.colcon_core.environment:checking '/home/nipun/ros2RB_ws/install/assignment1/lib'
[3.155s] Level 1:colcon.colcon_core.environment:checking '/home/nipun/ros2RB_ws/install/assignment1/bin'
[3.155s] Level 1:colcon.colcon_core.environment:checking '/home/nipun/ros2RB_ws/install/assignment1/lib/pkgconfig/assignment1.pc'
[3.155s] Level 1:colcon.colcon_core.environment:checking '/home/nipun/ros2RB_ws/install/assignment1/lib/python3.10/site-packages'
[3.156s] Level 1:colcon.colcon_core.shell:create_environment_hook('assignment1', 'pythonpath')
[3.156s] INFO:colcon.colcon_core.shell:Creating environment hook '/home/nipun/ros2RB_ws/install/assignment1/share/assignment1/hook/pythonpath.ps1'
[3.156s] INFO:colcon.colcon_core.shell:Creating environment descriptor '/home/nipun/ros2RB_ws/install/assignment1/share/assignment1/hook/pythonpath.dsv'
[3.157s] INFO:colcon.colcon_core.shell:Creating environment hook '/home/nipun/ros2RB_ws/install/assignment1/share/assignment1/hook/pythonpath.sh'
[3.158s] DEBUG:colcon.colcon_core.event_handler.log_command:Invoked command in '/home/nipun/ros2RB_ws/assignment1' returned '0': PYTHONPATH=/home/nipun/ros2RB_ws/build/assignment1/prefix_override:/usr/lib/python3/dist-packages/colcon_core/task/python/colcon_distutils_commands:/home/nipun/ros2RB_ws/install/assignment1/lib/python3.10/site-packages:${PYTHONPATH} /usr/bin/python3 -W ignore:setup.py install is deprecated setup.py egg_info --egg-base ../build/assignment1 build --build-base /home/nipun/ros2RB_ws/build/assignment1/build install --record /home/nipun/ros2RB_ws/build/assignment1/install.log --single-version-externally-managed install_data
[3.159s] Level 1:colcon.colcon_core.environment:checking '/home/nipun/ros2RB_ws/install/assignment1/bin'
[3.159s] Level 1:colcon.colcon_core.environment:create_environment_scripts_only(assignment1)
[3.159s] INFO:colcon.colcon_core.shell:Creating package script '/home/nipun/ros2RB_ws/install/assignment1/share/assignment1/package.ps1'
[3.161s] INFO:colcon.colcon_core.shell:Creating package descriptor '/home/nipun/ros2RB_ws/install/assignment1/share/assignment1/package.dsv'
[3.162s] INFO:colcon.colcon_core.shell:Creating package script '/home/nipun/ros2RB_ws/install/assignment1/share/assignment1/package.sh'
[3.163s] INFO:colcon.colcon_core.shell:Creating package script '/home/nipun/ros2RB_ws/install/assignment1/share/assignment1/package.bash'
[3.164s] INFO:colcon.colcon_core.shell:Creating package script '/home/nipun/ros2RB_ws/install/assignment1/share/assignment1/package.zsh'
[3.166s] Level 1:colcon.colcon_core.environment:create_file_with_runtime_dependencies(/home/nipun/ros2RB_ws/install/assignment1/share/colcon-core/packages/assignment1)
[3.166s] INFO:colcon.colcon_ros.task.ament_cmake.build:Building ROS package in '/home/nipun/ros2RB_ws/simple_pkg_cpp' with build type 'ament_cmake'
[3.167s] INFO:colcon.colcon_cmake.task.cmake.build:Building CMake package in '/home/nipun/ros2RB_ws/simple_pkg_cpp'
[3.167s] INFO:colcon.colcon_core.shell:Skip shell extension 'powershell' for command environment: Not usable outside of PowerShell
[3.168s] DEBUG:colcon.colcon_core.shell:Skip shell extension 'dsv' for command environment
[3.184s] DEBUG:colcon.colcon_core.event_handler.log_command:Invoking command in '/home/nipun/ros2RB_ws/build/simple_pkg_cpp': CMAKE_PREFIX_PATH=${CMAKE_PREFIX_PATH}:/home/nipun/ros2RB_ws/install/turtlesim_assignment:/home/nipun/ros2RB_ws/install/simple_pkg:/home/nipun/ros2RB_ws/install/rmp_ros2bot_description:/home/nipun/ros2RB_ws/install/assignment1:/home/nipun/ros2_ws/install/my_py_pkg:/opt/ros/humble /usr/bin/cmake --build /home/nipun/ros2RB_ws/build/simple_pkg_cpp -- -j3 -l3
[3.242s] Level 1:colcon.colcon_core.environment:checking '/home/nipun/ros2RB_ws/install/rmp_ros2bot_description' for CMake module files
[3.243s] Level 1:colcon.colcon_core.environment:checking '/home/nipun/ros2RB_ws/install/rmp_ros2bot_description' for CMake config files
[3.244s] Level 1:colcon.colcon_core.environment:checking '/home/nipun/ros2RB_ws/install/rmp_ros2bot_description/lib'
[3.243s] DEBUG:colcon.colcon_core.event_handler.log_command:Invoked command in '/home/nipun/ros2RB_ws/rmp_ros2bot_description' returned '0': PYTHONPATH=/home/nipun/ros2RB_ws/build/rmp_ros2bot_description/prefix_override:/usr/lib/python3/dist-packages/colcon_core/task/python/colcon_distutils_commands:/home/nipun/ros2RB_ws/install/rmp_ros2bot_description/lib/python3.10/site-packages:${PYTHONPATH} /usr/bin/python3 -W ignore:setup.py install is deprecated setup.py egg_info --egg-base ../build/rmp_ros2bot_description build --build-base /home/nipun/ros2RB_ws/build/rmp_ros2bot_description/build install --record /home/nipun/ros2RB_ws/build/rmp_ros2bot_description/install.log --single-version-externally-managed install_data
[3.244s] Level 1:colcon.colcon_core.environment:checking '/home/nipun/ros2RB_ws/install/rmp_ros2bot_description/bin'
[3.244s] Level 1:colcon.colcon_core.environment:checking '/home/nipun/ros2RB_ws/install/rmp_ros2bot_description/lib/pkgconfig/rmp_ros2bot_description.pc'
[3.245s] Level 1:colcon.colcon_core.environment:checking '/home/nipun/ros2RB_ws/install/rmp_ros2bot_description/lib/python3.10/site-packages'
[3.245s] Level 1:colcon.colcon_core.shell:create_environment_hook('rmp_ros2bot_description', 'pythonpath')
[3.245s] INFO:colcon.colcon_core.shell:Creating environment hook '/home/nipun/ros2RB_ws/install/rmp_ros2bot_description/share/rmp_ros2bot_description/hook/pythonpath.ps1'
[3.246s] INFO:colcon.colcon_core.shell:Creating environment descriptor '/home/nipun/ros2RB_ws/install/rmp_ros2bot_description/share/rmp_ros2bot_description/hook/pythonpath.dsv'
[3.246s] INFO:colcon.colcon_core.shell:Creating environment hook '/home/nipun/ros2RB_ws/install/rmp_ros2bot_description/share/rmp_ros2bot_description/hook/pythonpath.sh'
[3.247s] Level 1:colcon.colcon_core.environment:checking '/home/nipun/ros2RB_ws/install/rmp_ros2bot_description/bin'
[3.247s] Level 1:colcon.colcon_core.environment:create_environment_scripts_only(rmp_ros2bot_description)
[3.247s] INFO:colcon.colcon_core.shell:Creating package script '/home/nipun/ros2RB_ws/install/rmp_ros2bot_description/share/rmp_ros2bot_description/package.ps1'
[3.248s] INFO:colcon.colcon_core.shell:Creating package descriptor '/home/nipun/ros2RB_ws/install/rmp_ros2bot_description/share/rmp_ros2bot_description/package.dsv'
[3.248s] INFO:colcon.colcon_core.shell:Creating package script '/home/nipun/ros2RB_ws/install/rmp_ros2bot_description/share/rmp_ros2bot_description/package.sh'
[3.249s] INFO:colcon.colcon_core.shell:Creating package script '/home/nipun/ros2RB_ws/install/rmp_ros2bot_description/share/rmp_ros2bot_description/package.bash'
[3.249s] INFO:colcon.colcon_core.shell:Creating package script '/home/nipun/ros2RB_ws/install/rmp_ros2bot_description/share/rmp_ros2bot_description/package.zsh'
[3.250s] Level 1:colcon.colcon_core.environment:create_file_with_runtime_dependencies(/home/nipun/ros2RB_ws/install/rmp_ros2bot_description/share/colcon-core/packages/rmp_ros2bot_description)
[3.251s] INFO:colcon.colcon_ros.task.ament_python.build:Building ROS package in '/home/nipun/ros2RB_ws/turtlesim_assignment' with build type 'ament_python'
[3.251s] Level 1:colcon.colcon_core.shell:create_environment_hook('turtlesim_assignment', 'ament_prefix_path')
[3.251s] INFO:colcon.colcon_core.shell:Creating environment hook '/home/nipun/ros2RB_ws/install/turtlesim_assignment/share/turtlesim_assignment/hook/ament_prefix_path.ps1'
[3.252s] INFO:colcon.colcon_core.shell:Creating environment descriptor '/home/nipun/ros2RB_ws/install/turtlesim_assignment/share/turtlesim_assignment/hook/ament_prefix_path.dsv'
[3.252s] INFO:colcon.colcon_core.shell:Creating environment hook '/home/nipun/ros2RB_ws/install/turtlesim_assignment/share/turtlesim_assignment/hook/ament_prefix_path.sh'
[3.253s] INFO:colcon.colcon_core.shell:Skip shell extension 'powershell' for command environment: Not usable outside of PowerShell
[3.253s] DEBUG:colcon.colcon_core.shell:Skip shell extension 'dsv' for command environment
[3.720s] INFO:colcon.colcon_core.task.python.build:Building Python package in '/home/nipun/ros2RB_ws/turtlesim_assignment'
[3.721s] INFO:colcon.colcon_core.shell:Skip shell extension 'powershell' for command environment: Not usable outside of PowerShell
[3.721s] DEBUG:colcon.colcon_core.shell:Skip shell extension 'dsv' for command environment
[3.733s] DEBUG:colcon.colcon_core.event_handler.log_command:Invoked command in '/home/nipun/ros2RB_ws/build/simple_pkg_cpp' returned '0': CMAKE_PREFIX_PATH=${CMAKE_PREFIX_PATH}:/home/nipun/ros2RB_ws/install/turtlesim_assignment:/home/nipun/ros2RB_ws/install/simple_pkg:/home/nipun/ros2RB_ws/install/rmp_ros2bot_description:/home/nipun/ros2RB_ws/install/assignment1:/home/nipun/ros2_ws/install/my_py_pkg:/opt/ros/humble /usr/bin/cmake --build /home/nipun/ros2RB_ws/build/simple_pkg_cpp -- -j3 -l3
[3.734s] Level 1:colcon.colcon_core.environment:checking '/home/nipun/ros2RB_ws/install/simple_pkg' for CMake module files
[3.735s] Level 1:colcon.colcon_core.environment:checking '/home/nipun/ros2RB_ws/install/simple_pkg' for CMake config files
[3.735s] Level 1:colcon.colcon_core.environment:checking '/home/nipun/ros2RB_ws/install/simple_pkg/lib'
[3.735s] Level 1:colcon.colcon_core.environment:checking '/home/nipun/ros2RB_ws/install/simple_pkg/bin'
[3.735s] Level 1:colcon.colcon_core.environment:checking '/home/nipun/ros2RB_ws/install/simple_pkg/lib/pkgconfig/simple_pkg.pc'
[3.736s] Level 1:colcon.colcon_core.environment:checking '/home/nipun/ros2RB_ws/install/simple_pkg/lib/python3.10/site-packages'
[3.736s] Level 1:colcon.colcon_core.shell:create_environment_hook('simple_pkg', 'pythonpath')
[3.738s] INFO:colcon.colcon_core.shell:Creating environment hook '/home/nipun/ros2RB_ws/install/simple_pkg/share/simple_pkg/hook/pythonpath.ps1'
[3.739s] DEBUG:colcon.colcon_core.event_handler.log_command:Invoked command in '/home/nipun/ros2RB_ws/simple_pkg' returned '0': PYTHONPATH=/home/nipun/ros2RB_ws/build/simple_pkg/prefix_override:/usr/lib/python3/dist-packages/colcon_core/task/python/colcon_distutils_commands:/home/nipun/ros2RB_ws/install/simple_pkg/lib/python3.10/site-packages:${PYTHONPATH} /usr/bin/python3 -W ignore:setup.py install is deprecated setup.py egg_info --egg-base ../build/simple_pkg build --build-base /home/nipun/ros2RB_ws/build/simple_pkg/build install --record /home/nipun/ros2RB_ws/build/simple_pkg/install.log --single-version-externally-managed install_data
[3.739s] INFO:colcon.colcon_core.shell:Creating environment descriptor '/home/nipun/ros2RB_ws/install/simple_pkg/share/simple_pkg/hook/pythonpath.dsv'
[3.740s] INFO:colcon.colcon_core.shell:Creating environment hook '/home/nipun/ros2RB_ws/install/simple_pkg/share/simple_pkg/hook/pythonpath.sh'
[3.743s] Level 1:colcon.colcon_core.environment:checking '/home/nipun/ros2RB_ws/install/simple_pkg/bin'
[3.743s] Level 1:colcon.colcon_core.environment:create_environment_scripts_only(simple_pkg)
[3.745s] INFO:colcon.colcon_core.shell:Creating package script '/home/nipun/ros2RB_ws/install/simple_pkg/share/simple_pkg/package.ps1'
[3.746s] INFO:colcon.colcon_core.shell:Creating package descriptor '/home/nipun/ros2RB_ws/install/simple_pkg/share/simple_pkg/package.dsv'
[3.747s] INFO:colcon.colcon_core.shell:Creating package script '/home/nipun/ros2RB_ws/install/simple_pkg/share/simple_pkg/package.sh'
[3.749s] INFO:colcon.colcon_core.shell:Creating package script '/home/nipun/ros2RB_ws/install/simple_pkg/share/simple_pkg/package.bash'
[3.750s] INFO:colcon.colcon_core.shell:Creating package script '/home/nipun/ros2RB_ws/install/simple_pkg/share/simple_pkg/package.zsh'
[3.752s] Level 1:colcon.colcon_core.environment:create_file_with_runtime_dependencies(/home/nipun/ros2RB_ws/install/simple_pkg/share/colcon-core/packages/simple_pkg)
[3.788s] DEBUG:colcon.colcon_core.event_handler.log_command:Invoking command in '/home/nipun/ros2RB_ws/build/simple_pkg_cpp': CMAKE_PREFIX_PATH=${CMAKE_PREFIX_PATH}:/home/nipun/ros2RB_ws/install/turtlesim_assignment:/home/nipun/ros2RB_ws/install/simple_pkg:/home/nipun/ros2RB_ws/install/rmp_ros2bot_description:/home/nipun/ros2RB_ws/install/assignment1:/home/nipun/ros2_ws/install/my_py_pkg:/opt/ros/humble /usr/bin/cmake --install /home/nipun/ros2RB_ws/build/simple_pkg_cpp
[3.808s] Level 1:colcon.colcon_core.environment:create_environment_scripts_only(simple_pkg_cpp)
[3.808s] Level 1:colcon.colcon_core.environment:checking '/home/nipun/ros2RB_ws/install/simple_pkg_cpp' for CMake module files
[3.810s] DEBUG:colcon.colcon_core.event_handler.log_command:Invoked command in '/home/nipun/ros2RB_ws/build/simple_pkg_cpp' returned '0': CMAKE_PREFIX_PATH=${CMAKE_PREFIX_PATH}:/home/nipun/ros2RB_ws/install/turtlesim_assignment:/home/nipun/ros2RB_ws/install/simple_pkg:/home/nipun/ros2RB_ws/install/rmp_ros2bot_description:/home/nipun/ros2RB_ws/install/assignment1:/home/nipun/ros2_ws/install/my_py_pkg:/opt/ros/humble /usr/bin/cmake --install /home/nipun/ros2RB_ws/build/simple_pkg_cpp
[3.811s] Level 1:colcon.colcon_core.environment:checking '/home/nipun/ros2RB_ws/install/simple_pkg_cpp' for CMake config files
[3.811s] Level 1:colcon.colcon_core.shell:create_environment_hook('simple_pkg_cpp', 'cmake_prefix_path')
[3.811s] INFO:colcon.colcon_core.shell:Creating environment hook '/home/nipun/ros2RB_ws/install/simple_pkg_cpp/share/simple_pkg_cpp/hook/cmake_prefix_path.ps1'
[3.812s] INFO:colcon.colcon_core.shell:Creating environment descriptor '/home/nipun/ros2RB_ws/install/simple_pkg_cpp/share/simple_pkg_cpp/hook/cmake_prefix_path.dsv'
[3.813s] INFO:colcon.colcon_core.shell:Creating environment hook '/home/nipun/ros2RB_ws/install/simple_pkg_cpp/share/simple_pkg_cpp/hook/cmake_prefix_path.sh'
[3.814s] Level 1:colcon.colcon_core.environment:checking '/home/nipun/ros2RB_ws/install/simple_pkg_cpp/lib'
[3.815s] Level 1:colcon.colcon_core.environment:checking '/home/nipun/ros2RB_ws/install/simple_pkg_cpp/bin'
[3.815s] Level 1:colcon.colcon_core.environment:checking '/home/nipun/ros2RB_ws/install/simple_pkg_cpp/lib/pkgconfig/simple_pkg_cpp.pc'
[3.815s] Level 1:colcon.colcon_core.environment:checking '/home/nipun/ros2RB_ws/install/simple_pkg_cpp/lib/python3.10/site-packages'
[3.816s] Level 1:colcon.colcon_core.environment:checking '/home/nipun/ros2RB_ws/install/simple_pkg_cpp/bin'
[3.816s] INFO:colcon.colcon_core.shell:Creating package script '/home/nipun/ros2RB_ws/install/simple_pkg_cpp/share/simple_pkg_cpp/package.ps1'
[3.817s] INFO:colcon.colcon_core.shell:Creating package descriptor '/home/nipun/ros2RB_ws/install/simple_pkg_cpp/share/simple_pkg_cpp/package.dsv'
[3.818s] INFO:colcon.colcon_core.shell:Creating package script '/home/nipun/ros2RB_ws/install/simple_pkg_cpp/share/simple_pkg_cpp/package.sh'
[3.819s] INFO:colcon.colcon_core.shell:Creating package script '/home/nipun/ros2RB_ws/install/simple_pkg_cpp/share/simple_pkg_cpp/package.bash'
[3.819s] INFO:colcon.colcon_core.shell:Creating package script '/home/nipun/ros2RB_ws/install/simple_pkg_cpp/share/simple_pkg_cpp/package.zsh'
[3.821s] Level 1:colcon.colcon_core.environment:create_file_with_runtime_dependencies(/home/nipun/ros2RB_ws/install/simple_pkg_cpp/share/colcon-core/packages/simple_pkg_cpp)
[3.865s] Level 1:colcon.colcon_core.environment:create_environment_scripts_only(simple_pkg_cpp)
[3.866s] Level 1:colcon.colcon_core.environment:checking '/home/nipun/ros2RB_ws/install/simple_pkg_cpp' for CMake module files
[3.867s] Level 1:colcon.colcon_core.environment:checking '/home/nipun/ros2RB_ws/install/simple_pkg_cpp' for CMake config files
[3.867s] Level 1:colcon.colcon_core.shell:create_environment_hook('simple_pkg_cpp', 'cmake_prefix_path')
[3.867s] INFO:colcon.colcon_core.shell:Creating environment hook '/home/nipun/ros2RB_ws/install/simple_pkg_cpp/share/simple_pkg_cpp/hook/cmake_prefix_path.ps1'
[3.868s] INFO:colcon.colcon_core.shell:Creating environment descriptor '/home/nipun/ros2RB_ws/install/simple_pkg_cpp/share/simple_pkg_cpp/hook/cmake_prefix_path.dsv'
[3.870s] INFO:colcon.colcon_core.shell:Creating environment hook '/home/nipun/ros2RB_ws/install/simple_pkg_cpp/share/simple_pkg_cpp/hook/cmake_prefix_path.sh'
[3.871s] Level 1:colcon.colcon_core.environment:checking '/home/nipun/ros2RB_ws/install/simple_pkg_cpp/lib'
[3.871s] Level 1:colcon.colcon_core.environment:checking '/home/nipun/ros2RB_ws/install/simple_pkg_cpp/bin'
[3.871s] Level 1:colcon.colcon_core.environment:checking '/home/nipun/ros2RB_ws/install/simple_pkg_cpp/lib/pkgconfig/simple_pkg_cpp.pc'
[3.871s] Level 1:colcon.colcon_core.environment:checking '/home/nipun/ros2RB_ws/install/simple_pkg_cpp/lib/python3.10/site-packages'
[3.872s] Level 1:colcon.colcon_core.environment:checking '/home/nipun/ros2RB_ws/install/simple_pkg_cpp/bin'
[3.874s] INFO:colcon.colcon_core.shell:Creating package script '/home/nipun/ros2RB_ws/install/simple_pkg_cpp/share/simple_pkg_cpp/package.ps1'
[3.875s] INFO:colcon.colcon_core.shell:Creating package descriptor '/home/nipun/ros2RB_ws/install/simple_pkg_cpp/share/simple_pkg_cpp/package.dsv'
[3.875s] INFO:colcon.colcon_core.shell:Creating package script '/home/nipun/ros2RB_ws/install/simple_pkg_cpp/share/simple_pkg_cpp/package.sh'
[3.876s] INFO:colcon.colcon_core.shell:Creating package script '/home/nipun/ros2RB_ws/install/simple_pkg_cpp/share/simple_pkg_cpp/package.bash'
[3.879s] INFO:colcon.colcon_core.shell:Creating package script '/home/nipun/ros2RB_ws/install/simple_pkg_cpp/share/simple_pkg_cpp/package.zsh'
[3.879s] Level 1:colcon.colcon_core.environment:create_file_with_runtime_dependencies(/home/nipun/ros2RB_ws/install/simple_pkg_cpp/share/colcon-core/packages/simple_pkg_cpp)
[4.400s] DEBUG:colcon.colcon_core.event_handler.log_command:Invoking command in '/home/nipun/ros2RB_ws/turtlesim_assignment': PYTHONPATH=/home/nipun/ros2RB_ws/build/turtlesim_assignment/prefix_override:/usr/lib/python3/dist-packages/colcon_core/task/python/colcon_distutils_commands:/home/nipun/ros2RB_ws/install/turtlesim_assignment/lib/python3.10/site-packages:${PYTHONPATH} /usr/bin/python3 -W ignore:setup.py install is deprecated setup.py egg_info --egg-base ../build/turtlesim_assignment build --build-base /home/nipun/ros2RB_ws/build/turtlesim_assignment/build install --record /home/nipun/ros2RB_ws/build/turtlesim_assignment/install.log --single-version-externally-managed install_data
[4.904s] Level 1:colcon.colcon_core.environment:checking '/home/nipun/ros2RB_ws/install/turtlesim_assignment' for CMake module files
[4.906s] DEBUG:colcon.colcon_core.event_handler.log_command:Invoked command in '/home/nipun/ros2RB_ws/turtlesim_assignment' returned '0': PYTHONPATH=/home/nipun/ros2RB_ws/build/turtlesim_assignment/prefix_override:/usr/lib/python3/dist-packages/colcon_core/task/python/colcon_distutils_commands:/home/nipun/ros2RB_ws/install/turtlesim_assignment/lib/python3.10/site-packages:${PYTHONPATH} /usr/bin/python3 -W ignore:setup.py install is deprecated setup.py egg_info --egg-base ../build/turtlesim_assignment build --build-base /home/nipun/ros2RB_ws/build/turtlesim_assignment/build install --record /home/nipun/ros2RB_ws/build/turtlesim_assignment/install.log --single-version-externally-managed install_data
[4.906s] Level 1:colcon.colcon_core.environment:checking '/home/nipun/ros2RB_ws/install/turtlesim_assignment' for CMake config files
[4.907s] Level 1:colcon.colcon_core.environment:checking '/home/nipun/ros2RB_ws/install/turtlesim_assignment/lib'
[4.907s] Level 1:colcon.colcon_core.environment:checking '/home/nipun/ros2RB_ws/install/turtlesim_assignment/bin'
[4.907s] Level 1:colcon.colcon_core.environment:checking '/home/nipun/ros2RB_ws/install/turtlesim_assignment/lib/pkgconfig/turtlesim_assignment.pc'
[4.908s] Level 1:colcon.colcon_core.environment:checking '/home/nipun/ros2RB_ws/install/turtlesim_assignment/lib/python3.10/site-packages'
[4.908s] Level 1:colcon.colcon_core.shell:create_environment_hook('turtlesim_assignment', 'pythonpath')
[4.908s] INFO:colcon.colcon_core.shell:Creating environment hook '/home/nipun/ros2RB_ws/install/turtlesim_assignment/share/turtlesim_assignment/hook/pythonpath.ps1'
[4.909s] INFO:colcon.colcon_core.shell:Creating environment descriptor '/home/nipun/ros2RB_ws/install/turtlesim_assignment/share/turtlesim_assignment/hook/pythonpath.dsv'
[4.910s] INFO:colcon.colcon_core.shell:Creating environment hook '/home/nipun/ros2RB_ws/install/turtlesim_assignment/share/turtlesim_assignment/hook/pythonpath.sh'
[4.911s] Level 1:colcon.colcon_core.environment:checking '/home/nipun/ros2RB_ws/install/turtlesim_assignment/bin'
[4.911s] Level 1:colcon.colcon_core.environment:create_environment_scripts_only(turtlesim_assignment)
[4.912s] INFO:colcon.colcon_core.shell:Creating package script '/home/nipun/ros2RB_ws/install/turtlesim_assignment/share/turtlesim_assignment/package.ps1'
[4.912s] INFO:colcon.colcon_core.shell:Creating package descriptor '/home/nipun/ros2RB_ws/install/turtlesim_assignment/share/turtlesim_assignment/package.dsv'
[4.913s] INFO:colcon.colcon_core.shell:Creating package script '/home/nipun/ros2RB_ws/install/turtlesim_assignment/share/turtlesim_assignment/package.sh'
[4.914s] INFO:colcon.colcon_core.shell:Creating package script '/home/nipun/ros2RB_ws/install/turtlesim_assignment/share/turtlesim_assignment/package.bash'
[4.914s] INFO:colcon.colcon_core.shell:Creating package script '/home/nipun/ros2RB_ws/install/turtlesim_assignment/share/turtlesim_assignment/package.zsh'
[4.915s] Level 1:colcon.colcon_core.environment:create_file_with_runtime_dependencies(/home/nipun/ros2RB_ws/install/turtlesim_assignment/share/colcon-core/packages/turtlesim_assignment)
[4.916s] DEBUG:colcon.colcon_parallel_executor.executor.parallel:closing loop
[4.916s] DEBUG:colcon.colcon_parallel_executor.executor.parallel:loop closed
[4.916s] DEBUG:colcon.colcon_parallel_executor.executor.parallel:run_until_complete finished with '0'
[4.917s] DEBUG:colcon.colcon_core.event_reactor:joining thread
[4.945s] INFO:colcon.colcon_core.plugin_system:Skipping extension 'colcon_notification.desktop_notification.terminal_notifier': Not used on non-Darwin systems
[4.945s] INFO:colcon.colcon_core.plugin_system:Skipping extension 'colcon_notification.desktop_notification.win32': Not used on non-Windows systems
[4.945s] INFO:colcon.colcon_notification.desktop_notification:Sending desktop notification using 'notify2'
[4.971s] DEBUG:colcon.colcon_core.event_reactor:joined thread
[4.971s] INFO:colcon.colcon_core.shell:Creating prefix script '/home/nipun/ros2RB_ws/install/local_setup.ps1'
[4.974s] INFO:colcon.colcon_core.shell:Creating prefix util module '/home/nipun/ros2RB_ws/install/_local_setup_util_ps1.py'
[4.977s] INFO:colcon.colcon_core.shell:Creating prefix chain script '/home/nipun/ros2RB_ws/install/setup.ps1'
[4.981s] INFO:colcon.colcon_core.shell:Creating prefix script '/home/nipun/ros2RB_ws/install/local_setup.sh'
[4.984s] INFO:colcon.colcon_core.shell:Creating prefix util module '/home/nipun/ros2RB_ws/install/_local_setup_util_sh.py'
[4.984s] INFO:colcon.colcon_core.shell:Creating prefix chain script '/home/nipun/ros2RB_ws/install/setup.sh'
[4.987s] INFO:colcon.colcon_core.shell:Creating prefix script '/home/nipun/ros2RB_ws/install/local_setup.bash'
[4.990s] INFO:colcon.colcon_core.shell:Creating prefix chain script '/home/nipun/ros2RB_ws/install/setup.bash'
[4.992s] INFO:colcon.colcon_core.shell:Creating prefix script '/home/nipun/ros2RB_ws/install/local_setup.zsh'
[4.995s] INFO:colcon.colcon_core.shell:Creating prefix chain script '/home/nipun/ros2RB_ws/install/setup.zsh'
