-- Install configuration: ""
-- Up-to-date: /home/nipun/ros2RB_ws/install/rmp_ros2bot_description/share/rmp_ros2bot_description/models
-- Up-to-date: /home/nipun/ros2RB_ws/install/rmp_ros2bot_description/share/rmp_ros2bot_description/models/build
-- Up-to-date: /home/nipun/ros2RB_ws/install/rmp_ros2bot_description/share/rmp_ros2bot_description/models/build/.built_by
-- Up-to-date: /home/nipun/ros2RB_ws/install/rmp_ros2bot_description/share/rmp_ros2bot_description/models/build/COLCON_IGNORE
-- Up-to-date: /home/nipun/ros2RB_ws/install/rmp_ros2bot_description/share/rmp_ros2bot_description/models/build/rmp_ros2bot_description
-- Up-to-date: /home/nipun/ros2RB_ws/install/rmp_ros2bot_description/share/rmp_ros2bot_description/models/build/rmp_ros2bot_description/CMakeCache.txt
-- Up-to-date: /home/nipun/ros2RB_ws/install/rmp_ros2bot_description/share/rmp_ros2bot_description/models/build/rmp_ros2bot_description/colcon_build.rc
-- Up-to-date: /home/nipun/ros2RB_ws/install/rmp_ros2bot_description/share/rmp_ros2bot_description/models/build/rmp_ros2bot_description/cmake_args.last
-- Up-to-date: /home/nipun/ros2RB_ws/install/rmp_ros2bot_description/share/rmp_ros2bot_description/models/build/rmp_ros2bot_description/colcon_command_prefix_build.sh
-- Up-to-date: /home/nipun/ros2RB_ws/install/rmp_ros2bot_description/share/rmp_ros2bot_description/models/build/rmp_ros2bot_description/CMakeFiles
-- Up-to-date: /home/nipun/ros2RB_ws/install/rmp_ros2bot_description/share/rmp_ros2bot_description/models/build/rmp_ros2bot_description/CMakeFiles/3.22.1
-- Up-to-date: /home/nipun/ros2RB_ws/install/rmp_ros2bot_description/share/rmp_ros2bot_description/models/build/rmp_ros2bot_description/CMakeFiles/3.22.1/CMakeDetermineCompilerABI_C.bin
-- Up-to-date: /home/nipun/ros2RB_ws/install/rmp_ros2bot_description/share/rmp_ros2bot_description/models/build/rmp_ros2bot_description/CMakeFiles/3.22.1/CompilerIdC
-- Up-to-date: /home/nipun/ros2RB_ws/install/rmp_ros2bot_description/share/rmp_ros2bot_description/models/build/rmp_ros2bot_description/CMakeFiles/3.22.1/CompilerIdC/tmp
-- Up-to-date: /home/nipun/ros2RB_ws/install/rmp_ros2bot_description/share/rmp_ros2bot_description/models/build/rmp_ros2bot_description/CMakeFiles/3.22.1/CompilerIdC/CMakeCCompilerId.c
-- Up-to-date: /home/nipun/ros2RB_ws/install/rmp_ros2bot_description/share/rmp_ros2bot_description/models/build/rmp_ros2bot_description/CMakeFiles/3.22.1/CompilerIdC/a.out
-- Up-to-date: /home/nipun/ros2RB_ws/install/rmp_ros2bot_description/share/rmp_ros2bot_description/models/build/rmp_ros2bot_description/CMakeFiles/3.22.1/CMakeCCompiler.cmake
-- Up-to-date: /home/nipun/ros2RB_ws/install/rmp_ros2bot_description/share/rmp_ros2bot_description/models/build/rmp_ros2bot_description/CMakeFiles/3.22.1/CMakeDetermineCompilerABI_CXX.bin
-- Up-to-date: /home/nipun/ros2RB_ws/install/rmp_ros2bot_description/share/rmp_ros2bot_description/models/build/rmp_ros2bot_description/CMakeFiles/3.22.1/CompilerIdCXX
-- Up-to-date: /home/nipun/ros2RB_ws/install/rmp_ros2bot_description/share/rmp_ros2bot_description/models/build/rmp_ros2bot_description/CMakeFiles/3.22.1/CompilerIdCXX/tmp
-- Up-to-date: /home/nipun/ros2RB_ws/install/rmp_ros2bot_description/share/rmp_ros2bot_description/models/build/rmp_ros2bot_description/CMakeFiles/3.22.1/CompilerIdCXX/CMakeCXXCompilerId.cpp
-- Up-to-date: /home/nipun/ros2RB_ws/install/rmp_ros2bot_description/share/rmp_ros2bot_description/models/build/rmp_ros2bot_description/CMakeFiles/3.22.1/CompilerIdCXX/a.out
-- Up-to-date: /home/nipun/ros2RB_ws/install/rmp_ros2bot_description/share/rmp_ros2bot_description/models/build/rmp_ros2bot_description/CMakeFiles/3.22.1/CMakeCXXCompiler.cmake
-- Up-to-date: /home/nipun/ros2RB_ws/install/rmp_ros2bot_description/share/rmp_ros2bot_description/models/build/rmp_ros2bot_description/CMakeFiles/3.22.1/CMakeSystem.cmake
-- Up-to-date: /home/nipun/ros2RB_ws/install/rmp_ros2bot_description/share/rmp_ros2bot_description/models/build/rmp_ros2bot_description/CMakeFiles/CMakeOutput.log
-- Up-to-date: /home/nipun/ros2RB_ws/install/rmp_ros2bot_description/share/rmp_ros2bot_description/models/build/rmp_ros2bot_description/CMakeFiles/CMakeTmp
-- Up-to-date: /home/nipun/ros2RB_ws/install/rmp_ros2bot_description/share/rmp_ros2bot_description/models/build/rmp_ros2bot_description/CMakeFiles/cmake.check_cache
-- Up-to-date: /home/nipun/ros2RB_ws/install/rmp_ros2bot_description/share/rmp_ros2bot_description/models/build/rmp_ros2bot_description/colcon_command_prefix_build.sh.env
-- Up-to-date: /home/nipun/ros2RB_ws/install/rmp_ros2bot_description/share/rmp_ros2bot_description/models/LICENSE
-- Up-to-date: /home/nipun/ros2RB_ws/install/rmp_ros2bot_description/share/rmp_ros2bot_description/models/meshes
-- Up-to-date: /home/nipun/ros2RB_ws/install/rmp_ros2bot_description/share/rmp_ros2bot_description/models/meshes/right_wheel_1.stl
-- Up-to-date: /home/nipun/ros2RB_ws/install/rmp_ros2bot_description/share/rmp_ros2bot_description/models/meshes/caster_1.stl
-- Up-to-date: /home/nipun/ros2RB_ws/install/rmp_ros2bot_description/share/rmp_ros2bot_description/models/meshes/left_wheel_1.stl
-- Up-to-date: /home/nipun/ros2RB_ws/install/rmp_ros2bot_description/share/rmp_ros2bot_description/models/meshes/lidar_1.stl
-- Up-to-date: /home/nipun/ros2RB_ws/install/rmp_ros2bot_description/share/rmp_ros2bot_description/models/meshes/base_link.stl
-- Up-to-date: /home/nipun/ros2RB_ws/install/rmp_ros2bot_description/share/rmp_ros2bot_description/models/CMakeLists.txt
-- Up-to-date: /home/nipun/ros2RB_ws/install/rmp_ros2bot_description/share/rmp_ros2bot_description/models/urdf
-- Up-to-date: /home/nipun/ros2RB_ws/install/rmp_ros2bot_description/share/rmp_ros2bot_description/models/urdf/rmp_ros2bot.trans
-- Up-to-date: /home/nipun/ros2RB_ws/install/rmp_ros2bot_description/share/rmp_ros2bot_description/models/urdf/materials.xacro
-- Installing: /home/nipun/ros2RB_ws/install/rmp_ros2bot_description/share/rmp_ros2bot_description/models/urdf/rmp_ros2bot.gazebo
-- Installing: /home/nipun/ros2RB_ws/install/rmp_ros2bot_description/share/rmp_ros2bot_description/models/urdf/rmp_ros2bot.xacro
-- Up-to-date: /home/nipun/ros2RB_ws/install/rmp_ros2bot_description/share/rmp_ros2bot_description/models/log
-- Up-to-date: /home/nipun/ros2RB_ws/install/rmp_ros2bot_description/share/rmp_ros2bot_description/models/log/COLCON_IGNORE
-- Up-to-date: /home/nipun/ros2RB_ws/install/rmp_ros2bot_description/share/rmp_ros2bot_description/models/log/latest
-- Up-to-date: /home/nipun/ros2RB_ws/install/rmp_ros2bot_description/share/rmp_ros2bot_description/models/log/build_2024-09-22_19-29-04
-- Up-to-date: /home/nipun/ros2RB_ws/install/rmp_ros2bot_description/share/rmp_ros2bot_description/models/log/build_2024-09-22_19-29-04/events.log
-- Up-to-date: /home/nipun/ros2RB_ws/install/rmp_ros2bot_description/share/rmp_ros2bot_description/models/log/build_2024-09-22_19-29-04/logger_all.log
-- Up-to-date: /home/nipun/ros2RB_ws/install/rmp_ros2bot_description/share/rmp_ros2bot_description/models/log/build_2024-09-22_19-29-04/rmp_ros2bot_description
-- Up-to-date: /home/nipun/ros2RB_ws/install/rmp_ros2bot_description/share/rmp_ros2bot_description/models/log/build_2024-09-22_19-29-04/rmp_ros2bot_description/streams.log
-- Up-to-date: /home/nipun/ros2RB_ws/install/rmp_ros2bot_description/share/rmp_ros2bot_description/models/log/build_2024-09-22_19-29-04/rmp_ros2bot_description/stdout_stderr.log
-- Up-to-date: /home/nipun/ros2RB_ws/install/rmp_ros2bot_description/share/rmp_ros2bot_description/models/log/build_2024-09-22_19-29-04/rmp_ros2bot_description/stdout.log
-- Up-to-date: /home/nipun/ros2RB_ws/install/rmp_ros2bot_description/share/rmp_ros2bot_description/models/log/build_2024-09-22_19-29-04/rmp_ros2bot_description/stderr.log
-- Up-to-date: /home/nipun/ros2RB_ws/install/rmp_ros2bot_description/share/rmp_ros2bot_description/models/log/build_2024-09-22_19-29-04/rmp_ros2bot_description/command.log
-- Up-to-date: /home/nipun/ros2RB_ws/install/rmp_ros2bot_description/share/rmp_ros2bot_description/models/log/latest_build
-- Up-to-date: /home/nipun/ros2RB_ws/install/rmp_ros2bot_description/share/rmp_ros2bot_description/models/package.xml
-- Up-to-date: /home/nipun/ros2RB_ws/install/rmp_ros2bot_description/share/rmp_ros2bot_description/models/launch
-- Up-to-date: /home/nipun/ros2RB_ws/install/rmp_ros2bot_description/share/rmp_ros2bot_description/models/launch/urdf.rviz
-- Up-to-date: /home/nipun/ros2RB_ws/install/rmp_ros2bot_description/share/rmp_ros2bot_description/models/launch/controller.yaml
-- Up-to-date: /home/nipun/ros2RB_ws/install/rmp_ros2bot_description/share/rmp_ros2bot_description/models/launch/controller.launch
-- Up-to-date: /home/nipun/ros2RB_ws/install/rmp_ros2bot_description/share/rmp_ros2bot_description/models/launch/display.launch
-- Up-to-date: /home/nipun/ros2RB_ws/install/rmp_ros2bot_description/share/rmp_ros2bot_description/models/launch/gazebo.launch
-- Up-to-date: /home/nipun/ros2RB_ws/install/rmp_ros2bot_description/share/rmp_ros2bot_description/models/install
-- Up-to-date: /home/nipun/ros2RB_ws/install/rmp_ros2bot_description/share/rmp_ros2bot_description/models/install/setup.sh
-- Up-to-date: /home/nipun/ros2RB_ws/install/rmp_ros2bot_description/share/rmp_ros2bot_description/models/install/setup.ps1
-- Up-to-date: /home/nipun/ros2RB_ws/install/rmp_ros2bot_description/share/rmp_ros2bot_description/models/install/local_setup.sh
-- Up-to-date: /home/nipun/ros2RB_ws/install/rmp_ros2bot_description/share/rmp_ros2bot_description/models/install/COLCON_IGNORE
-- Up-to-date: /home/nipun/ros2RB_ws/install/rmp_ros2bot_description/share/rmp_ros2bot_description/models/install/local_setup.bash
-- Up-to-date: /home/nipun/ros2RB_ws/install/rmp_ros2bot_description/share/rmp_ros2bot_description/models/install/setup.bash
-- Up-to-date: /home/nipun/ros2RB_ws/install/rmp_ros2bot_description/share/rmp_ros2bot_description/models/install/local_setup.zsh
-- Up-to-date: /home/nipun/ros2RB_ws/install/rmp_ros2bot_description/share/rmp_ros2bot_description/models/install/_local_setup_util_ps1.py
-- Up-to-date: /home/nipun/ros2RB_ws/install/rmp_ros2bot_description/share/rmp_ros2bot_description/models/install/rmp_ros2bot_description
-- Up-to-date: /home/nipun/ros2RB_ws/install/rmp_ros2bot_description/share/rmp_ros2bot_description/models/install/rmp_ros2bot_description/.catkin
-- Up-to-date: /home/nipun/ros2RB_ws/install/rmp_ros2bot_description/share/rmp_ros2bot_description/models/install/rmp_ros2bot_description/share
-- Up-to-date: /home/nipun/ros2RB_ws/install/rmp_ros2bot_description/share/rmp_ros2bot_description/models/install/rmp_ros2bot_description/share/rmp_ros2bot_description
-- Up-to-date: /home/nipun/ros2RB_ws/install/rmp_ros2bot_description/share/rmp_ros2bot_description/models/install/rmp_ros2bot_description/share/rmp_ros2bot_description/package.sh
-- Up-to-date: /home/nipun/ros2RB_ws/install/rmp_ros2bot_description/share/rmp_ros2bot_description/models/install/rmp_ros2bot_description/share/rmp_ros2bot_description/package.ps1
-- Up-to-date: /home/nipun/ros2RB_ws/install/rmp_ros2bot_description/share/rmp_ros2bot_description/models/install/rmp_ros2bot_description/share/rmp_ros2bot_description/package.dsv
-- Up-to-date: /home/nipun/ros2RB_ws/install/rmp_ros2bot_description/share/rmp_ros2bot_description/models/install/rmp_ros2bot_description/share/rmp_ros2bot_description/package.bash
-- Up-to-date: /home/nipun/ros2RB_ws/install/rmp_ros2bot_description/share/rmp_ros2bot_description/models/install/rmp_ros2bot_description/share/rmp_ros2bot_description/package.zsh
-- Up-to-date: /home/nipun/ros2RB_ws/install/rmp_ros2bot_description/share/rmp_ros2bot_description/models/install/rmp_ros2bot_description/share/colcon-core
-- Up-to-date: /home/nipun/ros2RB_ws/install/rmp_ros2bot_description/share/rmp_ros2bot_description/models/install/rmp_ros2bot_description/share/colcon-core/packages
-- Up-to-date: /home/nipun/ros2RB_ws/install/rmp_ros2bot_description/share/rmp_ros2bot_description/models/install/rmp_ros2bot_description/share/colcon-core/packages/rmp_ros2bot_description
-- Up-to-date: /home/nipun/ros2RB_ws/install/rmp_ros2bot_description/share/rmp_ros2bot_description/models/install/_local_setup_util_sh.py
-- Up-to-date: /home/nipun/ros2RB_ws/install/rmp_ros2bot_description/share/rmp_ros2bot_description/models/install/.colcon_install_layout
-- Up-to-date: /home/nipun/ros2RB_ws/install/rmp_ros2bot_description/share/rmp_ros2bot_description/models/install/local_setup.ps1
-- Up-to-date: /home/nipun/ros2RB_ws/install/rmp_ros2bot_description/share/rmp_ros2bot_description/models/install/setup.zsh
-- Up-to-date: /home/nipun/ros2RB_ws/install/rmp_ros2bot_description/share/rmp_ros2bot_description/launch
-- Up-to-date: /home/nipun/ros2RB_ws/install/rmp_ros2bot_description/share/rmp_ros2bot_description/launch/gazebo.launch.py
-- Up-to-date: /home/nipun/ros2RB_ws/install/rmp_ros2bot_description/share/rmp_ros2bot_description/launch/state_publisher.launch.py
-- Up-to-date: /home/nipun/ros2RB_ws/install/rmp_ros2bot_description/share/rmp_ros2bot_description/worlds
-- Up-to-date: /home/nipun/ros2RB_ws/install/rmp_ros2bot_description/share/rmp_ros2bot_description/worlds/new_world.sdf
-- Up-to-date: /home/nipun/ros2RB_ws/install/rmp_ros2bot_description/share/ament_index/resource_index/package_run_dependencies/rmp_ros2bot_description
-- Up-to-date: /home/nipun/ros2RB_ws/install/rmp_ros2bot_description/share/ament_index/resource_index/parent_prefix_path/rmp_ros2bot_description
-- Up-to-date: /home/nipun/ros2RB_ws/install/rmp_ros2bot_description/share/rmp_ros2bot_description/environment/ament_prefix_path.sh
-- Up-to-date: /home/nipun/ros2RB_ws/install/rmp_ros2bot_description/share/rmp_ros2bot_description/environment/ament_prefix_path.dsv
-- Up-to-date: /home/nipun/ros2RB_ws/install/rmp_ros2bot_description/share/rmp_ros2bot_description/environment/path.sh
-- Up-to-date: /home/nipun/ros2RB_ws/install/rmp_ros2bot_description/share/rmp_ros2bot_description/environment/path.dsv
-- Up-to-date: /home/nipun/ros2RB_ws/install/rmp_ros2bot_description/share/rmp_ros2bot_description/local_setup.bash
-- Up-to-date: /home/nipun/ros2RB_ws/install/rmp_ros2bot_description/share/rmp_ros2bot_description/local_setup.sh
-- Up-to-date: /home/nipun/ros2RB_ws/install/rmp_ros2bot_description/share/rmp_ros2bot_description/local_setup.zsh
-- Up-to-date: /home/nipun/ros2RB_ws/install/rmp_ros2bot_description/share/rmp_ros2bot_description/local_setup.dsv
-- Installing: /home/nipun/ros2RB_ws/install/rmp_ros2bot_description/share/rmp_ros2bot_description/package.dsv
-- Up-to-date: /home/nipun/ros2RB_ws/install/rmp_ros2bot_description/share/ament_index/resource_index/packages/rmp_ros2bot_description
-- Up-to-date: /home/nipun/ros2RB_ws/install/rmp_ros2bot_description/share/rmp_ros2bot_description/cmake/rmp_ros2bot_descriptionConfig.cmake
-- Up-to-date: /home/nipun/ros2RB_ws/install/rmp_ros2bot_description/share/rmp_ros2bot_description/cmake/rmp_ros2bot_descriptionConfig-version.cmake
-- Up-to-date: /home/nipun/ros2RB_ws/install/rmp_ros2bot_description/share/rmp_ros2bot_description/package.xml
