[1.027s] Invoking command in '/home/nipun/ros2RB_ws/assignment1': PYTHONPATH=/home/nipun/ros2RB_ws/build/assignment1/prefix_override:/usr/lib/python3/dist-packages/colcon_core/task/python/colcon_distutils_commands:/home/nipun/ros2RB_ws/install/assignment1/lib/python3.10/site-packages:${PYTHONPATH} /usr/bin/python3 -W ignore:setup.py install is deprecated setup.py egg_info --egg-base ../build/assignment1 build --build-base /home/nipun/ros2RB_ws/build/assignment1/build install --record /home/nipun/ros2RB_ws/build/assignment1/install.log --single-version-externally-managed install_data
[1.392s] running egg_info
[1.392s] creating ../build/assignment1/assignment1.egg-info
[1.393s] writing ../build/assignment1/assignment1.egg-info/PKG-INFO
[1.393s] writing dependency_links to ../build/assignment1/assignment1.egg-info/dependency_links.txt
[1.406s] writing entry points to ../build/assignment1/assignment1.egg-info/entry_points.txt
[1.406s] writing requirements to ../build/assignment1/assignment1.egg-info/requires.txt
[1.407s] writing top-level names to ../build/assignment1/assignment1.egg-info/top_level.txt
[1.407s] writing manifest file '../build/assignment1/assignment1.egg-info/SOURCES.txt'
[1.410s] reading manifest file '../build/assignment1/assignment1.egg-info/SOURCES.txt'
[1.411s] writing manifest file '../build/assignment1/assignment1.egg-info/SOURCES.txt'
[1.411s] running build
[1.411s] running build_py
[1.412s] creating /home/nipun/ros2RB_ws/build/assignment1/build
[1.412s] creating /home/nipun/ros2RB_ws/build/assignment1/build/lib
[1.412s] creating /home/nipun/ros2RB_ws/build/assignment1/build/lib/assignment1
[1.413s] copying assignment1/__init__.py -> /home/nipun/ros2RB_ws/build/assignment1/build/lib/assignment1
[1.413s] running install
[1.413s] running install_lib
[1.414s] creating /home/nipun/ros2RB_ws/install/assignment1/lib/python3.10/site-packages/assignment1
[1.414s] copying /home/nipun/ros2RB_ws/build/assignment1/build/lib/assignment1/__init__.py -> /home/nipun/ros2RB_ws/install/assignment1/lib/python3.10/site-packages/assignment1
[1.415s] byte-compiling /home/nipun/ros2RB_ws/install/assignment1/lib/python3.10/site-packages/assignment1/__init__.py to __init__.cpython-310.pyc
[1.416s] running install_data
[1.416s] creating /home/nipun/ros2RB_ws/install/assignment1/share/ament_index
[1.416s] creating /home/nipun/ros2RB_ws/install/assignment1/share/ament_index/resource_index
[1.416s] creating /home/nipun/ros2RB_ws/install/assignment1/share/ament_index/resource_index/packages
[1.416s] copying resource/assignment1 -> /home/nipun/ros2RB_ws/install/assignment1/share/ament_index/resource_index/packages
[1.417s] copying package.xml -> /home/nipun/ros2RB_ws/install/assignment1/share/assignment1
[1.417s] running install_egg_info
[1.419s] Copying ../build/assignment1/assignment1.egg-info to /home/nipun/ros2RB_ws/install/assignment1/lib/python3.10/site-packages/assignment1-0.0.0-py3.10.egg-info
[1.420s] running install_scripts
[1.454s] writing list of installed files to '/home/nipun/ros2RB_ws/build/assignment1/install.log'
[1.471s] Invoked command in '/home/nipun/ros2RB_ws/assignment1' returned '0': PYTHONPATH=/home/nipun/ros2RB_ws/build/assignment1/prefix_override:/usr/lib/python3/dist-packages/colcon_core/task/python/colcon_distutils_commands:/home/nipun/ros2RB_ws/install/assignment1/lib/python3.10/site-packages:${PYTHONPATH} /usr/bin/python3 -W ignore:setup.py install is deprecated setup.py egg_info --egg-base ../build/assignment1 build --build-base /home/nipun/ros2RB_ws/build/assignment1/build install --record /home/nipun/ros2RB_ws/build/assignment1/install.log --single-version-externally-managed install_data
