[1.704s] Invoking command in '/home/nipun/ros2RB_ws/assignment1': PYTHONPATH=/home/nipun/ros2RB_ws/build/assignment1/prefix_override:/usr/lib/python3/dist-packages/colcon_core/task/python/colcon_distutils_commands:/home/nipun/ros2RB_ws/install/assignment1/lib/python3.10/site-packages:${PYTHONPATH} /usr/bin/python3 -W ignore:setup.py install is deprecated setup.py egg_info --egg-base ../build/assignment1 build --build-base /home/nipun/ros2RB_ws/build/assignment1/build install --record /home/nipun/ros2RB_ws/build/assignment1/install.log --single-version-externally-managed install_data
[2.493s] running egg_info
[2.493s] writing ../build/assignment1/assignment1.egg-info/PKG-INFO
[2.494s] writing dependency_links to ../build/assignment1/assignment1.egg-info/dependency_links.txt
[2.494s] writing entry points to ../build/assignment1/assignment1.egg-info/entry_points.txt
[2.494s] writing requirements to ../build/assignment1/assignment1.egg-info/requires.txt
[2.494s] writing top-level names to ../build/assignment1/assignment1.egg-info/top_level.txt
[2.507s] reading manifest file '../build/assignment1/assignment1.egg-info/SOURCES.txt'
[2.510s] writing manifest file '../build/assignment1/assignment1.egg-info/SOURCES.txt'
[2.511s] running build
[2.512s] running build_py
[2.512s] running install
[2.512s] running install_lib
[2.514s] running install_data
[2.514s] running install_egg_info
[2.518s] removing '/home/nipun/ros2RB_ws/install/assignment1/lib/python3.10/site-packages/assignment1-0.0.0-py3.10.egg-info' (and everything under it)
[2.519s] Copying ../build/assignment1/assignment1.egg-info to /home/nipun/ros2RB_ws/install/assignment1/lib/python3.10/site-packages/assignment1-0.0.0-py3.10.egg-info
[2.521s] running install_scripts
[2.557s] Installing NODE1 script to /home/nipun/ros2RB_ws/install/assignment1/lib/assignment1
[2.563s] Installing NODE2 script to /home/nipun/ros2RB_ws/install/assignment1/lib/assignment1
[2.563s] Installing NODE3 script to /home/nipun/ros2RB_ws/install/assignment1/lib/assignment1
[2.566s] writing list of installed files to '/home/nipun/ros2RB_ws/build/assignment1/install.log'
[2.919s] Invoked command in '/home/nipun/ros2RB_ws/assignment1' returned '0': PYTHONPATH=/home/nipun/ros2RB_ws/build/assignment1/prefix_override:/usr/lib/python3/dist-packages/colcon_core/task/python/colcon_distutils_commands:/home/nipun/ros2RB_ws/install/assignment1/lib/python3.10/site-packages:${PYTHONPATH} /usr/bin/python3 -W ignore:setup.py install is deprecated setup.py egg_info --egg-base ../build/assignment1 build --build-base /home/nipun/ros2RB_ws/build/assignment1/build install --record /home/nipun/ros2RB_ws/build/assignment1/install.log --single-version-externally-managed install_data
