[3.224s] Invoking command in '/home/nipun/ros2RB_ws/simple_pkg': PYTHONPATH=/home/nipun/ros2RB_ws/build/simple_pkg/prefix_override:/usr/lib/python3/dist-packages/colcon_core/task/python/colcon_distutils_commands:/home/nipun/ros2RB_ws/install/simple_pkg/lib/python3.10/site-packages:${PYTHONPATH} /usr/bin/python3 -W ignore:setup.py install is deprecated setup.py egg_info --egg-base ../build/simple_pkg build --build-base /home/nipun/ros2RB_ws/build/simple_pkg/build install --record /home/nipun/ros2RB_ws/build/simple_pkg/install.log --single-version-externally-managed install_data
[3.785s] running egg_info
[3.786s] writing ../build/simple_pkg/simple_pkg.egg-info/PKG-INFO
[3.792s] writing dependency_links to ../build/simple_pkg/simple_pkg.egg-info/dependency_links.txt
[3.792s] writing entry points to ../build/simple_pkg/simple_pkg.egg-info/entry_points.txt
[3.792s] writing requirements to ../build/simple_pkg/simple_pkg.egg-info/requires.txt
[3.792s] writing top-level names to ../build/simple_pkg/simple_pkg.egg-info/top_level.txt
[3.792s] reading manifest file '../build/simple_pkg/simple_pkg.egg-info/SOURCES.txt'
[3.792s] writing manifest file '../build/simple_pkg/simple_pkg.egg-info/SOURCES.txt'
[3.797s] running build
[3.797s] running build_py
[3.797s] running install
[3.797s] running install_lib
[3.797s] running install_data
[3.800s] running install_egg_info
[3.800s] removing '/home/nipun/ros2RB_ws/install/simple_pkg/lib/python3.10/site-packages/simple_pkg-0.0.0-py3.10.egg-info' (and everything under it)
[3.800s] Copying ../build/simple_pkg/simple_pkg.egg-info to /home/nipun/ros2RB_ws/install/simple_pkg/lib/python3.10/site-packages/simple_pkg-0.0.0-py3.10.egg-info
[3.800s] running install_scripts
[3.841s] Installing HelloWorldPublisher script to /home/nipun/ros2RB_ws/install/simple_pkg/lib/simple_pkg
[3.842s] Installing HelloWorldSubscriber script to /home/nipun/ros2RB_ws/install/simple_pkg/lib/simple_pkg
[3.842s] writing list of installed files to '/home/nipun/ros2RB_ws/build/simple_pkg/install.log'
[3.880s] Invoked command in '/home/nipun/ros2RB_ws/simple_pkg' returned '0': PYTHONPATH=/home/nipun/ros2RB_ws/build/simple_pkg/prefix_override:/usr/lib/python3/dist-packages/colcon_core/task/python/colcon_distutils_commands:/home/nipun/ros2RB_ws/install/simple_pkg/lib/python3.10/site-packages:${PYTHONPATH} /usr/bin/python3 -W ignore:setup.py install is deprecated setup.py egg_info --egg-base ../build/simple_pkg build --build-base /home/nipun/ros2RB_ws/build/simple_pkg/build install --record /home/nipun/ros2RB_ws/build/simple_pkg/install.log --single-version-externally-managed install_data
