[3.275s] Invoking command in '/home/nipun/ros2RB_ws/assignment1': PYTHONPATH=/home/nipun/ros2RB_ws/build/assignment1/prefix_override:/usr/lib/python3/dist-packages/colcon_core/task/python/colcon_distutils_commands:/home/nipun/ros2RB_ws/install/assignment1/lib/python3.10/site-packages:${PYTHONPATH} /usr/bin/python3 -W ignore:setup.py install is deprecated setup.py egg_info --egg-base ../build/assignment1 build --build-base /home/nipun/ros2RB_ws/build/assignment1/build install --record /home/nipun/ros2RB_ws/build/assignment1/install.log --single-version-externally-managed install_data
[5.596s] running egg_info
[5.598s] writing ../build/assignment1/assignment1.egg-info/PKG-INFO
[5.603s] writing dependency_links to ../build/assignment1/assignment1.egg-info/dependency_links.txt
[5.603s] writing entry points to ../build/assignment1/assignment1.egg-info/entry_points.txt
[5.603s] writing requirements to ../build/assignment1/assignment1.egg-info/requires.txt
[5.604s] writing top-level names to ../build/assignment1/assignment1.egg-info/top_level.txt
[5.618s] reading manifest file '../build/assignment1/assignment1.egg-info/SOURCES.txt'
[5.629s] writing manifest file '../build/assignment1/assignment1.egg-info/SOURCES.txt'
[5.631s] running build
[5.631s] running build_py
[5.652s] running install
[5.652s] running install_lib
[5.686s] running install_data
[5.686s] running install_egg_info
[5.699s] removing '/home/nipun/ros2RB_ws/install/assignment1/lib/python3.10/site-packages/assignment1-0.0.0-py3.10.egg-info' (and everything under it)
[5.706s] Copying ../build/assignment1/assignment1.egg-info to /home/nipun/ros2RB_ws/install/assignment1/lib/python3.10/site-packages/assignment1-0.0.0-py3.10.egg-info
[5.710s] running install_scripts
[5.915s] Installing NODE1 script to /home/nipun/ros2RB_ws/install/assignment1/lib/assignment1
[5.916s] Installing NODE2 script to /home/nipun/ros2RB_ws/install/assignment1/lib/assignment1
[5.916s] Installing NODE3 script to /home/nipun/ros2RB_ws/install/assignment1/lib/assignment1
[5.925s] writing list of installed files to '/home/nipun/ros2RB_ws/build/assignment1/install.log'
[7.084s] Invoked command in '/home/nipun/ros2RB_ws/assignment1' returned '0': PYTHONPATH=/home/nipun/ros2RB_ws/build/assignment1/prefix_override:/usr/lib/python3/dist-packages/colcon_core/task/python/colcon_distutils_commands:/home/nipun/ros2RB_ws/install/assignment1/lib/python3.10/site-packages:${PYTHONPATH} /usr/bin/python3 -W ignore:setup.py install is deprecated setup.py egg_info --egg-base ../build/assignment1 build --build-base /home/nipun/ros2RB_ws/build/assignment1/build install --record /home/nipun/ros2RB_ws/build/assignment1/install.log --single-version-externally-managed install_data
